Analysis & Synthesis report for simulador
Mon Mar 11 22:30:12 2024
Quartus Prime Version 20.1.1 Build 720 11/11/2020 SJ Lite Edition


---------------------
; Table of Contents ;
---------------------
  1. Legal Notice
  2. Analysis & Synthesis Summary
  3. Analysis & Synthesis Settings
  4. Parallel Compilation
  5. Analysis & Synthesis Source Files Read
  6. Analysis & Synthesis Resource Usage Summary
  7. Analysis & Synthesis Resource Utilization by Entity
  8. State Machine - |simulador_drone|unidade_controle:uc|Eatual
  9. Registers Removed During Synthesis
 10. General Register Statistics
 11. Multiplexer Restructuring Statistics (Restructuring Performed)
 12. Parameter Settings for User Entity Instance: unidade_controle:uc
 13. Parameter Settings for User Entity Instance: fluxo_dados:fd|contador_m_2:contador_tempo_jogada
 14. Parameter Settings for User Entity Instance: fluxo_dados:fd|sync_ram_16x4_file:mapa_jogo
 15. Port Connectivity Checks: "fluxo_dados:fd|contador_4_mais_menos:contador_posicao_vertical"
 16. Port Connectivity Checks: "fluxo_dados:fd|sync_ram_16x4_file:mapa_jogo"
 17. Port Connectivity Checks: "fluxo_dados:fd|contador_m_2:contador_tempo_jogada"
 18. Port Connectivity Checks: "fluxo_dados:fd|contador_163:contador_posicao_horizontal"
 19. Post-Synthesis Netlist Statistics for Top Partition
 20. Elapsed Time Per Partition
 21. Analysis & Synthesis Messages



----------------
; Legal Notice ;
----------------
Copyright (C) 2020  Intel Corporation. All rights reserved.
Your use of Intel Corporation's design tools, logic functions 
and other software and tools, and any partner logic 
functions, and any output files from any of the foregoing 
(including device programming or simulation files), and any 
associated documentation or information are expressly subject 
to the terms and conditions of the Intel Program License 
Subscription Agreement, the Intel Quartus Prime License Agreement,
the Intel FPGA IP License Agreement, or other applicable license
agreement, including, without limitation, that your use is for
the sole purpose of programming logic devices manufactured by
Intel and sold by Intel or its authorized distributors.  Please
refer to the applicable agreement for further details, at
https://fpgasoftware.intel.com/eula.



+-------------------------------------------------------------------------------+
; Analysis & Synthesis Summary                                                  ;
+---------------------------------+---------------------------------------------+
; Analysis & Synthesis Status     ; Successful - Mon Mar 11 22:30:12 2024       ;
; Quartus Prime Version           ; 20.1.1 Build 720 11/11/2020 SJ Lite Edition ;
; Revision Name                   ; simulador                                   ;
; Top-level Entity Name           ; simulador_drone                             ;
; Family                          ; Cyclone V                                   ;
; Logic utilization (in ALMs)     ; N/A                                         ;
; Total registers                 ; 31                                          ;
; Total pins                      ; 23                                          ;
; Total virtual pins              ; 0                                           ;
; Total block memory bits         ; 0                                           ;
; Total DSP Blocks                ; 0                                           ;
; Total HSSI RX PCSs              ; 0                                           ;
; Total HSSI PMA RX Deserializers ; 0                                           ;
; Total HSSI TX PCSs              ; 0                                           ;
; Total HSSI PMA TX Serializers   ; 0                                           ;
; Total PLLs                      ; 0                                           ;
; Total DLLs                      ; 0                                           ;
+---------------------------------+---------------------------------------------+


+---------------------------------------------------------------------------------------------------------------------------+
; Analysis & Synthesis Settings                                                                                             ;
+---------------------------------------------------------------------------------+--------------------+--------------------+
; Option                                                                          ; Setting            ; Default Value      ;
+---------------------------------------------------------------------------------+--------------------+--------------------+
; Device                                                                          ; 5CEBA4F23C7        ;                    ;
; Top-level entity name                                                           ; simulador_drone    ; simulador          ;
; Family name                                                                     ; Cyclone V          ; Cyclone V          ;
; Use smart compilation                                                           ; Off                ; Off                ;
; Enable parallel Assembler and Timing Analyzer during compilation                ; On                 ; On                 ;
; Enable compact report table                                                     ; Off                ; Off                ;
; Restructure Multiplexers                                                        ; Auto               ; Auto               ;
; MLAB Add Timing Constraints For Mixed-Port Feed-Through Mode Setting Don't Care ; Off                ; Off                ;
; Create Debugging Nodes for IP Cores                                             ; Off                ; Off                ;
; Preserve fewer node names                                                       ; On                 ; On                 ;
; Intel FPGA IP Evaluation Mode                                                   ; Enable             ; Enable             ;
; Verilog Version                                                                 ; Verilog_2001       ; Verilog_2001       ;
; VHDL Version                                                                    ; VHDL_1993          ; VHDL_1993          ;
; State Machine Processing                                                        ; Auto               ; Auto               ;
; Safe State Machine                                                              ; Off                ; Off                ;
; Extract Verilog State Machines                                                  ; On                 ; On                 ;
; Extract VHDL State Machines                                                     ; On                 ; On                 ;
; Ignore Verilog initial constructs                                               ; Off                ; Off                ;
; Iteration limit for constant Verilog loops                                      ; 5000               ; 5000               ;
; Iteration limit for non-constant Verilog loops                                  ; 250                ; 250                ;
; Add Pass-Through Logic to Inferred RAMs                                         ; On                 ; On                 ;
; Infer RAMs from Raw Logic                                                       ; On                 ; On                 ;
; Parallel Synthesis                                                              ; On                 ; On                 ;
; DSP Block Balancing                                                             ; Auto               ; Auto               ;
; NOT Gate Push-Back                                                              ; On                 ; On                 ;
; Power-Up Don't Care                                                             ; On                 ; On                 ;
; Remove Redundant Logic Cells                                                    ; Off                ; Off                ;
; Remove Duplicate Registers                                                      ; On                 ; On                 ;
; Ignore CARRY Buffers                                                            ; Off                ; Off                ;
; Ignore CASCADE Buffers                                                          ; Off                ; Off                ;
; Ignore GLOBAL Buffers                                                           ; Off                ; Off                ;
; Ignore ROW GLOBAL Buffers                                                       ; Off                ; Off                ;
; Ignore LCELL Buffers                                                            ; Off                ; Off                ;
; Ignore SOFT Buffers                                                             ; On                 ; On                 ;
; Limit AHDL Integers to 32 Bits                                                  ; Off                ; Off                ;
; Optimization Technique                                                          ; Balanced           ; Balanced           ;
; Carry Chain Length                                                              ; 70                 ; 70                 ;
; Auto Carry Chains                                                               ; On                 ; On                 ;
; Auto Open-Drain Pins                                                            ; On                 ; On                 ;
; Perform WYSIWYG Primitive Resynthesis                                           ; Off                ; Off                ;
; Auto ROM Replacement                                                            ; On                 ; On                 ;
; Auto RAM Replacement                                                            ; On                 ; On                 ;
; Auto DSP Block Replacement                                                      ; On                 ; On                 ;
; Auto Shift Register Replacement                                                 ; Auto               ; Auto               ;
; Allow Shift Register Merging across Hierarchies                                 ; Auto               ; Auto               ;
; Auto Clock Enable Replacement                                                   ; On                 ; On                 ;
; Strict RAM Replacement                                                          ; Off                ; Off                ;
; Allow Synchronous Control Signals                                               ; On                 ; On                 ;
; Force Use of Synchronous Clear Signals                                          ; Off                ; Off                ;
; Auto Resource Sharing                                                           ; Off                ; Off                ;
; Allow Any RAM Size For Recognition                                              ; Off                ; Off                ;
; Allow Any ROM Size For Recognition                                              ; Off                ; Off                ;
; Allow Any Shift Register Size For Recognition                                   ; Off                ; Off                ;
; Use LogicLock Constraints during Resource Balancing                             ; On                 ; On                 ;
; Ignore translate_off and synthesis_off directives                               ; Off                ; Off                ;
; Timing-Driven Synthesis                                                         ; On                 ; On                 ;
; Report Parameter Settings                                                       ; On                 ; On                 ;
; Report Source Assignments                                                       ; On                 ; On                 ;
; Report Connectivity Checks                                                      ; On                 ; On                 ;
; Ignore Maximum Fan-Out Assignments                                              ; Off                ; Off                ;
; Synchronization Register Chain Length                                           ; 3                  ; 3                  ;
; Power Optimization During Synthesis                                             ; Normal compilation ; Normal compilation ;
; HDL message level                                                               ; Level2             ; Level2             ;
; Suppress Register Optimization Related Messages                                 ; Off                ; Off                ;
; Number of Removed Registers Reported in Synthesis Report                        ; 5000               ; 5000               ;
; Number of Swept Nodes Reported in Synthesis Report                              ; 5000               ; 5000               ;
; Number of Inverted Registers Reported in Synthesis Report                       ; 100                ; 100                ;
; Clock MUX Protection                                                            ; On                 ; On                 ;
; Auto Gated Clock Conversion                                                     ; Off                ; Off                ;
; Block Design Naming                                                             ; Auto               ; Auto               ;
; SDC constraint protection                                                       ; Off                ; Off                ;
; Synthesis Effort                                                                ; Auto               ; Auto               ;
; Shift Register Replacement - Allow Asynchronous Clear Signal                    ; On                 ; On                 ;
; Pre-Mapping Resynthesis Optimization                                            ; Off                ; Off                ;
; Analysis & Synthesis Message Level                                              ; Medium             ; Medium             ;
; Disable Register Merging Across Hierarchies                                     ; Auto               ; Auto               ;
; Resource Aware Inference For Block RAM                                          ; On                 ; On                 ;
; Automatic Parallel Synthesis                                                    ; On                 ; On                 ;
; Partial Reconfiguration Bitstream ID                                            ; Off                ; Off                ;
+---------------------------------------------------------------------------------+--------------------+--------------------+


+------------------------------------------+
; Parallel Compilation                     ;
+----------------------------+-------------+
; Processors                 ; Number      ;
+----------------------------+-------------+
; Number detected on machine ; 4           ;
; Maximum allowed            ; 4           ;
;                            ;             ;
; Average used               ; 1.00        ;
; Maximum used               ; 4           ;
;                            ;             ;
; Usage by Processor         ; % Time Used ;
;     Processor 1            ; 100.0%      ;
;     Processor 2            ;   0.0%      ;
;     Processors 3-4         ;   0.0%      ;
+----------------------------+-------------+


+------------------------------------------------------------------------------------------------------------------------------------------------------------------------------+
; Analysis & Synthesis Source Files Read                                                                                                                                       ;
+----------------------------------+-----------------+------------------------+--------------------------------------------------------------------------------------+---------+
; File Name with User-Entered Path ; Used in Netlist ; File Type              ; File Name with Absolute Path                                                         ; Library ;
+----------------------------------+-----------------+------------------------+--------------------------------------------------------------------------------------+---------+
; unidade_controle.v               ; yes             ; User Verilog HDL File  ; /home/victor/Documentos/USP/LABDIG/Git/Lab-Dig/PROJETO_DRONE/unidade_controle.v      ;         ;
; sync_ram_16x4_file.v             ; yes             ; User Verilog HDL File  ; /home/victor/Documentos/USP/LABDIG/Git/Lab-Dig/PROJETO_DRONE/sync_ram_16x4_file.v    ;         ;
; simulador_drone.v                ; yes             ; User Verilog HDL File  ; /home/victor/Documentos/USP/LABDIG/Git/Lab-Dig/PROJETO_DRONE/simulador_drone.v       ;         ;
; fluxo_dados.v                    ; yes             ; User Verilog HDL File  ; /home/victor/Documentos/USP/LABDIG/Git/Lab-Dig/PROJETO_DRONE/fluxo_dados.v           ;         ;
; converte_2b_4b.v                 ; yes             ; User Verilog HDL File  ; /home/victor/Documentos/USP/LABDIG/Git/Lab-Dig/PROJETO_DRONE/converte_2b_4b.v        ;         ;
; contador_m_2.v                   ; yes             ; User Verilog HDL File  ; /home/victor/Documentos/USP/LABDIG/Git/Lab-Dig/PROJETO_DRONE/contador_m_2.v          ;         ;
; contador_163.v                   ; yes             ; User Verilog HDL File  ; /home/victor/Documentos/USP/LABDIG/Git/Lab-Dig/PROJETO_DRONE/contador_163.v          ;         ;
; contador_4_mais_menos.v          ; yes             ; User Verilog HDL File  ; /home/victor/Documentos/USP/LABDIG/Git/Lab-Dig/PROJETO_DRONE/contador_4_mais_menos.v ;         ;
+----------------------------------+-----------------+------------------------+--------------------------------------------------------------------------------------+---------+


+-----------------------------------------------------------+
; Analysis & Synthesis Resource Usage Summary               ;
+---------------------------------------------+-------------+
; Resource                                    ; Usage       ;
+---------------------------------------------+-------------+
; Estimate of Logic utilization (ALMs needed) ; 30          ;
;                                             ;             ;
; Combinational ALUT usage for logic          ; 50          ;
;     -- 7 input functions                    ; 0           ;
;     -- 6 input functions                    ; 8           ;
;     -- 5 input functions                    ; 2           ;
;     -- 4 input functions                    ; 14          ;
;     -- <=3 input functions                  ; 26          ;
;                                             ;             ;
; Dedicated logic registers                   ; 31          ;
;                                             ;             ;
; I/O pins                                    ; 23          ;
;                                             ;             ;
; Total DSP Blocks                            ; 0           ;
;                                             ;             ;
; Maximum fan-out node                        ; clock~input ;
; Maximum fan-out                             ; 31          ;
; Total fan-out                               ; 309         ;
; Average fan-out                             ; 2.43        ;
+---------------------------------------------+-------------+


+-------------------------------------------------------------------------------------------------------------------------------------------------------------------------------------------------------------------------------------------------------------------------------------------+
; Analysis & Synthesis Resource Utilization by Entity                                                                                                                                                                                                                                       ;
+---------------------------------------------------------+---------------------+---------------------------+-------------------+------------+------+--------------+---------------------------------------------------------------------------------+-----------------------+--------------+
; Compilation Hierarchy Node                              ; Combinational ALUTs ; Dedicated Logic Registers ; Block Memory Bits ; DSP Blocks ; Pins ; Virtual Pins ; Full Hierarchy Name                                                             ; Entity Name           ; Library Name ;
+---------------------------------------------------------+---------------------+---------------------------+-------------------+------------+------+--------------+---------------------------------------------------------------------------------+-----------------------+--------------+
; |simulador_drone                                        ; 50 (0)              ; 31 (0)                    ; 0                 ; 0          ; 23   ; 0            ; |simulador_drone                                                                ; simulador_drone       ; work         ;
;    |fluxo_dados:fd|                                     ; 37 (1)              ; 23 (0)                    ; 0                 ; 0          ; 0    ; 0            ; |simulador_drone|fluxo_dados:fd                                                 ; fluxo_dados           ; work         ;
;       |contador_163:contador_posicao_horizontal|        ; 8 (8)               ; 4 (4)                     ; 0                 ; 0          ; 0    ; 0            ; |simulador_drone|fluxo_dados:fd|contador_163:contador_posicao_horizontal        ; contador_163          ; work         ;
;       |contador_4_mais_menos:contador_posicao_vertical| ; 3 (3)               ; 2 (2)                     ; 0                 ; 0          ; 0    ; 0            ; |simulador_drone|fluxo_dados:fd|contador_4_mais_menos:contador_posicao_vertical ; contador_4_mais_menos ; work         ;
;       |contador_m_2:contador_tempo_jogada|              ; 17 (17)             ; 13 (13)                   ; 0                 ; 0          ; 0    ; 0            ; |simulador_drone|fluxo_dados:fd|contador_m_2:contador_tempo_jogada              ; contador_m_2          ; work         ;
;       |converte_2b_4b:conversor_posicao|                ; 3 (3)               ; 0 (0)                     ; 0                 ; 0          ; 0    ; 0            ; |simulador_drone|fluxo_dados:fd|converte_2b_4b:conversor_posicao                ; converte_2b_4b        ; work         ;
;       |sync_ram_16x4_file:mapa_jogo|                    ; 5 (5)               ; 4 (4)                     ; 0                 ; 0          ; 0    ; 0            ; |simulador_drone|fluxo_dados:fd|sync_ram_16x4_file:mapa_jogo                    ; sync_ram_16x4_file    ; work         ;
;    |unidade_controle:uc|                                ; 13 (13)             ; 8 (8)                     ; 0                 ; 0          ; 0    ; 0            ; |simulador_drone|unidade_controle:uc                                            ; unidade_controle      ; work         ;
+---------------------------------------------------------+---------------------+---------------------------+-------------------+------------+------+--------------+---------------------------------------------------------------------------------+-----------------------+--------------+
Note: For table entries with two numbers listed, the numbers in parentheses indicate the number of resources of the given type used by the specific entity alone. The numbers listed outside of parentheses indicate the total resources of the given type used by the specific entity and all of its sub-entities in the hierarchy.


Encoding Type:  One-Hot
+---------------------------------------------------------------------------------------------------------------------------------------------------------------------------+
; State Machine - |simulador_drone|unidade_controle:uc|Eatual                                                                                                               ;
+----------------------+----------------+----------------+----------------------+---------------------+---------------+-------------------+----------------+----------------+
; Name                 ; Eatual.derrota ; Eatual.proximo ; Eatual.checa_colisao ; Eatual.deslocamento ; Eatual.espera ; Eatual.preparacao ; Eatual.inicial ; Eatual.vitoria ;
+----------------------+----------------+----------------+----------------------+---------------------+---------------+-------------------+----------------+----------------+
; Eatual.inicial       ; 0              ; 0              ; 0                    ; 0                   ; 0             ; 0                 ; 0              ; 0              ;
; Eatual.preparacao    ; 0              ; 0              ; 0                    ; 0                   ; 0             ; 1                 ; 1              ; 0              ;
; Eatual.espera        ; 0              ; 0              ; 0                    ; 0                   ; 1             ; 0                 ; 1              ; 0              ;
; Eatual.deslocamento  ; 0              ; 0              ; 0                    ; 1                   ; 0             ; 0                 ; 1              ; 0              ;
; Eatual.checa_colisao ; 0              ; 0              ; 1                    ; 0                   ; 0             ; 0                 ; 1              ; 0              ;
; Eatual.proximo       ; 0              ; 1              ; 0                    ; 0                   ; 0             ; 0                 ; 1              ; 0              ;
; Eatual.derrota       ; 1              ; 0              ; 0                    ; 0                   ; 0             ; 0                 ; 1              ; 0              ;
; Eatual.vitoria       ; 0              ; 0              ; 0                    ; 0                   ; 0             ; 0                 ; 1              ; 1              ;
+----------------------+----------------+----------------+----------------------+---------------------+---------------+-------------------+----------------+----------------+


+------------------------------------------------------------+
; Registers Removed During Synthesis                         ;
+---------------------------------------+--------------------+
; Register name                         ; Reason for Removal ;
+---------------------------------------+--------------------+
; unidade_controle:uc|Eatual~4          ; Lost fanout        ;
; unidade_controle:uc|Eatual~5          ; Lost fanout        ;
; unidade_controle:uc|Eatual~6          ; Lost fanout        ;
; Total Number of Removed Registers = 3 ;                    ;
+---------------------------------------+--------------------+


+------------------------------------------------------+
; General Register Statistics                          ;
+----------------------------------------------+-------+
; Statistic                                    ; Value ;
+----------------------------------------------+-------+
; Total registers                              ; 31    ;
; Number of registers using Synchronous Clear  ; 13    ;
; Number of registers using Synchronous Load   ; 0     ;
; Number of registers using Asynchronous Clear ; 8     ;
; Number of registers using Asynchronous Load  ; 0     ;
; Number of registers using Clock Enable       ; 17    ;
; Number of registers using Preset             ; 0     ;
+----------------------------------------------+-------+


+---------------------------------------------------------------------------------------------------------------------------------------------------------------------------------------------+
; Multiplexer Restructuring Statistics (Restructuring Performed)                                                                                                                              ;
+--------------------+-----------+---------------+----------------------+------------------------+------------+-------------------------------------------------------------------------------+
; Multiplexer Inputs ; Bus Width ; Baseline Area ; Area if Restructured ; Saving if Restructured ; Registered ; Example Multiplexer Output                                                    ;
+--------------------+-----------+---------------+----------------------+------------------------+------------+-------------------------------------------------------------------------------+
; 3:1                ; 4 bits    ; 8 LEs         ; 4 LEs                ; 4 LEs                  ; Yes        ; |simulador_drone|fluxo_dados:fd|contador_163:contador_posicao_horizontal|Q[0] ;
; 4:1                ; 13 bits   ; 26 LEs        ; 0 LEs                ; 26 LEs                 ; Yes        ; |simulador_drone|fluxo_dados:fd|contador_m_2:contador_tempo_jogada|Q[0]       ;
+--------------------+-----------+---------------+----------------------+------------------------+------------+-------------------------------------------------------------------------------+


+------------------------------------------------------------------+
; Parameter Settings for User Entity Instance: unidade_controle:uc ;
+----------------+-------+-----------------------------------------+
; Parameter Name ; Value ; Type                                    ;
+----------------+-------+-----------------------------------------+
; inicial        ; 0000  ; Unsigned Binary                         ;
; preparacao     ; 0001  ; Unsigned Binary                         ;
; espera         ; 0011  ; Unsigned Binary                         ;
; deslocamento   ; 0100  ; Unsigned Binary                         ;
; checa_colisao  ; 0101  ; Unsigned Binary                         ;
; proximo        ; 0110  ; Unsigned Binary                         ;
; derrota        ; 0111  ; Unsigned Binary                         ;
; vitoria        ; 1000  ; Unsigned Binary                         ;
+----------------+-------+-----------------------------------------+
Note: In order to hide this table in the UI and the text report file, please set the "Show Parameter Settings in Synthesis Report" option in "Analysis and Synthesis Settings -> More Settings" to "Off".


+------------------------------------------------------------------------------------------------+
; Parameter Settings for User Entity Instance: fluxo_dados:fd|contador_m_2:contador_tempo_jogada ;
+----------------+-------+-----------------------------------------------------------------------+
; Parameter Name ; Value ; Type                                                                  ;
+----------------+-------+-----------------------------------------------------------------------+
; M              ; 2000  ; Signed Integer                                                        ;
; N              ; 13    ; Signed Integer                                                        ;
+----------------+-------+-----------------------------------------------------------------------+
Note: In order to hide this table in the UI and the text report file, please set the "Show Parameter Settings in Synthesis Report" option in "Analysis and Synthesis Settings -> More Settings" to "Off".


+------------------------------------------------------------------------------------------+
; Parameter Settings for User Entity Instance: fluxo_dados:fd|sync_ram_16x4_file:mapa_jogo ;
+----------------+--------------+----------------------------------------------------------+
; Parameter Name ; Value        ; Type                                                     ;
+----------------+--------------+----------------------------------------------------------+
; BINFILE        ; ram_init.txt ; String                                                   ;
+----------------+--------------+----------------------------------------------------------+
Note: In order to hide this table in the UI and the text report file, please set the "Show Parameter Settings in Synthesis Report" option in "Analysis and Synthesis Settings -> More Settings" to "Off".


+--------------------------------------------------------------------------------------------+
; Port Connectivity Checks: "fluxo_dados:fd|contador_4_mais_menos:contador_posicao_vertical" ;
+------+--------+----------+-----------------------------------------------------------------+
; Port ; Type   ; Severity ; Details                                                         ;
+------+--------+----------+-----------------------------------------------------------------+
; clr  ; Input  ; Info     ; Stuck at VCC                                                    ;
; D[1] ; Input  ; Info     ; Stuck at VCC                                                    ;
; D[0] ; Input  ; Info     ; Stuck at GND                                                    ;
; rco  ; Output ; Info     ; Explicitly unconnected                                          ;
+------+--------+----------+-----------------------------------------------------------------+


+--------------------------------------------------------------------------------------------------------------------------------------------------------------------------------------------------------------+
; Port Connectivity Checks: "fluxo_dados:fd|sync_ram_16x4_file:mapa_jogo"                                                                                                                                      ;
+------+-------+----------+------------------------------------------------------------------------------------------------------------------------------------------------------------------------------------+
; Port ; Type  ; Severity ; Details                                                                                                                                                                            ;
+------+-------+----------+------------------------------------------------------------------------------------------------------------------------------------------------------------------------------------+
; we   ; Input ; Info     ; Stuck at GND                                                                                                                                                                       ;
; data ; Input ; Info     ; Stuck at GND                                                                                                                                                                       ;
; addr ; Input ; Warning  ; Input port expression (32 bits) is wider than the input port (4 bits) it drives.  The 28 most-significant bit(s) in the expression will be dangling if they have no other fanouts. ;
+------+-------+----------+------------------------------------------------------------------------------------------------------------------------------------------------------------------------------------+


+-------------------------------------------------------------------------------+
; Port Connectivity Checks: "fluxo_dados:fd|contador_m_2:contador_tempo_jogada" ;
+---------+--------+----------+-------------------------------------------------+
; Port    ; Type   ; Severity ; Details                                         ;
+---------+--------+----------+-------------------------------------------------+
; zera_as ; Input  ; Info     ; Stuck at GND                                    ;
; Q       ; Output ; Info     ; Explicitly unconnected                          ;
; meio    ; Output ; Info     ; Explicitly unconnected                          ;
+---------+--------+----------+-------------------------------------------------+


+-------------------------------------------------------------------------------------+
; Port Connectivity Checks: "fluxo_dados:fd|contador_163:contador_posicao_horizontal" ;
+------+-------+----------+-----------------------------------------------------------+
; Port ; Type  ; Severity ; Details                                                   ;
+------+-------+----------+-----------------------------------------------------------+
; ld   ; Input ; Info     ; Stuck at VCC                                              ;
; ent  ; Input ; Info     ; Stuck at VCC                                              ;
; D    ; Input ; Info     ; Explicitly unconnected                                    ;
+------+-------+----------+-----------------------------------------------------------+


+-----------------------------------------------------+
; Post-Synthesis Netlist Statistics for Top Partition ;
+-----------------------+-----------------------------+
; Type                  ; Count                       ;
+-----------------------+-----------------------------+
; arriav_ff             ; 31                          ;
;     CLR               ; 8                           ;
;     ENA               ; 4                           ;
;     ENA SCLR          ; 13                          ;
;     plain             ; 6                           ;
; arriav_lcell_comb     ; 54                          ;
;     arith             ; 13                          ;
;         1 data inputs ; 13                          ;
;     normal            ; 41                          ;
;         1 data inputs ; 5                           ;
;         2 data inputs ; 8                           ;
;         3 data inputs ; 4                           ;
;         4 data inputs ; 14                          ;
;         5 data inputs ; 2                           ;
;         6 data inputs ; 8                           ;
; boundary_port         ; 23                          ;
;                       ;                             ;
; Max LUT depth         ; 2.20                        ;
; Average LUT depth     ; 1.70                        ;
+-----------------------+-----------------------------+


+-------------------------------+
; Elapsed Time Per Partition    ;
+----------------+--------------+
; Partition Name ; Elapsed Time ;
+----------------+--------------+
; Top            ; 00:00:00     ;
+----------------+--------------+


+-------------------------------+
; Analysis & Synthesis Messages ;
+-------------------------------+
Info: *******************************************************************
Info: Running Quartus Prime Analysis & Synthesis
    Info: Version 20.1.1 Build 720 11/11/2020 SJ Lite Edition
    Info: Processing started: Mon Mar 11 22:30:04 2024
Info: Command: quartus_map --read_settings_files=on --write_settings_files=off simulador -c simulador
Warning (18236): Number of processors has not been specified which may cause overloading on shared machines.  Set the global assignment NUM_PARALLEL_PROCESSORS in your QSF to an appropriate value for best performance.
Info (20030): Parallel compilation is enabled and will use 4 of the 4 processors detected
Info (12021): Found 1 design units, including 1 entities, in source file unidade_controle.v
    Info (12023): Found entity 1: unidade_controle File: /home/victor/Documentos/USP/LABDIG/Git/Lab-Dig/PROJETO_DRONE/unidade_controle.v Line: 15
Info (12021): Found 1 design units, including 1 entities, in source file sync_ram_16x4_file.v
    Info (12023): Found entity 1: sync_ram_16x4_file File: /home/victor/Documentos/USP/LABDIG/Git/Lab-Dig/PROJETO_DRONE/sync_ram_16x4_file.v Line: 19
Info (12021): Found 1 design units, including 1 entities, in source file simulador_drone.v
    Info (12023): Found entity 1: simulador_drone File: /home/victor/Documentos/USP/LABDIG/Git/Lab-Dig/PROJETO_DRONE/simulador_drone.v Line: 1
Info (12021): Found 1 design units, including 1 entities, in source file registrador_4.v
    Info (12023): Found entity 1: registrador_4 File: /home/victor/Documentos/USP/LABDIG/Git/Lab-Dig/PROJETO_DRONE/registrador_4.v Line: 13
Info (12021): Found 1 design units, including 1 entities, in source file hexa7seg.v
    Info (12023): Found entity 1: hexa7seg File: /home/victor/Documentos/USP/LABDIG/Git/Lab-Dig/PROJETO_DRONE/hexa7seg.v Line: 23
Info (12021): Found 1 design units, including 1 entities, in source file fluxo_dados.v
    Info (12023): Found entity 1: fluxo_dados File: /home/victor/Documentos/USP/LABDIG/Git/Lab-Dig/PROJETO_DRONE/fluxo_dados.v Line: 1
Info (12021): Found 1 design units, including 1 entities, in source file edge_detector.v
    Info (12023): Found entity 1: edge_detector File: /home/victor/Documentos/USP/LABDIG/Git/Lab-Dig/PROJETO_DRONE/edge_detector.v Line: 21
Info (12021): Found 1 design units, including 1 entities, in source file converte_2b_4b.v
    Info (12023): Found entity 1: converte_2b_4b File: /home/victor/Documentos/USP/LABDIG/Git/Lab-Dig/PROJETO_DRONE/converte_2b_4b.v Line: 1
Info (12021): Found 1 design units, including 1 entities, in source file contador_m_2.v
    Info (12023): Found entity 1: contador_m_2 File: /home/victor/Documentos/USP/LABDIG/Git/Lab-Dig/PROJETO_DRONE/contador_m_2.v Line: 19
Info (12021): Found 1 design units, including 1 entities, in source file contador_m.v
    Info (12023): Found entity 1: contador_m File: /home/victor/Documentos/USP/LABDIG/Git/Lab-Dig/PROJETO_DRONE/contador_m.v Line: 19
Info (12021): Found 1 design units, including 1 entities, in source file contador_163.v
    Info (12023): Found entity 1: contador_163 File: /home/victor/Documentos/USP/LABDIG/Git/Lab-Dig/PROJETO_DRONE/contador_163.v Line: 16
Info (12021): Found 1 design units, including 1 entities, in source file contador_4_mais_menos.v
    Info (12023): Found entity 1: contador_4_mais_menos File: /home/victor/Documentos/USP/LABDIG/Git/Lab-Dig/PROJETO_DRONE/contador_4_mais_menos.v Line: 2
Info (12021): Found 1 design units, including 1 entities, in source file comparador_85.v
    Info (12023): Found entity 1: comparador_85 File: /home/victor/Documentos/USP/LABDIG/Git/Lab-Dig/PROJETO_DRONE/comparador_85.v Line: 16
Info (12127): Elaborating entity "simulador_drone" for the top level hierarchy
Info (12128): Elaborating entity "unidade_controle" for hierarchy "unidade_controle:uc" File: /home/victor/Documentos/USP/LABDIG/Git/Lab-Dig/PROJETO_DRONE/simulador_drone.v Line: 30
Warning (10230): Verilog HDL assignment warning at unidade_controle.v(70): truncated value with size 32 to match size of target (1) File: /home/victor/Documentos/USP/LABDIG/Git/Lab-Dig/PROJETO_DRONE/unidade_controle.v Line: 70
Warning (10230): Verilog HDL assignment warning at unidade_controle.v(71): truncated value with size 32 to match size of target (1) File: /home/victor/Documentos/USP/LABDIG/Git/Lab-Dig/PROJETO_DRONE/unidade_controle.v Line: 71
Warning (10230): Verilog HDL assignment warning at unidade_controle.v(72): truncated value with size 32 to match size of target (1) File: /home/victor/Documentos/USP/LABDIG/Git/Lab-Dig/PROJETO_DRONE/unidade_controle.v Line: 72
Warning (10230): Verilog HDL assignment warning at unidade_controle.v(73): truncated value with size 32 to match size of target (1) File: /home/victor/Documentos/USP/LABDIG/Git/Lab-Dig/PROJETO_DRONE/unidade_controle.v Line: 73
Warning (10230): Verilog HDL assignment warning at unidade_controle.v(74): truncated value with size 32 to match size of target (1) File: /home/victor/Documentos/USP/LABDIG/Git/Lab-Dig/PROJETO_DRONE/unidade_controle.v Line: 74
Warning (10230): Verilog HDL assignment warning at unidade_controle.v(75): truncated value with size 32 to match size of target (1) File: /home/victor/Documentos/USP/LABDIG/Git/Lab-Dig/PROJETO_DRONE/unidade_controle.v Line: 75
Info (12128): Elaborating entity "fluxo_dados" for hierarchy "fluxo_dados:fd" File: /home/victor/Documentos/USP/LABDIG/Git/Lab-Dig/PROJETO_DRONE/simulador_drone.v Line: 47
Info (12128): Elaborating entity "contador_163" for hierarchy "fluxo_dados:fd|contador_163:contador_posicao_horizontal" File: /home/victor/Documentos/USP/LABDIG/Git/Lab-Dig/PROJETO_DRONE/fluxo_dados.v Line: 31
Warning (10230): Verilog HDL assignment warning at contador_163.v(25): truncated value with size 32 to match size of target (4) File: /home/victor/Documentos/USP/LABDIG/Git/Lab-Dig/PROJETO_DRONE/contador_163.v Line: 25
Info (12128): Elaborating entity "contador_m_2" for hierarchy "fluxo_dados:fd|contador_m_2:contador_tempo_jogada" File: /home/victor/Documentos/USP/LABDIG/Git/Lab-Dig/PROJETO_DRONE/fluxo_dados.v Line: 40
Warning (10230): Verilog HDL assignment warning at contador_m_2.v(40): truncated value with size 32 to match size of target (13) File: /home/victor/Documentos/USP/LABDIG/Git/Lab-Dig/PROJETO_DRONE/contador_m_2.v Line: 40
Info (12128): Elaborating entity "sync_ram_16x4_file" for hierarchy "fluxo_dados:fd|sync_ram_16x4_file:mapa_jogo" File: /home/victor/Documentos/USP/LABDIG/Git/Lab-Dig/PROJETO_DRONE/fluxo_dados.v Line: 48
Info (12128): Elaborating entity "contador_4_mais_menos" for hierarchy "fluxo_dados:fd|contador_4_mais_menos:contador_posicao_vertical" File: /home/victor/Documentos/USP/LABDIG/Git/Lab-Dig/PROJETO_DRONE/fluxo_dados.v Line: 60
Warning (10230): Verilog HDL assignment warning at contador_4_mais_menos.v(12): truncated value with size 32 to match size of target (2) File: /home/victor/Documentos/USP/LABDIG/Git/Lab-Dig/PROJETO_DRONE/contador_4_mais_menos.v Line: 12
Warning (10230): Verilog HDL assignment warning at contador_4_mais_menos.v(13): truncated value with size 32 to match size of target (2) File: /home/victor/Documentos/USP/LABDIG/Git/Lab-Dig/PROJETO_DRONE/contador_4_mais_menos.v Line: 13
Info (12128): Elaborating entity "converte_2b_4b" for hierarchy "fluxo_dados:fd|converte_2b_4b:conversor_posicao" File: /home/victor/Documentos/USP/LABDIG/Git/Lab-Dig/PROJETO_DRONE/fluxo_dados.v Line: 66
Info (276014): Found 1 instances of uninferred RAM logic
    Info (276004): RAM logic "fluxo_dados:fd|sync_ram_16x4_file:mapa_jogo|ram" is uninferred due to inappropriate RAM size File: /home/victor/Documentos/USP/LABDIG/Git/Lab-Dig/PROJETO_DRONE/sync_ram_16x4_file.v Line: 31
Warning (12241): 1 hierarchies have connectivity warnings - see the Connectivity Checks report folder
Info (286030): Timing-Driven Synthesis is running
Info (17049): 3 registers lost all their fanouts during netlist optimizations.
Info (16010): Generating hard_block partition "hard_block:auto_generated_inst"
    Info (16011): Adding 0 node(s), including 0 DDIO, 0 PLL, 0 transceiver and 0 LCELL
Info (21057): Implemented 74 device resources after synthesis - the final resource count might be different
    Info (21058): Implemented 5 input pins
    Info (21059): Implemented 18 output pins
    Info (21061): Implemented 51 logic cells
Info: Quartus Prime Analysis & Synthesis was successful. 0 errors, 12 warnings
    Info: Peak virtual memory: 469 megabytes
    Info: Processing ended: Mon Mar 11 22:30:12 2024
    Info: Elapsed time: 00:00:08
    Info: Total CPU time (on all processors): 00:00:14


