Analysis & Synthesis report for simulador
Thu Mar 28 11:28:32 2024
Quartus Prime Version 20.1.1 Build 720 11/11/2020 SJ Lite Edition


---------------------
; Table of Contents ;
---------------------
  1. Legal Notice
  2. Analysis & Synthesis Summary
  3. Analysis & Synthesis Settings
  4. Parallel Compilation
  5. Analysis & Synthesis Source Files Read
  6. Analysis & Synthesis Resource Usage Summary
  7. Analysis & Synthesis Resource Utilization by Entity
  8. Registers Removed During Synthesis
  9. General Register Statistics
 10. Multiplexer Restructuring Statistics (Restructuring Performed)
 11. Parameter Settings for User Entity Instance: fluxo_dados:fd|contador_m_32:contador_tempo_jogada_facil
 12. Parameter Settings for User Entity Instance: fluxo_dados:fd|contador_m_24:contador_tempo_jogada_medio
 13. Parameter Settings for User Entity Instance: fluxo_dados:fd|contador_m_16:contador_tempo_jogada_dificl
 14. Parameter Settings for User Entity Instance: fluxo_dados:fd|sync_ram_16x4_file1:mapa_0_jogo
 15. Parameter Settings for User Entity Instance: fluxo_dados:fd|sync_ram_16x4_file2:mapa_1_jogo
 16. Parameter Settings for User Entity Instance: unidade_controle:uc
 17. Port Connectivity Checks: "hexa7seg:display_vidas"
 18. Port Connectivity Checks: "hexa7seg:display_colisao_counter"
 19. Port Connectivity Checks: "edge_detector:confirma_edge"
 20. Port Connectivity Checks: "fluxo_dados:fd|edge_detector:detector_borda_horizontal_1"
 21. Port Connectivity Checks: "fluxo_dados:fd|edge_detector:detector_borda_horizontal_0"
 22. Port Connectivity Checks: "fluxo_dados:fd|edge_detector:detector_borda_vertical_1"
 23. Port Connectivity Checks: "fluxo_dados:fd|edge_detector:detector_borda_vertical_0"
 24. Port Connectivity Checks: "fluxo_dados:fd|edge_detector:detector_colisao_pulso"
 25. Port Connectivity Checks: "fluxo_dados:fd|contador_5:contador_colisao"
 26. Port Connectivity Checks: "fluxo_dados:fd|contador_1_5_mais_menos_limitado:contador_mapas"
 27. Port Connectivity Checks: "fluxo_dados:fd|contador_1_5_mais_menos_limitado:contador_vidas"
 28. Port Connectivity Checks: "fluxo_dados:fd|contador_3_mais_menos:contador_modo"
 29. Port Connectivity Checks: "fluxo_dados:fd|sync_ram_16x4_file2:mapa_1_jogo"
 30. Port Connectivity Checks: "fluxo_dados:fd|sync_ram_16x4_file1:mapa_0_jogo"
 31. Port Connectivity Checks: "fluxo_dados:fd|contador_m_16:contador_tempo_jogada_dificl"
 32. Port Connectivity Checks: "fluxo_dados:fd|contador_m_24:contador_tempo_jogada_medio"
 33. Port Connectivity Checks: "fluxo_dados:fd|contador_m_32:contador_tempo_jogada_facil"
 34. Port Connectivity Checks: "fluxo_dados:fd|contador_4_mais_menos_limitado:contador_posicao_vertical"
 35. Port Connectivity Checks: "fluxo_dados:fd|contador_16_mais_menos_limitado:contador_posicao_horizontal"
 36. Post-Synthesis Netlist Statistics for Top Partition
 37. Elapsed Time Per Partition
 38. Analysis & Synthesis Messages



----------------
; Legal Notice ;
----------------
Copyright (C) 2020  Intel Corporation. All rights reserved.
Your use of Intel Corporation's design tools, logic functions 
and other software and tools, and any partner logic 
functions, and any output files from any of the foregoing 
(including device programming or simulation files), and any 
associated documentation or information are expressly subject 
to the terms and conditions of the Intel Program License 
Subscription Agreement, the Intel Quartus Prime License Agreement,
the Intel FPGA IP License Agreement, or other applicable license
agreement, including, without limitation, that your use is for
the sole purpose of programming logic devices manufactured by
Intel and sold by Intel or its authorized distributors.  Please
refer to the applicable agreement for further details, at
https://fpgasoftware.intel.com/eula.



+-------------------------------------------------------------------------------+
; Analysis & Synthesis Summary                                                  ;
+---------------------------------+---------------------------------------------+
; Analysis & Synthesis Status     ; Successful - Thu Mar 28 11:28:32 2024       ;
; Quartus Prime Version           ; 20.1.1 Build 720 11/11/2020 SJ Lite Edition ;
; Revision Name                   ; simulador                                   ;
; Top-level Entity Name           ; simulador_drone                             ;
; Family                          ; Cyclone V                                   ;
; Logic utilization (in ALMs)     ; N/A                                         ;
; Total registers                 ; 84                                          ;
; Total pins                      ; 59                                          ;
; Total virtual pins              ; 0                                           ;
; Total block memory bits         ; 0                                           ;
; Total DSP Blocks                ; 0                                           ;
; Total HSSI RX PCSs              ; 0                                           ;
; Total HSSI PMA RX Deserializers ; 0                                           ;
; Total HSSI TX PCSs              ; 0                                           ;
; Total HSSI PMA TX Serializers   ; 0                                           ;
; Total PLLs                      ; 0                                           ;
; Total DLLs                      ; 0                                           ;
+---------------------------------+---------------------------------------------+


+---------------------------------------------------------------------------------------------------------------------------+
; Analysis & Synthesis Settings                                                                                             ;
+---------------------------------------------------------------------------------+--------------------+--------------------+
; Option                                                                          ; Setting            ; Default Value      ;
+---------------------------------------------------------------------------------+--------------------+--------------------+
; Device                                                                          ; 5CEBA4F23C7        ;                    ;
; Top-level entity name                                                           ; simulador_drone    ; simulador          ;
; Family name                                                                     ; Cyclone V          ; Cyclone V          ;
; Use smart compilation                                                           ; Off                ; Off                ;
; Enable parallel Assembler and Timing Analyzer during compilation                ; On                 ; On                 ;
; Enable compact report table                                                     ; Off                ; Off                ;
; Restructure Multiplexers                                                        ; Auto               ; Auto               ;
; MLAB Add Timing Constraints For Mixed-Port Feed-Through Mode Setting Don't Care ; Off                ; Off                ;
; Create Debugging Nodes for IP Cores                                             ; Off                ; Off                ;
; Preserve fewer node names                                                       ; On                 ; On                 ;
; Intel FPGA IP Evaluation Mode                                                   ; Enable             ; Enable             ;
; Verilog Version                                                                 ; Verilog_2001       ; Verilog_2001       ;
; VHDL Version                                                                    ; VHDL_1993          ; VHDL_1993          ;
; State Machine Processing                                                        ; Auto               ; Auto               ;
; Safe State Machine                                                              ; Off                ; Off                ;
; Extract Verilog State Machines                                                  ; On                 ; On                 ;
; Extract VHDL State Machines                                                     ; On                 ; On                 ;
; Ignore Verilog initial constructs                                               ; Off                ; Off                ;
; Iteration limit for constant Verilog loops                                      ; 5000               ; 5000               ;
; Iteration limit for non-constant Verilog loops                                  ; 250                ; 250                ;
; Add Pass-Through Logic to Inferred RAMs                                         ; On                 ; On                 ;
; Infer RAMs from Raw Logic                                                       ; On                 ; On                 ;
; Parallel Synthesis                                                              ; On                 ; On                 ;
; DSP Block Balancing                                                             ; Auto               ; Auto               ;
; NOT Gate Push-Back                                                              ; On                 ; On                 ;
; Power-Up Don't Care                                                             ; On                 ; On                 ;
; Remove Redundant Logic Cells                                                    ; Off                ; Off                ;
; Remove Duplicate Registers                                                      ; On                 ; On                 ;
; Ignore CARRY Buffers                                                            ; Off                ; Off                ;
; Ignore CASCADE Buffers                                                          ; Off                ; Off                ;
; Ignore GLOBAL Buffers                                                           ; Off                ; Off                ;
; Ignore ROW GLOBAL Buffers                                                       ; Off                ; Off                ;
; Ignore LCELL Buffers                                                            ; Off                ; Off                ;
; Ignore SOFT Buffers                                                             ; On                 ; On                 ;
; Limit AHDL Integers to 32 Bits                                                  ; Off                ; Off                ;
; Optimization Technique                                                          ; Balanced           ; Balanced           ;
; Carry Chain Length                                                              ; 70                 ; 70                 ;
; Auto Carry Chains                                                               ; On                 ; On                 ;
; Auto Open-Drain Pins                                                            ; On                 ; On                 ;
; Perform WYSIWYG Primitive Resynthesis                                           ; Off                ; Off                ;
; Auto ROM Replacement                                                            ; On                 ; On                 ;
; Auto RAM Replacement                                                            ; On                 ; On                 ;
; Auto DSP Block Replacement                                                      ; On                 ; On                 ;
; Auto Shift Register Replacement                                                 ; Auto               ; Auto               ;
; Allow Shift Register Merging across Hierarchies                                 ; Auto               ; Auto               ;
; Auto Clock Enable Replacement                                                   ; On                 ; On                 ;
; Strict RAM Replacement                                                          ; Off                ; Off                ;
; Allow Synchronous Control Signals                                               ; On                 ; On                 ;
; Force Use of Synchronous Clear Signals                                          ; Off                ; Off                ;
; Auto Resource Sharing                                                           ; Off                ; Off                ;
; Allow Any RAM Size For Recognition                                              ; Off                ; Off                ;
; Allow Any ROM Size For Recognition                                              ; Off                ; Off                ;
; Allow Any Shift Register Size For Recognition                                   ; Off                ; Off                ;
; Use LogicLock Constraints during Resource Balancing                             ; On                 ; On                 ;
; Ignore translate_off and synthesis_off directives                               ; Off                ; Off                ;
; Timing-Driven Synthesis                                                         ; On                 ; On                 ;
; Report Parameter Settings                                                       ; On                 ; On                 ;
; Report Source Assignments                                                       ; On                 ; On                 ;
; Report Connectivity Checks                                                      ; On                 ; On                 ;
; Ignore Maximum Fan-Out Assignments                                              ; Off                ; Off                ;
; Synchronization Register Chain Length                                           ; 3                  ; 3                  ;
; Power Optimization During Synthesis                                             ; Normal compilation ; Normal compilation ;
; HDL message level                                                               ; Level2             ; Level2             ;
; Suppress Register Optimization Related Messages                                 ; Off                ; Off                ;
; Number of Removed Registers Reported in Synthesis Report                        ; 5000               ; 5000               ;
; Number of Swept Nodes Reported in Synthesis Report                              ; 5000               ; 5000               ;
; Number of Inverted Registers Reported in Synthesis Report                       ; 100                ; 100                ;
; Clock MUX Protection                                                            ; On                 ; On                 ;
; Auto Gated Clock Conversion                                                     ; Off                ; Off                ;
; Block Design Naming                                                             ; Auto               ; Auto               ;
; SDC constraint protection                                                       ; Off                ; Off                ;
; Synthesis Effort                                                                ; Auto               ; Auto               ;
; Shift Register Replacement - Allow Asynchronous Clear Signal                    ; On                 ; On                 ;
; Pre-Mapping Resynthesis Optimization                                            ; Off                ; Off                ;
; Analysis & Synthesis Message Level                                              ; Medium             ; Medium             ;
; Disable Register Merging Across Hierarchies                                     ; Auto               ; Auto               ;
; Resource Aware Inference For Block RAM                                          ; On                 ; On                 ;
; Automatic Parallel Synthesis                                                    ; On                 ; On                 ;
; Partial Reconfiguration Bitstream ID                                            ; Off                ; Off                ;
+---------------------------------------------------------------------------------+--------------------+--------------------+


+------------------------------------------+
; Parallel Compilation                     ;
+----------------------------+-------------+
; Processors                 ; Number      ;
+----------------------------+-------------+
; Number detected on machine ; 4           ;
; Maximum allowed            ; 2           ;
;                            ;             ;
; Average used               ; 1.00        ;
; Maximum used               ; 2           ;
;                            ;             ;
; Usage by Processor         ; % Time Used ;
;     Processor 1            ; 100.0%      ;
;     Processor 2            ;   0.0%      ;
+----------------------------+-------------+


+-------------------------------------------------------------------------------------------------------------------------------------------------------------------------------------------------+
; Analysis & Synthesis Source Files Read                                                                                                                                                          ;
+------------------------------------+-----------------+------------------------------+-------------------------------------------------------------------------------------------------+---------+
; File Name with User-Entered Path   ; Used in Netlist ; File Type                    ; File Name with Absolute Path                                                                    ; Library ;
+------------------------------------+-----------------+------------------------------+-------------------------------------------------------------------------------------------------+---------+
; sync_ram_16x4_file2.v              ; yes             ; User Verilog HDL File        ; /home/victor/Documentos/LABDIG/Lab-Dig/PROJETO_DRONE/Verilog/sync_ram_16x4_file2.v              ;         ;
; sync_ram_16x4_file1.v              ; yes             ; User Verilog HDL File        ; /home/victor/Documentos/LABDIG/Lab-Dig/PROJETO_DRONE/Verilog/sync_ram_16x4_file1.v              ;         ;
; contador_m_32.v                    ; yes             ; User Verilog HDL File        ; /home/victor/Documentos/LABDIG/Lab-Dig/PROJETO_DRONE/Verilog/contador_m_32.v                    ;         ;
; contador_m_24.v                    ; yes             ; User Verilog HDL File        ; /home/victor/Documentos/LABDIG/Lab-Dig/PROJETO_DRONE/Verilog/contador_m_24.v                    ;         ;
; contador_m_16.v                    ; yes             ; User Verilog HDL File        ; /home/victor/Documentos/LABDIG/Lab-Dig/PROJETO_DRONE/Verilog/contador_m_16.v                    ;         ;
; unidade_controle.v                 ; yes             ; User Verilog HDL File        ; /home/victor/Documentos/LABDIG/Lab-Dig/PROJETO_DRONE/Verilog/unidade_controle.v                 ;         ;
; simulador_drone.v                  ; yes             ; User Verilog HDL File        ; /home/victor/Documentos/LABDIG/Lab-Dig/PROJETO_DRONE/Verilog/simulador_drone.v                  ;         ;
; hexa7seg.v                         ; yes             ; User Verilog HDL File        ; /home/victor/Documentos/LABDIG/Lab-Dig/PROJETO_DRONE/Verilog/hexa7seg.v                         ;         ;
; fluxo_dados.v                      ; yes             ; User Verilog HDL File        ; /home/victor/Documentos/LABDIG/Lab-Dig/PROJETO_DRONE/Verilog/fluxo_dados.v                      ;         ;
; edge_detector.v                    ; yes             ; User Verilog HDL File        ; /home/victor/Documentos/LABDIG/Lab-Dig/PROJETO_DRONE/Verilog/edge_detector.v                    ;         ;
; converte_2b_4b.v                   ; yes             ; User Verilog HDL File        ; /home/victor/Documentos/LABDIG/Lab-Dig/PROJETO_DRONE/Verilog/converte_2b_4b.v                   ;         ;
; contador_5.v                       ; yes             ; User Verilog HDL File        ; /home/victor/Documentos/LABDIG/Lab-Dig/PROJETO_DRONE/Verilog/contador_5.v                       ;         ;
; contador_4_mais_menos_limitado.v   ; yes             ; User Verilog HDL File        ; /home/victor/Documentos/LABDIG/Lab-Dig/PROJETO_DRONE/Verilog/contador_4_mais_menos_limitado.v   ;         ;
; contador_3_mais_menos.v            ; yes             ; User Verilog HDL File        ; /home/victor/Documentos/LABDIG/Lab-Dig/PROJETO_DRONE/Verilog/contador_3_mais_menos.v            ;         ;
; contador_1_5_mais_menos_limitado.v ; yes             ; User Verilog HDL File        ; /home/victor/Documentos/LABDIG/Lab-Dig/PROJETO_DRONE/Verilog/contador_1_5_mais_menos_limitado.v ;         ;
; contador_16_mais_menos_limitado.v  ; yes             ; Auto-Found Verilog HDL File  ; /home/victor/Documentos/LABDIG/Lab-Dig/PROJETO_DRONE/Verilog/contador_16_mais_menos_limitado.v  ;         ;
+------------------------------------+-----------------+------------------------------+-------------------------------------------------------------------------------------------------+---------+


+-----------------------------------------------------------+
; Analysis & Synthesis Resource Usage Summary               ;
+---------------------------------------------+-------------+
; Resource                                    ; Usage       ;
+---------------------------------------------+-------------+
; Estimate of Logic utilization (ALMs needed) ; 102         ;
;                                             ;             ;
; Combinational ALUT usage for logic          ; 169         ;
;     -- 7 input functions                    ; 2           ;
;     -- 6 input functions                    ; 30          ;
;     -- 5 input functions                    ; 17          ;
;     -- 4 input functions                    ; 46          ;
;     -- <=3 input functions                  ; 74          ;
;                                             ;             ;
; Dedicated logic registers                   ; 84          ;
;                                             ;             ;
; I/O pins                                    ; 59          ;
;                                             ;             ;
; Total DSP Blocks                            ; 0           ;
;                                             ;             ;
; Maximum fan-out node                        ; clock~input ;
; Maximum fan-out                             ; 84          ;
; Total fan-out                               ; 1017        ;
; Average fan-out                             ; 2.74        ;
+---------------------------------------------+-------------+


+------------------------------------------------------------------------------------------------------------------------------------------------------------------------------------------------------------------------------------------------------------------------------------------------------------------------------+
; Analysis & Synthesis Resource Utilization by Entity                                                                                                                                                                                                                                                                          ;
+---------------------------------------------------------------------+---------------------+---------------------------+-------------------+------------+------+--------------+---------------------------------------------------------------------------------------------+----------------------------------+--------------+
; Compilation Hierarchy Node                                          ; Combinational ALUTs ; Dedicated Logic Registers ; Block Memory Bits ; DSP Blocks ; Pins ; Virtual Pins ; Full Hierarchy Name                                                                         ; Entity Name                      ; Library Name ;
+---------------------------------------------------------------------+---------------------+---------------------------+-------------------+------------+------+--------------+---------------------------------------------------------------------------------------------+----------------------------------+--------------+
; |simulador_drone                                                    ; 169 (0)             ; 84 (0)                    ; 0                 ; 0          ; 59   ; 0            ; |simulador_drone                                                                            ; simulador_drone                  ; work         ;
;    |edge_detector:confirma_edge|                                    ; 0 (0)               ; 2 (2)                     ; 0                 ; 0          ; 0    ; 0            ; |simulador_drone|edge_detector:confirma_edge                                                ; edge_detector                    ; work         ;
;    |fluxo_dados:fd|                                                 ; 105 (16)            ; 78 (0)                    ; 0                 ; 0          ; 0    ; 0            ; |simulador_drone|fluxo_dados:fd                                                             ; fluxo_dados                      ; work         ;
;       |contador_16_mais_menos_limitado:contador_posicao_horizontal| ; 6 (6)               ; 4 (4)                     ; 0                 ; 0          ; 0    ; 0            ; |simulador_drone|fluxo_dados:fd|contador_16_mais_menos_limitado:contador_posicao_horizontal ; contador_16_mais_menos_limitado  ; work         ;
;       |contador_1_5_mais_menos_limitado:contador_mapas|             ; 5 (5)               ; 3 (3)                     ; 0                 ; 0          ; 0    ; 0            ; |simulador_drone|fluxo_dados:fd|contador_1_5_mais_menos_limitado:contador_mapas             ; contador_1_5_mais_menos_limitado ; work         ;
;       |contador_1_5_mais_menos_limitado:contador_vidas|             ; 6 (6)               ; 3 (3)                     ; 0                 ; 0          ; 0    ; 0            ; |simulador_drone|fluxo_dados:fd|contador_1_5_mais_menos_limitado:contador_vidas             ; contador_1_5_mais_menos_limitado ; work         ;
;       |contador_3_mais_menos:contador_modo|                         ; 4 (4)               ; 2 (2)                     ; 0                 ; 0          ; 0    ; 0            ; |simulador_drone|fluxo_dados:fd|contador_3_mais_menos:contador_modo                         ; contador_3_mais_menos            ; work         ;
;       |contador_4_mais_menos_limitado:contador_posicao_vertical|    ; 4 (4)               ; 2 (2)                     ; 0                 ; 0          ; 0    ; 0            ; |simulador_drone|fluxo_dados:fd|contador_4_mais_menos_limitado:contador_posicao_vertical    ; contador_4_mais_menos_limitado   ; work         ;
;       |contador_5:contador_colisao|                                 ; 4 (4)               ; 3 (3)                     ; 0                 ; 0          ; 0    ; 0            ; |simulador_drone|fluxo_dados:fd|contador_5:contador_colisao                                 ; contador_5                       ; work         ;
;       |contador_m_16:contador_tempo_jogada_dificl|                  ; 19 (19)             ; 15 (15)                   ; 0                 ; 0          ; 0    ; 0            ; |simulador_drone|fluxo_dados:fd|contador_m_16:contador_tempo_jogada_dificl                  ; contador_m_16                    ; work         ;
;       |contador_m_24:contador_tempo_jogada_medio|                   ; 21 (21)             ; 16 (16)                   ; 0                 ; 0          ; 0    ; 0            ; |simulador_drone|fluxo_dados:fd|contador_m_24:contador_tempo_jogada_medio                   ; contador_m_24                    ; work         ;
;       |contador_m_32:contador_tempo_jogada_facil|                   ; 20 (20)             ; 16 (16)                   ; 0                 ; 0          ; 0    ; 0            ; |simulador_drone|fluxo_dados:fd|contador_m_32:contador_tempo_jogada_facil                   ; contador_m_32                    ; work         ;
;       |edge_detector:detector_borda_horizontal_0|                   ; 0 (0)               ; 2 (2)                     ; 0                 ; 0          ; 0    ; 0            ; |simulador_drone|fluxo_dados:fd|edge_detector:detector_borda_horizontal_0                   ; edge_detector                    ; work         ;
;       |edge_detector:detector_borda_horizontal_1|                   ; 0 (0)               ; 2 (2)                     ; 0                 ; 0          ; 0    ; 0            ; |simulador_drone|fluxo_dados:fd|edge_detector:detector_borda_horizontal_1                   ; edge_detector                    ; work         ;
;       |edge_detector:detector_borda_vertical_0|                     ; 0 (0)               ; 2 (2)                     ; 0                 ; 0          ; 0    ; 0            ; |simulador_drone|fluxo_dados:fd|edge_detector:detector_borda_vertical_0                     ; edge_detector                    ; work         ;
;       |edge_detector:detector_borda_vertical_1|                     ; 0 (0)               ; 2 (2)                     ; 0                 ; 0          ; 0    ; 0            ; |simulador_drone|fluxo_dados:fd|edge_detector:detector_borda_vertical_1                     ; edge_detector                    ; work         ;
;       |edge_detector:detector_colisao_pulso|                        ; 0 (0)               ; 2 (2)                     ; 0                 ; 0          ; 0    ; 0            ; |simulador_drone|fluxo_dados:fd|edge_detector:detector_colisao_pulso                        ; edge_detector                    ; work         ;
;       |sync_ram_16x4_file2:mapa_1_jogo|                             ; 0 (0)               ; 4 (4)                     ; 0                 ; 0          ; 0    ; 0            ; |simulador_drone|fluxo_dados:fd|sync_ram_16x4_file2:mapa_1_jogo                             ; sync_ram_16x4_file2              ; work         ;
;    |hexa7seg:display_colisao_counter|                               ; 7 (7)               ; 0 (0)                     ; 0                 ; 0          ; 0    ; 0            ; |simulador_drone|hexa7seg:display_colisao_counter                                           ; hexa7seg                         ; work         ;
;    |hexa7seg:display_estado|                                        ; 7 (7)               ; 0 (0)                     ; 0                 ; 0          ; 0    ; 0            ; |simulador_drone|hexa7seg:display_estado                                                    ; hexa7seg                         ; work         ;
;    |hexa7seg:display_obstaculos|                                    ; 7 (7)               ; 0 (0)                     ; 0                 ; 0          ; 0    ; 0            ; |simulador_drone|hexa7seg:display_obstaculos                                                ; hexa7seg                         ; work         ;
;    |hexa7seg:display_posicao_horizontal|                            ; 7 (7)               ; 0 (0)                     ; 0                 ; 0          ; 0    ; 0            ; |simulador_drone|hexa7seg:display_posicao_horizontal                                        ; hexa7seg                         ; work         ;
;    |hexa7seg:display_posicao_vertical|                              ; 2 (2)               ; 0 (0)                     ; 0                 ; 0          ; 0    ; 0            ; |simulador_drone|hexa7seg:display_posicao_vertical                                          ; hexa7seg                         ; work         ;
;    |hexa7seg:display_vidas|                                         ; 7 (7)               ; 0 (0)                     ; 0                 ; 0          ; 0    ; 0            ; |simulador_drone|hexa7seg:display_vidas                                                     ; hexa7seg                         ; work         ;
;    |unidade_controle:uc|                                            ; 27 (27)             ; 4 (4)                     ; 0                 ; 0          ; 0    ; 0            ; |simulador_drone|unidade_controle:uc                                                        ; unidade_controle                 ; work         ;
+---------------------------------------------------------------------+---------------------+---------------------------+-------------------+------------+------+--------------+---------------------------------------------------------------------------------------------+----------------------------------+--------------+
Note: For table entries with two numbers listed, the numbers in parentheses indicate the number of resources of the given type used by the specific entity alone. The numbers listed outside of parentheses indicate the total resources of the given type used by the specific entity and all of its sub-entities in the hierarchy.


+-------------------------------------------------------------------------------------------------------------------------------------+
; Registers Removed During Synthesis                                                                                                  ;
+------------------------------------------------------------+------------------------------------------------------------------------+
; Register name                                              ; Reason for Removal                                                     ;
+------------------------------------------------------------+------------------------------------------------------------------------+
; fluxo_dados:fd|sync_ram_16x4_file1:mapa_0_jogo|addr_reg[0] ; Merged with fluxo_dados:fd|sync_ram_16x4_file2:mapa_1_jogo|addr_reg[0] ;
; fluxo_dados:fd|sync_ram_16x4_file1:mapa_0_jogo|addr_reg[1] ; Merged with fluxo_dados:fd|sync_ram_16x4_file2:mapa_1_jogo|addr_reg[1] ;
; fluxo_dados:fd|sync_ram_16x4_file1:mapa_0_jogo|addr_reg[2] ; Merged with fluxo_dados:fd|sync_ram_16x4_file2:mapa_1_jogo|addr_reg[2] ;
; fluxo_dados:fd|sync_ram_16x4_file1:mapa_0_jogo|addr_reg[3] ; Merged with fluxo_dados:fd|sync_ram_16x4_file2:mapa_1_jogo|addr_reg[3] ;
; Total Number of Removed Registers = 4                      ;                                                                        ;
+------------------------------------------------------------+------------------------------------------------------------------------+


+------------------------------------------------------+
; General Register Statistics                          ;
+----------------------------------------------+-------+
; Statistic                                    ; Value ;
+----------------------------------------------+-------+
; Total registers                              ; 84    ;
; Number of registers using Synchronous Clear  ; 47    ;
; Number of registers using Synchronous Load   ; 0     ;
; Number of registers using Asynchronous Clear ; 4     ;
; Number of registers using Asynchronous Load  ; 0     ;
; Number of registers using Clock Enable       ; 60    ;
; Number of registers using Preset             ; 0     ;
+----------------------------------------------+-------+


+----------------------------------------------------------------------------------------------------------------------------------------------------------------------------------------------------------------+
; Multiplexer Restructuring Statistics (Restructuring Performed)                                                                                                                                                 ;
+--------------------+-----------+---------------+----------------------+------------------------+------------+--------------------------------------------------------------------------------------------------+
; Multiplexer Inputs ; Bus Width ; Baseline Area ; Area if Restructured ; Saving if Restructured ; Registered ; Example Multiplexer Output                                                                       ;
+--------------------+-----------+---------------+----------------------+------------------------+------------+--------------------------------------------------------------------------------------------------+
; 3:1                ; 3 bits    ; 6 LEs         ; 3 LEs                ; 3 LEs                  ; Yes        ; |simulador_drone|fluxo_dados:fd|contador_5:contador_colisao|Q[0]                                 ;
; 4:1                ; 15 bits   ; 30 LEs        ; 0 LEs                ; 30 LEs                 ; Yes        ; |simulador_drone|fluxo_dados:fd|contador_m_16:contador_tempo_jogada_dificl|Q[9]                  ;
; 4:1                ; 16 bits   ; 32 LEs        ; 0 LEs                ; 32 LEs                 ; Yes        ; |simulador_drone|fluxo_dados:fd|contador_m_24:contador_tempo_jogada_medio|Q[15]                  ;
; 4:1                ; 16 bits   ; 32 LEs        ; 0 LEs                ; 32 LEs                 ; Yes        ; |simulador_drone|fluxo_dados:fd|contador_m_32:contador_tempo_jogada_facil|Q[15]                  ;
; 4:1                ; 3 bits    ; 6 LEs         ; 3 LEs                ; 3 LEs                  ; Yes        ; |simulador_drone|fluxo_dados:fd|contador_16_mais_menos_limitado:contador_posicao_horizontal|Q[1] ;
; 7:1                ; 3 bits    ; 12 LEs        ; 6 LEs                ; 6 LEs                  ; Yes        ; |simulador_drone|fluxo_dados:fd|contador_1_5_mais_menos_limitado:contador_mapas|Q[1]             ;
; 7:1                ; 2 bits    ; 8 LEs         ; 4 LEs                ; 4 LEs                  ; Yes        ; |simulador_drone|fluxo_dados:fd|contador_1_5_mais_menos_limitado:contador_vidas|Q[1]             ;
; 7:1                ; 2 bits    ; 8 LEs         ; 4 LEs                ; 4 LEs                  ; Yes        ; |simulador_drone|fluxo_dados:fd|contador_3_mais_menos:contador_modo|Q[0]                         ;
; 3:1                ; 4 bits    ; 8 LEs         ; 8 LEs                ; 0 LEs                  ; No         ; |simulador_drone|fluxo_dados:fd|Mux3                                                             ;
+--------------------+-----------+---------------+----------------------+------------------------+------------+--------------------------------------------------------------------------------------------------+


+-------------------------------------------------------------------------------------------------------+
; Parameter Settings for User Entity Instance: fluxo_dados:fd|contador_m_32:contador_tempo_jogada_facil ;
+----------------+-------+------------------------------------------------------------------------------+
; Parameter Name ; Value ; Type                                                                         ;
+----------------+-------+------------------------------------------------------------------------------+
; M              ; 32000 ; Signed Integer                                                               ;
; N              ; 16    ; Signed Integer                                                               ;
+----------------+-------+------------------------------------------------------------------------------+
Note: In order to hide this table in the UI and the text report file, please set the "Show Parameter Settings in Synthesis Report" option in "Analysis and Synthesis Settings -> More Settings" to "Off".


+-------------------------------------------------------------------------------------------------------+
; Parameter Settings for User Entity Instance: fluxo_dados:fd|contador_m_24:contador_tempo_jogada_medio ;
+----------------+-------+------------------------------------------------------------------------------+
; Parameter Name ; Value ; Type                                                                         ;
+----------------+-------+------------------------------------------------------------------------------+
; M              ; 24000 ; Signed Integer                                                               ;
; N              ; 16    ; Signed Integer                                                               ;
+----------------+-------+------------------------------------------------------------------------------+
Note: In order to hide this table in the UI and the text report file, please set the "Show Parameter Settings in Synthesis Report" option in "Analysis and Synthesis Settings -> More Settings" to "Off".


+--------------------------------------------------------------------------------------------------------+
; Parameter Settings for User Entity Instance: fluxo_dados:fd|contador_m_16:contador_tempo_jogada_dificl ;
+----------------+-------+-------------------------------------------------------------------------------+
; Parameter Name ; Value ; Type                                                                          ;
+----------------+-------+-------------------------------------------------------------------------------+
; M              ; 16000 ; Signed Integer                                                                ;
; N              ; 15    ; Signed Integer                                                                ;
+----------------+-------+-------------------------------------------------------------------------------+
Note: In order to hide this table in the UI and the text report file, please set the "Show Parameter Settings in Synthesis Report" option in "Analysis and Synthesis Settings -> More Settings" to "Off".


+---------------------------------------------------------------------------------------------+
; Parameter Settings for User Entity Instance: fluxo_dados:fd|sync_ram_16x4_file1:mapa_0_jogo ;
+----------------+--------------+-------------------------------------------------------------+
; Parameter Name ; Value        ; Type                                                        ;
+----------------+--------------+-------------------------------------------------------------+
; BINFILE        ; ram_init.txt ; String                                                      ;
+----------------+--------------+-------------------------------------------------------------+
Note: In order to hide this table in the UI and the text report file, please set the "Show Parameter Settings in Synthesis Report" option in "Analysis and Synthesis Settings -> More Settings" to "Off".


+---------------------------------------------------------------------------------------------+
; Parameter Settings for User Entity Instance: fluxo_dados:fd|sync_ram_16x4_file2:mapa_1_jogo ;
+----------------+--------------+-------------------------------------------------------------+
; Parameter Name ; Value        ; Type                                                        ;
+----------------+--------------+-------------------------------------------------------------+
; BINFILE        ; ram_init.txt ; String                                                      ;
+----------------+--------------+-------------------------------------------------------------+
Note: In order to hide this table in the UI and the text report file, please set the "Show Parameter Settings in Synthesis Report" option in "Analysis and Synthesis Settings -> More Settings" to "Off".


+------------------------------------------------------------------+
; Parameter Settings for User Entity Instance: unidade_controle:uc ;
+------------------+-------+---------------------------------------+
; Parameter Name   ; Value ; Type                                  ;
+------------------+-------+---------------------------------------+
; inicial          ; 0000  ; Unsigned Binary                       ;
; modo             ; 0010  ; Unsigned Binary                       ;
; vidas            ; 1001  ; Unsigned Binary                       ;
; mapa             ; 1100  ; Unsigned Binary                       ;
; preparacao       ; 0001  ; Unsigned Binary                       ;
; espera           ; 0011  ; Unsigned Binary                       ;
; deslocamento     ; 0100  ; Unsigned Binary                       ;
; atualiza_posicao ; 1010  ; Unsigned Binary                       ;
; checa_colisao    ; 0101  ; Unsigned Binary                       ;
; proximo          ; 0110  ; Unsigned Binary                       ;
; derrota          ; 0111  ; Unsigned Binary                       ;
; vitoria          ; 1000  ; Unsigned Binary                       ;
; tout             ; 1011  ; Unsigned Binary                       ;
+------------------+-------+---------------------------------------+
Note: In order to hide this table in the UI and the text report file, please set the "Show Parameter Settings in Synthesis Report" option in "Analysis and Synthesis Settings -> More Settings" to "Off".


+----------------------------------------------------+
; Port Connectivity Checks: "hexa7seg:display_vidas" ;
+---------+-------+----------+-----------------------+
; Port    ; Type  ; Severity ; Details               ;
+---------+-------+----------+-----------------------+
; hexa[3] ; Input ; Info     ; Stuck at GND          ;
+---------+-------+----------+-----------------------+


+--------------------------------------------------------------+
; Port Connectivity Checks: "hexa7seg:display_colisao_counter" ;
+---------+-------+----------+---------------------------------+
; Port    ; Type  ; Severity ; Details                         ;
+---------+-------+----------+---------------------------------+
; hexa[3] ; Input ; Info     ; Stuck at GND                    ;
+---------+-------+----------+---------------------------------+


+---------------------------------------------------------+
; Port Connectivity Checks: "edge_detector:confirma_edge" ;
+-------+-------+----------+------------------------------+
; Port  ; Type  ; Severity ; Details                      ;
+-------+-------+----------+------------------------------+
; reset ; Input ; Info     ; Explicitly unconnected       ;
+-------+-------+----------+------------------------------+


+--------------------------------------------------------------------------------------+
; Port Connectivity Checks: "fluxo_dados:fd|edge_detector:detector_borda_horizontal_1" ;
+-------+-------+----------+-----------------------------------------------------------+
; Port  ; Type  ; Severity ; Details                                                   ;
+-------+-------+----------+-----------------------------------------------------------+
; reset ; Input ; Info     ; Stuck at GND                                              ;
+-------+-------+----------+-----------------------------------------------------------+


+--------------------------------------------------------------------------------------+
; Port Connectivity Checks: "fluxo_dados:fd|edge_detector:detector_borda_horizontal_0" ;
+-------+-------+----------+-----------------------------------------------------------+
; Port  ; Type  ; Severity ; Details                                                   ;
+-------+-------+----------+-----------------------------------------------------------+
; reset ; Input ; Info     ; Stuck at GND                                              ;
+-------+-------+----------+-----------------------------------------------------------+


+------------------------------------------------------------------------------------+
; Port Connectivity Checks: "fluxo_dados:fd|edge_detector:detector_borda_vertical_1" ;
+-------+-------+----------+---------------------------------------------------------+
; Port  ; Type  ; Severity ; Details                                                 ;
+-------+-------+----------+---------------------------------------------------------+
; reset ; Input ; Info     ; Stuck at GND                                            ;
+-------+-------+----------+---------------------------------------------------------+


+------------------------------------------------------------------------------------+
; Port Connectivity Checks: "fluxo_dados:fd|edge_detector:detector_borda_vertical_0" ;
+-------+-------+----------+---------------------------------------------------------+
; Port  ; Type  ; Severity ; Details                                                 ;
+-------+-------+----------+---------------------------------------------------------+
; reset ; Input ; Info     ; Stuck at GND                                            ;
+-------+-------+----------+---------------------------------------------------------+


+---------------------------------------------------------------------------------+
; Port Connectivity Checks: "fluxo_dados:fd|edge_detector:detector_colisao_pulso" ;
+-------+-------+----------+------------------------------------------------------+
; Port  ; Type  ; Severity ; Details                                              ;
+-------+-------+----------+------------------------------------------------------+
; reset ; Input ; Info     ; Stuck at GND                                         ;
+-------+-------+----------+------------------------------------------------------+


+------------------------------------------------------------------------+
; Port Connectivity Checks: "fluxo_dados:fd|contador_5:contador_colisao" ;
+------+--------+----------+---------------------------------------------+
; Port ; Type   ; Severity ; Details                                     ;
+------+--------+----------+---------------------------------------------+
; ld   ; Input  ; Info     ; Stuck at VCC                                ;
; D    ; Input  ; Info     ; Explicitly unconnected                      ;
; rco  ; Output ; Info     ; Explicitly unconnected                      ;
+------+--------+----------+---------------------------------------------+


+----------------------------------------------------------------------------------------------------------------+
; Port Connectivity Checks: "fluxo_dados:fd|contador_1_5_mais_menos_limitado:contador_mapas"                     ;
+------+--------+----------+-------------------------------------------------------------------------------------+
; Port ; Type   ; Severity ; Details                                                                             ;
+------+--------+----------+-------------------------------------------------------------------------------------+
; clr  ; Input  ; Info     ; Stuck at VCC                                                                        ;
; D    ; Input  ; Info     ; Stuck at GND                                                                        ;
; Q[2] ; Output ; Info     ; Connected to dangling logic. Logic that only feeds a dangling port will be removed. ;
; rco  ; Output ; Info     ; Explicitly unconnected                                                              ;
+------+--------+----------+-------------------------------------------------------------------------------------+


+--------------------------------------------------------------------------------------------+
; Port Connectivity Checks: "fluxo_dados:fd|contador_1_5_mais_menos_limitado:contador_vidas" ;
+---------+--------+----------+--------------------------------------------------------------+
; Port    ; Type   ; Severity ; Details                                                      ;
+---------+--------+----------+--------------------------------------------------------------+
; clr     ; Input  ; Info     ; Stuck at VCC                                                 ;
; D[2..1] ; Input  ; Info     ; Stuck at GND                                                 ;
; D[0]    ; Input  ; Info     ; Stuck at VCC                                                 ;
; rco     ; Output ; Info     ; Explicitly unconnected                                       ;
+---------+--------+----------+--------------------------------------------------------------+


+--------------------------------------------------------------------------------+
; Port Connectivity Checks: "fluxo_dados:fd|contador_3_mais_menos:contador_modo" ;
+------+--------+----------+-----------------------------------------------------+
; Port ; Type   ; Severity ; Details                                             ;
+------+--------+----------+-----------------------------------------------------+
; ld   ; Input  ; Info     ; Stuck at VCC                                        ;
; D    ; Input  ; Info     ; Explicitly unconnected                              ;
; rco  ; Output ; Info     ; Explicitly unconnected                              ;
+------+--------+----------+-----------------------------------------------------+


+----------------------------------------------------------------------------+
; Port Connectivity Checks: "fluxo_dados:fd|sync_ram_16x4_file2:mapa_1_jogo" ;
+------+-------+----------+--------------------------------------------------+
; Port ; Type  ; Severity ; Details                                          ;
+------+-------+----------+--------------------------------------------------+
; we   ; Input ; Info     ; Stuck at GND                                     ;
; data ; Input ; Info     ; Stuck at GND                                     ;
+------+-------+----------+--------------------------------------------------+


+----------------------------------------------------------------------------+
; Port Connectivity Checks: "fluxo_dados:fd|sync_ram_16x4_file1:mapa_0_jogo" ;
+------+-------+----------+--------------------------------------------------+
; Port ; Type  ; Severity ; Details                                          ;
+------+-------+----------+--------------------------------------------------+
; we   ; Input ; Info     ; Stuck at GND                                     ;
; data ; Input ; Info     ; Stuck at GND                                     ;
+------+-------+----------+--------------------------------------------------+


+---------------------------------------------------------------------------------------+
; Port Connectivity Checks: "fluxo_dados:fd|contador_m_16:contador_tempo_jogada_dificl" ;
+---------+--------+----------+---------------------------------------------------------+
; Port    ; Type   ; Severity ; Details                                                 ;
+---------+--------+----------+---------------------------------------------------------+
; zera_as ; Input  ; Info     ; Stuck at GND                                            ;
; Q       ; Output ; Info     ; Explicitly unconnected                                  ;
; meio    ; Output ; Info     ; Explicitly unconnected                                  ;
+---------+--------+----------+---------------------------------------------------------+


+--------------------------------------------------------------------------------------+
; Port Connectivity Checks: "fluxo_dados:fd|contador_m_24:contador_tempo_jogada_medio" ;
+---------+--------+----------+--------------------------------------------------------+
; Port    ; Type   ; Severity ; Details                                                ;
+---------+--------+----------+--------------------------------------------------------+
; zera_as ; Input  ; Info     ; Stuck at GND                                           ;
; Q       ; Output ; Info     ; Explicitly unconnected                                 ;
; meio    ; Output ; Info     ; Explicitly unconnected                                 ;
+---------+--------+----------+--------------------------------------------------------+


+--------------------------------------------------------------------------------------+
; Port Connectivity Checks: "fluxo_dados:fd|contador_m_32:contador_tempo_jogada_facil" ;
+---------+--------+----------+--------------------------------------------------------+
; Port    ; Type   ; Severity ; Details                                                ;
+---------+--------+----------+--------------------------------------------------------+
; zera_as ; Input  ; Info     ; Stuck at GND                                           ;
; Q       ; Output ; Info     ; Explicitly unconnected                                 ;
; meio    ; Output ; Info     ; Explicitly unconnected                                 ;
+---------+--------+----------+--------------------------------------------------------+


+-----------------------------------------------------------------------------------------------------+
; Port Connectivity Checks: "fluxo_dados:fd|contador_4_mais_menos_limitado:contador_posicao_vertical" ;
+------+--------+----------+--------------------------------------------------------------------------+
; Port ; Type   ; Severity ; Details                                                                  ;
+------+--------+----------+--------------------------------------------------------------------------+
; clr  ; Input  ; Info     ; Stuck at VCC                                                             ;
; D[1] ; Input  ; Info     ; Stuck at VCC                                                             ;
; D[0] ; Input  ; Info     ; Stuck at GND                                                             ;
; rco  ; Output ; Info     ; Explicitly unconnected                                                   ;
+------+--------+----------+--------------------------------------------------------------------------+


+--------------------------------------------------------------------------------------------------------+
; Port Connectivity Checks: "fluxo_dados:fd|contador_16_mais_menos_limitado:contador_posicao_horizontal" ;
+------+--------+----------+-----------------------------------------------------------------------------+
; Port ; Type   ; Severity ; Details                                                                     ;
+------+--------+----------+-----------------------------------------------------------------------------+
; ld   ; Input  ; Info     ; Stuck at VCC                                                                ;
; D    ; Input  ; Info     ; Explicitly unconnected                                                      ;
; rco  ; Output ; Info     ; Explicitly unconnected                                                      ;
+------+--------+----------+-----------------------------------------------------------------------------+


+-----------------------------------------------------+
; Post-Synthesis Netlist Statistics for Top Partition ;
+-----------------------+-----------------------------+
; Type                  ; Count                       ;
+-----------------------+-----------------------------+
; arriav_ff             ; 84                          ;
;     CLR               ; 4                           ;
;     ENA               ; 13                          ;
;     ENA SCLR          ; 47                          ;
;     plain             ; 20                          ;
; arriav_lcell_comb     ; 180                         ;
;     arith             ; 47                          ;
;         1 data inputs ; 47                          ;
;     extend            ; 2                           ;
;         7 data inputs ; 2                           ;
;     normal            ; 131                         ;
;         0 data inputs ; 1                           ;
;         1 data inputs ; 10                          ;
;         2 data inputs ; 6                           ;
;         3 data inputs ; 21                          ;
;         4 data inputs ; 46                          ;
;         5 data inputs ; 17                          ;
;         6 data inputs ; 30                          ;
; boundary_port         ; 59                          ;
;                       ;                             ;
; Max LUT depth         ; 4.00                        ;
; Average LUT depth     ; 2.49                        ;
+-----------------------+-----------------------------+


+-------------------------------+
; Elapsed Time Per Partition    ;
+----------------+--------------+
; Partition Name ; Elapsed Time ;
+----------------+--------------+
; Top            ; 00:00:00     ;
+----------------+--------------+


+-------------------------------+
; Analysis & Synthesis Messages ;
+-------------------------------+
Info: *******************************************************************
Info: Running Quartus Prime Analysis & Synthesis
    Info: Version 20.1.1 Build 720 11/11/2020 SJ Lite Edition
    Info: Processing started: Thu Mar 28 11:28:19 2024
Info: Command: quartus_map --read_settings_files=on --write_settings_files=off simulador -c simulador
Warning (18236): Number of processors has not been specified which may cause overloading on shared machines.  Set the global assignment NUM_PARALLEL_PROCESSORS in your QSF to an appropriate value for best performance.
Info (20030): Parallel compilation is enabled and will use 2 of the 2 processors detected
Info (12021): Found 1 design units, including 1 entities, in source file sync_ram_16x4_file2.v
    Info (12023): Found entity 1: sync_ram_16x4_file2 File: /home/victor/Documentos/LABDIG/Lab-Dig/PROJETO_DRONE/Verilog/sync_ram_16x4_file2.v Line: 19
Info (12021): Found 1 design units, including 1 entities, in source file sync_ram_16x4_file1.v
    Info (12023): Found entity 1: sync_ram_16x4_file1 File: /home/victor/Documentos/LABDIG/Lab-Dig/PROJETO_DRONE/Verilog/sync_ram_16x4_file1.v Line: 19
Info (12021): Found 1 design units, including 1 entities, in source file contador_m_32.v
    Info (12023): Found entity 1: contador_m_32 File: /home/victor/Documentos/LABDIG/Lab-Dig/PROJETO_DRONE/Verilog/contador_m_32.v Line: 19
Info (12021): Found 1 design units, including 1 entities, in source file contador_m_24.v
    Info (12023): Found entity 1: contador_m_24 File: /home/victor/Documentos/LABDIG/Lab-Dig/PROJETO_DRONE/Verilog/contador_m_24.v Line: 19
Info (12021): Found 1 design units, including 1 entities, in source file contador_m_16.v
    Info (12023): Found entity 1: contador_m_16 File: /home/victor/Documentos/LABDIG/Lab-Dig/PROJETO_DRONE/Verilog/contador_m_16.v Line: 19
Info (12021): Found 1 design units, including 1 entities, in source file unidade_controle.v
    Info (12023): Found entity 1: unidade_controle File: /home/victor/Documentos/LABDIG/Lab-Dig/PROJETO_DRONE/Verilog/unidade_controle.v Line: 15
Warning (12019): Can't analyze file -- file sync_ram_16x4_file.v is missing
Info (12021): Found 1 design units, including 1 entities, in source file simulador_drone.v
    Info (12023): Found entity 1: simulador_drone File: /home/victor/Documentos/LABDIG/Lab-Dig/PROJETO_DRONE/Verilog/simulador_drone.v Line: 1
Info (12021): Found 1 design units, including 1 entities, in source file registrador_4.v
    Info (12023): Found entity 1: registrador_4 File: /home/victor/Documentos/LABDIG/Lab-Dig/PROJETO_DRONE/Verilog/registrador_4.v Line: 13
Info (12021): Found 1 design units, including 1 entities, in source file hexa7seg.v
    Info (12023): Found entity 1: hexa7seg File: /home/victor/Documentos/LABDIG/Lab-Dig/PROJETO_DRONE/Verilog/hexa7seg.v Line: 23
Info (12021): Found 1 design units, including 1 entities, in source file fluxo_dados.v
    Info (12023): Found entity 1: fluxo_dados File: /home/victor/Documentos/LABDIG/Lab-Dig/PROJETO_DRONE/Verilog/fluxo_dados.v Line: 1
Info (12021): Found 1 design units, including 1 entities, in source file edge_detector.v
    Info (12023): Found entity 1: edge_detector File: /home/victor/Documentos/LABDIG/Lab-Dig/PROJETO_DRONE/Verilog/edge_detector.v Line: 21
Info (12021): Found 1 design units, including 1 entities, in source file converte_2b_4b.v
    Info (12023): Found entity 1: converte_2b_4b File: /home/victor/Documentos/LABDIG/Lab-Dig/PROJETO_DRONE/Verilog/converte_2b_4b.v Line: 1
Warning (12019): Can't analyze file -- file contador_m_05.v is missing
Warning (12019): Can't analyze file -- file contador_m_2.v is missing
Warning (12019): Can't analyze file -- file contador_m_1.v is missing
Info (12021): Found 1 design units, including 1 entities, in source file contador_m.v
    Info (12023): Found entity 1: contador_m File: /home/victor/Documentos/LABDIG/Lab-Dig/PROJETO_DRONE/Verilog/contador_m.v Line: 19
Info (12021): Found 1 design units, including 1 entities, in source file contador_163.v
    Info (12023): Found entity 1: contador_163 File: /home/victor/Documentos/LABDIG/Lab-Dig/PROJETO_DRONE/Verilog/contador_163.v Line: 16
Info (12021): Found 1 design units, including 1 entities, in source file contador_5.v
    Info (12023): Found entity 1: contador_5 File: /home/victor/Documentos/LABDIG/Lab-Dig/PROJETO_DRONE/Verilog/contador_5.v Line: 16
Info (12021): Found 1 design units, including 1 entities, in source file contador_4_mais_menos_limitado.v
    Info (12023): Found entity 1: contador_4_mais_menos_limitado File: /home/victor/Documentos/LABDIG/Lab-Dig/PROJETO_DRONE/Verilog/contador_4_mais_menos_limitado.v Line: 2
Info (12021): Found 1 design units, including 1 entities, in source file contador_3_mais_menos.v
    Info (12023): Found entity 1: contador_3_mais_menos File: /home/victor/Documentos/LABDIG/Lab-Dig/PROJETO_DRONE/Verilog/contador_3_mais_menos.v Line: 2
Info (12021): Found 1 design units, including 1 entities, in source file contador_1_5_mais_menos_limitado.v
    Info (12023): Found entity 1: contador_1_5_mais_menos_limitado File: /home/victor/Documentos/LABDIG/Lab-Dig/PROJETO_DRONE/Verilog/contador_1_5_mais_menos_limitado.v Line: 2
Info (12021): Found 1 design units, including 1 entities, in source file comparador_85.v
    Info (12023): Found entity 1: comparador_85 File: /home/victor/Documentos/LABDIG/Lab-Dig/PROJETO_DRONE/Verilog/comparador_85.v Line: 16
Info (12127): Elaborating entity "simulador_drone" for the top level hierarchy
Info (12128): Elaborating entity "fluxo_dados" for hierarchy "fluxo_dados:fd" File: /home/victor/Documentos/LABDIG/Lab-Dig/PROJETO_DRONE/Verilog/simulador_drone.v Line: 58
Warning (10030): Net "obstaculos[2]" at fluxo_dados.v(36) has no driver or initial value, using a default initial value '0' File: /home/victor/Documentos/LABDIG/Lab-Dig/PROJETO_DRONE/Verilog/fluxo_dados.v Line: 36
Warning (12125): Using design file contador_16_mais_menos_limitado.v, which is not specified as a design file for the current project, but contains definitions for 1 design units and 1 entities in project
    Info (12023): Found entity 1: contador_16_mais_menos_limitado File: /home/victor/Documentos/LABDIG/Lab-Dig/PROJETO_DRONE/Verilog/contador_16_mais_menos_limitado.v Line: 2
Info (12128): Elaborating entity "contador_16_mais_menos_limitado" for hierarchy "fluxo_dados:fd|contador_16_mais_menos_limitado:contador_posicao_horizontal" File: /home/victor/Documentos/LABDIG/Lab-Dig/PROJETO_DRONE/Verilog/fluxo_dados.v Line: 49
Warning (10230): Verilog HDL assignment warning at contador_16_mais_menos_limitado.v(12): truncated value with size 32 to match size of target (4) File: /home/victor/Documentos/LABDIG/Lab-Dig/PROJETO_DRONE/Verilog/contador_16_mais_menos_limitado.v Line: 12
Warning (10230): Verilog HDL assignment warning at contador_16_mais_menos_limitado.v(13): truncated value with size 32 to match size of target (4) File: /home/victor/Documentos/LABDIG/Lab-Dig/PROJETO_DRONE/Verilog/contador_16_mais_menos_limitado.v Line: 13
Info (12128): Elaborating entity "contador_4_mais_menos_limitado" for hierarchy "fluxo_dados:fd|contador_4_mais_menos_limitado:contador_posicao_vertical" File: /home/victor/Documentos/LABDIG/Lab-Dig/PROJETO_DRONE/Verilog/fluxo_dados.v Line: 62
Warning (10230): Verilog HDL assignment warning at contador_4_mais_menos_limitado.v(12): truncated value with size 32 to match size of target (2) File: /home/victor/Documentos/LABDIG/Lab-Dig/PROJETO_DRONE/Verilog/contador_4_mais_menos_limitado.v Line: 12
Warning (10230): Verilog HDL assignment warning at contador_4_mais_menos_limitado.v(13): truncated value with size 32 to match size of target (2) File: /home/victor/Documentos/LABDIG/Lab-Dig/PROJETO_DRONE/Verilog/contador_4_mais_menos_limitado.v Line: 13
Info (12128): Elaborating entity "contador_m_32" for hierarchy "fluxo_dados:fd|contador_m_32:contador_tempo_jogada_facil" File: /home/victor/Documentos/LABDIG/Lab-Dig/PROJETO_DRONE/Verilog/fluxo_dados.v Line: 72
Warning (10230): Verilog HDL assignment warning at contador_m_32.v(40): truncated value with size 32 to match size of target (16) File: /home/victor/Documentos/LABDIG/Lab-Dig/PROJETO_DRONE/Verilog/contador_m_32.v Line: 40
Info (12128): Elaborating entity "contador_m_24" for hierarchy "fluxo_dados:fd|contador_m_24:contador_tempo_jogada_medio" File: /home/victor/Documentos/LABDIG/Lab-Dig/PROJETO_DRONE/Verilog/fluxo_dados.v Line: 82
Warning (10230): Verilog HDL assignment warning at contador_m_24.v(40): truncated value with size 32 to match size of target (16) File: /home/victor/Documentos/LABDIG/Lab-Dig/PROJETO_DRONE/Verilog/contador_m_24.v Line: 40
Info (12128): Elaborating entity "contador_m_16" for hierarchy "fluxo_dados:fd|contador_m_16:contador_tempo_jogada_dificl" File: /home/victor/Documentos/LABDIG/Lab-Dig/PROJETO_DRONE/Verilog/fluxo_dados.v Line: 92
Warning (10230): Verilog HDL assignment warning at contador_m_16.v(40): truncated value with size 32 to match size of target (15) File: /home/victor/Documentos/LABDIG/Lab-Dig/PROJETO_DRONE/Verilog/contador_m_16.v Line: 40
Info (12128): Elaborating entity "sync_ram_16x4_file1" for hierarchy "fluxo_dados:fd|sync_ram_16x4_file1:mapa_0_jogo" File: /home/victor/Documentos/LABDIG/Lab-Dig/PROJETO_DRONE/Verilog/fluxo_dados.v Line: 100
Info (12128): Elaborating entity "sync_ram_16x4_file2" for hierarchy "fluxo_dados:fd|sync_ram_16x4_file2:mapa_1_jogo" File: /home/victor/Documentos/LABDIG/Lab-Dig/PROJETO_DRONE/Verilog/fluxo_dados.v Line: 108
Info (12128): Elaborating entity "contador_3_mais_menos" for hierarchy "fluxo_dados:fd|contador_3_mais_menos:contador_modo" File: /home/victor/Documentos/LABDIG/Lab-Dig/PROJETO_DRONE/Verilog/fluxo_dados.v Line: 123
Warning (10230): Verilog HDL assignment warning at contador_3_mais_menos.v(14): truncated value with size 32 to match size of target (2) File: /home/victor/Documentos/LABDIG/Lab-Dig/PROJETO_DRONE/Verilog/contador_3_mais_menos.v Line: 14
Warning (10230): Verilog HDL assignment warning at contador_3_mais_menos.v(18): truncated value with size 32 to match size of target (2) File: /home/victor/Documentos/LABDIG/Lab-Dig/PROJETO_DRONE/Verilog/contador_3_mais_menos.v Line: 18
Info (12128): Elaborating entity "contador_1_5_mais_menos_limitado" for hierarchy "fluxo_dados:fd|contador_1_5_mais_menos_limitado:contador_vidas" File: /home/victor/Documentos/LABDIG/Lab-Dig/PROJETO_DRONE/Verilog/fluxo_dados.v Line: 136
Info (12128): Elaborating entity "contador_5" for hierarchy "fluxo_dados:fd|contador_5:contador_colisao" File: /home/victor/Documentos/LABDIG/Lab-Dig/PROJETO_DRONE/Verilog/fluxo_dados.v Line: 162
Warning (10230): Verilog HDL assignment warning at contador_5.v(25): truncated value with size 32 to match size of target (3) File: /home/victor/Documentos/LABDIG/Lab-Dig/PROJETO_DRONE/Verilog/contador_5.v Line: 25
Info (12128): Elaborating entity "edge_detector" for hierarchy "fluxo_dados:fd|edge_detector:detector_colisao_pulso" File: /home/victor/Documentos/LABDIG/Lab-Dig/PROJETO_DRONE/Verilog/fluxo_dados.v Line: 169
Info (12128): Elaborating entity "converte_2b_4b" for hierarchy "fluxo_dados:fd|converte_2b_4b:conversor_posicao" File: /home/victor/Documentos/LABDIG/Lab-Dig/PROJETO_DRONE/Verilog/fluxo_dados.v Line: 204
Info (12128): Elaborating entity "unidade_controle" for hierarchy "unidade_controle:uc" File: /home/victor/Documentos/LABDIG/Lab-Dig/PROJETO_DRONE/Verilog/simulador_drone.v Line: 82
Warning (10230): Verilog HDL assignment warning at unidade_controle.v(90): truncated value with size 32 to match size of target (1) File: /home/victor/Documentos/LABDIG/Lab-Dig/PROJETO_DRONE/Verilog/unidade_controle.v Line: 90
Warning (10230): Verilog HDL assignment warning at unidade_controle.v(91): truncated value with size 32 to match size of target (1) File: /home/victor/Documentos/LABDIG/Lab-Dig/PROJETO_DRONE/Verilog/unidade_controle.v Line: 91
Warning (10230): Verilog HDL assignment warning at unidade_controle.v(92): truncated value with size 32 to match size of target (1) File: /home/victor/Documentos/LABDIG/Lab-Dig/PROJETO_DRONE/Verilog/unidade_controle.v Line: 92
Warning (10230): Verilog HDL assignment warning at unidade_controle.v(93): truncated value with size 32 to match size of target (1) File: /home/victor/Documentos/LABDIG/Lab-Dig/PROJETO_DRONE/Verilog/unidade_controle.v Line: 93
Warning (10230): Verilog HDL assignment warning at unidade_controle.v(94): truncated value with size 32 to match size of target (1) File: /home/victor/Documentos/LABDIG/Lab-Dig/PROJETO_DRONE/Verilog/unidade_controle.v Line: 94
Warning (10230): Verilog HDL assignment warning at unidade_controle.v(95): truncated value with size 32 to match size of target (1) File: /home/victor/Documentos/LABDIG/Lab-Dig/PROJETO_DRONE/Verilog/unidade_controle.v Line: 95
Warning (10230): Verilog HDL assignment warning at unidade_controle.v(96): truncated value with size 32 to match size of target (1) File: /home/victor/Documentos/LABDIG/Lab-Dig/PROJETO_DRONE/Verilog/unidade_controle.v Line: 96
Warning (10230): Verilog HDL assignment warning at unidade_controle.v(97): truncated value with size 32 to match size of target (1) File: /home/victor/Documentos/LABDIG/Lab-Dig/PROJETO_DRONE/Verilog/unidade_controle.v Line: 97
Warning (10230): Verilog HDL assignment warning at unidade_controle.v(98): truncated value with size 32 to match size of target (1) File: /home/victor/Documentos/LABDIG/Lab-Dig/PROJETO_DRONE/Verilog/unidade_controle.v Line: 98
Warning (10230): Verilog HDL assignment warning at unidade_controle.v(99): truncated value with size 32 to match size of target (1) File: /home/victor/Documentos/LABDIG/Lab-Dig/PROJETO_DRONE/Verilog/unidade_controle.v Line: 99
Warning (10230): Verilog HDL assignment warning at unidade_controle.v(100): truncated value with size 32 to match size of target (1) File: /home/victor/Documentos/LABDIG/Lab-Dig/PROJETO_DRONE/Verilog/unidade_controle.v Line: 100
Warning (10230): Verilog HDL assignment warning at unidade_controle.v(101): truncated value with size 32 to match size of target (1) File: /home/victor/Documentos/LABDIG/Lab-Dig/PROJETO_DRONE/Verilog/unidade_controle.v Line: 101
Warning (10230): Verilog HDL assignment warning at unidade_controle.v(102): truncated value with size 32 to match size of target (1) File: /home/victor/Documentos/LABDIG/Lab-Dig/PROJETO_DRONE/Verilog/unidade_controle.v Line: 102
Info (12128): Elaborating entity "hexa7seg" for hierarchy "hexa7seg:display_posicao_horizontal" File: /home/victor/Documentos/LABDIG/Lab-Dig/PROJETO_DRONE/Verilog/simulador_drone.v Line: 94
Info (276014): Found 2 instances of uninferred RAM logic
    Info (276004): RAM logic "fluxo_dados:fd|sync_ram_16x4_file2:mapa_1_jogo|ram" is uninferred due to inappropriate RAM size File: /home/victor/Documentos/LABDIG/Lab-Dig/PROJETO_DRONE/Verilog/sync_ram_16x4_file2.v Line: 31
    Info (276004): RAM logic "fluxo_dados:fd|sync_ram_16x4_file1:mapa_0_jogo|ram" is uninferred due to inappropriate RAM size File: /home/victor/Documentos/LABDIG/Lab-Dig/PROJETO_DRONE/Verilog/sync_ram_16x4_file1.v Line: 31
Warning (13024): Output pins are stuck at VCC or GND
    Warning (13410): Pin "db_posicao_vertical[1]" is stuck at GND File: /home/victor/Documentos/LABDIG/Lab-Dig/PROJETO_DRONE/Verilog/simulador_drone.v Line: 12
Info (286030): Timing-Driven Synthesis is running
Info (16010): Generating hard_block partition "hard_block:auto_generated_inst"
    Info (16011): Adding 0 node(s), including 0 DDIO, 0 PLL, 0 transceiver and 0 LCELL
Info (21057): Implemented 243 device resources after synthesis - the final resource count might be different
    Info (21058): Implemented 8 input pins
    Info (21059): Implemented 51 output pins
    Info (21061): Implemented 184 logic cells
Info: Quartus Prime Analysis & Synthesis was successful. 0 errors, 32 warnings
    Info: Peak virtual memory: 441 megabytes
    Info: Processing ended: Thu Mar 28 11:28:32 2024
    Info: Elapsed time: 00:00:13
    Info: Total CPU time (on all processors): 00:00:31


