#! /usr/bin/vvp
:ivl_version "11.0 (stable)";
:ivl_delay_selection "TYPICAL";
:vpi_time_precision - 9;
:vpi_module "/usr/lib/x86_64-linux-gnu/ivl/system.vpi";
:vpi_module "/usr/lib/x86_64-linux-gnu/ivl/vhdl_sys.vpi";
:vpi_module "/usr/lib/x86_64-linux-gnu/ivl/vhdl_textio.vpi";
:vpi_module "/usr/lib/x86_64-linux-gnu/ivl/v2005_math.vpi";
:vpi_module "/usr/lib/x86_64-linux-gnu/ivl/va_math.vpi";
S_0x5573c1b2f920 .scope module, "circuito_exp6_tb" "circuito_exp6_tb" 2 20;
 .timescale -9 -9;
P_0x5573c1add170 .param/l "clockPeriod" 0 2 50, +C4<00000000000000000000001111101000>;
v0x5573c1b1c750_0 .var "caso", 31 0;
v0x5573c1b60510_0 .var "chaves_in", 3 0;
v0x5573c1b605d0_0 .var "clock_in", 0 0;
v0x5573c1b60670_0 .net "db_Q_out", 11 0, v0x5573c1b564e0_0;  1 drivers
v0x5573c1b60710_0 .net "db_clock_out", 0 0, L_0x5573c1b63d00;  1 drivers
v0x5573c1b60800_0 .net "db_contagem_out", 6 0, v0x5573c1b5ac40_0;  1 drivers
v0x5573c1b608f0_0 .net "db_enderecoIgualRodada_out", 0 0, L_0x5573c1b63e50;  1 drivers
v0x5573c1b60990_0 .net "db_estado_out", 6 0, v0x5573c1b5b110_0;  1 drivers
v0x5573c1b60a80_0 .net "db_jogada_correta_out", 0 0, L_0x5573c1b63de0;  1 drivers
v0x5573c1b60b20_0 .net "db_jogadafeita_out", 6 0, v0x5573c1b5a760_0;  1 drivers
v0x5573c1b60bc0_0 .net "db_memoria_out", 6 0, v0x5573c1b5b640_0;  1 drivers
v0x5573c1b60cd0_0 .net "db_rodada_out", 6 0, v0x5573c1b5bae0_0;  1 drivers
v0x5573c1b60de0_0 .net "db_tem_jogada_out", 0 0, L_0x5573c1b63610;  1 drivers
v0x5573c1b60e80_0 .net "db_timeout_out", 0 0, L_0x5573c1b63d70;  1 drivers
o0x7fd72dc919e8 .functor BUFZ 1, C4<z>; HiZ drive
v0x5573c1b60f20_0 .net "ganhou_out", 0 0, o0x7fd72dc919e8;  0 drivers
v0x5573c1b60fc0_0 .var "iniciar_in", 0 0;
v0x5573c1b610b0_0 .net "leds_out", 3 0, v0x5573c1b58040_0;  1 drivers
o0x7fd72dc91a18 .functor BUFZ 1, C4<z>; HiZ drive
v0x5573c1b61150_0 .net "perdeu_out", 0 0, o0x7fd72dc91a18;  0 drivers
v0x5573c1b611f0_0 .net "pronto_out", 0 0, v0x5573c1b5d8c0_0;  1 drivers
v0x5573c1b612e0_0 .var "reset_in", 0 0;
E_0x5573c1afd430 .event negedge, v0x5573c1b55160_0;
S_0x5573c1b2fc10 .scope module, "dut" "circuito_jogo_base" 2 59, 3 2 0, S_0x5573c1b2f920;
 .timescale 0 0;
    .port_info 0 /INPUT 1 "clock";
    .port_info 1 /INPUT 1 "reset";
    .port_info 2 /INPUT 1 "iniciar";
    .port_info 3 /INPUT 4 "chaves";
    .port_info 4 /OUTPUT 1 "ganhou";
    .port_info 5 /OUTPUT 1 "perdeu";
    .port_info 6 /OUTPUT 1 "pronto";
    .port_info 7 /OUTPUT 4 "leds";
    .port_info 8 /OUTPUT 7 "db_contagem";
    .port_info 9 /OUTPUT 7 "db_memoria";
    .port_info 10 /OUTPUT 7 "db_estado";
    .port_info 11 /OUTPUT 7 "db_jogadafeita";
    .port_info 12 /OUTPUT 7 "db_rodada";
    .port_info 13 /OUTPUT 1 "db_clock";
    .port_info 14 /OUTPUT 1 "db_tem_jogada";
    .port_info 15 /OUTPUT 1 "db_timeout";
    .port_info 16 /OUTPUT 1 "db_jogada_correta";
    .port_info 17 /OUTPUT 1 "db_enderecoIgualRodada";
    .port_info 18 /OUTPUT 12 "db_Q";
L_0x5573c1b63d00 .functor BUFZ 1, v0x5573c1b605d0_0, C4<0>, C4<0>, C4<0>;
L_0x5573c1b63d70 .functor BUFZ 1, v0x5573c1b56790_0, C4<0>, C4<0>, C4<0>;
L_0x5573c1b63de0 .functor BUFZ 1, L_0x5573c1b62140, C4<0>, C4<0>, C4<0>;
L_0x5573c1b63e50 .functor BUFZ 1, L_0x5573c1b63320, C4<0>, C4<0>, C4<0>;
v0x5573c1b5e310_0 .net "acertou", 0 0, v0x5573c1b5cd10_0;  1 drivers
v0x5573c1b5e3d0_0 .net "chaves", 3 0, v0x5573c1b60510_0;  1 drivers
v0x5573c1b5e4c0_0 .net "clock", 0 0, v0x5573c1b605d0_0;  1 drivers
v0x5573c1b5e560_0 .net "contaCE", 0 0, v0x5573c1b5cf90_0;  1 drivers
v0x5573c1b5e600_0 .net "contaCR", 0 0, v0x5573c1b5d0d0_0;  1 drivers
v0x5573c1b5e6f0_0 .net "contaT", 0 0, v0x5573c1b5d1c0_0;  1 drivers
v0x5573c1b5e790_0 .net "db_Q", 11 0, v0x5573c1b564e0_0;  alias, 1 drivers
v0x5573c1b5e880_0 .net "db_clock", 0 0, L_0x5573c1b63d00;  alias, 1 drivers
v0x5573c1b5e940_0 .net "db_contagem", 6 0, v0x5573c1b5ac40_0;  alias, 1 drivers
v0x5573c1b5ea00_0 .net "db_contagem_hex", 3 0, L_0x5573c1b63900;  1 drivers
v0x5573c1b5eaa0_0 .net "db_enderecoIgualRodada", 0 0, L_0x5573c1b63e50;  alias, 1 drivers
v0x5573c1b5eb60_0 .net "db_estado", 6 0, v0x5573c1b5b110_0;  alias, 1 drivers
v0x5573c1b5ec20_0 .net "db_estado_hex", 3 0, v0x5573c1b5d2b0_0;  1 drivers
v0x5573c1b5ed10_0 .net "db_jogada_correta", 0 0, L_0x5573c1b63de0;  alias, 1 drivers
v0x5573c1b5edd0_0 .net "db_jogada_hex", 3 0, L_0x5573c1b639a0;  1 drivers
v0x5573c1b5eee0_0 .net "db_jogadafeita", 6 0, v0x5573c1b5a760_0;  alias, 1 drivers
v0x5573c1b5efa0_0 .net "db_memoria", 6 0, v0x5573c1b5b640_0;  alias, 1 drivers
v0x5573c1b5f150_0 .net "db_memoria_hex", 3 0, L_0x5573c1b63b20;  1 drivers
v0x5573c1b5f240_0 .net "db_rodada", 6 0, v0x5573c1b5bae0_0;  alias, 1 drivers
v0x5573c1b5f300_0 .net "db_rodada_hex", 3 0, L_0x5573c1b63c40;  1 drivers
v0x5573c1b5f3f0_0 .net "db_tem_jogada", 0 0, L_0x5573c1b63610;  alias, 1 drivers
v0x5573c1b5f4e0_0 .net "db_timeout", 0 0, L_0x5573c1b63d70;  alias, 1 drivers
v0x5573c1b5f5a0_0 .net "enderecoIgualRodada", 0 0, L_0x5573c1b63320;  1 drivers
v0x5573c1b5f640_0 .net "errou", 0 0, v0x5573c1b5d410_0;  1 drivers
v0x5573c1b5f6e0_0 .net "fimCE", 0 0, L_0x5573c1b63bd0;  1 drivers
v0x5573c1b5f7d0_0 .net "fimCR", 0 0, v0x5573c1b55fb0_0;  1 drivers
v0x5573c1b5f870_0 .net "ganhou", 0 0, o0x7fd72dc919e8;  alias, 0 drivers
v0x5573c1b5f910_0 .net "iniciar", 0 0, v0x5573c1b60fc0_0;  1 drivers
v0x5573c1b5f9b0_0 .net "jogada", 0 0, L_0x5573c1b634e0;  1 drivers
v0x5573c1b5fa50_0 .net "jogada_correta", 0 0, L_0x5573c1b62140;  1 drivers
v0x5573c1b5faf0_0 .net "leds", 3 0, v0x5573c1b58040_0;  alias, 1 drivers
v0x5573c1b5fbe0_0 .net "perdeu", 0 0, o0x7fd72dc91a18;  alias, 0 drivers
v0x5573c1b5fca0_0 .net "pronto", 0 0, v0x5573c1b5d8c0_0;  alias, 1 drivers
v0x5573c1b5fd40_0 .net "registraR", 0 0, v0x5573c1b5d980_0;  1 drivers
v0x5573c1b5fde0_0 .net "reset", 0 0, v0x5573c1b612e0_0;  1 drivers
v0x5573c1b5fe80_0 .net "timeout", 0 0, v0x5573c1b56790_0;  1 drivers
v0x5573c1b5ff20_0 .net "zeraCE", 0 0, v0x5573c1b5dce0_0;  1 drivers
v0x5573c1b5ffc0_0 .net "zeraCR", 0 0, v0x5573c1b5dd80_0;  1 drivers
v0x5573c1b600b0_0 .net "zeraR", 0 0, v0x5573c1b5de20_0;  1 drivers
v0x5573c1b60150_0 .net "zeraT", 0 0, v0x5573c1b5df10_0;  1 drivers
S_0x5573c1b2ff00 .scope module, "fd" "fluxo_dados" 3 55, 4 1 0, S_0x5573c1b2fc10;
 .timescale 0 0;
    .port_info 0 /INPUT 1 "clock";
    .port_info 1 /INPUT 1 "zeraR";
    .port_info 2 /INPUT 1 "registraR";
    .port_info 3 /INPUT 1 "zeraCR";
    .port_info 4 /INPUT 1 "contaCR";
    .port_info 5 /INPUT 1 "zeraCE";
    .port_info 6 /INPUT 1 "contaCE";
    .port_info 7 /INPUT 1 "zeraT";
    .port_info 8 /INPUT 1 "contaT";
    .port_info 9 /INPUT 4 "chaves";
    .port_info 10 /OUTPUT 1 "jogada_correta";
    .port_info 11 /OUTPUT 1 "enderecoIgualRodada";
    .port_info 12 /OUTPUT 1 "fimCE";
    .port_info 13 /OUTPUT 1 "fimCR";
    .port_info 14 /OUTPUT 1 "jogada_feita";
    .port_info 15 /OUTPUT 4 "leds";
    .port_info 16 /OUTPUT 1 "db_tem_jogada";
    .port_info 17 /OUTPUT 4 "db_contagem";
    .port_info 18 /OUTPUT 4 "db_jogada";
    .port_info 19 /OUTPUT 4 "db_memoria";
    .port_info 20 /OUTPUT 4 "db_rodada";
    .port_info 21 /OUTPUT 12 "Q";
    .port_info 22 /OUTPUT 1 "timeout";
L_0x5573c1b2e0a0 .functor NOT 1, v0x5573c1b5dce0_0, C4<0>, C4<0>, C4<0>;
L_0x5573c1b18a20 .functor NOT 1, v0x5573c1b5dd80_0, C4<0>, C4<0>, C4<0>;
L_0x5573c1b637d0 .functor OR 1, v0x5573c1b5d980_0, v0x5573c1b5de20_0, C4<0>, C4<0>;
L_0x5573c1b63900 .functor BUFZ 4, v0x5573c1b550a0_0, C4<0000>, C4<0000>, C4<0000>;
L_0x5573c1b639a0 .functor BUFZ 4, v0x5573c1b586b0_0, C4<0000>, C4<0000>, C4<0000>;
L_0x5573c1b63b20 .functor BUFZ 4, v0x5573c1b57960_0, C4<0000>, C4<0000>, C4<0000>;
L_0x5573c1b63bd0 .functor BUFZ 1, v0x5573c1b55530_0, C4<0>, C4<0>, C4<0>;
L_0x5573c1b63c40 .functor BUFZ 4, v0x5573c1b55b30_0, C4<0000>, C4<0000>, C4<0000>;
v0x5573c1b58b30_0 .net "Q", 11 0, v0x5573c1b564e0_0;  alias, 1 drivers
v0x5573c1b58c10_0 .net "chaves", 3 0, v0x5573c1b60510_0;  alias, 1 drivers
v0x5573c1b58ce0_0 .net "clock", 0 0, v0x5573c1b605d0_0;  alias, 1 drivers
v0x5573c1b58db0_0 .net "contaCE", 0 0, v0x5573c1b5cf90_0;  alias, 1 drivers
v0x5573c1b58e80_0 .net "contaCR", 0 0, v0x5573c1b5d0d0_0;  alias, 1 drivers
v0x5573c1b58f70_0 .net "contaT", 0 0, v0x5573c1b5d1c0_0;  alias, 1 drivers
v0x5573c1b59040_0 .net "db_contagem", 3 0, L_0x5573c1b63900;  alias, 1 drivers
v0x5573c1b590e0_0 .net "db_jogada", 3 0, L_0x5573c1b639a0;  alias, 1 drivers
v0x5573c1b59180_0 .net "db_memoria", 3 0, L_0x5573c1b63b20;  alias, 1 drivers
v0x5573c1b59240_0 .net "db_rodada", 3 0, L_0x5573c1b63c40;  alias, 1 drivers
v0x5573c1b59320_0 .net "db_tem_jogada", 0 0, L_0x5573c1b63610;  alias, 1 drivers
v0x5573c1b593f0_0 .net "enderecoIgualRodada", 0 0, L_0x5573c1b63320;  alias, 1 drivers
v0x5573c1b594c0_0 .net "fimCE", 0 0, L_0x5573c1b63bd0;  alias, 1 drivers
v0x5573c1b59560_0 .net "fimCR", 0 0, v0x5573c1b55fb0_0;  alias, 1 drivers
v0x5573c1b59630_0 .net "fim_rodada", 0 0, v0x5573c1b55530_0;  1 drivers
v0x5573c1b59700_0 .net "jogada_correta", 0 0, L_0x5573c1b62140;  alias, 1 drivers
v0x5573c1b597d0_0 .net "jogada_feita", 0 0, L_0x5573c1b634e0;  alias, 1 drivers
v0x5573c1b599b0_0 .net "leds", 3 0, v0x5573c1b58040_0;  alias, 1 drivers
v0x5573c1b59a80_0 .net "registraR", 0 0, v0x5573c1b5d980_0;  alias, 1 drivers
v0x5573c1b59b20_0 .net "s_dado", 3 0, v0x5573c1b57960_0;  1 drivers
v0x5573c1b59c10_0 .net "s_endereco", 3 0, v0x5573c1b550a0_0;  1 drivers
v0x5573c1b59cb0_0 .net "s_jogada", 3 0, v0x5573c1b586b0_0;  1 drivers
v0x5573c1b59d50_0 .net "s_rodada", 3 0, v0x5573c1b55b30_0;  1 drivers
v0x5573c1b59df0_0 .net "timeout", 0 0, v0x5573c1b56790_0;  alias, 1 drivers
v0x5573c1b59e90_0 .net "zeraCE", 0 0, v0x5573c1b5dce0_0;  alias, 1 drivers
v0x5573c1b59f30_0 .net "zeraCR", 0 0, v0x5573c1b5dd80_0;  alias, 1 drivers
v0x5573c1b59fd0_0 .net "zeraR", 0 0, v0x5573c1b5de20_0;  alias, 1 drivers
v0x5573c1b5a070_0 .net "zeraT", 0 0, v0x5573c1b5df10_0;  alias, 1 drivers
v0x5573c1b5a140_0 .net "zera_timeout", 0 0, L_0x5573c1b637d0;  1 drivers
L_0x5573c1b63610 .reduce/or v0x5573c1b60510_0;
S_0x5573c1b301f0 .scope module, "comparador_endereco" "comparador_85" 4 99, 5 16 0, S_0x5573c1b2ff00;
 .timescale 0 0;
    .port_info 0 /INPUT 1 "ALBi";
    .port_info 1 /INPUT 1 "AGBi";
    .port_info 2 /INPUT 1 "AEBi";
    .port_info 3 /INPUT 4 "A";
    .port_info 4 /INPUT 4 "B";
    .port_info 5 /OUTPUT 1 "ALBo";
    .port_info 6 /OUTPUT 1 "AGBo";
    .port_info 7 /OUTPUT 1 "AEBo";
L_0x5573c1b623c0 .functor NOT 5, L_0x5573c1b62260, C4<00000>, C4<00000>, C4<00000>;
L_0x5573c1b62790 .functor NOT 1, L_0x5573c1b629c0, C4<0>, C4<0>, C4<0>;
L_0x5573c1b62d50 .functor NOT 5, L_0x5573c1b62c60, C4<00000>, C4<00000>, C4<00000>;
L_0x5573c1b62eb0 .functor NOT 1, L_0x5573c1b63100, C4<0>, C4<0>, C4<0>;
L_0x7fd72dc46600 .functor BUFT 1, C4<1>, C4<0>, C4<0>, C4<0>;
L_0x5573c1b63320 .functor AND 1, L_0x5573c1b63280, L_0x7fd72dc46600, C4<1>, C4<1>;
v0x5573c1b2e200_0 .net "A", 3 0, v0x5573c1b55b30_0;  alias, 1 drivers
v0x5573c1b18b40_0 .net "AEBi", 0 0, L_0x7fd72dc46600;  1 drivers
v0x5573c1b293e0_0 .net "AEBo", 0 0, L_0x5573c1b63320;  alias, 1 drivers
L_0x7fd72dc465b8 .functor BUFT 1, C4<0>, C4<0>, C4<0>, C4<0>;
v0x5573c1b26970_0 .net "AGBi", 0 0, L_0x7fd72dc465b8;  1 drivers
v0x5573c1b22c40_0 .net "AGBo", 0 0, L_0x5573c1b62eb0;  1 drivers
L_0x7fd72dc46570 .functor BUFT 1, C4<0>, C4<0>, C4<0>, C4<0>;
v0x5573c1b20260_0 .net "ALBi", 0 0, L_0x7fd72dc46570;  1 drivers
v0x5573c1b52200_0 .net "ALBo", 0 0, L_0x5573c1b62790;  1 drivers
v0x5573c1b522c0_0 .net "B", 3 0, v0x5573c1b550a0_0;  alias, 1 drivers
v0x5573c1b523a0_0 .net "CSG", 4 0, L_0x5573c1b63010;  1 drivers
v0x5573c1b52480_0 .net "CSL", 4 0, L_0x5573c1b628a0;  1 drivers
v0x5573c1b52560_0 .net *"_ivl_0", 4 0, L_0x5573c1b62260;  1 drivers
v0x5573c1b52640_0 .net *"_ivl_10", 4 0, L_0x5573c1b626f0;  1 drivers
L_0x7fd72dc46720 .functor BUFT 1, C4<00000>, C4<0>, C4<0>, C4<0>;
v0x5573c1b52720_0 .net *"_ivl_12", 4 0, L_0x7fd72dc46720;  1 drivers
v0x5573c1b52800_0 .net *"_ivl_19", 0 0, L_0x5573c1b629c0;  1 drivers
v0x5573c1b528e0_0 .net *"_ivl_22", 4 0, L_0x5573c1b62b00;  1 drivers
L_0x7fd72dc464e0 .functor BUFT 1, C4<0>, C4<0>, C4<0>, C4<0>;
v0x5573c1b529c0_0 .net *"_ivl_25", 0 0, L_0x7fd72dc464e0;  1 drivers
v0x5573c1b52aa0_0 .net *"_ivl_26", 4 0, L_0x5573c1b62c60;  1 drivers
L_0x7fd72dc46528 .functor BUFT 1, C4<0>, C4<0>, C4<0>, C4<0>;
v0x5573c1b52b80_0 .net *"_ivl_29", 0 0, L_0x7fd72dc46528;  1 drivers
L_0x7fd72dc46450 .functor BUFT 1, C4<0>, C4<0>, C4<0>, C4<0>;
v0x5573c1b52c60_0 .net *"_ivl_3", 0 0, L_0x7fd72dc46450;  1 drivers
v0x5573c1b52d40_0 .net *"_ivl_30", 4 0, L_0x5573c1b62d50;  1 drivers
v0x5573c1b52e20_0 .net *"_ivl_32", 4 0, L_0x5573c1b62e10;  1 drivers
L_0x7fd72dc46768 .functor BUFT 1, C4<00000>, C4<0>, C4<0>, C4<0>;
v0x5573c1b52f00_0 .net *"_ivl_34", 4 0, L_0x7fd72dc46768;  1 drivers
v0x5573c1b52fe0_0 .net *"_ivl_4", 4 0, L_0x5573c1b623c0;  1 drivers
v0x5573c1b530c0_0 .net *"_ivl_41", 0 0, L_0x5573c1b63100;  1 drivers
v0x5573c1b531a0_0 .net *"_ivl_44", 0 0, L_0x5573c1b63280;  1 drivers
v0x5573c1b53260_0 .net *"_ivl_6", 4 0, L_0x5573c1b62480;  1 drivers
L_0x7fd72dc46498 .functor BUFT 1, C4<0>, C4<0>, C4<0>, C4<0>;
v0x5573c1b53340_0 .net *"_ivl_9", 0 0, L_0x7fd72dc46498;  1 drivers
L_0x5573c1b62260 .concat [ 4 1 0 0], v0x5573c1b55b30_0, L_0x7fd72dc46450;
L_0x5573c1b62480 .concat [ 4 1 0 0], v0x5573c1b550a0_0, L_0x7fd72dc46498;
L_0x5573c1b626f0 .arith/sum 5, L_0x5573c1b623c0, L_0x5573c1b62480;
L_0x5573c1b628a0 .arith/sum 5, L_0x5573c1b626f0, L_0x7fd72dc46720;
L_0x5573c1b629c0 .part L_0x5573c1b628a0, 4, 1;
L_0x5573c1b62b00 .concat [ 4 1 0 0], v0x5573c1b55b30_0, L_0x7fd72dc464e0;
L_0x5573c1b62c60 .concat [ 4 1 0 0], v0x5573c1b550a0_0, L_0x7fd72dc46528;
L_0x5573c1b62e10 .arith/sum 5, L_0x5573c1b62b00, L_0x5573c1b62d50;
L_0x5573c1b63010 .arith/sum 5, L_0x5573c1b62e10, L_0x7fd72dc46768;
L_0x5573c1b63100 .part L_0x5573c1b63010, 4, 1;
L_0x5573c1b63280 .cmp/eq 4, v0x5573c1b55b30_0, v0x5573c1b550a0_0;
S_0x5573c1b3a180 .scope module, "comparador_jogada" "comparador_85" 4 87, 5 16 0, S_0x5573c1b2ff00;
 .timescale 0 0;
    .port_info 0 /INPUT 1 "ALBi";
    .port_info 1 /INPUT 1 "AGBi";
    .port_info 2 /INPUT 1 "AEBi";
    .port_info 3 /INPUT 4 "A";
    .port_info 4 /INPUT 4 "B";
    .port_info 5 /OUTPUT 1 "ALBo";
    .port_info 6 /OUTPUT 1 "AGBo";
    .port_info 7 /OUTPUT 1 "AEBo";
L_0x5573c1b265c0 .functor NOT 5, L_0x5573c1b61420, C4<00000>, C4<00000>, C4<00000>;
L_0x5573c1b22890 .functor NOT 1, L_0x5573c1b618a0, C4<0>, C4<0>, C4<0>;
L_0x5573c1b1ff40 .functor NOT 5, L_0x5573c1b61af0, C4<00000>, C4<00000>, C4<00000>;
L_0x5573c1b61cd0 .functor NOT 1, L_0x5573c1b61f20, C4<0>, C4<0>, C4<0>;
L_0x7fd72dc46408 .functor BUFT 1, C4<1>, C4<0>, C4<0>, C4<0>;
L_0x5573c1b62140 .functor AND 1, L_0x5573c1b620a0, L_0x7fd72dc46408, C4<1>, C4<1>;
v0x5573c1b53590_0 .net "A", 3 0, v0x5573c1b57960_0;  alias, 1 drivers
v0x5573c1b53670_0 .net "AEBi", 0 0, L_0x7fd72dc46408;  1 drivers
v0x5573c1b53730_0 .net "AEBo", 0 0, L_0x5573c1b62140;  alias, 1 drivers
L_0x7fd72dc463c0 .functor BUFT 1, C4<0>, C4<0>, C4<0>, C4<0>;
v0x5573c1b537d0_0 .net "AGBi", 0 0, L_0x7fd72dc463c0;  1 drivers
v0x5573c1b53890_0 .net "AGBo", 0 0, L_0x5573c1b61cd0;  1 drivers
L_0x7fd72dc46378 .functor BUFT 1, C4<0>, C4<0>, C4<0>, C4<0>;
v0x5573c1b539a0_0 .net "ALBi", 0 0, L_0x7fd72dc46378;  1 drivers
v0x5573c1b53a60_0 .net "ALBo", 0 0, L_0x5573c1b22890;  1 drivers
v0x5573c1b53b20_0 .net "B", 3 0, v0x5573c1b586b0_0;  alias, 1 drivers
v0x5573c1b53c00_0 .net "CSG", 4 0, L_0x5573c1b61e30;  1 drivers
v0x5573c1b53ce0_0 .net "CSL", 4 0, L_0x5573c1b61780;  1 drivers
v0x5573c1b53dc0_0 .net *"_ivl_0", 4 0, L_0x5573c1b61420;  1 drivers
v0x5573c1b53ea0_0 .net *"_ivl_10", 4 0, L_0x5573c1b61640;  1 drivers
L_0x7fd72dc46690 .functor BUFT 1, C4<00000>, C4<0>, C4<0>, C4<0>;
v0x5573c1b53f80_0 .net *"_ivl_12", 4 0, L_0x7fd72dc46690;  1 drivers
v0x5573c1b54060_0 .net *"_ivl_19", 0 0, L_0x5573c1b618a0;  1 drivers
v0x5573c1b54140_0 .net *"_ivl_22", 4 0, L_0x5573c1b619e0;  1 drivers
L_0x7fd72dc462e8 .functor BUFT 1, C4<0>, C4<0>, C4<0>, C4<0>;
v0x5573c1b54220_0 .net *"_ivl_25", 0 0, L_0x7fd72dc462e8;  1 drivers
v0x5573c1b54300_0 .net *"_ivl_26", 4 0, L_0x5573c1b61af0;  1 drivers
L_0x7fd72dc46330 .functor BUFT 1, C4<0>, C4<0>, C4<0>, C4<0>;
v0x5573c1b543e0_0 .net *"_ivl_29", 0 0, L_0x7fd72dc46330;  1 drivers
L_0x7fd72dc46258 .functor BUFT 1, C4<0>, C4<0>, C4<0>, C4<0>;
v0x5573c1b544c0_0 .net *"_ivl_3", 0 0, L_0x7fd72dc46258;  1 drivers
v0x5573c1b545a0_0 .net *"_ivl_30", 4 0, L_0x5573c1b1ff40;  1 drivers
v0x5573c1b54680_0 .net *"_ivl_32", 4 0, L_0x5573c1b61c30;  1 drivers
L_0x7fd72dc466d8 .functor BUFT 1, C4<00000>, C4<0>, C4<0>, C4<0>;
v0x5573c1b54760_0 .net *"_ivl_34", 4 0, L_0x7fd72dc466d8;  1 drivers
v0x5573c1b54840_0 .net *"_ivl_4", 4 0, L_0x5573c1b265c0;  1 drivers
v0x5573c1b54920_0 .net *"_ivl_41", 0 0, L_0x5573c1b61f20;  1 drivers
v0x5573c1b54a00_0 .net *"_ivl_44", 0 0, L_0x5573c1b620a0;  1 drivers
v0x5573c1b54ac0_0 .net *"_ivl_6", 4 0, L_0x5573c1b61520;  1 drivers
L_0x7fd72dc462a0 .functor BUFT 1, C4<0>, C4<0>, C4<0>, C4<0>;
v0x5573c1b54ba0_0 .net *"_ivl_9", 0 0, L_0x7fd72dc462a0;  1 drivers
L_0x5573c1b61420 .concat [ 4 1 0 0], v0x5573c1b57960_0, L_0x7fd72dc46258;
L_0x5573c1b61520 .concat [ 4 1 0 0], v0x5573c1b586b0_0, L_0x7fd72dc462a0;
L_0x5573c1b61640 .arith/sum 5, L_0x5573c1b265c0, L_0x5573c1b61520;
L_0x5573c1b61780 .arith/sum 5, L_0x5573c1b61640, L_0x7fd72dc46690;
L_0x5573c1b618a0 .part L_0x5573c1b61780, 4, 1;
L_0x5573c1b619e0 .concat [ 4 1 0 0], v0x5573c1b57960_0, L_0x7fd72dc462e8;
L_0x5573c1b61af0 .concat [ 4 1 0 0], v0x5573c1b586b0_0, L_0x7fd72dc46330;
L_0x5573c1b61c30 .arith/sum 5, L_0x5573c1b619e0, L_0x5573c1b1ff40;
L_0x5573c1b61e30 .arith/sum 5, L_0x5573c1b61c30, L_0x7fd72dc466d8;
L_0x5573c1b61f20 .part L_0x5573c1b61e30, 4, 1;
L_0x5573c1b620a0 .cmp/eq 4, v0x5573c1b57960_0, v0x5573c1b586b0_0;
S_0x5573c1b54d80 .scope module, "contador_endereco" "contador_163" 4 35, 6 16 0, S_0x5573c1b2ff00;
 .timescale 0 0;
    .port_info 0 /INPUT 1 "clock";
    .port_info 1 /INPUT 1 "clr";
    .port_info 2 /INPUT 1 "ld";
    .port_info 3 /INPUT 1 "ent";
    .port_info 4 /INPUT 1 "enp";
    .port_info 5 /INPUT 4 "D";
    .port_info 6 /OUTPUT 4 "Q";
    .port_info 7 /OUTPUT 1 "rco";
L_0x7fd72dc460a8 .functor BUFT 1, C4<0000>, C4<0>, C4<0>, C4<0>;
v0x5573c1b54fa0_0 .net "D", 3 0, L_0x7fd72dc460a8;  1 drivers
v0x5573c1b550a0_0 .var "Q", 3 0;
v0x5573c1b55160_0 .net "clock", 0 0, v0x5573c1b605d0_0;  alias, 1 drivers
v0x5573c1b55200_0 .net "clr", 0 0, L_0x5573c1b2e0a0;  1 drivers
v0x5573c1b552a0_0 .net "enp", 0 0, v0x5573c1b5cf90_0;  alias, 1 drivers
L_0x7fd72dc46060 .functor BUFT 1, C4<1>, C4<0>, C4<0>, C4<0>;
v0x5573c1b553b0_0 .net "ent", 0 0, L_0x7fd72dc46060;  1 drivers
L_0x7fd72dc46018 .functor BUFT 1, C4<1>, C4<0>, C4<0>, C4<0>;
v0x5573c1b55470_0 .net "ld", 0 0, L_0x7fd72dc46018;  1 drivers
v0x5573c1b55530_0 .var "rco", 0 0;
E_0x5573c1afd600 .event edge, v0x5573c1b553b0_0, v0x5573c1b522c0_0;
E_0x5573c1afc6e0 .event posedge, v0x5573c1b55160_0;
S_0x5573c1b55740 .scope module, "contador_rodada" "contador_163" 4 46, 6 16 0, S_0x5573c1b2ff00;
 .timescale 0 0;
    .port_info 0 /INPUT 1 "clock";
    .port_info 1 /INPUT 1 "clr";
    .port_info 2 /INPUT 1 "ld";
    .port_info 3 /INPUT 1 "ent";
    .port_info 4 /INPUT 1 "enp";
    .port_info 5 /INPUT 4 "D";
    .port_info 6 /OUTPUT 4 "Q";
    .port_info 7 /OUTPUT 1 "rco";
L_0x7fd72dc46180 .functor BUFT 1, C4<0000>, C4<0>, C4<0>, C4<0>;
v0x5573c1b55a30_0 .net "D", 3 0, L_0x7fd72dc46180;  1 drivers
v0x5573c1b55b30_0 .var "Q", 3 0;
v0x5573c1b55bf0_0 .net "clock", 0 0, v0x5573c1b605d0_0;  alias, 1 drivers
v0x5573c1b55cc0_0 .net "clr", 0 0, L_0x5573c1b18a20;  1 drivers
v0x5573c1b55d60_0 .net "enp", 0 0, v0x5573c1b5d0d0_0;  alias, 1 drivers
L_0x7fd72dc46138 .functor BUFT 1, C4<1>, C4<0>, C4<0>, C4<0>;
v0x5573c1b55e50_0 .net "ent", 0 0, L_0x7fd72dc46138;  1 drivers
L_0x7fd72dc460f0 .functor BUFT 1, C4<1>, C4<0>, C4<0>, C4<0>;
v0x5573c1b55ef0_0 .net "ld", 0 0, L_0x7fd72dc460f0;  1 drivers
v0x5573c1b55fb0_0 .var "rco", 0 0;
E_0x5573c1aaad30 .event edge, v0x5573c1b55e50_0, v0x5573c1b2e200_0;
S_0x5573c1b561c0 .scope module, "contador_timeout" "contador_m" 4 119, 7 19 0, S_0x5573c1b2ff00;
 .timescale 0 0;
    .port_info 0 /INPUT 1 "clock";
    .port_info 1 /INPUT 1 "zera_as";
    .port_info 2 /INPUT 1 "zera_s";
    .port_info 3 /INPUT 1 "conta";
    .port_info 4 /OUTPUT 12 "Q";
    .port_info 5 /OUTPUT 1 "fim";
    .port_info 6 /OUTPUT 1 "meio";
P_0x5573c1b22b90 .param/l "M" 0 7 19, +C4<00000000000000000000101110111000>;
P_0x5573c1b22bd0 .param/l "N" 0 7 19, +C4<00000000000000000000000000001100>;
v0x5573c1b564e0_0 .var "Q", 11 0;
v0x5573c1b565e0_0 .net "clock", 0 0, v0x5573c1b605d0_0;  alias, 1 drivers
v0x5573c1b566f0_0 .net "conta", 0 0, v0x5573c1b5d1c0_0;  alias, 1 drivers
v0x5573c1b56790_0 .var "fim", 0 0;
v0x5573c1b56830_0 .var "meio", 0 0;
L_0x7fd72dc46648 .functor BUFT 1, C4<0>, C4<0>, C4<0>, C4<0>;
v0x5573c1b56940_0 .net "zera_as", 0 0, L_0x7fd72dc46648;  1 drivers
v0x5573c1b56a00_0 .net "zera_s", 0 0, v0x5573c1b5df10_0;  alias, 1 drivers
E_0x5573c1b3e790 .event edge, v0x5573c1b564e0_0;
E_0x5573c1b56480 .event posedge, v0x5573c1b56940_0, v0x5573c1b55160_0;
S_0x5573c1b56be0 .scope module, "edge_detect" "edge_detector" 4 110, 8 21 0, S_0x5573c1b2ff00;
 .timescale 0 0;
    .port_info 0 /INPUT 1 "clock";
    .port_info 1 /INPUT 1 "reset";
    .port_info 2 /INPUT 1 "sinal";
    .port_info 3 /OUTPUT 1 "pulso";
L_0x5573c1b63440 .functor NOT 1, v0x5573c1b57130_0, C4<0>, C4<0>, C4<0>;
L_0x5573c1b634e0 .functor AND 1, L_0x5573c1b63440, v0x5573c1b57090_0, C4<1>, C4<1>;
v0x5573c1b56e00_0 .net *"_ivl_0", 0 0, L_0x5573c1b63440;  1 drivers
v0x5573c1b56f00_0 .net "clock", 0 0, v0x5573c1b605d0_0;  alias, 1 drivers
v0x5573c1b56fc0_0 .net "pulso", 0 0, L_0x5573c1b634e0;  alias, 1 drivers
v0x5573c1b57090_0 .var "reg0", 0 0;
v0x5573c1b57130_0 .var "reg1", 0 0;
v0x5573c1b57240_0 .net "reset", 0 0, v0x5573c1b5d980_0;  alias, 1 drivers
v0x5573c1b57300_0 .net "sinal", 0 0, L_0x5573c1b63610;  alias, 1 drivers
E_0x5573c1b3e150 .event posedge, v0x5573c1b57240_0, v0x5573c1b55160_0;
S_0x5573c1b57440 .scope module, "memoria1" "sync_rom_16x4" 4 66, 9 13 0, S_0x5573c1b2ff00;
 .timescale 0 0;
    .port_info 0 /INPUT 1 "clock";
    .port_info 1 /INPUT 4 "address";
    .port_info 2 /INPUT 1 "enable";
    .port_info 3 /INPUT 4 "data_in";
    .port_info 4 /OUTPUT 4 "data_out";
v0x5573c1b576a0_0 .net "address", 3 0, v0x5573c1b550a0_0;  alias, 1 drivers
v0x5573c1b577d0_0 .net "clock", 0 0, v0x5573c1b605d0_0;  alias, 1 drivers
v0x5573c1b57890_0 .net "data_in", 3 0, v0x5573c1b586b0_0;  alias, 1 drivers
v0x5573c1b57960_0 .var "data_out", 3 0;
L_0x7fd72dc461c8 .functor BUFT 1, C4<0>, C4<0>, C4<0>, C4<0>;
v0x5573c1b57a30_0 .net "enable", 0 0, L_0x7fd72dc461c8;  1 drivers
S_0x5573c1b57b50 .scope module, "memoria2" "sync_rom_16x4" 4 76, 9 13 0, S_0x5573c1b2ff00;
 .timescale 0 0;
    .port_info 0 /INPUT 1 "clock";
    .port_info 1 /INPUT 4 "address";
    .port_info 2 /INPUT 1 "enable";
    .port_info 3 /INPUT 4 "data_in";
    .port_info 4 /OUTPUT 4 "data_out";
v0x5573c1b57db0_0 .net "address", 3 0, v0x5573c1b55b30_0;  alias, 1 drivers
v0x5573c1b57ee0_0 .net "clock", 0 0, v0x5573c1b605d0_0;  alias, 1 drivers
o0x7fd72dc90818 .functor BUFZ 4, C4<zzzz>; HiZ drive
v0x5573c1b57fa0_0 .net "data_in", 3 0, o0x7fd72dc90818;  0 drivers
v0x5573c1b58040_0 .var "data_out", 3 0;
L_0x7fd72dc46210 .functor BUFT 1, C4<0>, C4<0>, C4<0>, C4<0>;
v0x5573c1b58120_0 .net "enable", 0 0, L_0x7fd72dc46210;  1 drivers
S_0x5573c1b582d0 .scope module, "registrador" "registrador_4" 4 57, 10 13 0, S_0x5573c1b2ff00;
 .timescale 0 0;
    .port_info 0 /INPUT 1 "clock";
    .port_info 1 /INPUT 1 "clear";
    .port_info 2 /INPUT 1 "enable";
    .port_info 3 /INPUT 4 "D";
    .port_info 4 /OUTPUT 4 "Q";
v0x5573c1b585b0_0 .net "D", 3 0, v0x5573c1b60510_0;  alias, 1 drivers
v0x5573c1b586b0_0 .var "IQ", 3 0;
v0x5573c1b58790_0 .net "Q", 3 0, v0x5573c1b586b0_0;  alias, 1 drivers
v0x5573c1b58860_0 .net "clear", 0 0, v0x5573c1b5de20_0;  alias, 1 drivers
v0x5573c1b58920_0 .net "clock", 0 0, v0x5573c1b605d0_0;  alias, 1 drivers
v0x5573c1b58a10_0 .net "enable", 0 0, v0x5573c1b5d980_0;  alias, 1 drivers
E_0x5573c1b58530 .event posedge, v0x5573c1b58860_0, v0x5573c1b55160_0;
S_0x5573c1b5a4a0 .scope module, "hexa7seg_CHAVES" "hexa7seg" 3 81, 11 23 0, S_0x5573c1b2fc10;
 .timescale 0 0;
    .port_info 0 /INPUT 4 "hexa";
    .port_info 1 /OUTPUT 7 "display";
v0x5573c1b5a760_0 .var "display", 6 0;
v0x5573c1b5a860_0 .net "hexa", 3 0, L_0x5573c1b639a0;  alias, 1 drivers
E_0x5573c1b5a6e0 .event edge, v0x5573c1b590e0_0;
S_0x5573c1b5a990 .scope module, "hexa7seg_CONT" "hexa7seg" 3 87, 11 23 0, S_0x5573c1b2fc10;
 .timescale 0 0;
    .port_info 0 /INPUT 4 "hexa";
    .port_info 1 /OUTPUT 7 "display";
v0x5573c1b5ac40_0 .var "display", 6 0;
v0x5573c1b5ad40_0 .net "hexa", 3 0, L_0x5573c1b63900;  alias, 1 drivers
E_0x5573c1b5abe0 .event edge, v0x5573c1b59040_0;
S_0x5573c1b5ae70 .scope module, "hexa7seg_EST" "hexa7seg" 3 99, 11 23 0, S_0x5573c1b2fc10;
 .timescale 0 0;
    .port_info 0 /INPUT 4 "hexa";
    .port_info 1 /OUTPUT 7 "display";
v0x5573c1b5b110_0 .var "display", 6 0;
v0x5573c1b5b210_0 .net "hexa", 3 0, v0x5573c1b5d2b0_0;  alias, 1 drivers
E_0x5573c1b5b090 .event edge, v0x5573c1b5b210_0;
S_0x5573c1b5b350 .scope module, "hexa7seg_MEM" "hexa7seg" 3 93, 11 23 0, S_0x5573c1b2fc10;
 .timescale 0 0;
    .port_info 0 /INPUT 4 "hexa";
    .port_info 1 /OUTPUT 7 "display";
v0x5573c1b5b640_0 .var "display", 6 0;
v0x5573c1b5b740_0 .net "hexa", 3 0, L_0x5573c1b63b20;  alias, 1 drivers
E_0x5573c1b5b5c0 .event edge, v0x5573c1b59180_0;
S_0x5573c1b5b840 .scope module, "hexa7seg_ROD" "hexa7seg" 3 105, 11 23 0, S_0x5573c1b2fc10;
 .timescale 0 0;
    .port_info 0 /INPUT 4 "hexa";
    .port_info 1 /OUTPUT 7 "display";
v0x5573c1b5bae0_0 .var "display", 6 0;
v0x5573c1b5bbe0_0 .net "hexa", 3 0, L_0x5573c1b63c40;  alias, 1 drivers
E_0x5573c1b5ba60 .event edge, v0x5573c1b59240_0;
S_0x5573c1b5bd10 .scope module, "uc" "unidade_controle" 3 30, 12 15 0, S_0x5573c1b2fc10;
 .timescale 0 0;
    .port_info 0 /INPUT 1 "clock";
    .port_info 1 /INPUT 1 "reset";
    .port_info 2 /INPUT 1 "iniciar";
    .port_info 3 /INPUT 1 "fimCE";
    .port_info 4 /INPUT 1 "fimCR";
    .port_info 5 /INPUT 1 "jogada";
    .port_info 6 /INPUT 1 "enderecoIgualRodada";
    .port_info 7 /INPUT 1 "jogada_correta";
    .port_info 8 /INPUT 1 "timeout";
    .port_info 9 /OUTPUT 1 "zeraCE";
    .port_info 10 /OUTPUT 1 "contaCE";
    .port_info 11 /OUTPUT 1 "zeraCR";
    .port_info 12 /OUTPUT 1 "contaCR";
    .port_info 13 /OUTPUT 1 "zeraR";
    .port_info 14 /OUTPUT 1 "registraR";
    .port_info 15 /OUTPUT 1 "zeraT";
    .port_info 16 /OUTPUT 1 "contaT";
    .port_info 17 /OUTPUT 1 "pronto";
    .port_info 18 /OUTPUT 1 "errou";
    .port_info 19 /OUTPUT 1 "acertou";
    .port_info 20 /OUTPUT 4 "db_estado";
P_0x5573c1b5bef0 .param/l "comparacao" 0 12 45, C4<0101>;
P_0x5573c1b5bf30 .param/l "derrota" 0 12 49, C4<1110>;
P_0x5573c1b5bf70 .param/l "espera" 0 12 43, C4<0001>;
P_0x5573c1b5bfb0 .param/l "inicial" 0 12 40, C4<0000>;
P_0x5573c1b5bff0 .param/l "inicio_rodada" 0 12 42, C4<0010>;
P_0x5573c1b5c030 .param/l "preparacao" 0 12 41, C4<0011>;
P_0x5573c1b5c070 .param/l "proxima_jogada" 0 12 46, C4<0110>;
P_0x5573c1b5c0b0 .param/l "proxima_rodada" 0 12 48, C4<1000>;
P_0x5573c1b5c0f0 .param/l "registra" 0 12 44, C4<0100>;
P_0x5573c1b5c130 .param/l "tout" 0 12 51, C4<1011>;
P_0x5573c1b5c170 .param/l "ultima_rodada" 0 12 47, C4<0111>;
P_0x5573c1b5c1b0 .param/l "vitoria" 0 12 50, C4<1101>;
v0x5573c1b5cb30_0 .var "Eatual", 3 0;
v0x5573c1b5cc30_0 .var "Eprox", 3 0;
v0x5573c1b5cd10_0 .var "acertou", 0 0;
v0x5573c1b5cde0_0 .net "clock", 0 0, v0x5573c1b605d0_0;  alias, 1 drivers
v0x5573c1b5cf90_0 .var "contaCE", 0 0;
v0x5573c1b5d0d0_0 .var "contaCR", 0 0;
v0x5573c1b5d1c0_0 .var "contaT", 0 0;
v0x5573c1b5d2b0_0 .var "db_estado", 3 0;
v0x5573c1b5d370_0 .net "enderecoIgualRodada", 0 0, L_0x5573c1b63320;  alias, 1 drivers
v0x5573c1b5d410_0 .var "errou", 0 0;
v0x5573c1b5d4b0_0 .net "fimCE", 0 0, L_0x5573c1b63bd0;  alias, 1 drivers
v0x5573c1b5d550_0 .net "fimCR", 0 0, v0x5573c1b55fb0_0;  alias, 1 drivers
v0x5573c1b5d640_0 .net "iniciar", 0 0, v0x5573c1b60fc0_0;  alias, 1 drivers
v0x5573c1b5d6e0_0 .net "jogada", 0 0, L_0x5573c1b634e0;  alias, 1 drivers
v0x5573c1b5d7d0_0 .net "jogada_correta", 0 0, L_0x5573c1b62140;  alias, 1 drivers
v0x5573c1b5d8c0_0 .var "pronto", 0 0;
v0x5573c1b5d980_0 .var "registraR", 0 0;
v0x5573c1b5db30_0 .net "reset", 0 0, v0x5573c1b612e0_0;  alias, 1 drivers
v0x5573c1b5dbf0_0 .net "timeout", 0 0, v0x5573c1b56790_0;  alias, 1 drivers
v0x5573c1b5dce0_0 .var "zeraCE", 0 0;
v0x5573c1b5dd80_0 .var "zeraCR", 0 0;
v0x5573c1b5de20_0 .var "zeraR", 0 0;
v0x5573c1b5df10_0 .var "zeraT", 0 0;
E_0x5573c1b5c9f0 .event edge, v0x5573c1b5cb30_0;
E_0x5573c1b5ca50/0 .event edge, v0x5573c1b5cb30_0, v0x5573c1b5d640_0, v0x5573c1b56790_0, v0x5573c1b56fc0_0;
E_0x5573c1b5ca50/1 .event edge, v0x5573c1b53730_0, v0x5573c1b594c0_0, v0x5573c1b55fb0_0;
E_0x5573c1b5ca50 .event/or E_0x5573c1b5ca50/0, E_0x5573c1b5ca50/1;
E_0x5573c1b5cad0 .event posedge, v0x5573c1b5db30_0, v0x5573c1b55160_0;
    .scope S_0x5573c1b5bd10;
T_0 ;
    %wait E_0x5573c1b5cad0;
    %load/vec4 v0x5573c1b5db30_0;
    %flag_set/vec4 8;
    %jmp/0xz  T_0.0, 8;
    %pushi/vec4 0, 0, 4;
    %assign/vec4 v0x5573c1b5cb30_0, 0;
    %jmp T_0.1;
T_0.0 ;
    %load/vec4 v0x5573c1b5cc30_0;
    %assign/vec4 v0x5573c1b5cb30_0, 0;
T_0.1 ;
    %jmp T_0;
    .thread T_0;
    .scope S_0x5573c1b5bd10;
T_1 ;
    %wait E_0x5573c1b5ca50;
    %load/vec4 v0x5573c1b5cb30_0;
    %dup/vec4;
    %pushi/vec4 0, 0, 4;
    %cmp/u;
    %jmp/1 T_1.0, 6;
    %dup/vec4;
    %pushi/vec4 3, 0, 4;
    %cmp/u;
    %jmp/1 T_1.1, 6;
    %dup/vec4;
    %pushi/vec4 2, 0, 4;
    %cmp/u;
    %jmp/1 T_1.2, 6;
    %dup/vec4;
    %pushi/vec4 1, 0, 4;
    %cmp/u;
    %jmp/1 T_1.3, 6;
    %dup/vec4;
    %pushi/vec4 4, 0, 4;
    %cmp/u;
    %jmp/1 T_1.4, 6;
    %dup/vec4;
    %pushi/vec4 5, 0, 4;
    %cmp/u;
    %jmp/1 T_1.5, 6;
    %dup/vec4;
    %pushi/vec4 6, 0, 4;
    %cmp/u;
    %jmp/1 T_1.6, 6;
    %dup/vec4;
    %pushi/vec4 7, 0, 4;
    %cmp/u;
    %jmp/1 T_1.7, 6;
    %dup/vec4;
    %pushi/vec4 8, 0, 4;
    %cmp/u;
    %jmp/1 T_1.8, 6;
    %dup/vec4;
    %pushi/vec4 14, 0, 4;
    %cmp/u;
    %jmp/1 T_1.9, 6;
    %dup/vec4;
    %pushi/vec4 13, 0, 4;
    %cmp/u;
    %jmp/1 T_1.10, 6;
    %dup/vec4;
    %pushi/vec4 11, 0, 4;
    %cmp/u;
    %jmp/1 T_1.11, 6;
    %pushi/vec4 0, 0, 4;
    %store/vec4 v0x5573c1b5cc30_0, 0, 4;
    %jmp T_1.13;
T_1.0 ;
    %load/vec4 v0x5573c1b5d640_0;
    %flag_set/vec4 8;
    %jmp/0 T_1.14, 8;
    %pushi/vec4 3, 0, 4;
    %jmp/1 T_1.15, 8;
T_1.14 ; End of true expr.
    %pushi/vec4 0, 0, 4;
    %jmp/0 T_1.15, 8;
 ; End of false expr.
    %blend;
T_1.15;
    %store/vec4 v0x5573c1b5cc30_0, 0, 4;
    %jmp T_1.13;
T_1.1 ;
    %pushi/vec4 2, 0, 4;
    %store/vec4 v0x5573c1b5cc30_0, 0, 4;
    %jmp T_1.13;
T_1.2 ;
    %pushi/vec4 1, 0, 4;
    %store/vec4 v0x5573c1b5cc30_0, 0, 4;
    %jmp T_1.13;
T_1.3 ;
    %load/vec4 v0x5573c1b5dbf0_0;
    %flag_set/vec4 8;
    %jmp/0 T_1.16, 8;
    %pushi/vec4 11, 0, 4;
    %jmp/1 T_1.17, 8;
T_1.16 ; End of true expr.
    %load/vec4 v0x5573c1b5d6e0_0;
    %flag_set/vec4 9;
    %jmp/0 T_1.18, 9;
    %pushi/vec4 4, 0, 4;
    %jmp/1 T_1.19, 9;
T_1.18 ; End of true expr.
    %pushi/vec4 1, 0, 4;
    %jmp/0 T_1.19, 9;
 ; End of false expr.
    %blend;
T_1.19;
    %jmp/0 T_1.17, 8;
 ; End of false expr.
    %blend;
T_1.17;
    %store/vec4 v0x5573c1b5cc30_0, 0, 4;
    %jmp T_1.13;
T_1.4 ;
    %pushi/vec4 5, 0, 4;
    %store/vec4 v0x5573c1b5cc30_0, 0, 4;
    %jmp T_1.13;
T_1.5 ;
    %load/vec4 v0x5573c1b5d7d0_0;
    %inv;
    %flag_set/vec4 8;
    %jmp/0 T_1.20, 8;
    %pushi/vec4 14, 0, 4;
    %jmp/1 T_1.21, 8;
T_1.20 ; End of true expr.
    %load/vec4 v0x5573c1b5d4b0_0;
    %flag_set/vec4 9;
    %jmp/0 T_1.22, 9;
    %pushi/vec4 7, 0, 4;
    %jmp/1 T_1.23, 9;
T_1.22 ; End of true expr.
    %pushi/vec4 6, 0, 4;
    %jmp/0 T_1.23, 9;
 ; End of false expr.
    %blend;
T_1.23;
    %jmp/0 T_1.21, 8;
 ; End of false expr.
    %blend;
T_1.21;
    %store/vec4 v0x5573c1b5cc30_0, 0, 4;
    %jmp T_1.13;
T_1.6 ;
    %pushi/vec4 1, 0, 4;
    %store/vec4 v0x5573c1b5cc30_0, 0, 4;
    %jmp T_1.13;
T_1.7 ;
    %load/vec4 v0x5573c1b5d550_0;
    %flag_set/vec4 8;
    %jmp/0 T_1.24, 8;
    %pushi/vec4 13, 0, 4;
    %jmp/1 T_1.25, 8;
T_1.24 ; End of true expr.
    %pushi/vec4 8, 0, 4;
    %jmp/0 T_1.25, 8;
 ; End of false expr.
    %blend;
T_1.25;
    %store/vec4 v0x5573c1b5cc30_0, 0, 4;
    %jmp T_1.13;
T_1.8 ;
    %pushi/vec4 2, 0, 4;
    %store/vec4 v0x5573c1b5cc30_0, 0, 4;
    %jmp T_1.13;
T_1.9 ;
    %load/vec4 v0x5573c1b5d640_0;
    %flag_set/vec4 8;
    %jmp/0 T_1.26, 8;
    %pushi/vec4 3, 0, 4;
    %jmp/1 T_1.27, 8;
T_1.26 ; End of true expr.
    %pushi/vec4 14, 0, 4;
    %jmp/0 T_1.27, 8;
 ; End of false expr.
    %blend;
T_1.27;
    %store/vec4 v0x5573c1b5cc30_0, 0, 4;
    %jmp T_1.13;
T_1.10 ;
    %load/vec4 v0x5573c1b5d640_0;
    %flag_set/vec4 8;
    %jmp/0 T_1.28, 8;
    %pushi/vec4 3, 0, 4;
    %jmp/1 T_1.29, 8;
T_1.28 ; End of true expr.
    %pushi/vec4 13, 0, 4;
    %jmp/0 T_1.29, 8;
 ; End of false expr.
    %blend;
T_1.29;
    %store/vec4 v0x5573c1b5cc30_0, 0, 4;
    %jmp T_1.13;
T_1.11 ;
    %load/vec4 v0x5573c1b5d640_0;
    %flag_set/vec4 8;
    %jmp/0 T_1.30, 8;
    %pushi/vec4 3, 0, 4;
    %jmp/1 T_1.31, 8;
T_1.30 ; End of true expr.
    %pushi/vec4 11, 0, 4;
    %jmp/0 T_1.31, 8;
 ; End of false expr.
    %blend;
T_1.31;
    %store/vec4 v0x5573c1b5cc30_0, 0, 4;
    %jmp T_1.13;
T_1.13 ;
    %pop/vec4 1;
    %jmp T_1;
    .thread T_1, $push;
    .scope S_0x5573c1b5bd10;
T_2 ;
    %wait E_0x5573c1b5c9f0;
    %load/vec4 v0x5573c1b5cb30_0;
    %cmpi/e 0, 0, 4;
    %flag_mov 8, 4;
    %load/vec4 v0x5573c1b5cb30_0;
    %cmpi/e 3, 0, 4;
    %flag_or 4, 8;
    %flag_mov 8, 4;
    %load/vec4 v0x5573c1b5cb30_0;
    %cmpi/e 2, 0, 4;
    %flag_or 4, 8;
    %flag_mov 8, 4;
    %jmp/0 T_2.0, 8;
    %pushi/vec4 1, 0, 1;
    %jmp/1 T_2.1, 8;
T_2.0 ; End of true expr.
    %pushi/vec4 0, 0, 1;
    %jmp/0 T_2.1, 8;
 ; End of false expr.
    %blend;
T_2.1;
    %store/vec4 v0x5573c1b5dce0_0, 0, 1;
    %load/vec4 v0x5573c1b5cb30_0;
    %cmpi/e 6, 0, 4;
    %flag_mov 8, 4;
    %jmp/0 T_2.2, 8;
    %pushi/vec4 1, 0, 1;
    %jmp/1 T_2.3, 8;
T_2.2 ; End of true expr.
    %pushi/vec4 0, 0, 1;
    %jmp/0 T_2.3, 8;
 ; End of false expr.
    %blend;
T_2.3;
    %store/vec4 v0x5573c1b5cf90_0, 0, 1;
    %load/vec4 v0x5573c1b5cb30_0;
    %cmpi/e 0, 0, 4;
    %flag_mov 8, 4;
    %load/vec4 v0x5573c1b5cb30_0;
    %cmpi/e 3, 0, 4;
    %flag_or 4, 8;
    %flag_mov 8, 4;
    %jmp/0 T_2.4, 8;
    %pushi/vec4 1, 0, 1;
    %jmp/1 T_2.5, 8;
T_2.4 ; End of true expr.
    %pushi/vec4 0, 0, 1;
    %jmp/0 T_2.5, 8;
 ; End of false expr.
    %blend;
T_2.5;
    %store/vec4 v0x5573c1b5dd80_0, 0, 1;
    %load/vec4 v0x5573c1b5cb30_0;
    %cmpi/e 8, 0, 4;
    %flag_mov 8, 4;
    %jmp/0 T_2.6, 8;
    %pushi/vec4 1, 0, 1;
    %jmp/1 T_2.7, 8;
T_2.6 ; End of true expr.
    %pushi/vec4 0, 0, 1;
    %jmp/0 T_2.7, 8;
 ; End of false expr.
    %blend;
T_2.7;
    %store/vec4 v0x5573c1b5d0d0_0, 0, 1;
    %load/vec4 v0x5573c1b5cb30_0;
    %cmpi/e 0, 0, 4;
    %flag_mov 8, 4;
    %load/vec4 v0x5573c1b5cb30_0;
    %cmpi/e 3, 0, 4;
    %flag_or 4, 8;
    %flag_mov 8, 4;
    %jmp/0 T_2.8, 8;
    %pushi/vec4 1, 0, 1;
    %jmp/1 T_2.9, 8;
T_2.8 ; End of true expr.
    %pushi/vec4 0, 0, 1;
    %jmp/0 T_2.9, 8;
 ; End of false expr.
    %blend;
T_2.9;
    %store/vec4 v0x5573c1b5de20_0, 0, 1;
    %load/vec4 v0x5573c1b5cb30_0;
    %cmpi/e 4, 0, 4;
    %flag_mov 8, 4;
    %jmp/0 T_2.10, 8;
    %pushi/vec4 1, 0, 1;
    %jmp/1 T_2.11, 8;
T_2.10 ; End of true expr.
    %pushi/vec4 0, 0, 1;
    %jmp/0 T_2.11, 8;
 ; End of false expr.
    %blend;
T_2.11;
    %store/vec4 v0x5573c1b5d980_0, 0, 1;
    %load/vec4 v0x5573c1b5cb30_0;
    %cmpi/e 1, 0, 4;
    %flag_mov 8, 4;
    %jmp/0 T_2.12, 8;
    %pushi/vec4 1, 0, 1;
    %jmp/1 T_2.13, 8;
T_2.12 ; End of true expr.
    %pushi/vec4 0, 0, 1;
    %jmp/0 T_2.13, 8;
 ; End of false expr.
    %blend;
T_2.13;
    %store/vec4 v0x5573c1b5d1c0_0, 0, 1;
    %load/vec4 v0x5573c1b5cb30_0;
    %cmpi/e 0, 0, 4;
    %flag_mov 8, 4;
    %load/vec4 v0x5573c1b5cb30_0;
    %cmpi/e 3, 0, 4;
    %flag_or 4, 8;
    %flag_mov 8, 4;
    %load/vec4 v0x5573c1b5cb30_0;
    %cmpi/e 2, 0, 4;
    %flag_or 4, 8;
    %flag_mov 8, 4;
    %load/vec4 v0x5573c1b5cb30_0;
    %cmpi/e 6, 0, 4;
    %flag_or 4, 8;
    %flag_mov 8, 4;
    %jmp/0 T_2.14, 8;
    %pushi/vec4 1, 0, 1;
    %jmp/1 T_2.15, 8;
T_2.14 ; End of true expr.
    %pushi/vec4 0, 0, 1;
    %jmp/0 T_2.15, 8;
 ; End of false expr.
    %blend;
T_2.15;
    %store/vec4 v0x5573c1b5df10_0, 0, 1;
    %load/vec4 v0x5573c1b5cb30_0;
    %cmpi/e 14, 0, 4;
    %flag_mov 8, 4;
    %load/vec4 v0x5573c1b5cb30_0;
    %cmpi/e 13, 0, 4;
    %flag_or 4, 8;
    %flag_mov 8, 4;
    %load/vec4 v0x5573c1b5cb30_0;
    %cmpi/e 11, 0, 4;
    %flag_or 4, 8;
    %flag_mov 8, 4;
    %jmp/0 T_2.16, 8;
    %pushi/vec4 1, 0, 1;
    %jmp/1 T_2.17, 8;
T_2.16 ; End of true expr.
    %pushi/vec4 0, 0, 1;
    %jmp/0 T_2.17, 8;
 ; End of false expr.
    %blend;
T_2.17;
    %store/vec4 v0x5573c1b5d8c0_0, 0, 1;
    %load/vec4 v0x5573c1b5cb30_0;
    %cmpi/e 14, 0, 4;
    %flag_mov 8, 4;
    %load/vec4 v0x5573c1b5cb30_0;
    %cmpi/e 11, 0, 4;
    %flag_or 4, 8;
    %flag_mov 8, 4;
    %jmp/0 T_2.18, 8;
    %pushi/vec4 1, 0, 1;
    %jmp/1 T_2.19, 8;
T_2.18 ; End of true expr.
    %pushi/vec4 0, 0, 1;
    %jmp/0 T_2.19, 8;
 ; End of false expr.
    %blend;
T_2.19;
    %store/vec4 v0x5573c1b5d410_0, 0, 1;
    %load/vec4 v0x5573c1b5cb30_0;
    %cmpi/e 13, 0, 4;
    %flag_mov 8, 4;
    %jmp/0 T_2.20, 8;
    %pushi/vec4 1, 0, 1;
    %jmp/1 T_2.21, 8;
T_2.20 ; End of true expr.
    %pushi/vec4 0, 0, 1;
    %jmp/0 T_2.21, 8;
 ; End of false expr.
    %blend;
T_2.21;
    %store/vec4 v0x5573c1b5cd10_0, 0, 1;
    %load/vec4 v0x5573c1b5cb30_0;
    %dup/vec4;
    %pushi/vec4 0, 0, 4;
    %cmp/u;
    %jmp/1 T_2.22, 6;
    %dup/vec4;
    %pushi/vec4 3, 0, 4;
    %cmp/u;
    %jmp/1 T_2.23, 6;
    %dup/vec4;
    %pushi/vec4 2, 0, 4;
    %cmp/u;
    %jmp/1 T_2.24, 6;
    %dup/vec4;
    %pushi/vec4 1, 0, 4;
    %cmp/u;
    %jmp/1 T_2.25, 6;
    %dup/vec4;
    %pushi/vec4 4, 0, 4;
    %cmp/u;
    %jmp/1 T_2.26, 6;
    %dup/vec4;
    %pushi/vec4 5, 0, 4;
    %cmp/u;
    %jmp/1 T_2.27, 6;
    %dup/vec4;
    %pushi/vec4 6, 0, 4;
    %cmp/u;
    %jmp/1 T_2.28, 6;
    %dup/vec4;
    %pushi/vec4 7, 0, 4;
    %cmp/u;
    %jmp/1 T_2.29, 6;
    %dup/vec4;
    %pushi/vec4 8, 0, 4;
    %cmp/u;
    %jmp/1 T_2.30, 6;
    %dup/vec4;
    %pushi/vec4 14, 0, 4;
    %cmp/u;
    %jmp/1 T_2.31, 6;
    %dup/vec4;
    %pushi/vec4 13, 0, 4;
    %cmp/u;
    %jmp/1 T_2.32, 6;
    %dup/vec4;
    %pushi/vec4 11, 0, 4;
    %cmp/u;
    %jmp/1 T_2.33, 6;
    %pushi/vec4 15, 0, 4;
    %store/vec4 v0x5573c1b5d2b0_0, 0, 4;
    %jmp T_2.35;
T_2.22 ;
    %pushi/vec4 0, 0, 4;
    %store/vec4 v0x5573c1b5d2b0_0, 0, 4;
    %jmp T_2.35;
T_2.23 ;
    %pushi/vec4 3, 0, 4;
    %store/vec4 v0x5573c1b5d2b0_0, 0, 4;
    %jmp T_2.35;
T_2.24 ;
    %pushi/vec4 2, 0, 4;
    %store/vec4 v0x5573c1b5d2b0_0, 0, 4;
    %jmp T_2.35;
T_2.25 ;
    %pushi/vec4 1, 0, 4;
    %store/vec4 v0x5573c1b5d2b0_0, 0, 4;
    %jmp T_2.35;
T_2.26 ;
    %pushi/vec4 4, 0, 4;
    %store/vec4 v0x5573c1b5d2b0_0, 0, 4;
    %jmp T_2.35;
T_2.27 ;
    %pushi/vec4 5, 0, 4;
    %store/vec4 v0x5573c1b5d2b0_0, 0, 4;
    %jmp T_2.35;
T_2.28 ;
    %pushi/vec4 6, 0, 4;
    %store/vec4 v0x5573c1b5d2b0_0, 0, 4;
    %jmp T_2.35;
T_2.29 ;
    %pushi/vec4 7, 0, 4;
    %store/vec4 v0x5573c1b5d2b0_0, 0, 4;
    %jmp T_2.35;
T_2.30 ;
    %pushi/vec4 8, 0, 4;
    %store/vec4 v0x5573c1b5d2b0_0, 0, 4;
    %jmp T_2.35;
T_2.31 ;
    %pushi/vec4 14, 0, 4;
    %store/vec4 v0x5573c1b5d2b0_0, 0, 4;
    %jmp T_2.35;
T_2.32 ;
    %pushi/vec4 13, 0, 4;
    %store/vec4 v0x5573c1b5d2b0_0, 0, 4;
    %jmp T_2.35;
T_2.33 ;
    %pushi/vec4 11, 0, 4;
    %store/vec4 v0x5573c1b5d2b0_0, 0, 4;
    %jmp T_2.35;
T_2.35 ;
    %pop/vec4 1;
    %jmp T_2;
    .thread T_2, $push;
    .scope S_0x5573c1b54d80;
T_3 ;
    %wait E_0x5573c1afc6e0;
    %load/vec4 v0x5573c1b55200_0;
    %inv;
    %flag_set/vec4 8;
    %jmp/0xz  T_3.0, 8;
    %pushi/vec4 0, 0, 4;
    %assign/vec4 v0x5573c1b550a0_0, 0;
    %jmp T_3.1;
T_3.0 ;
    %load/vec4 v0x5573c1b55470_0;
    %inv;
    %flag_set/vec4 8;
    %jmp/0xz  T_3.2, 8;
    %load/vec4 v0x5573c1b54fa0_0;
    %assign/vec4 v0x5573c1b550a0_0, 0;
    %jmp T_3.3;
T_3.2 ;
    %load/vec4 v0x5573c1b553b0_0;
    %load/vec4 v0x5573c1b552a0_0;
    %and;
    %flag_set/vec4 8;
    %jmp/0xz  T_3.4, 8;
    %load/vec4 v0x5573c1b550a0_0;
    %addi 1, 0, 4;
    %assign/vec4 v0x5573c1b550a0_0, 0;
    %jmp T_3.5;
T_3.4 ;
    %load/vec4 v0x5573c1b550a0_0;
    %assign/vec4 v0x5573c1b550a0_0, 0;
T_3.5 ;
T_3.3 ;
T_3.1 ;
    %jmp T_3;
    .thread T_3;
    .scope S_0x5573c1b54d80;
T_4 ;
    %wait E_0x5573c1afd600;
    %load/vec4 v0x5573c1b553b0_0;
    %load/vec4 v0x5573c1b550a0_0;
    %pushi/vec4 15, 0, 4;
    %cmp/e;
    %flag_get/vec4 4;
    %and;
    %flag_set/vec4 8;
    %jmp/0xz  T_4.0, 8;
    %pushi/vec4 1, 0, 1;
    %store/vec4 v0x5573c1b55530_0, 0, 1;
    %jmp T_4.1;
T_4.0 ;
    %pushi/vec4 0, 0, 1;
    %store/vec4 v0x5573c1b55530_0, 0, 1;
T_4.1 ;
    %jmp T_4;
    .thread T_4, $push;
    .scope S_0x5573c1b55740;
T_5 ;
    %wait E_0x5573c1afc6e0;
    %load/vec4 v0x5573c1b55cc0_0;
    %inv;
    %flag_set/vec4 8;
    %jmp/0xz  T_5.0, 8;
    %pushi/vec4 0, 0, 4;
    %assign/vec4 v0x5573c1b55b30_0, 0;
    %jmp T_5.1;
T_5.0 ;
    %load/vec4 v0x5573c1b55ef0_0;
    %inv;
    %flag_set/vec4 8;
    %jmp/0xz  T_5.2, 8;
    %load/vec4 v0x5573c1b55a30_0;
    %assign/vec4 v0x5573c1b55b30_0, 0;
    %jmp T_5.3;
T_5.2 ;
    %load/vec4 v0x5573c1b55e50_0;
    %load/vec4 v0x5573c1b55d60_0;
    %and;
    %flag_set/vec4 8;
    %jmp/0xz  T_5.4, 8;
    %load/vec4 v0x5573c1b55b30_0;
    %addi 1, 0, 4;
    %assign/vec4 v0x5573c1b55b30_0, 0;
    %jmp T_5.5;
T_5.4 ;
    %load/vec4 v0x5573c1b55b30_0;
    %assign/vec4 v0x5573c1b55b30_0, 0;
T_5.5 ;
T_5.3 ;
T_5.1 ;
    %jmp T_5;
    .thread T_5;
    .scope S_0x5573c1b55740;
T_6 ;
    %wait E_0x5573c1aaad30;
    %load/vec4 v0x5573c1b55e50_0;
    %load/vec4 v0x5573c1b55b30_0;
    %pushi/vec4 15, 0, 4;
    %cmp/e;
    %flag_get/vec4 4;
    %and;
    %flag_set/vec4 8;
    %jmp/0xz  T_6.0, 8;
    %pushi/vec4 1, 0, 1;
    %store/vec4 v0x5573c1b55fb0_0, 0, 1;
    %jmp T_6.1;
T_6.0 ;
    %pushi/vec4 0, 0, 1;
    %store/vec4 v0x5573c1b55fb0_0, 0, 1;
T_6.1 ;
    %jmp T_6;
    .thread T_6, $push;
    .scope S_0x5573c1b582d0;
T_7 ;
    %wait E_0x5573c1b58530;
    %load/vec4 v0x5573c1b58860_0;
    %flag_set/vec4 8;
    %jmp/0xz  T_7.0, 8;
    %pushi/vec4 0, 0, 4;
    %assign/vec4 v0x5573c1b586b0_0, 0;
    %jmp T_7.1;
T_7.0 ;
    %load/vec4 v0x5573c1b58a10_0;
    %flag_set/vec4 8;
    %jmp/0xz  T_7.2, 8;
    %load/vec4 v0x5573c1b585b0_0;
    %assign/vec4 v0x5573c1b586b0_0, 0;
T_7.2 ;
T_7.1 ;
    %jmp T_7;
    .thread T_7;
    .scope S_0x5573c1b57440;
T_8 ;
    %wait E_0x5573c1afc6e0;
    %load/vec4 v0x5573c1b576a0_0;
    %dup/vec4;
    %pushi/vec4 0, 0, 4;
    %cmp/u;
    %jmp/1 T_8.0, 6;
    %dup/vec4;
    %pushi/vec4 1, 0, 4;
    %cmp/u;
    %jmp/1 T_8.1, 6;
    %dup/vec4;
    %pushi/vec4 2, 0, 4;
    %cmp/u;
    %jmp/1 T_8.2, 6;
    %dup/vec4;
    %pushi/vec4 3, 0, 4;
    %cmp/u;
    %jmp/1 T_8.3, 6;
    %dup/vec4;
    %pushi/vec4 4, 0, 4;
    %cmp/u;
    %jmp/1 T_8.4, 6;
    %dup/vec4;
    %pushi/vec4 5, 0, 4;
    %cmp/u;
    %jmp/1 T_8.5, 6;
    %dup/vec4;
    %pushi/vec4 6, 0, 4;
    %cmp/u;
    %jmp/1 T_8.6, 6;
    %dup/vec4;
    %pushi/vec4 7, 0, 4;
    %cmp/u;
    %jmp/1 T_8.7, 6;
    %dup/vec4;
    %pushi/vec4 8, 0, 4;
    %cmp/u;
    %jmp/1 T_8.8, 6;
    %dup/vec4;
    %pushi/vec4 9, 0, 4;
    %cmp/u;
    %jmp/1 T_8.9, 6;
    %dup/vec4;
    %pushi/vec4 10, 0, 4;
    %cmp/u;
    %jmp/1 T_8.10, 6;
    %dup/vec4;
    %pushi/vec4 11, 0, 4;
    %cmp/u;
    %jmp/1 T_8.11, 6;
    %dup/vec4;
    %pushi/vec4 12, 0, 4;
    %cmp/u;
    %jmp/1 T_8.12, 6;
    %dup/vec4;
    %pushi/vec4 13, 0, 4;
    %cmp/u;
    %jmp/1 T_8.13, 6;
    %dup/vec4;
    %pushi/vec4 14, 0, 4;
    %cmp/u;
    %jmp/1 T_8.14, 6;
    %dup/vec4;
    %pushi/vec4 15, 0, 4;
    %cmp/u;
    %jmp/1 T_8.15, 6;
    %jmp T_8.16;
T_8.0 ;
    %pushi/vec4 1, 0, 4;
    %store/vec4 v0x5573c1b57960_0, 0, 4;
    %jmp T_8.16;
T_8.1 ;
    %pushi/vec4 2, 0, 4;
    %store/vec4 v0x5573c1b57960_0, 0, 4;
    %jmp T_8.16;
T_8.2 ;
    %pushi/vec4 4, 0, 4;
    %store/vec4 v0x5573c1b57960_0, 0, 4;
    %jmp T_8.16;
T_8.3 ;
    %pushi/vec4 8, 0, 4;
    %store/vec4 v0x5573c1b57960_0, 0, 4;
    %jmp T_8.16;
T_8.4 ;
    %pushi/vec4 4, 0, 4;
    %store/vec4 v0x5573c1b57960_0, 0, 4;
    %jmp T_8.16;
T_8.5 ;
    %pushi/vec4 2, 0, 4;
    %store/vec4 v0x5573c1b57960_0, 0, 4;
    %jmp T_8.16;
T_8.6 ;
    %pushi/vec4 1, 0, 4;
    %store/vec4 v0x5573c1b57960_0, 0, 4;
    %jmp T_8.16;
T_8.7 ;
    %pushi/vec4 1, 0, 4;
    %store/vec4 v0x5573c1b57960_0, 0, 4;
    %jmp T_8.16;
T_8.8 ;
    %pushi/vec4 2, 0, 4;
    %store/vec4 v0x5573c1b57960_0, 0, 4;
    %jmp T_8.16;
T_8.9 ;
    %pushi/vec4 2, 0, 4;
    %store/vec4 v0x5573c1b57960_0, 0, 4;
    %jmp T_8.16;
T_8.10 ;
    %pushi/vec4 4, 0, 4;
    %store/vec4 v0x5573c1b57960_0, 0, 4;
    %jmp T_8.16;
T_8.11 ;
    %pushi/vec4 4, 0, 4;
    %store/vec4 v0x5573c1b57960_0, 0, 4;
    %jmp T_8.16;
T_8.12 ;
    %pushi/vec4 8, 0, 4;
    %store/vec4 v0x5573c1b57960_0, 0, 4;
    %jmp T_8.16;
T_8.13 ;
    %pushi/vec4 8, 0, 4;
    %store/vec4 v0x5573c1b57960_0, 0, 4;
    %jmp T_8.16;
T_8.14 ;
    %pushi/vec4 1, 0, 4;
    %store/vec4 v0x5573c1b57960_0, 0, 4;
    %jmp T_8.16;
T_8.15 ;
    %pushi/vec4 4, 0, 4;
    %store/vec4 v0x5573c1b57960_0, 0, 4;
    %jmp T_8.16;
T_8.16 ;
    %pop/vec4 1;
    %jmp T_8;
    .thread T_8;
    .scope S_0x5573c1b57b50;
T_9 ;
    %wait E_0x5573c1afc6e0;
    %load/vec4 v0x5573c1b57db0_0;
    %dup/vec4;
    %pushi/vec4 0, 0, 4;
    %cmp/u;
    %jmp/1 T_9.0, 6;
    %dup/vec4;
    %pushi/vec4 1, 0, 4;
    %cmp/u;
    %jmp/1 T_9.1, 6;
    %dup/vec4;
    %pushi/vec4 2, 0, 4;
    %cmp/u;
    %jmp/1 T_9.2, 6;
    %dup/vec4;
    %pushi/vec4 3, 0, 4;
    %cmp/u;
    %jmp/1 T_9.3, 6;
    %dup/vec4;
    %pushi/vec4 4, 0, 4;
    %cmp/u;
    %jmp/1 T_9.4, 6;
    %dup/vec4;
    %pushi/vec4 5, 0, 4;
    %cmp/u;
    %jmp/1 T_9.5, 6;
    %dup/vec4;
    %pushi/vec4 6, 0, 4;
    %cmp/u;
    %jmp/1 T_9.6, 6;
    %dup/vec4;
    %pushi/vec4 7, 0, 4;
    %cmp/u;
    %jmp/1 T_9.7, 6;
    %dup/vec4;
    %pushi/vec4 8, 0, 4;
    %cmp/u;
    %jmp/1 T_9.8, 6;
    %dup/vec4;
    %pushi/vec4 9, 0, 4;
    %cmp/u;
    %jmp/1 T_9.9, 6;
    %dup/vec4;
    %pushi/vec4 10, 0, 4;
    %cmp/u;
    %jmp/1 T_9.10, 6;
    %dup/vec4;
    %pushi/vec4 11, 0, 4;
    %cmp/u;
    %jmp/1 T_9.11, 6;
    %dup/vec4;
    %pushi/vec4 12, 0, 4;
    %cmp/u;
    %jmp/1 T_9.12, 6;
    %dup/vec4;
    %pushi/vec4 13, 0, 4;
    %cmp/u;
    %jmp/1 T_9.13, 6;
    %dup/vec4;
    %pushi/vec4 14, 0, 4;
    %cmp/u;
    %jmp/1 T_9.14, 6;
    %dup/vec4;
    %pushi/vec4 15, 0, 4;
    %cmp/u;
    %jmp/1 T_9.15, 6;
    %jmp T_9.16;
T_9.0 ;
    %pushi/vec4 1, 0, 4;
    %store/vec4 v0x5573c1b58040_0, 0, 4;
    %jmp T_9.16;
T_9.1 ;
    %pushi/vec4 2, 0, 4;
    %store/vec4 v0x5573c1b58040_0, 0, 4;
    %jmp T_9.16;
T_9.2 ;
    %pushi/vec4 4, 0, 4;
    %store/vec4 v0x5573c1b58040_0, 0, 4;
    %jmp T_9.16;
T_9.3 ;
    %pushi/vec4 8, 0, 4;
    %store/vec4 v0x5573c1b58040_0, 0, 4;
    %jmp T_9.16;
T_9.4 ;
    %pushi/vec4 4, 0, 4;
    %store/vec4 v0x5573c1b58040_0, 0, 4;
    %jmp T_9.16;
T_9.5 ;
    %pushi/vec4 2, 0, 4;
    %store/vec4 v0x5573c1b58040_0, 0, 4;
    %jmp T_9.16;
T_9.6 ;
    %pushi/vec4 1, 0, 4;
    %store/vec4 v0x5573c1b58040_0, 0, 4;
    %jmp T_9.16;
T_9.7 ;
    %pushi/vec4 1, 0, 4;
    %store/vec4 v0x5573c1b58040_0, 0, 4;
    %jmp T_9.16;
T_9.8 ;
    %pushi/vec4 2, 0, 4;
    %store/vec4 v0x5573c1b58040_0, 0, 4;
    %jmp T_9.16;
T_9.9 ;
    %pushi/vec4 2, 0, 4;
    %store/vec4 v0x5573c1b58040_0, 0, 4;
    %jmp T_9.16;
T_9.10 ;
    %pushi/vec4 4, 0, 4;
    %store/vec4 v0x5573c1b58040_0, 0, 4;
    %jmp T_9.16;
T_9.11 ;
    %pushi/vec4 4, 0, 4;
    %store/vec4 v0x5573c1b58040_0, 0, 4;
    %jmp T_9.16;
T_9.12 ;
    %pushi/vec4 8, 0, 4;
    %store/vec4 v0x5573c1b58040_0, 0, 4;
    %jmp T_9.16;
T_9.13 ;
    %pushi/vec4 8, 0, 4;
    %store/vec4 v0x5573c1b58040_0, 0, 4;
    %jmp T_9.16;
T_9.14 ;
    %pushi/vec4 1, 0, 4;
    %store/vec4 v0x5573c1b58040_0, 0, 4;
    %jmp T_9.16;
T_9.15 ;
    %pushi/vec4 4, 0, 4;
    %store/vec4 v0x5573c1b58040_0, 0, 4;
    %jmp T_9.16;
T_9.16 ;
    %pop/vec4 1;
    %jmp T_9;
    .thread T_9;
    .scope S_0x5573c1b56be0;
T_10 ;
    %wait E_0x5573c1b3e150;
    %load/vec4 v0x5573c1b57240_0;
    %flag_set/vec4 8;
    %jmp/0xz  T_10.0, 8;
    %pushi/vec4 0, 0, 1;
    %assign/vec4 v0x5573c1b57090_0, 0;
    %pushi/vec4 0, 0, 1;
    %assign/vec4 v0x5573c1b57130_0, 0;
    %jmp T_10.1;
T_10.0 ;
    %load/vec4 v0x5573c1b56f00_0;
    %flag_set/vec4 8;
    %jmp/0xz  T_10.2, 8;
    %load/vec4 v0x5573c1b57300_0;
    %assign/vec4 v0x5573c1b57090_0, 0;
    %load/vec4 v0x5573c1b57090_0;
    %assign/vec4 v0x5573c1b57130_0, 0;
T_10.2 ;
T_10.1 ;
    %jmp T_10;
    .thread T_10;
    .scope S_0x5573c1b561c0;
T_11 ;
    %wait E_0x5573c1b56480;
    %load/vec4 v0x5573c1b56940_0;
    %flag_set/vec4 8;
    %jmp/0xz  T_11.0, 8;
    %pushi/vec4 0, 0, 12;
    %assign/vec4 v0x5573c1b564e0_0, 0;
    %jmp T_11.1;
T_11.0 ;
    %load/vec4 v0x5573c1b565e0_0;
    %flag_set/vec4 8;
    %jmp/0xz  T_11.2, 8;
    %load/vec4 v0x5573c1b56a00_0;
    %flag_set/vec4 8;
    %jmp/0xz  T_11.4, 8;
    %pushi/vec4 0, 0, 12;
    %assign/vec4 v0x5573c1b564e0_0, 0;
    %jmp T_11.5;
T_11.4 ;
    %load/vec4 v0x5573c1b566f0_0;
    %flag_set/vec4 8;
    %jmp/0xz  T_11.6, 8;
    %load/vec4 v0x5573c1b564e0_0;
    %pad/u 32;
    %cmpi/e 2999, 0, 32;
    %jmp/0xz  T_11.8, 4;
    %pushi/vec4 0, 0, 12;
    %assign/vec4 v0x5573c1b564e0_0, 0;
    %jmp T_11.9;
T_11.8 ;
    %load/vec4 v0x5573c1b564e0_0;
    %addi 1, 0, 12;
    %assign/vec4 v0x5573c1b564e0_0, 0;
T_11.9 ;
T_11.6 ;
T_11.5 ;
T_11.2 ;
T_11.1 ;
    %jmp T_11;
    .thread T_11;
    .scope S_0x5573c1b561c0;
T_12 ;
    %wait E_0x5573c1b3e790;
    %load/vec4 v0x5573c1b564e0_0;
    %pad/u 32;
    %cmpi/e 2999, 0, 32;
    %jmp/0xz  T_12.0, 4;
    %pushi/vec4 1, 0, 1;
    %store/vec4 v0x5573c1b56790_0, 0, 1;
    %jmp T_12.1;
T_12.0 ;
    %pushi/vec4 0, 0, 1;
    %store/vec4 v0x5573c1b56790_0, 0, 1;
T_12.1 ;
    %jmp T_12;
    .thread T_12, $push;
    .scope S_0x5573c1b561c0;
T_13 ;
    %wait E_0x5573c1b3e790;
    %load/vec4 v0x5573c1b564e0_0;
    %pad/u 32;
    %cmpi/e 1499, 0, 32;
    %jmp/0xz  T_13.0, 4;
    %pushi/vec4 1, 0, 1;
    %store/vec4 v0x5573c1b56830_0, 0, 1;
    %jmp T_13.1;
T_13.0 ;
    %pushi/vec4 0, 0, 1;
    %store/vec4 v0x5573c1b56830_0, 0, 1;
T_13.1 ;
    %jmp T_13;
    .thread T_13, $push;
    .scope S_0x5573c1b5a4a0;
T_14 ;
    %wait E_0x5573c1b5a6e0;
    %load/vec4 v0x5573c1b5a860_0;
    %dup/vec4;
    %pushi/vec4 0, 0, 4;
    %cmp/u;
    %jmp/1 T_14.0, 6;
    %dup/vec4;
    %pushi/vec4 1, 0, 4;
    %cmp/u;
    %jmp/1 T_14.1, 6;
    %dup/vec4;
    %pushi/vec4 2, 0, 4;
    %cmp/u;
    %jmp/1 T_14.2, 6;
    %dup/vec4;
    %pushi/vec4 3, 0, 4;
    %cmp/u;
    %jmp/1 T_14.3, 6;
    %dup/vec4;
    %pushi/vec4 4, 0, 4;
    %cmp/u;
    %jmp/1 T_14.4, 6;
    %dup/vec4;
    %pushi/vec4 5, 0, 4;
    %cmp/u;
    %jmp/1 T_14.5, 6;
    %dup/vec4;
    %pushi/vec4 6, 0, 4;
    %cmp/u;
    %jmp/1 T_14.6, 6;
    %dup/vec4;
    %pushi/vec4 7, 0, 4;
    %cmp/u;
    %jmp/1 T_14.7, 6;
    %dup/vec4;
    %pushi/vec4 8, 0, 4;
    %cmp/u;
    %jmp/1 T_14.8, 6;
    %dup/vec4;
    %pushi/vec4 9, 0, 4;
    %cmp/u;
    %jmp/1 T_14.9, 6;
    %dup/vec4;
    %pushi/vec4 10, 0, 4;
    %cmp/u;
    %jmp/1 T_14.10, 6;
    %dup/vec4;
    %pushi/vec4 11, 0, 4;
    %cmp/u;
    %jmp/1 T_14.11, 6;
    %dup/vec4;
    %pushi/vec4 12, 0, 4;
    %cmp/u;
    %jmp/1 T_14.12, 6;
    %dup/vec4;
    %pushi/vec4 13, 0, 4;
    %cmp/u;
    %jmp/1 T_14.13, 6;
    %dup/vec4;
    %pushi/vec4 14, 0, 4;
    %cmp/u;
    %jmp/1 T_14.14, 6;
    %dup/vec4;
    %pushi/vec4 15, 0, 4;
    %cmp/u;
    %jmp/1 T_14.15, 6;
    %pushi/vec4 127, 0, 7;
    %store/vec4 v0x5573c1b5a760_0, 0, 7;
    %jmp T_14.17;
T_14.0 ;
    %pushi/vec4 64, 0, 7;
    %store/vec4 v0x5573c1b5a760_0, 0, 7;
    %jmp T_14.17;
T_14.1 ;
    %pushi/vec4 121, 0, 7;
    %store/vec4 v0x5573c1b5a760_0, 0, 7;
    %jmp T_14.17;
T_14.2 ;
    %pushi/vec4 36, 0, 7;
    %store/vec4 v0x5573c1b5a760_0, 0, 7;
    %jmp T_14.17;
T_14.3 ;
    %pushi/vec4 48, 0, 7;
    %store/vec4 v0x5573c1b5a760_0, 0, 7;
    %jmp T_14.17;
T_14.4 ;
    %pushi/vec4 25, 0, 7;
    %store/vec4 v0x5573c1b5a760_0, 0, 7;
    %jmp T_14.17;
T_14.5 ;
    %pushi/vec4 18, 0, 7;
    %store/vec4 v0x5573c1b5a760_0, 0, 7;
    %jmp T_14.17;
T_14.6 ;
    %pushi/vec4 2, 0, 7;
    %store/vec4 v0x5573c1b5a760_0, 0, 7;
    %jmp T_14.17;
T_14.7 ;
    %pushi/vec4 120, 0, 7;
    %store/vec4 v0x5573c1b5a760_0, 0, 7;
    %jmp T_14.17;
T_14.8 ;
    %pushi/vec4 0, 0, 7;
    %store/vec4 v0x5573c1b5a760_0, 0, 7;
    %jmp T_14.17;
T_14.9 ;
    %pushi/vec4 16, 0, 7;
    %store/vec4 v0x5573c1b5a760_0, 0, 7;
    %jmp T_14.17;
T_14.10 ;
    %pushi/vec4 8, 0, 7;
    %store/vec4 v0x5573c1b5a760_0, 0, 7;
    %jmp T_14.17;
T_14.11 ;
    %pushi/vec4 3, 0, 7;
    %store/vec4 v0x5573c1b5a760_0, 0, 7;
    %jmp T_14.17;
T_14.12 ;
    %pushi/vec4 70, 0, 7;
    %store/vec4 v0x5573c1b5a760_0, 0, 7;
    %jmp T_14.17;
T_14.13 ;
    %pushi/vec4 33, 0, 7;
    %store/vec4 v0x5573c1b5a760_0, 0, 7;
    %jmp T_14.17;
T_14.14 ;
    %pushi/vec4 6, 0, 7;
    %store/vec4 v0x5573c1b5a760_0, 0, 7;
    %jmp T_14.17;
T_14.15 ;
    %pushi/vec4 14, 0, 7;
    %store/vec4 v0x5573c1b5a760_0, 0, 7;
    %jmp T_14.17;
T_14.17 ;
    %pop/vec4 1;
    %jmp T_14;
    .thread T_14, $push;
    .scope S_0x5573c1b5a990;
T_15 ;
    %wait E_0x5573c1b5abe0;
    %load/vec4 v0x5573c1b5ad40_0;
    %dup/vec4;
    %pushi/vec4 0, 0, 4;
    %cmp/u;
    %jmp/1 T_15.0, 6;
    %dup/vec4;
    %pushi/vec4 1, 0, 4;
    %cmp/u;
    %jmp/1 T_15.1, 6;
    %dup/vec4;
    %pushi/vec4 2, 0, 4;
    %cmp/u;
    %jmp/1 T_15.2, 6;
    %dup/vec4;
    %pushi/vec4 3, 0, 4;
    %cmp/u;
    %jmp/1 T_15.3, 6;
    %dup/vec4;
    %pushi/vec4 4, 0, 4;
    %cmp/u;
    %jmp/1 T_15.4, 6;
    %dup/vec4;
    %pushi/vec4 5, 0, 4;
    %cmp/u;
    %jmp/1 T_15.5, 6;
    %dup/vec4;
    %pushi/vec4 6, 0, 4;
    %cmp/u;
    %jmp/1 T_15.6, 6;
    %dup/vec4;
    %pushi/vec4 7, 0, 4;
    %cmp/u;
    %jmp/1 T_15.7, 6;
    %dup/vec4;
    %pushi/vec4 8, 0, 4;
    %cmp/u;
    %jmp/1 T_15.8, 6;
    %dup/vec4;
    %pushi/vec4 9, 0, 4;
    %cmp/u;
    %jmp/1 T_15.9, 6;
    %dup/vec4;
    %pushi/vec4 10, 0, 4;
    %cmp/u;
    %jmp/1 T_15.10, 6;
    %dup/vec4;
    %pushi/vec4 11, 0, 4;
    %cmp/u;
    %jmp/1 T_15.11, 6;
    %dup/vec4;
    %pushi/vec4 12, 0, 4;
    %cmp/u;
    %jmp/1 T_15.12, 6;
    %dup/vec4;
    %pushi/vec4 13, 0, 4;
    %cmp/u;
    %jmp/1 T_15.13, 6;
    %dup/vec4;
    %pushi/vec4 14, 0, 4;
    %cmp/u;
    %jmp/1 T_15.14, 6;
    %dup/vec4;
    %pushi/vec4 15, 0, 4;
    %cmp/u;
    %jmp/1 T_15.15, 6;
    %pushi/vec4 127, 0, 7;
    %store/vec4 v0x5573c1b5ac40_0, 0, 7;
    %jmp T_15.17;
T_15.0 ;
    %pushi/vec4 64, 0, 7;
    %store/vec4 v0x5573c1b5ac40_0, 0, 7;
    %jmp T_15.17;
T_15.1 ;
    %pushi/vec4 121, 0, 7;
    %store/vec4 v0x5573c1b5ac40_0, 0, 7;
    %jmp T_15.17;
T_15.2 ;
    %pushi/vec4 36, 0, 7;
    %store/vec4 v0x5573c1b5ac40_0, 0, 7;
    %jmp T_15.17;
T_15.3 ;
    %pushi/vec4 48, 0, 7;
    %store/vec4 v0x5573c1b5ac40_0, 0, 7;
    %jmp T_15.17;
T_15.4 ;
    %pushi/vec4 25, 0, 7;
    %store/vec4 v0x5573c1b5ac40_0, 0, 7;
    %jmp T_15.17;
T_15.5 ;
    %pushi/vec4 18, 0, 7;
    %store/vec4 v0x5573c1b5ac40_0, 0, 7;
    %jmp T_15.17;
T_15.6 ;
    %pushi/vec4 2, 0, 7;
    %store/vec4 v0x5573c1b5ac40_0, 0, 7;
    %jmp T_15.17;
T_15.7 ;
    %pushi/vec4 120, 0, 7;
    %store/vec4 v0x5573c1b5ac40_0, 0, 7;
    %jmp T_15.17;
T_15.8 ;
    %pushi/vec4 0, 0, 7;
    %store/vec4 v0x5573c1b5ac40_0, 0, 7;
    %jmp T_15.17;
T_15.9 ;
    %pushi/vec4 16, 0, 7;
    %store/vec4 v0x5573c1b5ac40_0, 0, 7;
    %jmp T_15.17;
T_15.10 ;
    %pushi/vec4 8, 0, 7;
    %store/vec4 v0x5573c1b5ac40_0, 0, 7;
    %jmp T_15.17;
T_15.11 ;
    %pushi/vec4 3, 0, 7;
    %store/vec4 v0x5573c1b5ac40_0, 0, 7;
    %jmp T_15.17;
T_15.12 ;
    %pushi/vec4 70, 0, 7;
    %store/vec4 v0x5573c1b5ac40_0, 0, 7;
    %jmp T_15.17;
T_15.13 ;
    %pushi/vec4 33, 0, 7;
    %store/vec4 v0x5573c1b5ac40_0, 0, 7;
    %jmp T_15.17;
T_15.14 ;
    %pushi/vec4 6, 0, 7;
    %store/vec4 v0x5573c1b5ac40_0, 0, 7;
    %jmp T_15.17;
T_15.15 ;
    %pushi/vec4 14, 0, 7;
    %store/vec4 v0x5573c1b5ac40_0, 0, 7;
    %jmp T_15.17;
T_15.17 ;
    %pop/vec4 1;
    %jmp T_15;
    .thread T_15, $push;
    .scope S_0x5573c1b5b350;
T_16 ;
    %wait E_0x5573c1b5b5c0;
    %load/vec4 v0x5573c1b5b740_0;
    %dup/vec4;
    %pushi/vec4 0, 0, 4;
    %cmp/u;
    %jmp/1 T_16.0, 6;
    %dup/vec4;
    %pushi/vec4 1, 0, 4;
    %cmp/u;
    %jmp/1 T_16.1, 6;
    %dup/vec4;
    %pushi/vec4 2, 0, 4;
    %cmp/u;
    %jmp/1 T_16.2, 6;
    %dup/vec4;
    %pushi/vec4 3, 0, 4;
    %cmp/u;
    %jmp/1 T_16.3, 6;
    %dup/vec4;
    %pushi/vec4 4, 0, 4;
    %cmp/u;
    %jmp/1 T_16.4, 6;
    %dup/vec4;
    %pushi/vec4 5, 0, 4;
    %cmp/u;
    %jmp/1 T_16.5, 6;
    %dup/vec4;
    %pushi/vec4 6, 0, 4;
    %cmp/u;
    %jmp/1 T_16.6, 6;
    %dup/vec4;
    %pushi/vec4 7, 0, 4;
    %cmp/u;
    %jmp/1 T_16.7, 6;
    %dup/vec4;
    %pushi/vec4 8, 0, 4;
    %cmp/u;
    %jmp/1 T_16.8, 6;
    %dup/vec4;
    %pushi/vec4 9, 0, 4;
    %cmp/u;
    %jmp/1 T_16.9, 6;
    %dup/vec4;
    %pushi/vec4 10, 0, 4;
    %cmp/u;
    %jmp/1 T_16.10, 6;
    %dup/vec4;
    %pushi/vec4 11, 0, 4;
    %cmp/u;
    %jmp/1 T_16.11, 6;
    %dup/vec4;
    %pushi/vec4 12, 0, 4;
    %cmp/u;
    %jmp/1 T_16.12, 6;
    %dup/vec4;
    %pushi/vec4 13, 0, 4;
    %cmp/u;
    %jmp/1 T_16.13, 6;
    %dup/vec4;
    %pushi/vec4 14, 0, 4;
    %cmp/u;
    %jmp/1 T_16.14, 6;
    %dup/vec4;
    %pushi/vec4 15, 0, 4;
    %cmp/u;
    %jmp/1 T_16.15, 6;
    %pushi/vec4 127, 0, 7;
    %store/vec4 v0x5573c1b5b640_0, 0, 7;
    %jmp T_16.17;
T_16.0 ;
    %pushi/vec4 64, 0, 7;
    %store/vec4 v0x5573c1b5b640_0, 0, 7;
    %jmp T_16.17;
T_16.1 ;
    %pushi/vec4 121, 0, 7;
    %store/vec4 v0x5573c1b5b640_0, 0, 7;
    %jmp T_16.17;
T_16.2 ;
    %pushi/vec4 36, 0, 7;
    %store/vec4 v0x5573c1b5b640_0, 0, 7;
    %jmp T_16.17;
T_16.3 ;
    %pushi/vec4 48, 0, 7;
    %store/vec4 v0x5573c1b5b640_0, 0, 7;
    %jmp T_16.17;
T_16.4 ;
    %pushi/vec4 25, 0, 7;
    %store/vec4 v0x5573c1b5b640_0, 0, 7;
    %jmp T_16.17;
T_16.5 ;
    %pushi/vec4 18, 0, 7;
    %store/vec4 v0x5573c1b5b640_0, 0, 7;
    %jmp T_16.17;
T_16.6 ;
    %pushi/vec4 2, 0, 7;
    %store/vec4 v0x5573c1b5b640_0, 0, 7;
    %jmp T_16.17;
T_16.7 ;
    %pushi/vec4 120, 0, 7;
    %store/vec4 v0x5573c1b5b640_0, 0, 7;
    %jmp T_16.17;
T_16.8 ;
    %pushi/vec4 0, 0, 7;
    %store/vec4 v0x5573c1b5b640_0, 0, 7;
    %jmp T_16.17;
T_16.9 ;
    %pushi/vec4 16, 0, 7;
    %store/vec4 v0x5573c1b5b640_0, 0, 7;
    %jmp T_16.17;
T_16.10 ;
    %pushi/vec4 8, 0, 7;
    %store/vec4 v0x5573c1b5b640_0, 0, 7;
    %jmp T_16.17;
T_16.11 ;
    %pushi/vec4 3, 0, 7;
    %store/vec4 v0x5573c1b5b640_0, 0, 7;
    %jmp T_16.17;
T_16.12 ;
    %pushi/vec4 70, 0, 7;
    %store/vec4 v0x5573c1b5b640_0, 0, 7;
    %jmp T_16.17;
T_16.13 ;
    %pushi/vec4 33, 0, 7;
    %store/vec4 v0x5573c1b5b640_0, 0, 7;
    %jmp T_16.17;
T_16.14 ;
    %pushi/vec4 6, 0, 7;
    %store/vec4 v0x5573c1b5b640_0, 0, 7;
    %jmp T_16.17;
T_16.15 ;
    %pushi/vec4 14, 0, 7;
    %store/vec4 v0x5573c1b5b640_0, 0, 7;
    %jmp T_16.17;
T_16.17 ;
    %pop/vec4 1;
    %jmp T_16;
    .thread T_16, $push;
    .scope S_0x5573c1b5ae70;
T_17 ;
    %wait E_0x5573c1b5b090;
    %load/vec4 v0x5573c1b5b210_0;
    %dup/vec4;
    %pushi/vec4 0, 0, 4;
    %cmp/u;
    %jmp/1 T_17.0, 6;
    %dup/vec4;
    %pushi/vec4 1, 0, 4;
    %cmp/u;
    %jmp/1 T_17.1, 6;
    %dup/vec4;
    %pushi/vec4 2, 0, 4;
    %cmp/u;
    %jmp/1 T_17.2, 6;
    %dup/vec4;
    %pushi/vec4 3, 0, 4;
    %cmp/u;
    %jmp/1 T_17.3, 6;
    %dup/vec4;
    %pushi/vec4 4, 0, 4;
    %cmp/u;
    %jmp/1 T_17.4, 6;
    %dup/vec4;
    %pushi/vec4 5, 0, 4;
    %cmp/u;
    %jmp/1 T_17.5, 6;
    %dup/vec4;
    %pushi/vec4 6, 0, 4;
    %cmp/u;
    %jmp/1 T_17.6, 6;
    %dup/vec4;
    %pushi/vec4 7, 0, 4;
    %cmp/u;
    %jmp/1 T_17.7, 6;
    %dup/vec4;
    %pushi/vec4 8, 0, 4;
    %cmp/u;
    %jmp/1 T_17.8, 6;
    %dup/vec4;
    %pushi/vec4 9, 0, 4;
    %cmp/u;
    %jmp/1 T_17.9, 6;
    %dup/vec4;
    %pushi/vec4 10, 0, 4;
    %cmp/u;
    %jmp/1 T_17.10, 6;
    %dup/vec4;
    %pushi/vec4 11, 0, 4;
    %cmp/u;
    %jmp/1 T_17.11, 6;
    %dup/vec4;
    %pushi/vec4 12, 0, 4;
    %cmp/u;
    %jmp/1 T_17.12, 6;
    %dup/vec4;
    %pushi/vec4 13, 0, 4;
    %cmp/u;
    %jmp/1 T_17.13, 6;
    %dup/vec4;
    %pushi/vec4 14, 0, 4;
    %cmp/u;
    %jmp/1 T_17.14, 6;
    %dup/vec4;
    %pushi/vec4 15, 0, 4;
    %cmp/u;
    %jmp/1 T_17.15, 6;
    %pushi/vec4 127, 0, 7;
    %store/vec4 v0x5573c1b5b110_0, 0, 7;
    %jmp T_17.17;
T_17.0 ;
    %pushi/vec4 64, 0, 7;
    %store/vec4 v0x5573c1b5b110_0, 0, 7;
    %jmp T_17.17;
T_17.1 ;
    %pushi/vec4 121, 0, 7;
    %store/vec4 v0x5573c1b5b110_0, 0, 7;
    %jmp T_17.17;
T_17.2 ;
    %pushi/vec4 36, 0, 7;
    %store/vec4 v0x5573c1b5b110_0, 0, 7;
    %jmp T_17.17;
T_17.3 ;
    %pushi/vec4 48, 0, 7;
    %store/vec4 v0x5573c1b5b110_0, 0, 7;
    %jmp T_17.17;
T_17.4 ;
    %pushi/vec4 25, 0, 7;
    %store/vec4 v0x5573c1b5b110_0, 0, 7;
    %jmp T_17.17;
T_17.5 ;
    %pushi/vec4 18, 0, 7;
    %store/vec4 v0x5573c1b5b110_0, 0, 7;
    %jmp T_17.17;
T_17.6 ;
    %pushi/vec4 2, 0, 7;
    %store/vec4 v0x5573c1b5b110_0, 0, 7;
    %jmp T_17.17;
T_17.7 ;
    %pushi/vec4 120, 0, 7;
    %store/vec4 v0x5573c1b5b110_0, 0, 7;
    %jmp T_17.17;
T_17.8 ;
    %pushi/vec4 0, 0, 7;
    %store/vec4 v0x5573c1b5b110_0, 0, 7;
    %jmp T_17.17;
T_17.9 ;
    %pushi/vec4 16, 0, 7;
    %store/vec4 v0x5573c1b5b110_0, 0, 7;
    %jmp T_17.17;
T_17.10 ;
    %pushi/vec4 8, 0, 7;
    %store/vec4 v0x5573c1b5b110_0, 0, 7;
    %jmp T_17.17;
T_17.11 ;
    %pushi/vec4 3, 0, 7;
    %store/vec4 v0x5573c1b5b110_0, 0, 7;
    %jmp T_17.17;
T_17.12 ;
    %pushi/vec4 70, 0, 7;
    %store/vec4 v0x5573c1b5b110_0, 0, 7;
    %jmp T_17.17;
T_17.13 ;
    %pushi/vec4 33, 0, 7;
    %store/vec4 v0x5573c1b5b110_0, 0, 7;
    %jmp T_17.17;
T_17.14 ;
    %pushi/vec4 6, 0, 7;
    %store/vec4 v0x5573c1b5b110_0, 0, 7;
    %jmp T_17.17;
T_17.15 ;
    %pushi/vec4 14, 0, 7;
    %store/vec4 v0x5573c1b5b110_0, 0, 7;
    %jmp T_17.17;
T_17.17 ;
    %pop/vec4 1;
    %jmp T_17;
    .thread T_17, $push;
    .scope S_0x5573c1b5b840;
T_18 ;
    %wait E_0x5573c1b5ba60;
    %load/vec4 v0x5573c1b5bbe0_0;
    %dup/vec4;
    %pushi/vec4 0, 0, 4;
    %cmp/u;
    %jmp/1 T_18.0, 6;
    %dup/vec4;
    %pushi/vec4 1, 0, 4;
    %cmp/u;
    %jmp/1 T_18.1, 6;
    %dup/vec4;
    %pushi/vec4 2, 0, 4;
    %cmp/u;
    %jmp/1 T_18.2, 6;
    %dup/vec4;
    %pushi/vec4 3, 0, 4;
    %cmp/u;
    %jmp/1 T_18.3, 6;
    %dup/vec4;
    %pushi/vec4 4, 0, 4;
    %cmp/u;
    %jmp/1 T_18.4, 6;
    %dup/vec4;
    %pushi/vec4 5, 0, 4;
    %cmp/u;
    %jmp/1 T_18.5, 6;
    %dup/vec4;
    %pushi/vec4 6, 0, 4;
    %cmp/u;
    %jmp/1 T_18.6, 6;
    %dup/vec4;
    %pushi/vec4 7, 0, 4;
    %cmp/u;
    %jmp/1 T_18.7, 6;
    %dup/vec4;
    %pushi/vec4 8, 0, 4;
    %cmp/u;
    %jmp/1 T_18.8, 6;
    %dup/vec4;
    %pushi/vec4 9, 0, 4;
    %cmp/u;
    %jmp/1 T_18.9, 6;
    %dup/vec4;
    %pushi/vec4 10, 0, 4;
    %cmp/u;
    %jmp/1 T_18.10, 6;
    %dup/vec4;
    %pushi/vec4 11, 0, 4;
    %cmp/u;
    %jmp/1 T_18.11, 6;
    %dup/vec4;
    %pushi/vec4 12, 0, 4;
    %cmp/u;
    %jmp/1 T_18.12, 6;
    %dup/vec4;
    %pushi/vec4 13, 0, 4;
    %cmp/u;
    %jmp/1 T_18.13, 6;
    %dup/vec4;
    %pushi/vec4 14, 0, 4;
    %cmp/u;
    %jmp/1 T_18.14, 6;
    %dup/vec4;
    %pushi/vec4 15, 0, 4;
    %cmp/u;
    %jmp/1 T_18.15, 6;
    %pushi/vec4 127, 0, 7;
    %store/vec4 v0x5573c1b5bae0_0, 0, 7;
    %jmp T_18.17;
T_18.0 ;
    %pushi/vec4 64, 0, 7;
    %store/vec4 v0x5573c1b5bae0_0, 0, 7;
    %jmp T_18.17;
T_18.1 ;
    %pushi/vec4 121, 0, 7;
    %store/vec4 v0x5573c1b5bae0_0, 0, 7;
    %jmp T_18.17;
T_18.2 ;
    %pushi/vec4 36, 0, 7;
    %store/vec4 v0x5573c1b5bae0_0, 0, 7;
    %jmp T_18.17;
T_18.3 ;
    %pushi/vec4 48, 0, 7;
    %store/vec4 v0x5573c1b5bae0_0, 0, 7;
    %jmp T_18.17;
T_18.4 ;
    %pushi/vec4 25, 0, 7;
    %store/vec4 v0x5573c1b5bae0_0, 0, 7;
    %jmp T_18.17;
T_18.5 ;
    %pushi/vec4 18, 0, 7;
    %store/vec4 v0x5573c1b5bae0_0, 0, 7;
    %jmp T_18.17;
T_18.6 ;
    %pushi/vec4 2, 0, 7;
    %store/vec4 v0x5573c1b5bae0_0, 0, 7;
    %jmp T_18.17;
T_18.7 ;
    %pushi/vec4 120, 0, 7;
    %store/vec4 v0x5573c1b5bae0_0, 0, 7;
    %jmp T_18.17;
T_18.8 ;
    %pushi/vec4 0, 0, 7;
    %store/vec4 v0x5573c1b5bae0_0, 0, 7;
    %jmp T_18.17;
T_18.9 ;
    %pushi/vec4 16, 0, 7;
    %store/vec4 v0x5573c1b5bae0_0, 0, 7;
    %jmp T_18.17;
T_18.10 ;
    %pushi/vec4 8, 0, 7;
    %store/vec4 v0x5573c1b5bae0_0, 0, 7;
    %jmp T_18.17;
T_18.11 ;
    %pushi/vec4 3, 0, 7;
    %store/vec4 v0x5573c1b5bae0_0, 0, 7;
    %jmp T_18.17;
T_18.12 ;
    %pushi/vec4 70, 0, 7;
    %store/vec4 v0x5573c1b5bae0_0, 0, 7;
    %jmp T_18.17;
T_18.13 ;
    %pushi/vec4 33, 0, 7;
    %store/vec4 v0x5573c1b5bae0_0, 0, 7;
    %jmp T_18.17;
T_18.14 ;
    %pushi/vec4 6, 0, 7;
    %store/vec4 v0x5573c1b5bae0_0, 0, 7;
    %jmp T_18.17;
T_18.15 ;
    %pushi/vec4 14, 0, 7;
    %store/vec4 v0x5573c1b5bae0_0, 0, 7;
    %jmp T_18.17;
T_18.17 ;
    %pop/vec4 1;
    %jmp T_18;
    .thread T_18, $push;
    .scope S_0x5573c1b2f920;
T_19 ;
    %pushi/vec4 1, 0, 1;
    %store/vec4 v0x5573c1b605d0_0, 0, 1;
    %pushi/vec4 0, 0, 1;
    %store/vec4 v0x5573c1b612e0_0, 0, 1;
    %pushi/vec4 0, 0, 1;
    %store/vec4 v0x5573c1b60fc0_0, 0, 1;
    %pushi/vec4 0, 0, 4;
    %store/vec4 v0x5573c1b60510_0, 0, 4;
    %pushi/vec4 0, 0, 32;
    %store/vec4 v0x5573c1b1c750_0, 0, 32;
    %end;
    .thread T_19;
    .scope S_0x5573c1b2f920;
T_20 ;
    %delay 500, 0;
    %load/vec4 v0x5573c1b605d0_0;
    %inv;
    %store/vec4 v0x5573c1b605d0_0, 0, 1;
    %jmp T_20;
    .thread T_20;
    .scope S_0x5573c1b2f920;
T_21 ;
    %vpi_call 2 81 "$dumpfile", "testbench.vcd" {0 0 0};
    %end;
    .thread T_21;
    .scope S_0x5573c1b2f920;
T_22 ;
    %vpi_call 2 82 "$dumpvars", 32'sb00000000000000000000000000000000, S_0x5573c1b2f920 {0 0 0};
    %end;
    .thread T_22;
    .scope S_0x5573c1b2f920;
T_23 ;
    %vpi_call 2 86 "$display", "Inicio da simulacao" {0 0 0};
    %pushi/vec4 0, 0, 32;
    %store/vec4 v0x5573c1b1c750_0, 0, 32;
    %pushi/vec4 1, 0, 1;
    %store/vec4 v0x5573c1b605d0_0, 0, 1;
    %pushi/vec4 0, 0, 1;
    %store/vec4 v0x5573c1b612e0_0, 0, 1;
    %pushi/vec4 0, 0, 1;
    %store/vec4 v0x5573c1b60fc0_0, 0, 1;
    %pushi/vec4 0, 0, 4;
    %store/vec4 v0x5573c1b60510_0, 0, 4;
    %delay 1000, 0;
    %pushi/vec4 1, 0, 32;
    %store/vec4 v0x5573c1b1c750_0, 0, 32;
    %wait E_0x5573c1afd430;
    %pushi/vec4 1, 0, 1;
    %store/vec4 v0x5573c1b612e0_0, 0, 1;
    %delay 1000, 0;
    %pushi/vec4 0, 0, 1;
    %store/vec4 v0x5573c1b612e0_0, 0, 1;
    %delay 5000, 0;
    %pushi/vec4 2, 0, 32;
    %store/vec4 v0x5573c1b1c750_0, 0, 32;
    %pushi/vec4 1, 0, 1;
    %store/vec4 v0x5573c1b60fc0_0, 0, 1;
    %delay 5000, 0;
    %pushi/vec4 0, 0, 1;
    %store/vec4 v0x5573c1b60fc0_0, 0, 1;
    %delay 5000, 0;
    %pushi/vec4 3, 0, 32;
    %store/vec4 v0x5573c1b1c750_0, 0, 32;
    %wait E_0x5573c1afd430;
    %pushi/vec4 1, 0, 4;
    %store/vec4 v0x5573c1b60510_0, 0, 4;
    %delay 10000, 0;
    %pushi/vec4 0, 0, 4;
    %store/vec4 v0x5573c1b60510_0, 0, 4;
    %delay 10000, 0;
    %pushi/vec4 4, 0, 32;
    %store/vec4 v0x5573c1b1c750_0, 0, 32;
    %wait E_0x5573c1afd430;
    %pushi/vec4 2, 0, 4;
    %store/vec4 v0x5573c1b60510_0, 0, 4;
    %delay 10000, 0;
    %pushi/vec4 0, 0, 4;
    %store/vec4 v0x5573c1b60510_0, 0, 4;
    %delay 10000, 0;
    %pushi/vec4 5, 0, 32;
    %store/vec4 v0x5573c1b1c750_0, 0, 32;
    %wait E_0x5573c1afd430;
    %pushi/vec4 4, 0, 4;
    %store/vec4 v0x5573c1b60510_0, 0, 4;
    %delay 10000, 0;
    %pushi/vec4 0, 0, 4;
    %store/vec4 v0x5573c1b60510_0, 0, 4;
    %delay 10000, 0;
    %pushi/vec4 6, 0, 32;
    %store/vec4 v0x5573c1b1c750_0, 0, 32;
    %wait E_0x5573c1afd430;
    %pushi/vec4 1, 0, 4;
    %store/vec4 v0x5573c1b60510_0, 0, 4;
    %delay 5000, 0;
    %pushi/vec4 0, 0, 4;
    %store/vec4 v0x5573c1b60510_0, 0, 4;
    %delay 10000, 0;
    %pushi/vec4 99, 0, 32;
    %store/vec4 v0x5573c1b1c750_0, 0, 32;
    %delay 100, 0;
    %vpi_call 2 157 "$display", "Fim da simulacao" {0 0 0};
    %vpi_call 2 158 "$stop" {0 0 0};
    %end;
    .thread T_23;
# The file index is used to find the file name in the following table.
:file_names 13;
    "N/A";
    "<interactive>";
    "circuito_exp6_tb.v";
    "circuito_jogo_base.v";
    "fluxo_dados.v";
    "comparador_85.v";
    "contador_163.v";
    "contador_m.v";
    "edge_detector.v";
    "sync_rom_16x4.v";
    "registrador_4.v";
    "hexa7seg.v";
    "unidade_controle.v";
