#! /usr/bin/vvp
:ivl_version "10.3 (stable)";
:ivl_delay_selection "TYPICAL";
:vpi_time_precision - 9;
:vpi_module "system";
:vpi_module "vhdl_sys";
:vpi_module "v2005_math";
:vpi_module "va_math";
S_0x55e5e324e0d0 .scope module, "circuito_exp5_tb_errou" "circuito_exp5_tb_errou" 2 20;
 .timescale -9 -9;
P_0x55e5e3216d00 .param/l "clockPeriod" 0 2 47, +C4<00000000000000000000001111101000>;
v0x55e5e32816f0_0 .net "acertou_out", 0 0, v0x55e5e327f050_0;  1 drivers
v0x55e5e3281800_0 .var "caso", 31 0;
v0x55e5e32818e0_0 .var "chaves_in", 3 0;
v0x55e5e3281980_0 .var "clock_in", 0 0;
v0x55e5e3281b30_0 .net "db_Q_out", 11 0, v0x55e5e3279c40_0;  1 drivers
v0x55e5e3281c40_0 .net "db_clock_out", 0 0, L_0x55e5e32845c0;  1 drivers
v0x55e5e3281ce0_0 .net "db_contagem_out", 6 0, v0x55e5e327d7d0_0;  1 drivers
v0x55e5e3281dd0_0 .net "db_estado_out", 6 0, v0x55e5e327dc90_0;  1 drivers
v0x55e5e3281ee0_0 .net "db_jogadafeita_out", 6 0, v0x55e5e327d330_0;  1 drivers
v0x55e5e3281fa0_0 .net "db_memoria_out", 6 0, v0x55e5e327e1b0_0;  1 drivers
v0x55e5e32820b0_0 .net "db_tem_jogada_out", 0 0, L_0x55e5e3283d00;  1 drivers
v0x55e5e3282150_0 .net "db_timeout_out", 0 0, L_0x55e5e3284630;  1 drivers
v0x55e5e32821f0_0 .net "errou_out", 0 0, v0x55e5e327f3c0_0;  1 drivers
v0x55e5e32822e0_0 .var "iniciar_in", 0 0;
v0x55e5e32823d0_0 .net "leds_out", 3 0, L_0x55e5e32844c0;  1 drivers
v0x55e5e3282470_0 .net "pronto_out", 0 0, v0x55e5e327f7a0_0;  1 drivers
v0x55e5e3282560_0 .var "reset_in", 0 0;
E_0x55e5e322aa30 .event negedge, v0x55e5e3279330_0;
S_0x55e5e3250e60 .scope module, "dut" "circuito_exp5" 2 56, 3 2 0, S_0x55e5e324e0d0;
 .timescale 0 0;
    .port_info 0 /INPUT 1 "clock"
    .port_info 1 /INPUT 1 "reset"
    .port_info 2 /INPUT 1 "iniciar"
    .port_info 3 /INPUT 4 "chaves"
    .port_info 4 /OUTPUT 1 "acertou"
    .port_info 5 /OUTPUT 1 "errou"
    .port_info 6 /OUTPUT 1 "pronto"
    .port_info 7 /OUTPUT 4 "leds"
    .port_info 8 /OUTPUT 7 "db_contagem"
    .port_info 9 /OUTPUT 7 "db_memoria"
    .port_info 10 /OUTPUT 7 "db_estado"
    .port_info 11 /OUTPUT 7 "db_jogadafeita"
    .port_info 12 /OUTPUT 1 "db_clock"
    .port_info 13 /OUTPUT 1 "db_tem_jogada"
    .port_info 14 /OUTPUT 1 "db_timeout"
    .port_info 15 /OUTPUT 12 "db_Q"
L_0x55e5e32844c0 .functor BUFZ 4, L_0x55e5e3284050, C4<0000>, C4<0000>, C4<0000>;
L_0x55e5e32845c0 .functor BUFZ 1, v0x55e5e3281980_0, C4<0>, C4<0>, C4<0>;
L_0x55e5e3284630 .functor BUFZ 1, v0x55e5e3279ed0_0, C4<0>, C4<0>, C4<0>;
v0x55e5e327ff90_0 .net "acertou", 0 0, v0x55e5e327f050_0;  alias, 1 drivers
v0x55e5e3280050_0 .net "chaves", 3 0, v0x55e5e32818e0_0;  1 drivers
v0x55e5e3280140_0 .net "clock", 0 0, v0x55e5e3281980_0;  1 drivers
v0x55e5e32801e0_0 .net "contaC", 0 0, v0x55e5e327f1c0_0;  1 drivers
v0x55e5e3280280_0 .net "db_Q", 11 0, v0x55e5e3279c40_0;  alias, 1 drivers
v0x55e5e32803c0_0 .net "db_clock", 0 0, L_0x55e5e32845c0;  alias, 1 drivers
v0x55e5e3280480_0 .net "db_contagem", 6 0, v0x55e5e327d7d0_0;  alias, 1 drivers
v0x55e5e3280540_0 .net "db_contagem_hex", 3 0, L_0x55e5e3283fe0;  1 drivers
v0x55e5e3280630_0 .net "db_estado", 6 0, v0x55e5e327dc90_0;  alias, 1 drivers
v0x55e5e32806f0_0 .net "db_estado_hex", 3 0, v0x55e5e327f300_0;  1 drivers
v0x55e5e3280790_0 .net "db_jogada_hex", 3 0, L_0x55e5e3284050;  1 drivers
v0x55e5e32808a0_0 .net "db_jogadafeita", 6 0, v0x55e5e327d330_0;  alias, 1 drivers
v0x55e5e3280960_0 .net "db_memoria", 6 0, v0x55e5e327e1b0_0;  alias, 1 drivers
v0x55e5e3280a00_0 .net "db_memoria_hex", 3 0, L_0x55e5e3284110;  1 drivers
v0x55e5e3280af0_0 .net "db_tem_jogada", 0 0, L_0x55e5e3283d00;  alias, 1 drivers
v0x55e5e3280be0_0 .net "db_timeout", 0 0, L_0x55e5e3284630;  alias, 1 drivers
v0x55e5e3280ca0_0 .net "errou", 0 0, v0x55e5e327f3c0_0;  alias, 1 drivers
v0x55e5e3280e50_0 .net "fimC", 0 0, v0x55e5e3279720_0;  1 drivers
v0x55e5e3280ef0_0 .net "igual", 0 0, L_0x55e5e32833f0;  1 drivers
v0x55e5e3280f90_0 .net "iniciar", 0 0, v0x55e5e32822e0_0;  1 drivers
v0x55e5e3281030_0 .net "jogada", 0 0, L_0x55e5e3283530;  1 drivers
v0x55e5e32810d0_0 .net "leds", 3 0, L_0x55e5e32844c0;  alias, 1 drivers
v0x55e5e3281170_0 .net "pronto", 0 0, v0x55e5e327f7a0_0;  alias, 1 drivers
v0x55e5e3281210_0 .net "registraR", 0 0, v0x55e5e327f860_0;  1 drivers
v0x55e5e32812b0_0 .net "reset", 0 0, v0x55e5e3282560_0;  1 drivers
v0x55e5e3281350_0 .net "timeout", 0 0, v0x55e5e3279ed0_0;  1 drivers
v0x55e5e32813f0_0 .net "zeraC", 0 0, v0x55e5e327fab0_0;  1 drivers
v0x55e5e3281490_0 .net "zeraR", 0 0, v0x55e5e327fb50_0;  1 drivers
S_0x55e5e32518f0 .scope module, "fd" "fluxo_dados" 3 45, 4 1 0, S_0x55e5e3250e60;
 .timescale 0 0;
    .port_info 0 /INPUT 1 "clock"
    .port_info 1 /INPUT 1 "zeraR"
    .port_info 2 /INPUT 1 "zeraC"
    .port_info 3 /INPUT 1 "registraR"
    .port_info 4 /INPUT 1 "contaC"
    .port_info 5 /INPUT 4 "chaves"
    .port_info 6 /OUTPUT 1 "chavesIgualMemoria"
    .port_info 7 /OUTPUT 1 "fimC"
    .port_info 8 /OUTPUT 1 "jogada_feita"
    .port_info 9 /OUTPUT 1 "db_tem_jogada"
    .port_info 10 /OUTPUT 4 "db_contagem"
    .port_info 11 /OUTPUT 4 "db_jogada"
    .port_info 12 /OUTPUT 4 "db_memoria"
    .port_info 13 /OUTPUT 12 "Q"
    .port_info 14 /OUTPUT 1 "timeout"
L_0x55e5e3210f80 .functor NOT 1, v0x55e5e327fab0_0, C4<0>, C4<0>, C4<0>;
L_0x55e5e3283660 .functor NOT 1, L_0x55e5e3284350, C4<0>, C4<0>, C4<0>;
L_0x55e5e3283960 .functor OR 1, L_0x55e5e3283730, L_0x55e5e3283890, C4<0>, C4<0>;
L_0x55e5e3283af0 .functor OR 1, L_0x55e5e3283960, L_0x55e5e3283a50, C4<0>, C4<0>;
L_0x55e5e3283d00 .functor OR 1, L_0x55e5e3283af0, L_0x55e5e3283c30, C4<0>, C4<0>;
L_0x55e5e3283e50 .functor OR 1, v0x55e5e327f860_0, v0x55e5e327fb50_0, C4<0>, C4<0>;
L_0x55e5e3283fe0 .functor BUFZ 4, v0x55e5e3279250_0, C4<0000>, C4<0000>, C4<0000>;
L_0x55e5e3284050 .functor BUFZ 4, v0x55e5e327b3f0_0, C4<0000>, C4<0000>, C4<0000>;
L_0x55e5e3284110 .functor BUFZ 4, v0x55e5e327af80_0, C4<0000>, C4<0000>, C4<0000>;
L_0x55e5e3284180 .functor OR 1, v0x55e5e327fb50_0, v0x55e5e327f1c0_0, C4<0>, C4<0>;
L_0x55e5e32842e0 .functor OR 1, L_0x55e5e3284180, v0x55e5e327f860_0, C4<0>, C4<0>;
L_0x55e5e3284350 .functor OR 1, L_0x55e5e32842e0, v0x55e5e327fab0_0, C4<0>, C4<0>;
v0x55e5e327b8b0_0 .net "Q", 11 0, v0x55e5e3279c40_0;  alias, 1 drivers
v0x55e5e327b990_0 .net *"_s19", 0 0, L_0x55e5e3283730;  1 drivers
v0x55e5e327ba50_0 .net *"_s21", 0 0, L_0x55e5e3283890;  1 drivers
v0x55e5e327bb40_0 .net *"_s22", 0 0, L_0x55e5e3283960;  1 drivers
v0x55e5e327bc20_0 .net *"_s25", 0 0, L_0x55e5e3283a50;  1 drivers
v0x55e5e327bd00_0 .net *"_s26", 0 0, L_0x55e5e3283af0;  1 drivers
v0x55e5e327bde0_0 .net *"_s29", 0 0, L_0x55e5e3283c30;  1 drivers
v0x55e5e327bec0_0 .net *"_s40", 0 0, L_0x55e5e3284180;  1 drivers
v0x55e5e327bfa0_0 .net *"_s42", 0 0, L_0x55e5e32842e0;  1 drivers
v0x55e5e327c080_0 .net "chaves", 3 0, v0x55e5e32818e0_0;  alias, 1 drivers
v0x55e5e327c140_0 .net "chavesIgualMemoria", 0 0, L_0x55e5e32833f0;  alias, 1 drivers
v0x55e5e327c210_0 .net "clock", 0 0, v0x55e5e3281980_0;  alias, 1 drivers
v0x55e5e327c2b0_0 .net "contaC", 0 0, v0x55e5e327f1c0_0;  alias, 1 drivers
v0x55e5e327c380_0 .net "conta_timeout", 0 0, L_0x55e5e3284350;  1 drivers
v0x55e5e327c420_0 .net "db_contagem", 3 0, L_0x55e5e3283fe0;  alias, 1 drivers
v0x55e5e327c4c0_0 .net "db_jogada", 3 0, L_0x55e5e3284050;  alias, 1 drivers
v0x55e5e327c5a0_0 .net "db_memoria", 3 0, L_0x55e5e3284110;  alias, 1 drivers
v0x55e5e327c680_0 .net "db_tem_jogada", 0 0, L_0x55e5e3283d00;  alias, 1 drivers
v0x55e5e327c750_0 .net "fimC", 0 0, v0x55e5e3279720_0;  alias, 1 drivers
v0x55e5e327c820_0 .net "jogada_feita", 0 0, L_0x55e5e3283530;  alias, 1 drivers
v0x55e5e327c8f0_0 .net "registraR", 0 0, v0x55e5e327f860_0;  alias, 1 drivers
v0x55e5e327c990_0 .net "s_chaves", 3 0, v0x55e5e327b3f0_0;  1 drivers
v0x55e5e327ca80_0 .net "s_dado", 3 0, v0x55e5e327af80_0;  1 drivers
v0x55e5e327cb70_0 .net "s_endereco", 3 0, v0x55e5e3279250_0;  1 drivers
v0x55e5e327cc60_0 .net "timeout", 0 0, v0x55e5e3279ed0_0;  alias, 1 drivers
v0x55e5e327cd00_0 .net "zeraC", 0 0, v0x55e5e327fab0_0;  alias, 1 drivers
v0x55e5e327cda0_0 .net "zeraR", 0 0, v0x55e5e327fb50_0;  alias, 1 drivers
v0x55e5e327ce40_0 .net "zera_timeout", 0 0, L_0x55e5e3283e50;  1 drivers
L_0x55e5e3283730 .part v0x55e5e32818e0_0, 0, 1;
L_0x55e5e3283890 .part v0x55e5e32818e0_0, 1, 1;
L_0x55e5e3283a50 .part v0x55e5e32818e0_0, 2, 1;
L_0x55e5e3283c30 .part v0x55e5e32818e0_0, 3, 1;
S_0x55e5e3250020 .scope module, "comparador" "comparador_85" 4 55, 5 16 0, S_0x55e5e32518f0;
 .timescale 0 0;
    .port_info 0 /INPUT 1 "ALBi"
    .port_info 1 /INPUT 1 "AGBi"
    .port_info 2 /INPUT 1 "AEBi"
    .port_info 3 /INPUT 4 "A"
    .port_info 4 /INPUT 4 "B"
    .port_info 5 /OUTPUT 1 "ALBo"
    .port_info 6 /OUTPUT 1 "AGBo"
    .port_info 7 /OUTPUT 1 "AEBo"
L_0x55e5e32113c0 .functor NOT 5, L_0x55e5e3282760, C4<00000>, C4<00000>, C4<00000>;
L_0x55e5e31ce580 .functor NOT 1, L_0x55e5e3282bf0, C4<0>, C4<0>, C4<0>;
L_0x55e5e31ce6c0 .functor NOT 5, L_0x55e5e3282e10, C4<00000>, C4<00000>, C4<00000>;
L_0x55e5e3231260 .functor NOT 1, L_0x55e5e32831d0, C4<0>, C4<0>, C4<0>;
L_0x7f4d267062a0 .functor BUFT 1, C4<1>, C4<0>, C4<0>, C4<0>;
L_0x55e5e32833f0 .functor AND 1, L_0x55e5e3283350, L_0x7f4d267062a0, C4<1>, C4<1>;
v0x55e5e325c8d0_0 .net "A", 3 0, v0x55e5e327af80_0;  alias, 1 drivers
v0x55e5e325cec0_0 .net "AEBi", 0 0, L_0x7f4d267062a0;  1 drivers
v0x55e5e325d4e0_0 .net "AEBo", 0 0, L_0x55e5e32833f0;  alias, 1 drivers
L_0x7f4d26706258 .functor BUFT 1, C4<0>, C4<0>, C4<0>, C4<0>;
v0x55e5e3244540_0 .net "AGBi", 0 0, L_0x7f4d26706258;  1 drivers
v0x55e5e324d6a0_0 .net "AGBo", 0 0, L_0x55e5e3231260;  1 drivers
L_0x7f4d26706210 .functor BUFT 1, C4<0>, C4<0>, C4<0>, C4<0>;
v0x55e5e3248920_0 .net "ALBi", 0 0, L_0x7f4d26706210;  1 drivers
v0x55e5e3245eb0_0 .net "ALBo", 0 0, L_0x55e5e31ce580;  1 drivers
v0x55e5e3277ba0_0 .net "B", 3 0, v0x55e5e327b3f0_0;  alias, 1 drivers
v0x55e5e3277c80_0 .net "CSG", 4 0, L_0x55e5e32830e0;  1 drivers
v0x55e5e3277d60_0 .net "CSL", 4 0, L_0x55e5e3282ad0;  1 drivers
v0x55e5e3277e40_0 .net *"_s0", 4 0, L_0x55e5e3282760;  1 drivers
v0x55e5e3277f20_0 .net *"_s10", 4 0, L_0x55e5e3282990;  1 drivers
L_0x7f4d26706330 .functor BUFT 1, C4<00000>, C4<0>, C4<0>, C4<0>;
v0x55e5e3278000_0 .net *"_s12", 4 0, L_0x7f4d26706330;  1 drivers
v0x55e5e32780e0_0 .net *"_s19", 0 0, L_0x55e5e3282bf0;  1 drivers
v0x55e5e32781c0_0 .net *"_s22", 4 0, L_0x55e5e3282d30;  1 drivers
L_0x7f4d26706180 .functor BUFT 1, C4<0>, C4<0>, C4<0>, C4<0>;
v0x55e5e32782a0_0 .net *"_s25", 0 0, L_0x7f4d26706180;  1 drivers
v0x55e5e3278380_0 .net *"_s26", 4 0, L_0x55e5e3282e10;  1 drivers
L_0x7f4d267061c8 .functor BUFT 1, C4<0>, C4<0>, C4<0>, C4<0>;
v0x55e5e3278460_0 .net *"_s29", 0 0, L_0x7f4d267061c8;  1 drivers
L_0x7f4d267060f0 .functor BUFT 1, C4<0>, C4<0>, C4<0>, C4<0>;
v0x55e5e3278540_0 .net *"_s3", 0 0, L_0x7f4d267060f0;  1 drivers
v0x55e5e3278620_0 .net *"_s30", 4 0, L_0x55e5e31ce6c0;  1 drivers
v0x55e5e3278700_0 .net *"_s32", 4 0, L_0x55e5e3282f50;  1 drivers
L_0x7f4d26706378 .functor BUFT 1, C4<00000>, C4<0>, C4<0>, C4<0>;
v0x55e5e32787e0_0 .net *"_s34", 4 0, L_0x7f4d26706378;  1 drivers
v0x55e5e32788c0_0 .net *"_s4", 4 0, L_0x55e5e32113c0;  1 drivers
v0x55e5e32789a0_0 .net *"_s41", 0 0, L_0x55e5e32831d0;  1 drivers
v0x55e5e3278a80_0 .net *"_s44", 0 0, L_0x55e5e3283350;  1 drivers
v0x55e5e3278b40_0 .net *"_s6", 4 0, L_0x55e5e32828a0;  1 drivers
L_0x7f4d26706138 .functor BUFT 1, C4<0>, C4<0>, C4<0>, C4<0>;
v0x55e5e3278c20_0 .net *"_s9", 0 0, L_0x7f4d26706138;  1 drivers
L_0x55e5e3282760 .concat [ 4 1 0 0], v0x55e5e327af80_0, L_0x7f4d267060f0;
L_0x55e5e32828a0 .concat [ 4 1 0 0], v0x55e5e327b3f0_0, L_0x7f4d26706138;
L_0x55e5e3282990 .arith/sum 5, L_0x55e5e32113c0, L_0x55e5e32828a0;
L_0x55e5e3282ad0 .arith/sum 5, L_0x55e5e3282990, L_0x7f4d26706330;
L_0x55e5e3282bf0 .part L_0x55e5e3282ad0, 4, 1;
L_0x55e5e3282d30 .concat [ 4 1 0 0], v0x55e5e327af80_0, L_0x7f4d26706180;
L_0x55e5e3282e10 .concat [ 4 1 0 0], v0x55e5e327b3f0_0, L_0x7f4d267061c8;
L_0x55e5e3282f50 .arith/sum 5, L_0x55e5e3282d30, L_0x55e5e31ce6c0;
L_0x55e5e32830e0 .arith/sum 5, L_0x55e5e3282f50, L_0x7f4d26706378;
L_0x55e5e32831d0 .part L_0x55e5e32830e0, 4, 1;
L_0x55e5e3283350 .cmp/eq 4, v0x55e5e327af80_0, v0x55e5e327b3f0_0;
S_0x55e5e3278e00 .scope module, "contador" "contador_163" 4 26, 6 16 0, S_0x55e5e32518f0;
 .timescale 0 0;
    .port_info 0 /INPUT 1 "clock"
    .port_info 1 /INPUT 1 "clr"
    .port_info 2 /INPUT 1 "ld"
    .port_info 3 /INPUT 1 "ent"
    .port_info 4 /INPUT 1 "enp"
    .port_info 5 /INPUT 4 "D"
    .port_info 6 /OUTPUT 4 "Q"
    .port_info 7 /OUTPUT 1 "rco"
L_0x7f4d267060a8 .functor BUFT 1, C4<0000>, C4<0>, C4<0>, C4<0>;
v0x55e5e3279150_0 .net "D", 3 0, L_0x7f4d267060a8;  1 drivers
v0x55e5e3279250_0 .var "Q", 3 0;
v0x55e5e3279330_0 .net "clock", 0 0, v0x55e5e3281980_0;  alias, 1 drivers
v0x55e5e32793d0_0 .net "clr", 0 0, L_0x55e5e3210f80;  1 drivers
v0x55e5e3279490_0 .net "enp", 0 0, v0x55e5e327f1c0_0;  alias, 1 drivers
L_0x7f4d26706060 .functor BUFT 1, C4<1>, C4<0>, C4<0>, C4<0>;
v0x55e5e32795a0_0 .net "ent", 0 0, L_0x7f4d26706060;  1 drivers
L_0x7f4d26706018 .functor BUFT 1, C4<1>, C4<0>, C4<0>, C4<0>;
v0x55e5e3279660_0 .net "ld", 0 0, L_0x7f4d26706018;  1 drivers
v0x55e5e3279720_0 .var "rco", 0 0;
E_0x55e5e3227b20 .event edge, v0x55e5e32795a0_0, v0x55e5e3279250_0;
E_0x55e5e322b4f0 .event posedge, v0x55e5e3279330_0;
S_0x55e5e3279930 .scope module, "contador_timeout" "contador_m" 4 75, 7 19 0, S_0x55e5e32518f0;
 .timescale 0 0;
    .port_info 0 /INPUT 1 "clock"
    .port_info 1 /INPUT 1 "zera_as"
    .port_info 2 /INPUT 1 "zera_s"
    .port_info 3 /INPUT 1 "conta"
    .port_info 4 /OUTPUT 12 "Q"
    .port_info 5 /OUTPUT 1 "fim"
    .port_info 6 /OUTPUT 1 "meio"
P_0x55e5e322a540 .param/l "M" 0 7 19, +C4<00000000000000000000101110111000>;
P_0x55e5e322a580 .param/l "N" 0 7 19, +C4<00000000000000000000000000001100>;
v0x55e5e3279c40_0 .var "Q", 11 0;
v0x55e5e3279d40_0 .net "clock", 0 0, v0x55e5e3281980_0;  alias, 1 drivers
v0x55e5e3279e00_0 .net "conta", 0 0, L_0x55e5e3283660;  1 drivers
v0x55e5e3279ed0_0 .var "fim", 0 0;
v0x55e5e3279f70_0 .var "meio", 0 0;
L_0x7f4d267062e8 .functor BUFT 1, C4<0>, C4<0>, C4<0>, C4<0>;
v0x55e5e327a060_0 .net "zera_as", 0 0, L_0x7f4d267062e8;  1 drivers
v0x55e5e327a120_0 .net "zera_s", 0 0, L_0x55e5e3283e50;  alias, 1 drivers
E_0x55e5e322a900 .event edge, v0x55e5e3279c40_0;
E_0x55e5e325dc80 .event posedge, v0x55e5e327a060_0, v0x55e5e3279330_0;
S_0x55e5e327a300 .scope module, "edge_detect" "edge_detector" 4 66, 8 21 0, S_0x55e5e32518f0;
 .timescale 0 0;
    .port_info 0 /INPUT 1 "clock"
    .port_info 1 /INPUT 1 "reset"
    .port_info 2 /INPUT 1 "sinal"
    .port_info 3 /OUTPUT 1 "pulso"
L_0x55e5e3283490 .functor NOT 1, v0x55e5e327a860_0, C4<0>, C4<0>, C4<0>;
L_0x55e5e3283530 .functor AND 1, L_0x55e5e3283490, v0x55e5e327a7c0_0, C4<1>, C4<1>;
v0x55e5e327a510_0 .net *"_s0", 0 0, L_0x55e5e3283490;  1 drivers
v0x55e5e327a610_0 .net "clock", 0 0, v0x55e5e3281980_0;  alias, 1 drivers
v0x55e5e327a720_0 .net "pulso", 0 0, L_0x55e5e3283530;  alias, 1 drivers
v0x55e5e327a7c0_0 .var "reg0", 0 0;
v0x55e5e327a860_0 .var "reg1", 0 0;
v0x55e5e327a970_0 .net "reset", 0 0, v0x55e5e327f860_0;  alias, 1 drivers
v0x55e5e327aa30_0 .net "sinal", 0 0, L_0x55e5e3283d00;  alias, 1 drivers
E_0x55e5e322a6a0 .event posedge, v0x55e5e327a970_0, v0x55e5e3279330_0;
S_0x55e5e327ab70 .scope module, "memoria" "sync_rom_16x4" 4 46, 9 13 0, S_0x55e5e32518f0;
 .timescale 0 0;
    .port_info 0 /INPUT 1 "clock"
    .port_info 1 /INPUT 4 "address"
    .port_info 2 /OUTPUT 4 "data_out"
v0x55e5e327ae00_0 .net "address", 3 0, v0x55e5e3279250_0;  alias, 1 drivers
v0x55e5e327aee0_0 .net "clock", 0 0, v0x55e5e3281980_0;  alias, 1 drivers
v0x55e5e327af80_0 .var "data_out", 3 0;
S_0x55e5e327b090 .scope module, "registrador" "registrador_4" 4 37, 10 13 0, S_0x55e5e32518f0;
 .timescale 0 0;
    .port_info 0 /INPUT 1 "clock"
    .port_info 1 /INPUT 1 "clear"
    .port_info 2 /INPUT 1 "enable"
    .port_info 3 /INPUT 4 "D"
    .port_info 4 /OUTPUT 4 "Q"
v0x55e5e327b2f0_0 .net "D", 3 0, v0x55e5e32818e0_0;  alias, 1 drivers
v0x55e5e327b3f0_0 .var "IQ", 3 0;
v0x55e5e327b4d0_0 .net "Q", 3 0, v0x55e5e327b3f0_0;  alias, 1 drivers
v0x55e5e327b5d0_0 .net "clear", 0 0, v0x55e5e327fb50_0;  alias, 1 drivers
v0x55e5e327b670_0 .net "clock", 0 0, v0x55e5e3281980_0;  alias, 1 drivers
v0x55e5e327b760_0 .net "enable", 0 0, v0x55e5e327f860_0;  alias, 1 drivers
E_0x55e5e327b290 .event posedge, v0x55e5e327b5d0_0, v0x55e5e3279330_0;
S_0x55e5e327d080 .scope module, "hexa7seg_CHAVES" "hexa7seg" 3 64, 11 23 0, S_0x55e5e3250e60;
 .timescale 0 0;
    .port_info 0 /INPUT 4 "hexa"
    .port_info 1 /OUTPUT 7 "display"
v0x55e5e327d330_0 .var "display", 6 0;
v0x55e5e327d430_0 .net "hexa", 3 0, L_0x55e5e3284050;  alias, 1 drivers
E_0x55e5e327d2b0 .event edge, v0x55e5e327c4c0_0;
S_0x55e5e327d530 .scope module, "hexa7seg_CONT" "hexa7seg" 3 70, 11 23 0, S_0x55e5e3250e60;
 .timescale 0 0;
    .port_info 0 /INPUT 4 "hexa"
    .port_info 1 /OUTPUT 7 "display"
v0x55e5e327d7d0_0 .var "display", 6 0;
v0x55e5e327d8d0_0 .net "hexa", 3 0, L_0x55e5e3283fe0;  alias, 1 drivers
E_0x55e5e327d770 .event edge, v0x55e5e327c420_0;
S_0x55e5e327da00 .scope module, "hexa7seg_EST" "hexa7seg" 3 82, 11 23 0, S_0x55e5e3250e60;
 .timescale 0 0;
    .port_info 0 /INPUT 4 "hexa"
    .port_info 1 /OUTPUT 7 "display"
v0x55e5e327dc90_0 .var "display", 6 0;
v0x55e5e327dd90_0 .net "hexa", 3 0, v0x55e5e327f300_0;  alias, 1 drivers
E_0x55e5e327dc10 .event edge, v0x55e5e327dd90_0;
S_0x55e5e327ded0 .scope module, "hexa7seg_MEM" "hexa7seg" 3 76, 11 23 0, S_0x55e5e3250e60;
 .timescale 0 0;
    .port_info 0 /INPUT 4 "hexa"
    .port_info 1 /OUTPUT 7 "display"
v0x55e5e327e1b0_0 .var "display", 6 0;
v0x55e5e327e2b0_0 .net "hexa", 3 0, L_0x55e5e3284110;  alias, 1 drivers
E_0x55e5e327e130 .event edge, v0x55e5e327c5a0_0;
S_0x55e5e327e3b0 .scope module, "uc" "unidade_controle" 3 26, 12 15 0, S_0x55e5e3250e60;
 .timescale 0 0;
    .port_info 0 /INPUT 1 "clock"
    .port_info 1 /INPUT 1 "reset"
    .port_info 2 /INPUT 1 "iniciar"
    .port_info 3 /INPUT 1 "fimC"
    .port_info 4 /INPUT 1 "jogada"
    .port_info 5 /INPUT 1 "igual"
    .port_info 6 /INPUT 1 "timeout"
    .port_info 7 /OUTPUT 1 "zeraC"
    .port_info 8 /OUTPUT 1 "contaC"
    .port_info 9 /OUTPUT 1 "zeraR"
    .port_info 10 /OUTPUT 1 "registraR"
    .port_info 11 /OUTPUT 1 "pronto"
    .port_info 12 /OUTPUT 1 "errou"
    .port_info 13 /OUTPUT 1 "acertou"
    .port_info 14 /OUTPUT 4 "db_estado"
P_0x55e5e327e580 .param/l "comparacao" 0 12 38, C4<0101>;
P_0x55e5e327e5c0 .param/l "derrota" 0 12 40, C4<1110>;
P_0x55e5e327e600 .param/l "espera" 0 12 36, C4<0001>;
P_0x55e5e327e640 .param/l "inicial" 0 12 34, C4<0000>;
P_0x55e5e327e680 .param/l "preparacao" 0 12 35, C4<0011>;
P_0x55e5e327e6c0 .param/l "proximo" 0 12 39, C4<0110>;
P_0x55e5e327e700 .param/l "registra" 0 12 37, C4<0100>;
P_0x55e5e327e740 .param/l "tout" 0 12 42, C4<1011>;
P_0x55e5e327e780 .param/l "vitoria" 0 12 41, C4<1101>;
v0x55e5e327ee70_0 .var "Eatual", 3 0;
v0x55e5e327ef70_0 .var "Eprox", 3 0;
v0x55e5e327f050_0 .var "acertou", 0 0;
v0x55e5e327f120_0 .net "clock", 0 0, v0x55e5e3281980_0;  alias, 1 drivers
v0x55e5e327f1c0_0 .var "contaC", 0 0;
v0x55e5e327f300_0 .var "db_estado", 3 0;
v0x55e5e327f3c0_0 .var "errou", 0 0;
v0x55e5e327f460_0 .net "fimC", 0 0, v0x55e5e3279720_0;  alias, 1 drivers
v0x55e5e327f550_0 .net "igual", 0 0, L_0x55e5e32833f0;  alias, 1 drivers
v0x55e5e327f5f0_0 .net "iniciar", 0 0, v0x55e5e32822e0_0;  alias, 1 drivers
v0x55e5e327f6b0_0 .net "jogada", 0 0, L_0x55e5e3283530;  alias, 1 drivers
v0x55e5e327f7a0_0 .var "pronto", 0 0;
v0x55e5e327f860_0 .var "registraR", 0 0;
v0x55e5e327f900_0 .net "reset", 0 0, v0x55e5e3282560_0;  alias, 1 drivers
v0x55e5e327f9c0_0 .net "timeout", 0 0, v0x55e5e3279ed0_0;  alias, 1 drivers
v0x55e5e327fab0_0 .var "zeraC", 0 0;
v0x55e5e327fb50_0 .var "zeraR", 0 0;
E_0x55e5e327ed30 .event edge, v0x55e5e327ee70_0;
E_0x55e5e327ed90/0 .event edge, v0x55e5e327ee70_0, v0x55e5e327f5f0_0, v0x55e5e3279ed0_0, v0x55e5e327a720_0;
E_0x55e5e327ed90/1 .event edge, v0x55e5e325d4e0_0, v0x55e5e3279720_0;
E_0x55e5e327ed90 .event/or E_0x55e5e327ed90/0, E_0x55e5e327ed90/1;
E_0x55e5e327ee10 .event posedge, v0x55e5e327f900_0, v0x55e5e3279330_0;
    .scope S_0x55e5e327e3b0;
T_0 ;
    %wait E_0x55e5e327ee10;
    %load/vec4 v0x55e5e327f900_0;
    %flag_set/vec4 8;
    %jmp/0xz  T_0.0, 8;
    %pushi/vec4 0, 0, 4;
    %assign/vec4 v0x55e5e327ee70_0, 0;
    %jmp T_0.1;
T_0.0 ;
    %load/vec4 v0x55e5e327ef70_0;
    %assign/vec4 v0x55e5e327ee70_0, 0;
T_0.1 ;
    %jmp T_0;
    .thread T_0;
    .scope S_0x55e5e327e3b0;
T_1 ;
    %wait E_0x55e5e327ed90;
    %load/vec4 v0x55e5e327ee70_0;
    %dup/vec4;
    %pushi/vec4 0, 0, 4;
    %cmp/u;
    %jmp/1 T_1.0, 6;
    %dup/vec4;
    %pushi/vec4 3, 0, 4;
    %cmp/u;
    %jmp/1 T_1.1, 6;
    %dup/vec4;
    %pushi/vec4 1, 0, 4;
    %cmp/u;
    %jmp/1 T_1.2, 6;
    %dup/vec4;
    %pushi/vec4 4, 0, 4;
    %cmp/u;
    %jmp/1 T_1.3, 6;
    %dup/vec4;
    %pushi/vec4 5, 0, 4;
    %cmp/u;
    %jmp/1 T_1.4, 6;
    %dup/vec4;
    %pushi/vec4 6, 0, 4;
    %cmp/u;
    %jmp/1 T_1.5, 6;
    %dup/vec4;
    %pushi/vec4 14, 0, 4;
    %cmp/u;
    %jmp/1 T_1.6, 6;
    %dup/vec4;
    %pushi/vec4 13, 0, 4;
    %cmp/u;
    %jmp/1 T_1.7, 6;
    %dup/vec4;
    %pushi/vec4 11, 0, 4;
    %cmp/u;
    %jmp/1 T_1.8, 6;
    %pushi/vec4 0, 0, 4;
    %store/vec4 v0x55e5e327ef70_0, 0, 4;
    %jmp T_1.10;
T_1.0 ;
    %load/vec4 v0x55e5e327f5f0_0;
    %flag_set/vec4 8;
    %jmp/0 T_1.11, 8;
    %pushi/vec4 3, 0, 4;
    %jmp/1 T_1.12, 8;
T_1.11 ; End of true expr.
    %pushi/vec4 0, 0, 4;
    %jmp/0 T_1.12, 8;
 ; End of false expr.
    %blend;
T_1.12;
    %store/vec4 v0x55e5e327ef70_0, 0, 4;
    %jmp T_1.10;
T_1.1 ;
    %pushi/vec4 1, 0, 4;
    %store/vec4 v0x55e5e327ef70_0, 0, 4;
    %jmp T_1.10;
T_1.2 ;
    %load/vec4 v0x55e5e327f9c0_0;
    %flag_set/vec4 8;
    %jmp/0 T_1.13, 8;
    %pushi/vec4 11, 0, 4;
    %jmp/1 T_1.14, 8;
T_1.13 ; End of true expr.
    %load/vec4 v0x55e5e327f6b0_0;
    %flag_set/vec4 9;
    %jmp/0 T_1.15, 9;
    %pushi/vec4 4, 0, 4;
    %jmp/1 T_1.16, 9;
T_1.15 ; End of true expr.
    %pushi/vec4 1, 0, 4;
    %jmp/0 T_1.16, 9;
 ; End of false expr.
    %blend;
T_1.16;
    %jmp/0 T_1.14, 8;
 ; End of false expr.
    %blend;
T_1.14;
    %store/vec4 v0x55e5e327ef70_0, 0, 4;
    %jmp T_1.10;
T_1.3 ;
    %pushi/vec4 5, 0, 4;
    %store/vec4 v0x55e5e327ef70_0, 0, 4;
    %jmp T_1.10;
T_1.4 ;
    %load/vec4 v0x55e5e327f550_0;
    %inv;
    %flag_set/vec4 8;
    %jmp/0 T_1.17, 8;
    %pushi/vec4 14, 0, 4;
    %jmp/1 T_1.18, 8;
T_1.17 ; End of true expr.
    %load/vec4 v0x55e5e327f460_0;
    %flag_set/vec4 9;
    %jmp/0 T_1.19, 9;
    %pushi/vec4 13, 0, 4;
    %jmp/1 T_1.20, 9;
T_1.19 ; End of true expr.
    %pushi/vec4 6, 0, 4;
    %jmp/0 T_1.20, 9;
 ; End of false expr.
    %blend;
T_1.20;
    %jmp/0 T_1.18, 8;
 ; End of false expr.
    %blend;
T_1.18;
    %store/vec4 v0x55e5e327ef70_0, 0, 4;
    %jmp T_1.10;
T_1.5 ;
    %pushi/vec4 1, 0, 4;
    %store/vec4 v0x55e5e327ef70_0, 0, 4;
    %jmp T_1.10;
T_1.6 ;
    %load/vec4 v0x55e5e327f5f0_0;
    %flag_set/vec4 8;
    %jmp/0 T_1.21, 8;
    %pushi/vec4 3, 0, 4;
    %jmp/1 T_1.22, 8;
T_1.21 ; End of true expr.
    %pushi/vec4 14, 0, 4;
    %jmp/0 T_1.22, 8;
 ; End of false expr.
    %blend;
T_1.22;
    %store/vec4 v0x55e5e327ef70_0, 0, 4;
    %jmp T_1.10;
T_1.7 ;
    %load/vec4 v0x55e5e327f5f0_0;
    %flag_set/vec4 8;
    %jmp/0 T_1.23, 8;
    %pushi/vec4 3, 0, 4;
    %jmp/1 T_1.24, 8;
T_1.23 ; End of true expr.
    %pushi/vec4 13, 0, 4;
    %jmp/0 T_1.24, 8;
 ; End of false expr.
    %blend;
T_1.24;
    %store/vec4 v0x55e5e327ef70_0, 0, 4;
    %jmp T_1.10;
T_1.8 ;
    %load/vec4 v0x55e5e327f5f0_0;
    %flag_set/vec4 8;
    %jmp/0 T_1.25, 8;
    %pushi/vec4 3, 0, 4;
    %jmp/1 T_1.26, 8;
T_1.25 ; End of true expr.
    %pushi/vec4 11, 0, 4;
    %jmp/0 T_1.26, 8;
 ; End of false expr.
    %blend;
T_1.26;
    %store/vec4 v0x55e5e327ef70_0, 0, 4;
    %jmp T_1.10;
T_1.10 ;
    %pop/vec4 1;
    %jmp T_1;
    .thread T_1, $push;
    .scope S_0x55e5e327e3b0;
T_2 ;
    %wait E_0x55e5e327ed30;
    %load/vec4 v0x55e5e327ee70_0;
    %cmpi/e 0, 0, 4;
    %flag_mov 8, 4;
    %load/vec4 v0x55e5e327ee70_0;
    %cmpi/e 3, 0, 4;
    %flag_or 4, 8;
    %flag_mov 8, 4;
    %jmp/0 T_2.0, 8;
    %pushi/vec4 1, 0, 1;
    %jmp/1 T_2.1, 8;
T_2.0 ; End of true expr.
    %pushi/vec4 0, 0, 1;
    %jmp/0 T_2.1, 8;
 ; End of false expr.
    %blend;
T_2.1;
    %store/vec4 v0x55e5e327fab0_0, 0, 1;
    %load/vec4 v0x55e5e327ee70_0;
    %cmpi/e 0, 0, 4;
    %flag_mov 8, 4;
    %load/vec4 v0x55e5e327ee70_0;
    %cmpi/e 3, 0, 4;
    %flag_or 4, 8;
    %flag_mov 8, 4;
    %jmp/0 T_2.2, 8;
    %pushi/vec4 1, 0, 1;
    %jmp/1 T_2.3, 8;
T_2.2 ; End of true expr.
    %pushi/vec4 0, 0, 1;
    %jmp/0 T_2.3, 8;
 ; End of false expr.
    %blend;
T_2.3;
    %store/vec4 v0x55e5e327fb50_0, 0, 1;
    %load/vec4 v0x55e5e327ee70_0;
    %cmpi/e 4, 0, 4;
    %flag_mov 8, 4;
    %jmp/0 T_2.4, 8;
    %pushi/vec4 1, 0, 1;
    %jmp/1 T_2.5, 8;
T_2.4 ; End of true expr.
    %pushi/vec4 0, 0, 1;
    %jmp/0 T_2.5, 8;
 ; End of false expr.
    %blend;
T_2.5;
    %store/vec4 v0x55e5e327f860_0, 0, 1;
    %load/vec4 v0x55e5e327ee70_0;
    %cmpi/e 6, 0, 4;
    %flag_mov 8, 4;
    %jmp/0 T_2.6, 8;
    %pushi/vec4 1, 0, 1;
    %jmp/1 T_2.7, 8;
T_2.6 ; End of true expr.
    %pushi/vec4 0, 0, 1;
    %jmp/0 T_2.7, 8;
 ; End of false expr.
    %blend;
T_2.7;
    %store/vec4 v0x55e5e327f1c0_0, 0, 1;
    %load/vec4 v0x55e5e327ee70_0;
    %cmpi/e 14, 0, 4;
    %flag_mov 8, 4;
    %load/vec4 v0x55e5e327ee70_0;
    %cmpi/e 13, 0, 4;
    %flag_or 4, 8;
    %flag_mov 8, 4;
    %load/vec4 v0x55e5e327ee70_0;
    %cmpi/e 11, 0, 4;
    %flag_or 4, 8;
    %flag_mov 8, 4;
    %jmp/0 T_2.8, 8;
    %pushi/vec4 1, 0, 1;
    %jmp/1 T_2.9, 8;
T_2.8 ; End of true expr.
    %pushi/vec4 0, 0, 1;
    %jmp/0 T_2.9, 8;
 ; End of false expr.
    %blend;
T_2.9;
    %store/vec4 v0x55e5e327f7a0_0, 0, 1;
    %load/vec4 v0x55e5e327ee70_0;
    %cmpi/e 14, 0, 4;
    %flag_mov 8, 4;
    %load/vec4 v0x55e5e327ee70_0;
    %cmpi/e 11, 0, 4;
    %flag_or 4, 8;
    %flag_mov 8, 4;
    %jmp/0 T_2.10, 8;
    %pushi/vec4 1, 0, 1;
    %jmp/1 T_2.11, 8;
T_2.10 ; End of true expr.
    %pushi/vec4 0, 0, 1;
    %jmp/0 T_2.11, 8;
 ; End of false expr.
    %blend;
T_2.11;
    %store/vec4 v0x55e5e327f3c0_0, 0, 1;
    %load/vec4 v0x55e5e327ee70_0;
    %cmpi/e 13, 0, 4;
    %flag_mov 8, 4;
    %jmp/0 T_2.12, 8;
    %pushi/vec4 1, 0, 1;
    %jmp/1 T_2.13, 8;
T_2.12 ; End of true expr.
    %pushi/vec4 0, 0, 1;
    %jmp/0 T_2.13, 8;
 ; End of false expr.
    %blend;
T_2.13;
    %store/vec4 v0x55e5e327f050_0, 0, 1;
    %load/vec4 v0x55e5e327ee70_0;
    %dup/vec4;
    %pushi/vec4 0, 0, 4;
    %cmp/u;
    %jmp/1 T_2.14, 6;
    %dup/vec4;
    %pushi/vec4 3, 0, 4;
    %cmp/u;
    %jmp/1 T_2.15, 6;
    %dup/vec4;
    %pushi/vec4 4, 0, 4;
    %cmp/u;
    %jmp/1 T_2.16, 6;
    %dup/vec4;
    %pushi/vec4 5, 0, 4;
    %cmp/u;
    %jmp/1 T_2.17, 6;
    %dup/vec4;
    %pushi/vec4 6, 0, 4;
    %cmp/u;
    %jmp/1 T_2.18, 6;
    %dup/vec4;
    %pushi/vec4 14, 0, 4;
    %cmp/u;
    %jmp/1 T_2.19, 6;
    %dup/vec4;
    %pushi/vec4 13, 0, 4;
    %cmp/u;
    %jmp/1 T_2.20, 6;
    %dup/vec4;
    %pushi/vec4 1, 0, 4;
    %cmp/u;
    %jmp/1 T_2.21, 6;
    %dup/vec4;
    %pushi/vec4 11, 0, 4;
    %cmp/u;
    %jmp/1 T_2.22, 6;
    %pushi/vec4 15, 0, 4;
    %store/vec4 v0x55e5e327f300_0, 0, 4;
    %jmp T_2.24;
T_2.14 ;
    %pushi/vec4 0, 0, 4;
    %store/vec4 v0x55e5e327f300_0, 0, 4;
    %jmp T_2.24;
T_2.15 ;
    %pushi/vec4 3, 0, 4;
    %store/vec4 v0x55e5e327f300_0, 0, 4;
    %jmp T_2.24;
T_2.16 ;
    %pushi/vec4 4, 0, 4;
    %store/vec4 v0x55e5e327f300_0, 0, 4;
    %jmp T_2.24;
T_2.17 ;
    %pushi/vec4 5, 0, 4;
    %store/vec4 v0x55e5e327f300_0, 0, 4;
    %jmp T_2.24;
T_2.18 ;
    %pushi/vec4 6, 0, 4;
    %store/vec4 v0x55e5e327f300_0, 0, 4;
    %jmp T_2.24;
T_2.19 ;
    %pushi/vec4 14, 0, 4;
    %store/vec4 v0x55e5e327f300_0, 0, 4;
    %jmp T_2.24;
T_2.20 ;
    %pushi/vec4 13, 0, 4;
    %store/vec4 v0x55e5e327f300_0, 0, 4;
    %jmp T_2.24;
T_2.21 ;
    %pushi/vec4 1, 0, 4;
    %store/vec4 v0x55e5e327f300_0, 0, 4;
    %jmp T_2.24;
T_2.22 ;
    %pushi/vec4 11, 0, 4;
    %store/vec4 v0x55e5e327f300_0, 0, 4;
    %jmp T_2.24;
T_2.24 ;
    %pop/vec4 1;
    %jmp T_2;
    .thread T_2, $push;
    .scope S_0x55e5e3278e00;
T_3 ;
    %wait E_0x55e5e322b4f0;
    %load/vec4 v0x55e5e32793d0_0;
    %inv;
    %flag_set/vec4 8;
    %jmp/0xz  T_3.0, 8;
    %pushi/vec4 0, 0, 4;
    %assign/vec4 v0x55e5e3279250_0, 0;
    %jmp T_3.1;
T_3.0 ;
    %load/vec4 v0x55e5e3279660_0;
    %inv;
    %flag_set/vec4 8;
    %jmp/0xz  T_3.2, 8;
    %load/vec4 v0x55e5e3279150_0;
    %assign/vec4 v0x55e5e3279250_0, 0;
    %jmp T_3.3;
T_3.2 ;
    %load/vec4 v0x55e5e32795a0_0;
    %load/vec4 v0x55e5e3279490_0;
    %and;
    %flag_set/vec4 8;
    %jmp/0xz  T_3.4, 8;
    %load/vec4 v0x55e5e3279250_0;
    %addi 1, 0, 4;
    %assign/vec4 v0x55e5e3279250_0, 0;
    %jmp T_3.5;
T_3.4 ;
    %load/vec4 v0x55e5e3279250_0;
    %assign/vec4 v0x55e5e3279250_0, 0;
T_3.5 ;
T_3.3 ;
T_3.1 ;
    %jmp T_3;
    .thread T_3;
    .scope S_0x55e5e3278e00;
T_4 ;
    %wait E_0x55e5e3227b20;
    %load/vec4 v0x55e5e32795a0_0;
    %load/vec4 v0x55e5e3279250_0;
    %pushi/vec4 15, 0, 4;
    %cmp/e;
    %flag_get/vec4 4;
    %and;
    %flag_set/vec4 8;
    %jmp/0xz  T_4.0, 8;
    %pushi/vec4 1, 0, 1;
    %store/vec4 v0x55e5e3279720_0, 0, 1;
    %jmp T_4.1;
T_4.0 ;
    %pushi/vec4 0, 0, 1;
    %store/vec4 v0x55e5e3279720_0, 0, 1;
T_4.1 ;
    %jmp T_4;
    .thread T_4, $push;
    .scope S_0x55e5e327b090;
T_5 ;
    %wait E_0x55e5e327b290;
    %load/vec4 v0x55e5e327b5d0_0;
    %flag_set/vec4 8;
    %jmp/0xz  T_5.0, 8;
    %pushi/vec4 0, 0, 4;
    %assign/vec4 v0x55e5e327b3f0_0, 0;
    %jmp T_5.1;
T_5.0 ;
    %load/vec4 v0x55e5e327b760_0;
    %flag_set/vec4 8;
    %jmp/0xz  T_5.2, 8;
    %load/vec4 v0x55e5e327b2f0_0;
    %assign/vec4 v0x55e5e327b3f0_0, 0;
T_5.2 ;
T_5.1 ;
    %jmp T_5;
    .thread T_5;
    .scope S_0x55e5e327ab70;
T_6 ;
    %wait E_0x55e5e322b4f0;
    %load/vec4 v0x55e5e327ae00_0;
    %dup/vec4;
    %pushi/vec4 0, 0, 4;
    %cmp/u;
    %jmp/1 T_6.0, 6;
    %dup/vec4;
    %pushi/vec4 1, 0, 4;
    %cmp/u;
    %jmp/1 T_6.1, 6;
    %dup/vec4;
    %pushi/vec4 2, 0, 4;
    %cmp/u;
    %jmp/1 T_6.2, 6;
    %dup/vec4;
    %pushi/vec4 3, 0, 4;
    %cmp/u;
    %jmp/1 T_6.3, 6;
    %dup/vec4;
    %pushi/vec4 4, 0, 4;
    %cmp/u;
    %jmp/1 T_6.4, 6;
    %dup/vec4;
    %pushi/vec4 5, 0, 4;
    %cmp/u;
    %jmp/1 T_6.5, 6;
    %dup/vec4;
    %pushi/vec4 6, 0, 4;
    %cmp/u;
    %jmp/1 T_6.6, 6;
    %dup/vec4;
    %pushi/vec4 7, 0, 4;
    %cmp/u;
    %jmp/1 T_6.7, 6;
    %dup/vec4;
    %pushi/vec4 8, 0, 4;
    %cmp/u;
    %jmp/1 T_6.8, 6;
    %dup/vec4;
    %pushi/vec4 9, 0, 4;
    %cmp/u;
    %jmp/1 T_6.9, 6;
    %dup/vec4;
    %pushi/vec4 10, 0, 4;
    %cmp/u;
    %jmp/1 T_6.10, 6;
    %dup/vec4;
    %pushi/vec4 11, 0, 4;
    %cmp/u;
    %jmp/1 T_6.11, 6;
    %dup/vec4;
    %pushi/vec4 12, 0, 4;
    %cmp/u;
    %jmp/1 T_6.12, 6;
    %dup/vec4;
    %pushi/vec4 13, 0, 4;
    %cmp/u;
    %jmp/1 T_6.13, 6;
    %dup/vec4;
    %pushi/vec4 14, 0, 4;
    %cmp/u;
    %jmp/1 T_6.14, 6;
    %dup/vec4;
    %pushi/vec4 15, 0, 4;
    %cmp/u;
    %jmp/1 T_6.15, 6;
    %jmp T_6.16;
T_6.0 ;
    %pushi/vec4 1, 0, 4;
    %store/vec4 v0x55e5e327af80_0, 0, 4;
    %jmp T_6.16;
T_6.1 ;
    %pushi/vec4 2, 0, 4;
    %store/vec4 v0x55e5e327af80_0, 0, 4;
    %jmp T_6.16;
T_6.2 ;
    %pushi/vec4 4, 0, 4;
    %store/vec4 v0x55e5e327af80_0, 0, 4;
    %jmp T_6.16;
T_6.3 ;
    %pushi/vec4 8, 0, 4;
    %store/vec4 v0x55e5e327af80_0, 0, 4;
    %jmp T_6.16;
T_6.4 ;
    %pushi/vec4 4, 0, 4;
    %store/vec4 v0x55e5e327af80_0, 0, 4;
    %jmp T_6.16;
T_6.5 ;
    %pushi/vec4 2, 0, 4;
    %store/vec4 v0x55e5e327af80_0, 0, 4;
    %jmp T_6.16;
T_6.6 ;
    %pushi/vec4 1, 0, 4;
    %store/vec4 v0x55e5e327af80_0, 0, 4;
    %jmp T_6.16;
T_6.7 ;
    %pushi/vec4 1, 0, 4;
    %store/vec4 v0x55e5e327af80_0, 0, 4;
    %jmp T_6.16;
T_6.8 ;
    %pushi/vec4 2, 0, 4;
    %store/vec4 v0x55e5e327af80_0, 0, 4;
    %jmp T_6.16;
T_6.9 ;
    %pushi/vec4 2, 0, 4;
    %store/vec4 v0x55e5e327af80_0, 0, 4;
    %jmp T_6.16;
T_6.10 ;
    %pushi/vec4 4, 0, 4;
    %store/vec4 v0x55e5e327af80_0, 0, 4;
    %jmp T_6.16;
T_6.11 ;
    %pushi/vec4 4, 0, 4;
    %store/vec4 v0x55e5e327af80_0, 0, 4;
    %jmp T_6.16;
T_6.12 ;
    %pushi/vec4 8, 0, 4;
    %store/vec4 v0x55e5e327af80_0, 0, 4;
    %jmp T_6.16;
T_6.13 ;
    %pushi/vec4 8, 0, 4;
    %store/vec4 v0x55e5e327af80_0, 0, 4;
    %jmp T_6.16;
T_6.14 ;
    %pushi/vec4 1, 0, 4;
    %store/vec4 v0x55e5e327af80_0, 0, 4;
    %jmp T_6.16;
T_6.15 ;
    %pushi/vec4 4, 0, 4;
    %store/vec4 v0x55e5e327af80_0, 0, 4;
    %jmp T_6.16;
T_6.16 ;
    %pop/vec4 1;
    %jmp T_6;
    .thread T_6;
    .scope S_0x55e5e327a300;
T_7 ;
    %wait E_0x55e5e322a6a0;
    %load/vec4 v0x55e5e327a970_0;
    %flag_set/vec4 8;
    %jmp/0xz  T_7.0, 8;
    %pushi/vec4 0, 0, 1;
    %assign/vec4 v0x55e5e327a7c0_0, 0;
    %pushi/vec4 0, 0, 1;
    %assign/vec4 v0x55e5e327a860_0, 0;
    %jmp T_7.1;
T_7.0 ;
    %load/vec4 v0x55e5e327a610_0;
    %flag_set/vec4 8;
    %jmp/0xz  T_7.2, 8;
    %load/vec4 v0x55e5e327aa30_0;
    %assign/vec4 v0x55e5e327a7c0_0, 0;
    %load/vec4 v0x55e5e327a7c0_0;
    %assign/vec4 v0x55e5e327a860_0, 0;
T_7.2 ;
T_7.1 ;
    %jmp T_7;
    .thread T_7;
    .scope S_0x55e5e3279930;
T_8 ;
    %wait E_0x55e5e325dc80;
    %load/vec4 v0x55e5e327a060_0;
    %flag_set/vec4 8;
    %jmp/0xz  T_8.0, 8;
    %pushi/vec4 0, 0, 12;
    %assign/vec4 v0x55e5e3279c40_0, 0;
    %jmp T_8.1;
T_8.0 ;
    %load/vec4 v0x55e5e3279d40_0;
    %flag_set/vec4 8;
    %jmp/0xz  T_8.2, 8;
    %load/vec4 v0x55e5e327a120_0;
    %flag_set/vec4 8;
    %jmp/0xz  T_8.4, 8;
    %pushi/vec4 0, 0, 12;
    %assign/vec4 v0x55e5e3279c40_0, 0;
    %jmp T_8.5;
T_8.4 ;
    %load/vec4 v0x55e5e3279e00_0;
    %flag_set/vec4 8;
    %jmp/0xz  T_8.6, 8;
    %load/vec4 v0x55e5e3279c40_0;
    %pad/u 32;
    %cmpi/e 2999, 0, 32;
    %jmp/0xz  T_8.8, 4;
    %pushi/vec4 0, 0, 12;
    %assign/vec4 v0x55e5e3279c40_0, 0;
    %jmp T_8.9;
T_8.8 ;
    %load/vec4 v0x55e5e3279c40_0;
    %addi 1, 0, 12;
    %assign/vec4 v0x55e5e3279c40_0, 0;
T_8.9 ;
T_8.6 ;
T_8.5 ;
T_8.2 ;
T_8.1 ;
    %jmp T_8;
    .thread T_8;
    .scope S_0x55e5e3279930;
T_9 ;
    %wait E_0x55e5e322a900;
    %load/vec4 v0x55e5e3279c40_0;
    %pad/u 32;
    %cmpi/e 2999, 0, 32;
    %jmp/0xz  T_9.0, 4;
    %pushi/vec4 1, 0, 1;
    %store/vec4 v0x55e5e3279ed0_0, 0, 1;
    %jmp T_9.1;
T_9.0 ;
    %pushi/vec4 0, 0, 1;
    %store/vec4 v0x55e5e3279ed0_0, 0, 1;
T_9.1 ;
    %jmp T_9;
    .thread T_9, $push;
    .scope S_0x55e5e3279930;
T_10 ;
    %wait E_0x55e5e322a900;
    %load/vec4 v0x55e5e3279c40_0;
    %pad/u 32;
    %cmpi/e 1499, 0, 32;
    %jmp/0xz  T_10.0, 4;
    %pushi/vec4 1, 0, 1;
    %store/vec4 v0x55e5e3279f70_0, 0, 1;
    %jmp T_10.1;
T_10.0 ;
    %pushi/vec4 0, 0, 1;
    %store/vec4 v0x55e5e3279f70_0, 0, 1;
T_10.1 ;
    %jmp T_10;
    .thread T_10, $push;
    .scope S_0x55e5e327d080;
T_11 ;
    %wait E_0x55e5e327d2b0;
    %load/vec4 v0x55e5e327d430_0;
    %dup/vec4;
    %pushi/vec4 0, 0, 4;
    %cmp/u;
    %jmp/1 T_11.0, 6;
    %dup/vec4;
    %pushi/vec4 1, 0, 4;
    %cmp/u;
    %jmp/1 T_11.1, 6;
    %dup/vec4;
    %pushi/vec4 2, 0, 4;
    %cmp/u;
    %jmp/1 T_11.2, 6;
    %dup/vec4;
    %pushi/vec4 3, 0, 4;
    %cmp/u;
    %jmp/1 T_11.3, 6;
    %dup/vec4;
    %pushi/vec4 4, 0, 4;
    %cmp/u;
    %jmp/1 T_11.4, 6;
    %dup/vec4;
    %pushi/vec4 5, 0, 4;
    %cmp/u;
    %jmp/1 T_11.5, 6;
    %dup/vec4;
    %pushi/vec4 6, 0, 4;
    %cmp/u;
    %jmp/1 T_11.6, 6;
    %dup/vec4;
    %pushi/vec4 7, 0, 4;
    %cmp/u;
    %jmp/1 T_11.7, 6;
    %dup/vec4;
    %pushi/vec4 8, 0, 4;
    %cmp/u;
    %jmp/1 T_11.8, 6;
    %dup/vec4;
    %pushi/vec4 9, 0, 4;
    %cmp/u;
    %jmp/1 T_11.9, 6;
    %dup/vec4;
    %pushi/vec4 10, 0, 4;
    %cmp/u;
    %jmp/1 T_11.10, 6;
    %dup/vec4;
    %pushi/vec4 11, 0, 4;
    %cmp/u;
    %jmp/1 T_11.11, 6;
    %dup/vec4;
    %pushi/vec4 12, 0, 4;
    %cmp/u;
    %jmp/1 T_11.12, 6;
    %dup/vec4;
    %pushi/vec4 13, 0, 4;
    %cmp/u;
    %jmp/1 T_11.13, 6;
    %dup/vec4;
    %pushi/vec4 14, 0, 4;
    %cmp/u;
    %jmp/1 T_11.14, 6;
    %dup/vec4;
    %pushi/vec4 15, 0, 4;
    %cmp/u;
    %jmp/1 T_11.15, 6;
    %pushi/vec4 127, 0, 7;
    %store/vec4 v0x55e5e327d330_0, 0, 7;
    %jmp T_11.17;
T_11.0 ;
    %pushi/vec4 64, 0, 7;
    %store/vec4 v0x55e5e327d330_0, 0, 7;
    %jmp T_11.17;
T_11.1 ;
    %pushi/vec4 121, 0, 7;
    %store/vec4 v0x55e5e327d330_0, 0, 7;
    %jmp T_11.17;
T_11.2 ;
    %pushi/vec4 36, 0, 7;
    %store/vec4 v0x55e5e327d330_0, 0, 7;
    %jmp T_11.17;
T_11.3 ;
    %pushi/vec4 48, 0, 7;
    %store/vec4 v0x55e5e327d330_0, 0, 7;
    %jmp T_11.17;
T_11.4 ;
    %pushi/vec4 25, 0, 7;
    %store/vec4 v0x55e5e327d330_0, 0, 7;
    %jmp T_11.17;
T_11.5 ;
    %pushi/vec4 18, 0, 7;
    %store/vec4 v0x55e5e327d330_0, 0, 7;
    %jmp T_11.17;
T_11.6 ;
    %pushi/vec4 2, 0, 7;
    %store/vec4 v0x55e5e327d330_0, 0, 7;
    %jmp T_11.17;
T_11.7 ;
    %pushi/vec4 120, 0, 7;
    %store/vec4 v0x55e5e327d330_0, 0, 7;
    %jmp T_11.17;
T_11.8 ;
    %pushi/vec4 0, 0, 7;
    %store/vec4 v0x55e5e327d330_0, 0, 7;
    %jmp T_11.17;
T_11.9 ;
    %pushi/vec4 16, 0, 7;
    %store/vec4 v0x55e5e327d330_0, 0, 7;
    %jmp T_11.17;
T_11.10 ;
    %pushi/vec4 8, 0, 7;
    %store/vec4 v0x55e5e327d330_0, 0, 7;
    %jmp T_11.17;
T_11.11 ;
    %pushi/vec4 3, 0, 7;
    %store/vec4 v0x55e5e327d330_0, 0, 7;
    %jmp T_11.17;
T_11.12 ;
    %pushi/vec4 70, 0, 7;
    %store/vec4 v0x55e5e327d330_0, 0, 7;
    %jmp T_11.17;
T_11.13 ;
    %pushi/vec4 33, 0, 7;
    %store/vec4 v0x55e5e327d330_0, 0, 7;
    %jmp T_11.17;
T_11.14 ;
    %pushi/vec4 6, 0, 7;
    %store/vec4 v0x55e5e327d330_0, 0, 7;
    %jmp T_11.17;
T_11.15 ;
    %pushi/vec4 14, 0, 7;
    %store/vec4 v0x55e5e327d330_0, 0, 7;
    %jmp T_11.17;
T_11.17 ;
    %pop/vec4 1;
    %jmp T_11;
    .thread T_11, $push;
    .scope S_0x55e5e327d530;
T_12 ;
    %wait E_0x55e5e327d770;
    %load/vec4 v0x55e5e327d8d0_0;
    %dup/vec4;
    %pushi/vec4 0, 0, 4;
    %cmp/u;
    %jmp/1 T_12.0, 6;
    %dup/vec4;
    %pushi/vec4 1, 0, 4;
    %cmp/u;
    %jmp/1 T_12.1, 6;
    %dup/vec4;
    %pushi/vec4 2, 0, 4;
    %cmp/u;
    %jmp/1 T_12.2, 6;
    %dup/vec4;
    %pushi/vec4 3, 0, 4;
    %cmp/u;
    %jmp/1 T_12.3, 6;
    %dup/vec4;
    %pushi/vec4 4, 0, 4;
    %cmp/u;
    %jmp/1 T_12.4, 6;
    %dup/vec4;
    %pushi/vec4 5, 0, 4;
    %cmp/u;
    %jmp/1 T_12.5, 6;
    %dup/vec4;
    %pushi/vec4 6, 0, 4;
    %cmp/u;
    %jmp/1 T_12.6, 6;
    %dup/vec4;
    %pushi/vec4 7, 0, 4;
    %cmp/u;
    %jmp/1 T_12.7, 6;
    %dup/vec4;
    %pushi/vec4 8, 0, 4;
    %cmp/u;
    %jmp/1 T_12.8, 6;
    %dup/vec4;
    %pushi/vec4 9, 0, 4;
    %cmp/u;
    %jmp/1 T_12.9, 6;
    %dup/vec4;
    %pushi/vec4 10, 0, 4;
    %cmp/u;
    %jmp/1 T_12.10, 6;
    %dup/vec4;
    %pushi/vec4 11, 0, 4;
    %cmp/u;
    %jmp/1 T_12.11, 6;
    %dup/vec4;
    %pushi/vec4 12, 0, 4;
    %cmp/u;
    %jmp/1 T_12.12, 6;
    %dup/vec4;
    %pushi/vec4 13, 0, 4;
    %cmp/u;
    %jmp/1 T_12.13, 6;
    %dup/vec4;
    %pushi/vec4 14, 0, 4;
    %cmp/u;
    %jmp/1 T_12.14, 6;
    %dup/vec4;
    %pushi/vec4 15, 0, 4;
    %cmp/u;
    %jmp/1 T_12.15, 6;
    %pushi/vec4 127, 0, 7;
    %store/vec4 v0x55e5e327d7d0_0, 0, 7;
    %jmp T_12.17;
T_12.0 ;
    %pushi/vec4 64, 0, 7;
    %store/vec4 v0x55e5e327d7d0_0, 0, 7;
    %jmp T_12.17;
T_12.1 ;
    %pushi/vec4 121, 0, 7;
    %store/vec4 v0x55e5e327d7d0_0, 0, 7;
    %jmp T_12.17;
T_12.2 ;
    %pushi/vec4 36, 0, 7;
    %store/vec4 v0x55e5e327d7d0_0, 0, 7;
    %jmp T_12.17;
T_12.3 ;
    %pushi/vec4 48, 0, 7;
    %store/vec4 v0x55e5e327d7d0_0, 0, 7;
    %jmp T_12.17;
T_12.4 ;
    %pushi/vec4 25, 0, 7;
    %store/vec4 v0x55e5e327d7d0_0, 0, 7;
    %jmp T_12.17;
T_12.5 ;
    %pushi/vec4 18, 0, 7;
    %store/vec4 v0x55e5e327d7d0_0, 0, 7;
    %jmp T_12.17;
T_12.6 ;
    %pushi/vec4 2, 0, 7;
    %store/vec4 v0x55e5e327d7d0_0, 0, 7;
    %jmp T_12.17;
T_12.7 ;
    %pushi/vec4 120, 0, 7;
    %store/vec4 v0x55e5e327d7d0_0, 0, 7;
    %jmp T_12.17;
T_12.8 ;
    %pushi/vec4 0, 0, 7;
    %store/vec4 v0x55e5e327d7d0_0, 0, 7;
    %jmp T_12.17;
T_12.9 ;
    %pushi/vec4 16, 0, 7;
    %store/vec4 v0x55e5e327d7d0_0, 0, 7;
    %jmp T_12.17;
T_12.10 ;
    %pushi/vec4 8, 0, 7;
    %store/vec4 v0x55e5e327d7d0_0, 0, 7;
    %jmp T_12.17;
T_12.11 ;
    %pushi/vec4 3, 0, 7;
    %store/vec4 v0x55e5e327d7d0_0, 0, 7;
    %jmp T_12.17;
T_12.12 ;
    %pushi/vec4 70, 0, 7;
    %store/vec4 v0x55e5e327d7d0_0, 0, 7;
    %jmp T_12.17;
T_12.13 ;
    %pushi/vec4 33, 0, 7;
    %store/vec4 v0x55e5e327d7d0_0, 0, 7;
    %jmp T_12.17;
T_12.14 ;
    %pushi/vec4 6, 0, 7;
    %store/vec4 v0x55e5e327d7d0_0, 0, 7;
    %jmp T_12.17;
T_12.15 ;
    %pushi/vec4 14, 0, 7;
    %store/vec4 v0x55e5e327d7d0_0, 0, 7;
    %jmp T_12.17;
T_12.17 ;
    %pop/vec4 1;
    %jmp T_12;
    .thread T_12, $push;
    .scope S_0x55e5e327ded0;
T_13 ;
    %wait E_0x55e5e327e130;
    %load/vec4 v0x55e5e327e2b0_0;
    %dup/vec4;
    %pushi/vec4 0, 0, 4;
    %cmp/u;
    %jmp/1 T_13.0, 6;
    %dup/vec4;
    %pushi/vec4 1, 0, 4;
    %cmp/u;
    %jmp/1 T_13.1, 6;
    %dup/vec4;
    %pushi/vec4 2, 0, 4;
    %cmp/u;
    %jmp/1 T_13.2, 6;
    %dup/vec4;
    %pushi/vec4 3, 0, 4;
    %cmp/u;
    %jmp/1 T_13.3, 6;
    %dup/vec4;
    %pushi/vec4 4, 0, 4;
    %cmp/u;
    %jmp/1 T_13.4, 6;
    %dup/vec4;
    %pushi/vec4 5, 0, 4;
    %cmp/u;
    %jmp/1 T_13.5, 6;
    %dup/vec4;
    %pushi/vec4 6, 0, 4;
    %cmp/u;
    %jmp/1 T_13.6, 6;
    %dup/vec4;
    %pushi/vec4 7, 0, 4;
    %cmp/u;
    %jmp/1 T_13.7, 6;
    %dup/vec4;
    %pushi/vec4 8, 0, 4;
    %cmp/u;
    %jmp/1 T_13.8, 6;
    %dup/vec4;
    %pushi/vec4 9, 0, 4;
    %cmp/u;
    %jmp/1 T_13.9, 6;
    %dup/vec4;
    %pushi/vec4 10, 0, 4;
    %cmp/u;
    %jmp/1 T_13.10, 6;
    %dup/vec4;
    %pushi/vec4 11, 0, 4;
    %cmp/u;
    %jmp/1 T_13.11, 6;
    %dup/vec4;
    %pushi/vec4 12, 0, 4;
    %cmp/u;
    %jmp/1 T_13.12, 6;
    %dup/vec4;
    %pushi/vec4 13, 0, 4;
    %cmp/u;
    %jmp/1 T_13.13, 6;
    %dup/vec4;
    %pushi/vec4 14, 0, 4;
    %cmp/u;
    %jmp/1 T_13.14, 6;
    %dup/vec4;
    %pushi/vec4 15, 0, 4;
    %cmp/u;
    %jmp/1 T_13.15, 6;
    %pushi/vec4 127, 0, 7;
    %store/vec4 v0x55e5e327e1b0_0, 0, 7;
    %jmp T_13.17;
T_13.0 ;
    %pushi/vec4 64, 0, 7;
    %store/vec4 v0x55e5e327e1b0_0, 0, 7;
    %jmp T_13.17;
T_13.1 ;
    %pushi/vec4 121, 0, 7;
    %store/vec4 v0x55e5e327e1b0_0, 0, 7;
    %jmp T_13.17;
T_13.2 ;
    %pushi/vec4 36, 0, 7;
    %store/vec4 v0x55e5e327e1b0_0, 0, 7;
    %jmp T_13.17;
T_13.3 ;
    %pushi/vec4 48, 0, 7;
    %store/vec4 v0x55e5e327e1b0_0, 0, 7;
    %jmp T_13.17;
T_13.4 ;
    %pushi/vec4 25, 0, 7;
    %store/vec4 v0x55e5e327e1b0_0, 0, 7;
    %jmp T_13.17;
T_13.5 ;
    %pushi/vec4 18, 0, 7;
    %store/vec4 v0x55e5e327e1b0_0, 0, 7;
    %jmp T_13.17;
T_13.6 ;
    %pushi/vec4 2, 0, 7;
    %store/vec4 v0x55e5e327e1b0_0, 0, 7;
    %jmp T_13.17;
T_13.7 ;
    %pushi/vec4 120, 0, 7;
    %store/vec4 v0x55e5e327e1b0_0, 0, 7;
    %jmp T_13.17;
T_13.8 ;
    %pushi/vec4 0, 0, 7;
    %store/vec4 v0x55e5e327e1b0_0, 0, 7;
    %jmp T_13.17;
T_13.9 ;
    %pushi/vec4 16, 0, 7;
    %store/vec4 v0x55e5e327e1b0_0, 0, 7;
    %jmp T_13.17;
T_13.10 ;
    %pushi/vec4 8, 0, 7;
    %store/vec4 v0x55e5e327e1b0_0, 0, 7;
    %jmp T_13.17;
T_13.11 ;
    %pushi/vec4 3, 0, 7;
    %store/vec4 v0x55e5e327e1b0_0, 0, 7;
    %jmp T_13.17;
T_13.12 ;
    %pushi/vec4 70, 0, 7;
    %store/vec4 v0x55e5e327e1b0_0, 0, 7;
    %jmp T_13.17;
T_13.13 ;
    %pushi/vec4 33, 0, 7;
    %store/vec4 v0x55e5e327e1b0_0, 0, 7;
    %jmp T_13.17;
T_13.14 ;
    %pushi/vec4 6, 0, 7;
    %store/vec4 v0x55e5e327e1b0_0, 0, 7;
    %jmp T_13.17;
T_13.15 ;
    %pushi/vec4 14, 0, 7;
    %store/vec4 v0x55e5e327e1b0_0, 0, 7;
    %jmp T_13.17;
T_13.17 ;
    %pop/vec4 1;
    %jmp T_13;
    .thread T_13, $push;
    .scope S_0x55e5e327da00;
T_14 ;
    %wait E_0x55e5e327dc10;
    %load/vec4 v0x55e5e327dd90_0;
    %dup/vec4;
    %pushi/vec4 0, 0, 4;
    %cmp/u;
    %jmp/1 T_14.0, 6;
    %dup/vec4;
    %pushi/vec4 1, 0, 4;
    %cmp/u;
    %jmp/1 T_14.1, 6;
    %dup/vec4;
    %pushi/vec4 2, 0, 4;
    %cmp/u;
    %jmp/1 T_14.2, 6;
    %dup/vec4;
    %pushi/vec4 3, 0, 4;
    %cmp/u;
    %jmp/1 T_14.3, 6;
    %dup/vec4;
    %pushi/vec4 4, 0, 4;
    %cmp/u;
    %jmp/1 T_14.4, 6;
    %dup/vec4;
    %pushi/vec4 5, 0, 4;
    %cmp/u;
    %jmp/1 T_14.5, 6;
    %dup/vec4;
    %pushi/vec4 6, 0, 4;
    %cmp/u;
    %jmp/1 T_14.6, 6;
    %dup/vec4;
    %pushi/vec4 7, 0, 4;
    %cmp/u;
    %jmp/1 T_14.7, 6;
    %dup/vec4;
    %pushi/vec4 8, 0, 4;
    %cmp/u;
    %jmp/1 T_14.8, 6;
    %dup/vec4;
    %pushi/vec4 9, 0, 4;
    %cmp/u;
    %jmp/1 T_14.9, 6;
    %dup/vec4;
    %pushi/vec4 10, 0, 4;
    %cmp/u;
    %jmp/1 T_14.10, 6;
    %dup/vec4;
    %pushi/vec4 11, 0, 4;
    %cmp/u;
    %jmp/1 T_14.11, 6;
    %dup/vec4;
    %pushi/vec4 12, 0, 4;
    %cmp/u;
    %jmp/1 T_14.12, 6;
    %dup/vec4;
    %pushi/vec4 13, 0, 4;
    %cmp/u;
    %jmp/1 T_14.13, 6;
    %dup/vec4;
    %pushi/vec4 14, 0, 4;
    %cmp/u;
    %jmp/1 T_14.14, 6;
    %dup/vec4;
    %pushi/vec4 15, 0, 4;
    %cmp/u;
    %jmp/1 T_14.15, 6;
    %pushi/vec4 127, 0, 7;
    %store/vec4 v0x55e5e327dc90_0, 0, 7;
    %jmp T_14.17;
T_14.0 ;
    %pushi/vec4 64, 0, 7;
    %store/vec4 v0x55e5e327dc90_0, 0, 7;
    %jmp T_14.17;
T_14.1 ;
    %pushi/vec4 121, 0, 7;
    %store/vec4 v0x55e5e327dc90_0, 0, 7;
    %jmp T_14.17;
T_14.2 ;
    %pushi/vec4 36, 0, 7;
    %store/vec4 v0x55e5e327dc90_0, 0, 7;
    %jmp T_14.17;
T_14.3 ;
    %pushi/vec4 48, 0, 7;
    %store/vec4 v0x55e5e327dc90_0, 0, 7;
    %jmp T_14.17;
T_14.4 ;
    %pushi/vec4 25, 0, 7;
    %store/vec4 v0x55e5e327dc90_0, 0, 7;
    %jmp T_14.17;
T_14.5 ;
    %pushi/vec4 18, 0, 7;
    %store/vec4 v0x55e5e327dc90_0, 0, 7;
    %jmp T_14.17;
T_14.6 ;
    %pushi/vec4 2, 0, 7;
    %store/vec4 v0x55e5e327dc90_0, 0, 7;
    %jmp T_14.17;
T_14.7 ;
    %pushi/vec4 120, 0, 7;
    %store/vec4 v0x55e5e327dc90_0, 0, 7;
    %jmp T_14.17;
T_14.8 ;
    %pushi/vec4 0, 0, 7;
    %store/vec4 v0x55e5e327dc90_0, 0, 7;
    %jmp T_14.17;
T_14.9 ;
    %pushi/vec4 16, 0, 7;
    %store/vec4 v0x55e5e327dc90_0, 0, 7;
    %jmp T_14.17;
T_14.10 ;
    %pushi/vec4 8, 0, 7;
    %store/vec4 v0x55e5e327dc90_0, 0, 7;
    %jmp T_14.17;
T_14.11 ;
    %pushi/vec4 3, 0, 7;
    %store/vec4 v0x55e5e327dc90_0, 0, 7;
    %jmp T_14.17;
T_14.12 ;
    %pushi/vec4 70, 0, 7;
    %store/vec4 v0x55e5e327dc90_0, 0, 7;
    %jmp T_14.17;
T_14.13 ;
    %pushi/vec4 33, 0, 7;
    %store/vec4 v0x55e5e327dc90_0, 0, 7;
    %jmp T_14.17;
T_14.14 ;
    %pushi/vec4 6, 0, 7;
    %store/vec4 v0x55e5e327dc90_0, 0, 7;
    %jmp T_14.17;
T_14.15 ;
    %pushi/vec4 14, 0, 7;
    %store/vec4 v0x55e5e327dc90_0, 0, 7;
    %jmp T_14.17;
T_14.17 ;
    %pop/vec4 1;
    %jmp T_14;
    .thread T_14, $push;
    .scope S_0x55e5e324e0d0;
T_15 ;
    %pushi/vec4 1, 0, 1;
    %store/vec4 v0x55e5e3281980_0, 0, 1;
    %pushi/vec4 0, 0, 1;
    %store/vec4 v0x55e5e3282560_0, 0, 1;
    %pushi/vec4 0, 0, 1;
    %store/vec4 v0x55e5e32822e0_0, 0, 1;
    %pushi/vec4 0, 0, 4;
    %store/vec4 v0x55e5e32818e0_0, 0, 4;
    %pushi/vec4 0, 0, 32;
    %store/vec4 v0x55e5e3281800_0, 0, 32;
    %end;
    .thread T_15;
    .scope S_0x55e5e324e0d0;
T_16 ;
    %delay 500, 0;
    %load/vec4 v0x55e5e3281980_0;
    %inv;
    %store/vec4 v0x55e5e3281980_0, 0, 1;
    %jmp T_16;
    .thread T_16;
    .scope S_0x55e5e324e0d0;
T_17 ;
    %vpi_call 2 75 "$dumpfile", "testbench_errou.vcd" {0 0 0};
    %end;
    .thread T_17;
    .scope S_0x55e5e324e0d0;
T_18 ;
    %vpi_call 2 76 "$dumpvars", 32'sb00000000000000000000000000000000, S_0x55e5e324e0d0 {0 0 0};
    %end;
    .thread T_18;
    .scope S_0x55e5e324e0d0;
T_19 ;
    %vpi_call 2 80 "$display", "Inicio da simulacao" {0 0 0};
    %pushi/vec4 0, 0, 32;
    %store/vec4 v0x55e5e3281800_0, 0, 32;
    %pushi/vec4 1, 0, 1;
    %store/vec4 v0x55e5e3281980_0, 0, 1;
    %pushi/vec4 0, 0, 1;
    %store/vec4 v0x55e5e3282560_0, 0, 1;
    %pushi/vec4 0, 0, 1;
    %store/vec4 v0x55e5e32822e0_0, 0, 1;
    %pushi/vec4 0, 0, 4;
    %store/vec4 v0x55e5e32818e0_0, 0, 4;
    %delay 1000, 0;
    %pushi/vec4 1, 0, 32;
    %store/vec4 v0x55e5e3281800_0, 0, 32;
    %wait E_0x55e5e322aa30;
    %pushi/vec4 1, 0, 1;
    %store/vec4 v0x55e5e3282560_0, 0, 1;
    %delay 1000, 0;
    %pushi/vec4 0, 0, 1;
    %store/vec4 v0x55e5e3282560_0, 0, 1;
    %delay 1000000, 0;
    %pushi/vec4 2, 0, 32;
    %store/vec4 v0x55e5e3281800_0, 0, 32;
    %pushi/vec4 1, 0, 1;
    %store/vec4 v0x55e5e32822e0_0, 0, 1;
    %delay 500000, 0;
    %pushi/vec4 0, 0, 1;
    %store/vec4 v0x55e5e32822e0_0, 0, 1;
    %delay 500000, 0;
    %pushi/vec4 3, 0, 32;
    %store/vec4 v0x55e5e3281800_0, 0, 32;
    %wait E_0x55e5e322aa30;
    %pushi/vec4 1, 0, 4;
    %store/vec4 v0x55e5e32818e0_0, 0, 4;
    %delay 1000000, 0;
    %pushi/vec4 0, 0, 4;
    %store/vec4 v0x55e5e32818e0_0, 0, 4;
    %delay 1000000, 0;
    %pushi/vec4 4, 0, 32;
    %store/vec4 v0x55e5e3281800_0, 0, 32;
    %wait E_0x55e5e322aa30;
    %pushi/vec4 2, 0, 4;
    %store/vec4 v0x55e5e32818e0_0, 0, 4;
    %delay 1000000, 0;
    %pushi/vec4 0, 0, 4;
    %store/vec4 v0x55e5e32818e0_0, 0, 4;
    %delay 1000000, 0;
    %pushi/vec4 5, 0, 32;
    %store/vec4 v0x55e5e3281800_0, 0, 32;
    %wait E_0x55e5e322aa30;
    %pushi/vec4 4, 0, 4;
    %store/vec4 v0x55e5e32818e0_0, 0, 4;
    %delay 1000000, 0;
    %pushi/vec4 0, 0, 4;
    %store/vec4 v0x55e5e32818e0_0, 0, 4;
    %delay 4000000, 0;
    %pushi/vec4 6, 0, 32;
    %store/vec4 v0x55e5e3281800_0, 0, 32;
    %wait E_0x55e5e322aa30;
    %pushi/vec4 1, 0, 4;
    %store/vec4 v0x55e5e32818e0_0, 0, 4;
    %delay 5000, 0;
    %pushi/vec4 0, 0, 4;
    %store/vec4 v0x55e5e32818e0_0, 0, 4;
    %delay 10000, 0;
    %pushi/vec4 99, 0, 32;
    %store/vec4 v0x55e5e3281800_0, 0, 32;
    %delay 100, 0;
    %vpi_call 2 151 "$display", "Fim da simulacao" {0 0 0};
    %vpi_call 2 152 "$stop" {0 0 0};
    %end;
    .thread T_19;
# The file index is used to find the file name in the following table.
:file_names 13;
    "N/A";
    "<interactive>";
    "circuito_exp5_tb_errou.v";
    "circuito_exp5.v";
    "fluxo_dados.v";
    "comparador_85.v";
    "contador_163.v";
    "contador_m.v";
    "edge_detector.v";
    "sync_rom_16x4.v";
    "registrador_4.v";
    "hexa7seg.v";
    "unidade_controle.v";
