#! /usr/bin/vvp
:ivl_version "10.3 (stable)";
:ivl_delay_selection "TYPICAL";
:vpi_time_precision - 9;
:vpi_module "system";
:vpi_module "vhdl_sys";
:vpi_module "v2005_math";
:vpi_module "va_math";
S_0x558d346f7ef0 .scope module, "testbench" "testbench" 2 19;
 .timescale -9 -9;
v0x558d34730990_0 .var "carrega", 0 0;
v0x558d34730a50_0 .var "chaves", 3 0;
v0x558d34730af0_0 .var "clock", 0 0;
v0x558d34730c10_0 .var "clock_tb", 0 0;
v0x558d34730cb0_0 .var "conta", 0 0;
v0x558d34730df0_0 .net "contagem", 3 0, L_0x558d347322e0;  1 drivers
v0x558d34730eb0_0 .net "fim", 0 0, v0x558d3472feb0_0;  1 drivers
v0x558d34730fa0_0 .net "igual", 0 0, L_0x558d347321d0;  1 drivers
v0x558d34731090_0 .net "maior", 0 0, L_0x558d34731d60;  1 drivers
v0x558d34731130_0 .net "menor", 0 0, L_0x558d34731670;  1 drivers
v0x558d34731220_0 .var "zera", 0 0;
S_0x558d346f7be0 .scope module, "circuito" "circuito_exp3_ativ2" 2 35, 3 17 0, S_0x558d346f7ef0;
 .timescale -9 -9;
    .port_info 0 /INPUT 1 "clock"
    .port_info 1 /INPUT 1 "zera"
    .port_info 2 /INPUT 1 "carrega"
    .port_info 3 /INPUT 1 "conta"
    .port_info 4 /INPUT 4 "chaves"
    .port_info 5 /OUTPUT 1 "menor"
    .port_info 6 /OUTPUT 1 "maior"
    .port_info 7 /OUTPUT 1 "igual"
    .port_info 8 /OUTPUT 1 "fim"
    .port_info 9 /OUTPUT 4 "db_contagem"
L_0x558d346f5ea0 .functor NOT 1, v0x558d34731220_0, C4<0>, C4<0>, C4<0>;
L_0x558d346f3430 .functor NOT 1, v0x558d34730990_0, C4<0>, C4<0>, C4<0>;
L_0x558d347322e0 .functor BUFZ 4, v0x558d3472fa40_0, C4<0000>, C4<0000>, C4<0000>;
v0x558d347300c0_0 .net "carrega", 0 0, v0x558d34730990_0;  1 drivers
v0x558d347301a0_0 .net "chaves", 3 0, v0x558d34730a50_0;  1 drivers
v0x558d34730260_0 .net "clock", 0 0, v0x558d34730af0_0;  1 drivers
v0x558d34730300_0 .net "conta", 0 0, v0x558d34730cb0_0;  1 drivers
v0x558d347303a0_0 .net "db_contagem", 3 0, L_0x558d347322e0;  alias, 1 drivers
v0x558d34730490_0 .net "fim", 0 0, v0x558d3472feb0_0;  alias, 1 drivers
v0x558d34730530_0 .net "igual", 0 0, L_0x558d347321d0;  alias, 1 drivers
v0x558d347305d0_0 .net "maior", 0 0, L_0x558d34731d60;  alias, 1 drivers
v0x558d347306a0_0 .net "menor", 0 0, L_0x558d34731670;  alias, 1 drivers
v0x558d34730770_0 .net "s_contagem", 3 0, v0x558d3472fa40_0;  1 drivers
v0x558d34730810_0 .net "zera", 0 0, v0x558d34731220_0;  1 drivers
S_0x558d346f1cf0 .scope module, "comparador" "comparador_85" 3 45, 4 16 0, S_0x558d346f7be0;
 .timescale 0 0;
    .port_info 0 /INPUT 1 "ALBi"
    .port_info 1 /INPUT 1 "AGBi"
    .port_info 2 /INPUT 1 "AEBi"
    .port_info 3 /INPUT 4 "A"
    .port_info 4 /INPUT 4 "B"
    .port_info 5 /OUTPUT 1 "ALBo"
    .port_info 6 /OUTPUT 1 "AGBo"
    .port_info 7 /OUTPUT 1 "AEBo"
L_0x558d34731450 .functor NOT 5, L_0x558d34731360, C4<00000>, C4<00000>, C4<00000>;
L_0x558d34731670 .functor NOT 1, L_0x558d347318a0, C4<0>, C4<0>, C4<0>;
L_0x558d34731c00 .functor NOT 5, L_0x558d34731ac0, C4<00000>, C4<00000>, C4<00000>;
L_0x558d34731d60 .functor NOT 1, L_0x558d34731fb0, C4<0>, C4<0>, C4<0>;
L_0x7f02fc396210 .functor BUFT 1, C4<1>, C4<0>, C4<0>, C4<0>;
L_0x558d347321d0 .functor AND 1, L_0x558d34732130, L_0x7f02fc396210, C4<1>, C4<1>;
v0x558d346f6250_0 .net "A", 3 0, v0x558d3472fa40_0;  alias, 1 drivers
v0x558d346f37e0_0 .net "AEBi", 0 0, L_0x7f02fc396210;  1 drivers
v0x558d3472dfc0_0 .net "AEBo", 0 0, L_0x558d347321d0;  alias, 1 drivers
L_0x7f02fc3961c8 .functor BUFT 1, C4<0>, C4<0>, C4<0>, C4<0>;
v0x558d3472e060_0 .net "AGBi", 0 0, L_0x7f02fc3961c8;  1 drivers
v0x558d3472e120_0 .net "AGBo", 0 0, L_0x558d34731d60;  alias, 1 drivers
L_0x7f02fc396180 .functor BUFT 1, C4<0>, C4<0>, C4<0>, C4<0>;
v0x558d3472e230_0 .net "ALBi", 0 0, L_0x7f02fc396180;  1 drivers
v0x558d3472e2f0_0 .net "ALBo", 0 0, L_0x558d34731670;  alias, 1 drivers
v0x558d3472e3b0_0 .net "B", 3 0, v0x558d34730a50_0;  alias, 1 drivers
v0x558d3472e490_0 .net "CSG", 4 0, L_0x558d34731ec0;  1 drivers
v0x558d3472e570_0 .net "CSL", 4 0, L_0x558d34731780;  1 drivers
v0x558d3472e650_0 .net *"_s0", 4 0, L_0x558d34731360;  1 drivers
v0x558d3472e730_0 .net *"_s10", 4 0, L_0x558d347315d0;  1 drivers
L_0x7f02fc396258 .functor BUFT 1, C4<00000>, C4<0>, C4<0>, C4<0>;
v0x558d3472e810_0 .net *"_s12", 4 0, L_0x7f02fc396258;  1 drivers
v0x558d3472e8f0_0 .net *"_s19", 0 0, L_0x558d347318a0;  1 drivers
v0x558d3472e9d0_0 .net *"_s22", 4 0, L_0x558d347319e0;  1 drivers
L_0x7f02fc3960f0 .functor BUFT 1, C4<0>, C4<0>, C4<0>, C4<0>;
v0x558d3472eab0_0 .net *"_s25", 0 0, L_0x7f02fc3960f0;  1 drivers
v0x558d3472eb90_0 .net *"_s26", 4 0, L_0x558d34731ac0;  1 drivers
L_0x7f02fc396138 .functor BUFT 1, C4<0>, C4<0>, C4<0>, C4<0>;
v0x558d3472ec70_0 .net *"_s29", 0 0, L_0x7f02fc396138;  1 drivers
L_0x7f02fc396060 .functor BUFT 1, C4<0>, C4<0>, C4<0>, C4<0>;
v0x558d3472ed50_0 .net *"_s3", 0 0, L_0x7f02fc396060;  1 drivers
v0x558d3472ee30_0 .net *"_s30", 4 0, L_0x558d34731c00;  1 drivers
v0x558d3472ef10_0 .net *"_s32", 4 0, L_0x558d34731cc0;  1 drivers
L_0x7f02fc3962a0 .functor BUFT 1, C4<00000>, C4<0>, C4<0>, C4<0>;
v0x558d3472eff0_0 .net *"_s34", 4 0, L_0x7f02fc3962a0;  1 drivers
v0x558d3472f0d0_0 .net *"_s4", 4 0, L_0x558d34731450;  1 drivers
v0x558d3472f1b0_0 .net *"_s41", 0 0, L_0x558d34731fb0;  1 drivers
v0x558d3472f290_0 .net *"_s44", 0 0, L_0x558d34732130;  1 drivers
v0x558d3472f350_0 .net *"_s6", 4 0, L_0x558d34731510;  1 drivers
L_0x7f02fc3960a8 .functor BUFT 1, C4<0>, C4<0>, C4<0>, C4<0>;
v0x558d3472f430_0 .net *"_s9", 0 0, L_0x7f02fc3960a8;  1 drivers
L_0x558d34731360 .concat [ 4 1 0 0], v0x558d3472fa40_0, L_0x7f02fc396060;
L_0x558d34731510 .concat [ 4 1 0 0], v0x558d34730a50_0, L_0x7f02fc3960a8;
L_0x558d347315d0 .arith/sum 5, L_0x558d34731450, L_0x558d34731510;
L_0x558d34731780 .arith/sum 5, L_0x558d347315d0, L_0x7f02fc396258;
L_0x558d347318a0 .part L_0x558d34731780, 4, 1;
L_0x558d347319e0 .concat [ 4 1 0 0], v0x558d3472fa40_0, L_0x7f02fc3960f0;
L_0x558d34731ac0 .concat [ 4 1 0 0], v0x558d34730a50_0, L_0x7f02fc396138;
L_0x558d34731cc0 .arith/sum 5, L_0x558d347319e0, L_0x558d34731c00;
L_0x558d34731ec0 .arith/sum 5, L_0x558d34731cc0, L_0x7f02fc3962a0;
L_0x558d34731fb0 .part L_0x558d34731ec0, 4, 1;
L_0x558d34732130 .cmp/eq 4, v0x558d3472fa40_0, v0x558d34730a50_0;
S_0x558d3472f610 .scope module, "contador" "contador_163" 3 33, 5 16 0, S_0x558d346f7be0;
 .timescale 0 0;
    .port_info 0 /INPUT 1 "clock"
    .port_info 1 /INPUT 1 "clr"
    .port_info 2 /INPUT 1 "ld"
    .port_info 3 /INPUT 1 "ent"
    .port_info 4 /INPUT 1 "enp"
    .port_info 5 /INPUT 4 "D"
    .port_info 6 /OUTPUT 4 "Q"
    .port_info 7 /OUTPUT 1 "rco"
v0x558d3472f960_0 .net "D", 3 0, v0x558d34730a50_0;  alias, 1 drivers
v0x558d3472fa40_0 .var "Q", 3 0;
v0x558d3472fae0_0 .net "clock", 0 0, v0x558d34730af0_0;  alias, 1 drivers
v0x558d3472fb80_0 .net "clr", 0 0, L_0x558d346f5ea0;  1 drivers
v0x558d3472fc20_0 .net "enp", 0 0, v0x558d34730cb0_0;  alias, 1 drivers
L_0x7f02fc396018 .functor BUFT 1, C4<1>, C4<0>, C4<0>, C4<0>;
v0x558d3472fd30_0 .net "ent", 0 0, L_0x7f02fc396018;  1 drivers
v0x558d3472fdf0_0 .net "ld", 0 0, L_0x558d346f3430;  1 drivers
v0x558d3472feb0_0 .var "rco", 0 0;
E_0x558d347100a0 .event edge, v0x558d3472fd30_0, v0x558d346f6250_0;
E_0x558d3470ff90 .event posedge, v0x558d3472fae0_0;
    .scope S_0x558d3472f610;
T_0 ;
    %wait E_0x558d3470ff90;
    %load/vec4 v0x558d3472fb80_0;
    %inv;
    %flag_set/vec4 8;
    %jmp/0xz  T_0.0, 8;
    %pushi/vec4 0, 0, 4;
    %assign/vec4 v0x558d3472fa40_0, 0;
    %jmp T_0.1;
T_0.0 ;
    %load/vec4 v0x558d3472fdf0_0;
    %inv;
    %flag_set/vec4 8;
    %jmp/0xz  T_0.2, 8;
    %load/vec4 v0x558d3472f960_0;
    %assign/vec4 v0x558d3472fa40_0, 0;
    %jmp T_0.3;
T_0.2 ;
    %load/vec4 v0x558d3472fd30_0;
    %load/vec4 v0x558d3472fc20_0;
    %and;
    %flag_set/vec4 8;
    %jmp/0xz  T_0.4, 8;
    %load/vec4 v0x558d3472fa40_0;
    %addi 1, 0, 4;
    %assign/vec4 v0x558d3472fa40_0, 0;
    %jmp T_0.5;
T_0.4 ;
    %load/vec4 v0x558d3472fa40_0;
    %assign/vec4 v0x558d3472fa40_0, 0;
T_0.5 ;
T_0.3 ;
T_0.1 ;
    %jmp T_0;
    .thread T_0;
    .scope S_0x558d3472f610;
T_1 ;
    %wait E_0x558d347100a0;
    %load/vec4 v0x558d3472fd30_0;
    %load/vec4 v0x558d3472fa40_0;
    %pushi/vec4 15, 0, 4;
    %cmp/e;
    %flag_get/vec4 4;
    %and;
    %flag_set/vec4 8;
    %jmp/0xz  T_1.0, 8;
    %pushi/vec4 1, 0, 1;
    %store/vec4 v0x558d3472feb0_0, 0, 1;
    %jmp T_1.1;
T_1.0 ;
    %pushi/vec4 0, 0, 1;
    %store/vec4 v0x558d3472feb0_0, 0, 1;
T_1.1 ;
    %jmp T_1;
    .thread T_1, $push;
    .scope S_0x558d346f7ef0;
T_2 ;
    %vpi_call 2 48 "$dumpfile", "testbench.vcd" {0 0 0};
    %end;
    .thread T_2;
    .scope S_0x558d346f7ef0;
T_3 ;
    %vpi_call 2 49 "$dumpvars", 32'sb00000000000000000000000000000000, S_0x558d346f7ef0 {0 0 0};
    %end;
    .thread T_3;
    .scope S_0x558d346f7ef0;
T_4 ;
    %pushi/vec4 1, 0, 1;
    %store/vec4 v0x558d34730af0_0, 0, 1;
    %pushi/vec4 0, 0, 1;
    %store/vec4 v0x558d34730c10_0, 0, 1;
    %pushi/vec4 0, 0, 1;
    %store/vec4 v0x558d34731220_0, 0, 1;
    %pushi/vec4 0, 0, 1;
    %store/vec4 v0x558d34730990_0, 0, 1;
    %pushi/vec4 0, 0, 1;
    %store/vec4 v0x558d34730cb0_0, 0, 1;
    %pushi/vec4 0, 0, 4;
    %store/vec4 v0x558d34730a50_0, 0, 4;
    %delay 30, 0;
    %pushi/vec4 0, 0, 1;
    %store/vec4 v0x558d34730af0_0, 0, 1;
    %delay 10, 0;
    %pushi/vec4 1, 0, 1;
    %store/vec4 v0x558d34731220_0, 0, 1;
    %pushi/vec4 1, 0, 1;
    %store/vec4 v0x558d34730af0_0, 0, 1;
    %delay 10, 0;
    %pushi/vec4 0, 0, 1;
    %store/vec4 v0x558d34730af0_0, 0, 1;
    %delay 30, 0;
    %pushi/vec4 1, 0, 4;
    %store/vec4 v0x558d34730a50_0, 0, 4;
    %delay 30, 0;
    %pushi/vec4 0, 0, 1;
    %store/vec4 v0x558d34731220_0, 0, 1;
    %pushi/vec4 1, 0, 1;
    %store/vec4 v0x558d34730cb0_0, 0, 1;
    %pushi/vec4 1, 0, 1;
    %store/vec4 v0x558d34730af0_0, 0, 1;
    %delay 10, 0;
    %pushi/vec4 0, 0, 1;
    %store/vec4 v0x558d34730af0_0, 0, 1;
    %delay 30, 0;
    %pushi/vec4 1, 0, 1;
    %store/vec4 v0x558d34730cb0_0, 0, 1;
    %pushi/vec4 2, 0, 4;
    %store/vec4 v0x558d34730a50_0, 0, 4;
    %pushi/vec4 1, 0, 1;
    %store/vec4 v0x558d34730af0_0, 0, 1;
    %delay 10, 0;
    %pushi/vec4 0, 0, 1;
    %store/vec4 v0x558d34730af0_0, 0, 1;
    %delay 10, 0;
    %pushi/vec4 1, 0, 1;
    %store/vec4 v0x558d34730af0_0, 0, 1;
    %delay 10, 0;
    %pushi/vec4 0, 0, 1;
    %store/vec4 v0x558d34730af0_0, 0, 1;
    %delay 30, 0;
    %pushi/vec4 6, 0, 4;
    %store/vec4 v0x558d34730a50_0, 0, 4;
    %delay 10, 0;
    %pushi/vec4 1, 0, 1;
    %store/vec4 v0x558d34730cb0_0, 0, 1;
    %delay 10, 0;
    %pushi/vec4 1, 0, 1;
    %store/vec4 v0x558d34730af0_0, 0, 1;
    %delay 10, 0;
    %pushi/vec4 0, 0, 1;
    %store/vec4 v0x558d34730af0_0, 0, 1;
    %delay 10, 0;
    %pushi/vec4 1, 0, 1;
    %store/vec4 v0x558d34730af0_0, 0, 1;
    %delay 10, 0;
    %pushi/vec4 0, 0, 1;
    %store/vec4 v0x558d34730af0_0, 0, 1;
    %delay 10, 0;
    %pushi/vec4 1, 0, 1;
    %store/vec4 v0x558d34730af0_0, 0, 1;
    %delay 10, 0;
    %pushi/vec4 0, 0, 1;
    %store/vec4 v0x558d34730af0_0, 0, 1;
    %delay 10, 0;
    %pushi/vec4 1, 0, 1;
    %store/vec4 v0x558d34730af0_0, 0, 1;
    %delay 10, 0;
    %pushi/vec4 0, 0, 1;
    %store/vec4 v0x558d34730af0_0, 0, 1;
    %delay 10, 0;
    %pushi/vec4 1, 0, 1;
    %store/vec4 v0x558d34730af0_0, 0, 1;
    %delay 10, 0;
    %pushi/vec4 0, 0, 1;
    %store/vec4 v0x558d34730af0_0, 0, 1;
    %delay 10, 0;
    %pushi/vec4 1, 0, 1;
    %store/vec4 v0x558d34730af0_0, 0, 1;
    %delay 10, 0;
    %pushi/vec4 0, 0, 1;
    %store/vec4 v0x558d34730af0_0, 0, 1;
    %delay 10, 0;
    %pushi/vec4 1, 0, 1;
    %store/vec4 v0x558d34730af0_0, 0, 1;
    %delay 10, 0;
    %pushi/vec4 0, 0, 1;
    %store/vec4 v0x558d34730af0_0, 0, 1;
    %delay 10, 0;
    %pushi/vec4 1, 0, 1;
    %store/vec4 v0x558d34730af0_0, 0, 1;
    %delay 10, 0;
    %pushi/vec4 0, 0, 1;
    %store/vec4 v0x558d34730af0_0, 0, 1;
    %delay 10, 0;
    %pushi/vec4 1, 0, 1;
    %store/vec4 v0x558d34730af0_0, 0, 1;
    %delay 10, 0;
    %pushi/vec4 0, 0, 1;
    %store/vec4 v0x558d34730af0_0, 0, 1;
    %delay 10, 0;
    %pushi/vec4 1, 0, 1;
    %store/vec4 v0x558d34730af0_0, 0, 1;
    %delay 10, 0;
    %pushi/vec4 0, 0, 1;
    %store/vec4 v0x558d34730af0_0, 0, 1;
    %delay 10, 0;
    %pushi/vec4 1, 0, 1;
    %store/vec4 v0x558d34730af0_0, 0, 1;
    %delay 10, 0;
    %pushi/vec4 0, 0, 1;
    %store/vec4 v0x558d34730af0_0, 0, 1;
    %delay 10, 0;
    %pushi/vec4 1, 0, 1;
    %store/vec4 v0x558d34730cb0_0, 0, 1;
    %delay 10, 0;
    %pushi/vec4 1, 0, 1;
    %store/vec4 v0x558d34730af0_0, 0, 1;
    %vpi_call 2 224 "$display", "%d", v0x558d34730df0_0 {0 0 0};
    %delay 50, 0;
    %vpi_call 2 226 "$display", "%d", v0x558d34730df0_0 {0 0 0};
    %delay 10, 0;
    %vpi_call 2 229 "$finish" {0 0 0};
    %end;
    .thread T_4;
    .scope S_0x558d346f7ef0;
T_5 ;
    %delay 10, 0;
    %load/vec4 v0x558d34730c10_0;
    %inv;
    %store/vec4 v0x558d34730c10_0, 0, 1;
    %jmp T_5;
    .thread T_5;
# The file index is used to find the file name in the following table.
:file_names 6;
    "N/A";
    "<interactive>";
    "testbench.v";
    "circuito_exp3_ativ2.v";
    "comparador_85.v";
    "contador_163.v";
