#! /usr/bin/vvp
:ivl_version "10.3 (stable)";
:ivl_delay_selection "TYPICAL";
:vpi_time_precision + 0;
:vpi_module "system";
:vpi_module "vhdl_sys";
:vpi_module "v2005_math";
:vpi_module "va_math";
S_0x56537c9b6680 .scope module, "circuito_exp7_tb" "circuito_exp7_tb" 2 1;
 .timescale 0 0;
P_0x56537c970bd0 .param/l "clockPeriod" 0 2 28, +C4<00000000000000000000001111101000>;
v0x56537c9fbd30_0 .var "caso", 31 0;
v0x56537c9fbe30_0 .var "chaves_in", 3 0;
v0x56537c9fbef0_0 .var "clock_in", 0 0;
v0x56537c9fbf90_0 .net "db_Q_out", 12 0, v0x56537c9f1f10_0;  1 drivers
v0x56537c9fc030_0 .net "db_clock_out", 0 0, L_0x56537c9fff90;  1 drivers
v0x56537c9fc0d0_0 .net "db_contagem_out", 6 0, v0x56537c9f5c00_0;  1 drivers
v0x56537c9fc1c0_0 .net "db_enderecoIgualRodada_out", 0 0, L_0x56537ca000e0;  1 drivers
v0x56537c9fc260_0 .net "db_estado_out", 6 0, v0x56537c9f60c0_0;  1 drivers
v0x56537c9fc350_0 .net "db_grava_out", 0 0, L_0x56537ca00180;  1 drivers
v0x56537c9fc3f0_0 .net "db_jogada_correta_out", 0 0, L_0x56537ca00070;  1 drivers
v0x56537c9fc490_0 .net "db_jogadafeita_out", 6 0, v0x56537c9f5730_0;  1 drivers
v0x56537c9fc530_0 .net "db_memoria_out", 6 0, v0x56537c9f65e0_0;  1 drivers
v0x56537c9fc620_0 .net "db_rodada_out", 6 0, v0x56537c9f6a70_0;  1 drivers
v0x56537c9fc730_0 .net "db_tem_jogada_out", 0 0, L_0x56537c9ff7a0;  1 drivers
v0x56537c9fc7d0_0 .net "db_timeout_out", 0 0, L_0x56537ca00000;  1 drivers
v0x56537c9fc870_0 .net "ganhou_out", 0 0, v0x56537c9f7dd0_0;  1 drivers
v0x56537c9fc960_0 .var/i "i", 31 0;
v0x56537c9fca20_0 .var "iniciar_in", 0 0;
v0x56537c9fcb10_0 .var "jogada_counter", 4 0;
v0x56537c9fcbf0_0 .net "leds_out", 3 0, L_0x56537c9ffd50;  1 drivers
v0x56537c9fcd00_0 .net "perdeu_out", 0 0, v0x56537c9f84b0_0;  1 drivers
v0x56537c9fcdf0_0 .net "pronto_out", 0 0, v0x56537c9f8c20_0;  1 drivers
v0x56537c9fcee0_0 .var "reset_in", 0 0;
v0x56537c9fcfd0 .array "sequencia", 0 15, 3 0;
E_0x56537c98e060 .event negedge, v0x56537c9b5070_0;
S_0x56537c9bce20 .scope module, "dut" "jogo_desafio_memoria" 2 46, 3 2 0, S_0x56537c9b6680;
 .timescale 0 0;
    .port_info 0 /INPUT 1 "clock"
    .port_info 1 /INPUT 1 "reset"
    .port_info 2 /INPUT 1 "iniciar"
    .port_info 3 /INPUT 4 "botoes"
    .port_info 4 /OUTPUT 1 "ganhou"
    .port_info 5 /OUTPUT 1 "perdeu"
    .port_info 6 /OUTPUT 1 "pronto"
    .port_info 7 /OUTPUT 4 "leds"
    .port_info 8 /OUTPUT 7 "db_contagem"
    .port_info 9 /OUTPUT 7 "db_memoria"
    .port_info 10 /OUTPUT 7 "db_estado"
    .port_info 11 /OUTPUT 7 "db_jogadafeita"
    .port_info 12 /OUTPUT 7 "db_rodada"
    .port_info 13 /OUTPUT 1 "db_clock"
    .port_info 14 /OUTPUT 1 "db_tem_jogada"
    .port_info 15 /OUTPUT 1 "db_timeout"
    .port_info 16 /OUTPUT 1 "db_jogada_correta"
    .port_info 17 /OUTPUT 1 "db_enderecoIgualRodada"
    .port_info 18 /OUTPUT 1 "db_grava"
    .port_info 19 /OUTPUT 13 "db_Q"
L_0x56537c9fff90 .functor BUFZ 1, v0x56537c9fbef0_0, C4<0>, C4<0>, C4<0>;
L_0x56537ca00000 .functor BUFZ 1, v0x56537c9f21a0_0, C4<0>, C4<0>, C4<0>;
L_0x56537ca00070 .functor BUFZ 1, L_0x56537c9fe060, C4<0>, C4<0>, C4<0>;
L_0x56537ca000e0 .functor BUFZ 1, L_0x56537c9ff240, C4<0>, C4<0>, C4<0>;
L_0x56537ca00180 .functor BUFZ 1, v0x56537c9f87a0_0, C4<0>, C4<0>, C4<0>;
v0x56537c9f9780_0 .net "botoes", 3 0, v0x56537c9fbe30_0;  1 drivers
v0x56537c9f9860_0 .net "clock", 0 0, v0x56537c9fbef0_0;  1 drivers
v0x56537c9f9920_0 .net "contaCE", 0 0, v0x56537c9f7f40_0;  1 drivers
v0x56537c9f99c0_0 .net "contaCR", 0 0, v0x56537c9f8080_0;  1 drivers
v0x56537c9f9a60_0 .net "contaT", 0 0, v0x56537c9f8170_0;  1 drivers
v0x56537c9f9b50_0 .net "contaTI", 0 0, v0x56537c9f8260_0;  1 drivers
v0x56537c9f9bf0_0 .net "db_Q", 12 0, v0x56537c9f1f10_0;  alias, 1 drivers
v0x56537c9f9ce0_0 .net "db_clock", 0 0, L_0x56537c9fff90;  alias, 1 drivers
v0x56537c9f9d80_0 .net "db_contagem", 6 0, v0x56537c9f5c00_0;  alias, 1 drivers
v0x56537c9f9e40_0 .net "db_contagem_hex", 3 0, L_0x56537c9ffa60;  1 drivers
v0x56537c9f9ee0_0 .net "db_enderecoIgualRodada", 0 0, L_0x56537ca000e0;  alias, 1 drivers
v0x56537c9f9fa0_0 .net "db_estado", 6 0, v0x56537c9f60c0_0;  alias, 1 drivers
v0x56537c9fa060_0 .net "db_estado_hex", 3 0, v0x56537c9f8350_0;  1 drivers
v0x56537c9fa150_0 .net "db_grava", 0 0, L_0x56537ca00180;  alias, 1 drivers
v0x56537c9fa210_0 .net "db_jogada_correta", 0 0, L_0x56537ca00070;  alias, 1 drivers
v0x56537c9fa2d0_0 .net "db_jogada_hex", 3 0, L_0x56537c9ffb00;  1 drivers
v0x56537c9fa3e0_0 .net "db_jogadafeita", 6 0, v0x56537c9f5730_0;  alias, 1 drivers
v0x56537c9fa5b0_0 .net "db_memoria", 6 0, v0x56537c9f65e0_0;  alias, 1 drivers
v0x56537c9fa650_0 .net "db_memoria_hex", 3 0, L_0x56537c9ffb70;  1 drivers
v0x56537c9fa740_0 .net "db_rodada", 6 0, v0x56537c9f6a70_0;  alias, 1 drivers
v0x56537c9fa800_0 .net "db_rodada_hex", 3 0, L_0x56537c9ffc90;  1 drivers
v0x56537c9fa8f0_0 .net "db_tem_jogada", 0 0, L_0x56537c9ff7a0;  alias, 1 drivers
v0x56537c9fa9e0_0 .net "db_timeout", 0 0, L_0x56537ca00000;  alias, 1 drivers
v0x56537c9faaa0_0 .net "enderecoIgualRodada", 0 0, L_0x56537c9ff240;  1 drivers
v0x56537c9fab40_0 .net "exibe_jogada_inicial", 0 0, v0x56537c9f8550_0;  1 drivers
v0x56537c9fabe0_0 .net "fimCE", 0 0, L_0x56537c9ffc20;  1 drivers
v0x56537c9facd0_0 .net "fimCR", 0 0, v0x56537c9f0f30_0;  1 drivers
v0x56537c9fad70_0 .net "ganhou", 0 0, v0x56537c9f7dd0_0;  alias, 1 drivers
v0x56537c9fae10_0 .net "grava", 0 0, v0x56537c9f87a0_0;  1 drivers
v0x56537c9faeb0_0 .net "iniciar", 0 0, v0x56537c9fca20_0;  1 drivers
v0x56537c9faf50_0 .net "jogada", 0 0, L_0x56537c9ff490;  1 drivers
v0x56537c9faff0_0 .net "jogada_correta", 0 0, L_0x56537c9fe060;  1 drivers
v0x56537c9fb090_0 .net "leds", 3 0, L_0x56537c9ffd50;  alias, 1 drivers
v0x56537c9fb340_0 .net "perdeu", 0 0, v0x56537c9f84b0_0;  alias, 1 drivers
v0x56537c9fb3e0_0 .net "pronto", 0 0, v0x56537c9f8c20_0;  alias, 1 drivers
v0x56537c9fb480_0 .net "registraR", 0 0, v0x56537c9f8ce0_0;  1 drivers
v0x56537c9fb520_0 .net "reset", 0 0, v0x56537c9fcee0_0;  1 drivers
v0x56537c9fb5c0_0 .net "timeout", 0 0, v0x56537c9f21a0_0;  1 drivers
v0x56537c9fb660_0 .net "timeout_jogada_inicial", 0 0, v0x56537c9f1690_0;  1 drivers
v0x56537c9fb700_0 .net "zeraCE", 0 0, v0x56537c9f9070_0;  1 drivers
v0x56537c9fb7f0_0 .net "zeraCR", 0 0, v0x56537c9f9110_0;  1 drivers
v0x56537c9fb8e0_0 .net "zeraR", 0 0, v0x56537c9f91b0_0;  1 drivers
v0x56537c9fb980_0 .net "zeraT", 0 0, v0x56537c9f92a0_0;  1 drivers
v0x56537c9fba20_0 .net "zeraTI", 0 0, v0x56537c9f9390_0;  1 drivers
S_0x56537c9cf270 .scope module, "fd" "fluxo_dados" 3 61, 4 1 0, S_0x56537c9bce20;
 .timescale 0 0;
    .port_info 0 /INPUT 1 "clock"
    .port_info 1 /INPUT 1 "zeraR"
    .port_info 2 /INPUT 1 "registraR"
    .port_info 3 /INPUT 1 "zeraCR"
    .port_info 4 /INPUT 1 "contaCR"
    .port_info 5 /INPUT 1 "zeraCE"
    .port_info 6 /INPUT 1 "contaCE"
    .port_info 7 /INPUT 1 "zeraT"
    .port_info 8 /INPUT 1 "contaT"
    .port_info 9 /INPUT 1 "zeraTI"
    .port_info 10 /INPUT 1 "contaTI"
    .port_info 11 /INPUT 4 "botoes"
    .port_info 12 /INPUT 1 "grava"
    .port_info 13 /OUTPUT 1 "jogada_correta"
    .port_info 14 /OUTPUT 1 "enderecoIgualRodada"
    .port_info 15 /OUTPUT 1 "fimCE"
    .port_info 16 /OUTPUT 1 "fimCR"
    .port_info 17 /OUTPUT 1 "jogada_feita"
    .port_info 18 /OUTPUT 4 "leds"
    .port_info 19 /OUTPUT 1 "db_tem_jogada"
    .port_info 20 /OUTPUT 4 "db_contagem"
    .port_info 21 /OUTPUT 4 "db_jogada"
    .port_info 22 /OUTPUT 4 "db_memoria"
    .port_info 23 /OUTPUT 4 "db_rodada"
    .port_info 24 /OUTPUT 13 "Q"
    .port_info 25 /OUTPUT 1 "timeout"
    .port_info 26 /OUTPUT 1 "timeout_jogada_inicial"
L_0x56537c94ea70 .functor NOT 1, v0x56537c9f9070_0, C4<0>, C4<0>, C4<0>;
L_0x56537c94ebb0 .functor NOT 1, v0x56537c9f9110_0, C4<0>, C4<0>, C4<0>;
L_0x56537c9ff8d0 .functor OR 1, v0x56537c9f8ce0_0, v0x56537c9f91b0_0, C4<0>, C4<0>;
L_0x56537c9ffa60 .functor BUFZ 4, v0x56537c9eff80_0, C4<0000>, C4<0000>, C4<0000>;
L_0x56537c9ffb00 .functor BUFZ 4, v0x56537c9f3150_0, C4<0000>, C4<0000>, C4<0000>;
L_0x56537c9ffb70 .functor BUFZ 4, L_0x56537c953670, C4<0000>, C4<0000>, C4<0000>;
L_0x56537c9ffc20 .functor BUFZ 1, v0x56537c9f0430_0, C4<0>, C4<0>, C4<0>;
L_0x56537c9ffc90 .functor BUFZ 4, v0x56537c9f0a70_0, C4<0000>, C4<0000>, C4<0000>;
v0x56537c9f35b0_0 .net "Q", 12 0, v0x56537c9f1f10_0;  alias, 1 drivers
L_0x7f0af46726d8 .functor BUFT 1, C4<0000>, C4<0>, C4<0>, C4<0>;
v0x56537c9f3690_0 .net/2u *"_s50", 3 0, L_0x7f0af46726d8;  1 drivers
v0x56537c9f3750_0 .net "botoes", 3 0, v0x56537c9fbe30_0;  alias, 1 drivers
v0x56537c9f3870_0 .net "clock", 0 0, v0x56537c9fbef0_0;  alias, 1 drivers
v0x56537c9f3910_0 .net "contaCE", 0 0, v0x56537c9f7f40_0;  alias, 1 drivers
v0x56537c9f3a00_0 .net "contaCR", 0 0, v0x56537c9f8080_0;  alias, 1 drivers
v0x56537c9f3aa0_0 .net "contaT", 0 0, v0x56537c9f8170_0;  alias, 1 drivers
v0x56537c9f3b70_0 .net "contaTI", 0 0, v0x56537c9f8260_0;  alias, 1 drivers
v0x56537c9f3c40_0 .net "db_contagem", 3 0, L_0x56537c9ffa60;  alias, 1 drivers
v0x56537c9f3ce0_0 .net "db_jogada", 3 0, L_0x56537c9ffb00;  alias, 1 drivers
v0x56537c9f3d80_0 .net "db_memoria", 3 0, L_0x56537c9ffb70;  alias, 1 drivers
v0x56537c9f3e60_0 .net "db_rodada", 3 0, L_0x56537c9ffc90;  alias, 1 drivers
v0x56537c9f3f40_0 .net "db_tem_jogada", 0 0, L_0x56537c9ff7a0;  alias, 1 drivers
v0x56537c9f4010_0 .net "enderecoIgualRodada", 0 0, L_0x56537c9ff240;  alias, 1 drivers
v0x56537c9f40e0_0 .net "fimCE", 0 0, L_0x56537c9ffc20;  alias, 1 drivers
v0x56537c9f4180_0 .net "fimCR", 0 0, v0x56537c9f0f30_0;  alias, 1 drivers
v0x56537c9f4250_0 .net "fim_rodada", 0 0, v0x56537c9f0430_0;  1 drivers
v0x56537c9f4430_0 .net "grava", 0 0, v0x56537c9f87a0_0;  alias, 1 drivers
v0x56537c9f4500_0 .net "jogada_correta", 0 0, L_0x56537c9fe060;  alias, 1 drivers
v0x56537c9f45d0_0 .net "jogada_feita", 0 0, L_0x56537c9ff490;  alias, 1 drivers
v0x56537c9f46a0_0 .net "leds", 3 0, L_0x56537c9ffd50;  alias, 1 drivers
v0x56537c9f4740_0 .net "registraR", 0 0, v0x56537c9f8ce0_0;  alias, 1 drivers
v0x56537c9f4810_0 .net "s_dado", 3 0, L_0x56537c953670;  1 drivers
v0x56537c9f48b0_0 .net "s_endereco", 3 0, v0x56537c9eff80_0;  1 drivers
v0x56537c9f49a0_0 .net "s_endereco_ram", 3 0, L_0x56537c9ff620;  1 drivers
v0x56537c9f4a40_0 .net "s_jogada", 3 0, v0x56537c9f3150_0;  1 drivers
v0x56537c9f4b30_0 .net "s_rodada", 3 0, v0x56537c9f0a70_0;  1 drivers
v0x56537c9f4c20_0 .net "timeout", 0 0, v0x56537c9f21a0_0;  alias, 1 drivers
v0x56537c9f4cc0_0 .net "timeout_jogada_inicial", 0 0, v0x56537c9f1690_0;  alias, 1 drivers
v0x56537c9f4d60_0 .net "zeraCE", 0 0, v0x56537c9f9070_0;  alias, 1 drivers
v0x56537c9f4e00_0 .net "zeraCR", 0 0, v0x56537c9f9110_0;  alias, 1 drivers
v0x56537c9f4ea0_0 .net "zeraR", 0 0, v0x56537c9f91b0_0;  alias, 1 drivers
v0x56537c9f4f40_0 .net "zeraT", 0 0, v0x56537c9f92a0_0;  alias, 1 drivers
v0x56537c9f5010_0 .net "zeraTI", 0 0, v0x56537c9f9390_0;  alias, 1 drivers
v0x56537c9f50e0_0 .net "zera_timeout", 0 0, L_0x56537c9ff8d0;  1 drivers
L_0x56537c9ff620 .functor MUXZ 4, v0x56537c9eff80_0, v0x56537c9f0a70_0, v0x56537c9f87a0_0, C4<>;
L_0x56537c9ff7a0 .reduce/or v0x56537c9fbe30_0;
L_0x56537c9ffd50 .functor MUXZ 4, L_0x7f0af46726d8, L_0x56537c953670, v0x56537c9f8260_0, C4<>;
S_0x56537c9499a0 .scope module, "RAM" "sync_ram_16x4_file" 4 37, 5 19 0, S_0x56537c9cf270;
 .timescale 0 0;
    .port_info 0 /INPUT 1 "clk"
    .port_info 1 /INPUT 1 "we"
    .port_info 2 /INPUT 4 "data"
    .port_info 3 /INPUT 4 "addr"
    .port_info 4 /OUTPUT 4 "q"
P_0x56537c980cc0 .param/str "BINFILE" 0 5 20, "ram_init.txt";
L_0x56537c953670 .functor BUFZ 4, L_0x56537c9fd090, C4<0000>, C4<0000>, C4<0000>;
v0x56537c9c2a00_0 .net *"_s0", 3 0, L_0x56537c9fd090;  1 drivers
v0x56537c9aec00_0 .net *"_s2", 5 0, L_0x56537c9fd150;  1 drivers
L_0x7f0af4672018 .functor BUFT 1, C4<00>, C4<0>, C4<0>, C4<0>;
v0x56537c9acc50_0 .net *"_s5", 1 0, L_0x7f0af4672018;  1 drivers
v0x56537c9bb810_0 .net "addr", 3 0, L_0x56537c9ff620;  alias, 1 drivers
v0x56537c9b8da0_0 .var "addr_reg", 3 0;
v0x56537c9b5070_0 .net "clk", 0 0, v0x56537c9fbef0_0;  alias, 1 drivers
v0x56537c9b2600_0 .net "data", 3 0, v0x56537c9fbe30_0;  alias, 1 drivers
v0x56537c9ec3a0_0 .net "q", 3 0, L_0x56537c953670;  alias, 1 drivers
v0x56537c9ec480 .array "ram", 0 15, 3 0;
v0x56537c9ec540_0 .net "we", 0 0, v0x56537c9f87a0_0;  alias, 1 drivers
E_0x56537c98bcc0 .event posedge, v0x56537c9b5070_0;
L_0x56537c9fd090 .array/port v0x56537c9ec480, L_0x56537c9fd150;
L_0x56537c9fd150 .concat [ 4 2 0 0], v0x56537c9b8da0_0, L_0x7f0af4672018;
S_0x56537c9c4ea0 .scope begin, "INICIA_RAM" "INICIA_RAM" 5 39, 5 39 0, S_0x56537c9499a0;
 .timescale 0 0;
S_0x56537c9ec6a0 .scope module, "comparador_endereco" "comparador_85" 4 91, 6 16 0, S_0x56537c9cf270;
 .timescale 0 0;
    .port_info 0 /INPUT 1 "ALBi"
    .port_info 1 /INPUT 1 "AGBi"
    .port_info 2 /INPUT 1 "AEBi"
    .port_info 3 /INPUT 4 "A"
    .port_info 4 /INPUT 4 "B"
    .port_info 5 /OUTPUT 1 "ALBo"
    .port_info 6 /OUTPUT 1 "AGBo"
    .port_info 7 /OUTPUT 1 "AEBo"
L_0x56537c9fe330 .functor NOT 5, L_0x56537c9fe210, C4<00000>, C4<00000>, C4<00000>;
L_0x56537c9fe5b0 .functor NOT 1, L_0x56537c9fe7e0, C4<0>, C4<0>, C4<0>;
L_0x56537c9fec70 .functor NOT 5, L_0x56537c9febd0, C4<00000>, C4<00000>, C4<00000>;
L_0x56537c9fedd0 .functor NOT 1, L_0x56537c9ff020, C4<0>, C4<0>, C4<0>;
L_0x7f0af46725b8 .functor BUFT 1, C4<1>, C4<0>, C4<0>, C4<0>;
L_0x56537c9ff240 .functor AND 1, L_0x56537c9ff1a0, L_0x7f0af46725b8, C4<1>, C4<1>;
v0x56537c9ec960_0 .net "A", 3 0, v0x56537c9f0a70_0;  alias, 1 drivers
v0x56537c9eca40_0 .net "AEBi", 0 0, L_0x7f0af46725b8;  1 drivers
v0x56537c9ecb00_0 .net "AEBo", 0 0, L_0x56537c9ff240;  alias, 1 drivers
L_0x7f0af4672570 .functor BUFT 1, C4<0>, C4<0>, C4<0>, C4<0>;
v0x56537c9ecba0_0 .net "AGBi", 0 0, L_0x7f0af4672570;  1 drivers
v0x56537c9ecc60_0 .net "AGBo", 0 0, L_0x56537c9fedd0;  1 drivers
L_0x7f0af4672528 .functor BUFT 1, C4<0>, C4<0>, C4<0>, C4<0>;
v0x56537c9ecd70_0 .net "ALBi", 0 0, L_0x7f0af4672528;  1 drivers
v0x56537c9ece30_0 .net "ALBo", 0 0, L_0x56537c9fe5b0;  1 drivers
v0x56537c9ecef0_0 .net "B", 3 0, v0x56537c9eff80_0;  alias, 1 drivers
v0x56537c9ecfd0_0 .net "CSG", 4 0, L_0x56537c9fef30;  1 drivers
v0x56537c9ed0b0_0 .net "CSL", 4 0, L_0x56537c9fe6c0;  1 drivers
v0x56537c9ed190_0 .net *"_s0", 4 0, L_0x56537c9fe210;  1 drivers
v0x56537c9ed270_0 .net *"_s10", 4 0, L_0x56537c9fe510;  1 drivers
L_0x7f0af46727b0 .functor BUFT 1, C4<00000>, C4<0>, C4<0>, C4<0>;
v0x56537c9ed350_0 .net *"_s12", 4 0, L_0x7f0af46727b0;  1 drivers
v0x56537c9ed430_0 .net *"_s19", 0 0, L_0x56537c9fe7e0;  1 drivers
v0x56537c9ed510_0 .net *"_s22", 4 0, L_0x56537c9fe920;  1 drivers
L_0x7f0af4672498 .functor BUFT 1, C4<0>, C4<0>, C4<0>, C4<0>;
v0x56537c9ed5f0_0 .net *"_s25", 0 0, L_0x7f0af4672498;  1 drivers
v0x56537c9ed6d0_0 .net *"_s26", 4 0, L_0x56537c9febd0;  1 drivers
L_0x7f0af46724e0 .functor BUFT 1, C4<0>, C4<0>, C4<0>, C4<0>;
v0x56537c9ed7b0_0 .net *"_s29", 0 0, L_0x7f0af46724e0;  1 drivers
L_0x7f0af4672408 .functor BUFT 1, C4<0>, C4<0>, C4<0>, C4<0>;
v0x56537c9ed890_0 .net *"_s3", 0 0, L_0x7f0af4672408;  1 drivers
v0x56537c9ed970_0 .net *"_s30", 4 0, L_0x56537c9fec70;  1 drivers
v0x56537c9eda50_0 .net *"_s32", 4 0, L_0x56537c9fed30;  1 drivers
L_0x7f0af46727f8 .functor BUFT 1, C4<00000>, C4<0>, C4<0>, C4<0>;
v0x56537c9edb30_0 .net *"_s34", 4 0, L_0x7f0af46727f8;  1 drivers
v0x56537c9edc10_0 .net *"_s4", 4 0, L_0x56537c9fe330;  1 drivers
v0x56537c9edcf0_0 .net *"_s41", 0 0, L_0x56537c9ff020;  1 drivers
v0x56537c9eddd0_0 .net *"_s44", 0 0, L_0x56537c9ff1a0;  1 drivers
v0x56537c9ede90_0 .net *"_s6", 4 0, L_0x56537c9fe3f0;  1 drivers
L_0x7f0af4672450 .functor BUFT 1, C4<0>, C4<0>, C4<0>, C4<0>;
v0x56537c9edf70_0 .net *"_s9", 0 0, L_0x7f0af4672450;  1 drivers
L_0x56537c9fe210 .concat [ 4 1 0 0], v0x56537c9f0a70_0, L_0x7f0af4672408;
L_0x56537c9fe3f0 .concat [ 4 1 0 0], v0x56537c9eff80_0, L_0x7f0af4672450;
L_0x56537c9fe510 .arith/sum 5, L_0x56537c9fe330, L_0x56537c9fe3f0;
L_0x56537c9fe6c0 .arith/sum 5, L_0x56537c9fe510, L_0x7f0af46727b0;
L_0x56537c9fe7e0 .part L_0x56537c9fe6c0, 4, 1;
L_0x56537c9fe920 .concat [ 4 1 0 0], v0x56537c9f0a70_0, L_0x7f0af4672498;
L_0x56537c9febd0 .concat [ 4 1 0 0], v0x56537c9eff80_0, L_0x7f0af46724e0;
L_0x56537c9fed30 .arith/sum 5, L_0x56537c9fe920, L_0x56537c9fec70;
L_0x56537c9fef30 .arith/sum 5, L_0x56537c9fed30, L_0x7f0af46727f8;
L_0x56537c9ff020 .part L_0x56537c9fef30, 4, 1;
L_0x56537c9ff1a0 .cmp/eq 4, v0x56537c9f0a70_0, v0x56537c9eff80_0;
S_0x56537c9ee150 .scope module, "comparador_jogada" "comparador_85" 4 79, 6 16 0, S_0x56537c9cf270;
 .timescale 0 0;
    .port_info 0 /INPUT 1 "ALBi"
    .port_info 1 /INPUT 1 "AGBi"
    .port_info 2 /INPUT 1 "AEBi"
    .port_info 3 /INPUT 4 "A"
    .port_info 4 /INPUT 4 "B"
    .port_info 5 /OUTPUT 1 "ALBo"
    .port_info 6 /OUTPUT 1 "AGBo"
    .port_info 7 /OUTPUT 1 "AEBo"
L_0x56537c9156c0 .functor NOT 5, L_0x56537c9fd330, C4<00000>, C4<00000>, C4<00000>;
L_0x56537c989650 .functor NOT 1, L_0x56537c9fd730, C4<0>, C4<0>, C4<0>;
L_0x56537c9fda90 .functor NOT 5, L_0x56537c9fd9a0, C4<00000>, C4<00000>, C4<00000>;
L_0x56537c9fdbf0 .functor NOT 1, L_0x56537c9fde40, C4<0>, C4<0>, C4<0>;
L_0x7f0af46723c0 .functor BUFT 1, C4<1>, C4<0>, C4<0>, C4<0>;
L_0x56537c9fe060 .functor AND 1, L_0x56537c9fdfc0, L_0x7f0af46723c0, C4<1>, C4<1>;
v0x56537c9ee3f0_0 .net "A", 3 0, L_0x56537c953670;  alias, 1 drivers
v0x56537c9ee4b0_0 .net "AEBi", 0 0, L_0x7f0af46723c0;  1 drivers
v0x56537c9ee550_0 .net "AEBo", 0 0, L_0x56537c9fe060;  alias, 1 drivers
L_0x7f0af4672378 .functor BUFT 1, C4<0>, C4<0>, C4<0>, C4<0>;
v0x56537c9ee5f0_0 .net "AGBi", 0 0, L_0x7f0af4672378;  1 drivers
v0x56537c9ee6b0_0 .net "AGBo", 0 0, L_0x56537c9fdbf0;  1 drivers
L_0x7f0af4672330 .functor BUFT 1, C4<0>, C4<0>, C4<0>, C4<0>;
v0x56537c9ee7c0_0 .net "ALBi", 0 0, L_0x7f0af4672330;  1 drivers
v0x56537c9ee880_0 .net "ALBo", 0 0, L_0x56537c989650;  1 drivers
v0x56537c9ee940_0 .net "B", 3 0, v0x56537c9f3150_0;  alias, 1 drivers
v0x56537c9eea20_0 .net "CSG", 4 0, L_0x56537c9fdd50;  1 drivers
v0x56537c9eeb00_0 .net "CSL", 4 0, L_0x56537c9fd640;  1 drivers
v0x56537c9eebe0_0 .net *"_s0", 4 0, L_0x56537c9fd330;  1 drivers
v0x56537c9eecc0_0 .net *"_s10", 4 0, L_0x56537c9fd550;  1 drivers
L_0x7f0af4672720 .functor BUFT 1, C4<00000>, C4<0>, C4<0>, C4<0>;
v0x56537c9eeda0_0 .net *"_s12", 4 0, L_0x7f0af4672720;  1 drivers
v0x56537c9eee80_0 .net *"_s19", 0 0, L_0x56537c9fd730;  1 drivers
v0x56537c9eef60_0 .net *"_s22", 4 0, L_0x56537c9fd870;  1 drivers
L_0x7f0af46722a0 .functor BUFT 1, C4<0>, C4<0>, C4<0>, C4<0>;
v0x56537c9ef040_0 .net *"_s25", 0 0, L_0x7f0af46722a0;  1 drivers
v0x56537c9ef120_0 .net *"_s26", 4 0, L_0x56537c9fd9a0;  1 drivers
L_0x7f0af46722e8 .functor BUFT 1, C4<0>, C4<0>, C4<0>, C4<0>;
v0x56537c9ef200_0 .net *"_s29", 0 0, L_0x7f0af46722e8;  1 drivers
L_0x7f0af4672210 .functor BUFT 1, C4<0>, C4<0>, C4<0>, C4<0>;
v0x56537c9ef2e0_0 .net *"_s3", 0 0, L_0x7f0af4672210;  1 drivers
v0x56537c9ef3c0_0 .net *"_s30", 4 0, L_0x56537c9fda90;  1 drivers
v0x56537c9ef4a0_0 .net *"_s32", 4 0, L_0x56537c9fdb50;  1 drivers
L_0x7f0af4672768 .functor BUFT 1, C4<00000>, C4<0>, C4<0>, C4<0>;
v0x56537c9ef580_0 .net *"_s34", 4 0, L_0x7f0af4672768;  1 drivers
v0x56537c9ef660_0 .net *"_s4", 4 0, L_0x56537c9156c0;  1 drivers
v0x56537c9ef740_0 .net *"_s41", 0 0, L_0x56537c9fde40;  1 drivers
v0x56537c9ef820_0 .net *"_s44", 0 0, L_0x56537c9fdfc0;  1 drivers
v0x56537c9ef8e0_0 .net *"_s6", 4 0, L_0x56537c9fd420;  1 drivers
L_0x7f0af4672258 .functor BUFT 1, C4<0>, C4<0>, C4<0>, C4<0>;
v0x56537c9ef9c0_0 .net *"_s9", 0 0, L_0x7f0af4672258;  1 drivers
L_0x56537c9fd330 .concat [ 4 1 0 0], L_0x56537c953670, L_0x7f0af4672210;
L_0x56537c9fd420 .concat [ 4 1 0 0], v0x56537c9f3150_0, L_0x7f0af4672258;
L_0x56537c9fd550 .arith/sum 5, L_0x56537c9156c0, L_0x56537c9fd420;
L_0x56537c9fd640 .arith/sum 5, L_0x56537c9fd550, L_0x7f0af4672720;
L_0x56537c9fd730 .part L_0x56537c9fd640, 4, 1;
L_0x56537c9fd870 .concat [ 4 1 0 0], L_0x56537c953670, L_0x7f0af46722a0;
L_0x56537c9fd9a0 .concat [ 4 1 0 0], v0x56537c9f3150_0, L_0x7f0af46722e8;
L_0x56537c9fdb50 .arith/sum 5, L_0x56537c9fd870, L_0x56537c9fda90;
L_0x56537c9fdd50 .arith/sum 5, L_0x56537c9fdb50, L_0x7f0af4672768;
L_0x56537c9fde40 .part L_0x56537c9fdd50, 4, 1;
L_0x56537c9fdfc0 .cmp/eq 4, L_0x56537c953670, v0x56537c9f3150_0;
S_0x56537c9efba0 .scope module, "contador_endereco" "contador_163" 4 47, 7 16 0, S_0x56537c9cf270;
 .timescale 0 0;
    .port_info 0 /INPUT 1 "clock"
    .port_info 1 /INPUT 1 "clr"
    .port_info 2 /INPUT 1 "ld"
    .port_info 3 /INPUT 1 "ent"
    .port_info 4 /INPUT 1 "enp"
    .port_info 5 /INPUT 4 "D"
    .port_info 6 /OUTPUT 4 "Q"
    .port_info 7 /OUTPUT 1 "rco"
L_0x7f0af46720f0 .functor BUFT 1, C4<0000>, C4<0>, C4<0>, C4<0>;
v0x56537c9efe80_0 .net "D", 3 0, L_0x7f0af46720f0;  1 drivers
v0x56537c9eff80_0 .var "Q", 3 0;
v0x56537c9f0040_0 .net "clock", 0 0, v0x56537c9fbef0_0;  alias, 1 drivers
v0x56537c9f0140_0 .net "clr", 0 0, L_0x56537c94ea70;  1 drivers
v0x56537c9f01e0_0 .net "enp", 0 0, v0x56537c9f7f40_0;  alias, 1 drivers
L_0x7f0af46720a8 .functor BUFT 1, C4<1>, C4<0>, C4<0>, C4<0>;
v0x56537c9f02d0_0 .net "ent", 0 0, L_0x7f0af46720a8;  1 drivers
L_0x7f0af4672060 .functor BUFT 1, C4<1>, C4<0>, C4<0>, C4<0>;
v0x56537c9f0370_0 .net "ld", 0 0, L_0x7f0af4672060;  1 drivers
v0x56537c9f0430_0 .var "rco", 0 0;
E_0x56537c98b8b0 .event edge, v0x56537c9f02d0_0, v0x56537c9ecef0_0;
S_0x56537c9f0640 .scope module, "contador_rodada" "contador_163" 4 58, 7 16 0, S_0x56537c9cf270;
 .timescale 0 0;
    .port_info 0 /INPUT 1 "clock"
    .port_info 1 /INPUT 1 "clr"
    .port_info 2 /INPUT 1 "ld"
    .port_info 3 /INPUT 1 "ent"
    .port_info 4 /INPUT 1 "enp"
    .port_info 5 /INPUT 4 "D"
    .port_info 6 /OUTPUT 4 "Q"
    .port_info 7 /OUTPUT 1 "rco"
L_0x7f0af46721c8 .functor BUFT 1, C4<0000>, C4<0>, C4<0>, C4<0>;
v0x56537c9f0970_0 .net "D", 3 0, L_0x7f0af46721c8;  1 drivers
v0x56537c9f0a70_0 .var "Q", 3 0;
v0x56537c9f0b30_0 .net "clock", 0 0, v0x56537c9fbef0_0;  alias, 1 drivers
v0x56537c9f0c20_0 .net "clr", 0 0, L_0x56537c94ebb0;  1 drivers
v0x56537c9f0cc0_0 .net "enp", 0 0, v0x56537c9f8080_0;  alias, 1 drivers
L_0x7f0af4672180 .functor BUFT 1, C4<1>, C4<0>, C4<0>, C4<0>;
v0x56537c9f0db0_0 .net "ent", 0 0, L_0x7f0af4672180;  1 drivers
L_0x7f0af4672138 .functor BUFT 1, C4<1>, C4<0>, C4<0>, C4<0>;
v0x56537c9f0e70_0 .net "ld", 0 0, L_0x7f0af4672138;  1 drivers
v0x56537c9f0f30_0 .var "rco", 0 0;
E_0x56537c98ba20 .event edge, v0x56537c9f0db0_0, v0x56537c9ec960_0;
S_0x56537c9f1140 .scope module, "contador_tempo_display_jogada_inicial" "contador_m_2" 4 122, 8 19 0, S_0x56537c9cf270;
 .timescale 0 0;
    .port_info 0 /INPUT 1 "clock"
    .port_info 1 /INPUT 1 "zera_as"
    .port_info 2 /INPUT 1 "zera_s"
    .port_info 3 /INPUT 1 "conta"
    .port_info 4 /OUTPUT 13 "Q"
    .port_info 5 /OUTPUT 1 "fim"
    .port_info 6 /OUTPUT 1 "meio"
P_0x56537c9b4fc0 .param/l "M" 0 8 19, +C4<00000000000000000000011111010000>;
P_0x56537c9b5000 .param/l "N" 0 8 19, +C4<00000000000000000000000000001101>;
v0x56537c9f1400_0 .var "Q", 12 0;
v0x56537c9f1500_0 .net "clock", 0 0, v0x56537c9fbef0_0;  alias, 1 drivers
v0x56537c9f15c0_0 .net "conta", 0 0, v0x56537c9f8260_0;  alias, 1 drivers
v0x56537c9f1690_0 .var "fim", 0 0;
v0x56537c9f1730_0 .var "meio", 0 0;
L_0x7f0af4672690 .functor BUFT 1, C4<0>, C4<0>, C4<0>, C4<0>;
v0x56537c9f1840_0 .net "zera_as", 0 0, L_0x7f0af4672690;  1 drivers
v0x56537c9f1900_0 .net "zera_s", 0 0, v0x56537c9f9390_0;  alias, 1 drivers
E_0x56537c98eca0 .event edge, v0x56537c9f1400_0;
E_0x56537c9f13a0 .event posedge, v0x56537c9f1840_0, v0x56537c9b5070_0;
S_0x56537c9f1ae0 .scope module, "contador_timeout" "contador_m" 4 111, 9 19 0, S_0x56537c9cf270;
 .timescale 0 0;
    .port_info 0 /INPUT 1 "clock"
    .port_info 1 /INPUT 1 "zera_as"
    .port_info 2 /INPUT 1 "zera_s"
    .port_info 3 /INPUT 1 "conta"
    .port_info 4 /OUTPUT 13 "Q"
    .port_info 5 /OUTPUT 1 "fim"
    .port_info 6 /OUTPUT 1 "meio"
P_0x56537c9b2550 .param/l "M" 0 9 19, +C4<00000000000000000001001110001000>;
P_0x56537c9b2590 .param/l "N" 0 9 19, +C4<00000000000000000000000000001101>;
v0x56537c9f1f10_0 .var "Q", 12 0;
v0x56537c9f2010_0 .net "clock", 0 0, v0x56537c9fbef0_0;  alias, 1 drivers
v0x56537c9f20d0_0 .net "conta", 0 0, v0x56537c9f8170_0;  alias, 1 drivers
v0x56537c9f21a0_0 .var "fim", 0 0;
v0x56537c9f2240_0 .var "meio", 0 0;
L_0x7f0af4672648 .functor BUFT 1, C4<0>, C4<0>, C4<0>, C4<0>;
v0x56537c9f2300_0 .net "zera_as", 0 0, L_0x7f0af4672648;  1 drivers
v0x56537c9f23c0_0 .net "zera_s", 0 0, v0x56537c9f92a0_0;  alias, 1 drivers
E_0x56537c9f1e30 .event edge, v0x56537c9f1f10_0;
E_0x56537c9f1eb0 .event posedge, v0x56537c9f2300_0, v0x56537c9b5070_0;
S_0x56537c9f25a0 .scope module, "edge_detect" "edge_detector" 4 102, 10 21 0, S_0x56537c9cf270;
 .timescale 0 0;
    .port_info 0 /INPUT 1 "clock"
    .port_info 1 /INPUT 1 "reset"
    .port_info 2 /INPUT 1 "sinal"
    .port_info 3 /OUTPUT 1 "pulso"
L_0x56537c9ff3f0 .functor NOT 1, v0x56537c9f2ae0_0, C4<0>, C4<0>, C4<0>;
L_0x56537c9ff490 .functor AND 1, L_0x56537c9ff3f0, v0x56537c9f2a40_0, C4<1>, C4<1>;
v0x56537c9f27b0_0 .net *"_s0", 0 0, L_0x56537c9ff3f0;  1 drivers
v0x56537c9f28b0_0 .net "clock", 0 0, v0x56537c9fbef0_0;  alias, 1 drivers
v0x56537c9f2970_0 .net "pulso", 0 0, L_0x56537c9ff490;  alias, 1 drivers
v0x56537c9f2a40_0 .var "reg0", 0 0;
v0x56537c9f2ae0_0 .var "reg1", 0 0;
L_0x7f0af4672600 .functor BUFT 1, C4<0>, C4<0>, C4<0>, C4<0>;
v0x56537c9f2bf0_0 .net "reset", 0 0, L_0x7f0af4672600;  1 drivers
v0x56537c9f2cb0_0 .net "sinal", 0 0, L_0x56537c9ff7a0;  alias, 1 drivers
E_0x56537c98ad00 .event posedge, v0x56537c9f2bf0_0, v0x56537c9b5070_0;
S_0x56537c9f2df0 .scope module, "registrador" "registrador_4" 4 69, 11 13 0, S_0x56537c9cf270;
 .timescale 0 0;
    .port_info 0 /INPUT 1 "clock"
    .port_info 1 /INPUT 1 "clear"
    .port_info 2 /INPUT 1 "enable"
    .port_info 3 /INPUT 4 "D"
    .port_info 4 /OUTPUT 4 "Q"
v0x56537c9f3040_0 .net "D", 3 0, v0x56537c9fbe30_0;  alias, 1 drivers
v0x56537c9f3150_0 .var "IQ", 3 0;
v0x56537c9f3210_0 .net "Q", 3 0, v0x56537c9f3150_0;  alias, 1 drivers
v0x56537c9f3310_0 .net "clear", 0 0, v0x56537c9f91b0_0;  alias, 1 drivers
v0x56537c9f33b0_0 .net "clock", 0 0, v0x56537c9fbef0_0;  alias, 1 drivers
v0x56537c9f3450_0 .net "enable", 0 0, v0x56537c9f8ce0_0;  alias, 1 drivers
E_0x56537c9f2fc0 .event posedge, v0x56537c9f3310_0, v0x56537c9b5070_0;
S_0x56537c9f5480 .scope module, "hexa7seg_CHAVES" "hexa7seg" 3 91, 12 23 0, S_0x56537c9bce20;
 .timescale 0 0;
    .port_info 0 /INPUT 4 "hexa"
    .port_info 1 /OUTPUT 7 "display"
v0x56537c9f5730_0 .var "display", 6 0;
v0x56537c9f5830_0 .net "hexa", 3 0, L_0x56537c9ffb00;  alias, 1 drivers
E_0x56537c9f56b0 .event edge, v0x56537c9f3ce0_0;
S_0x56537c9f5960 .scope module, "hexa7seg_CONT" "hexa7seg" 3 97, 12 23 0, S_0x56537c9bce20;
 .timescale 0 0;
    .port_info 0 /INPUT 4 "hexa"
    .port_info 1 /OUTPUT 7 "display"
v0x56537c9f5c00_0 .var "display", 6 0;
v0x56537c9f5d00_0 .net "hexa", 3 0, L_0x56537c9ffa60;  alias, 1 drivers
E_0x56537c9f5ba0 .event edge, v0x56537c9f3c40_0;
S_0x56537c9f5e30 .scope module, "hexa7seg_EST" "hexa7seg" 3 109, 12 23 0, S_0x56537c9bce20;
 .timescale 0 0;
    .port_info 0 /INPUT 4 "hexa"
    .port_info 1 /OUTPUT 7 "display"
v0x56537c9f60c0_0 .var "display", 6 0;
v0x56537c9f61c0_0 .net "hexa", 3 0, v0x56537c9f8350_0;  alias, 1 drivers
E_0x56537c9f6040 .event edge, v0x56537c9f61c0_0;
S_0x56537c9f6300 .scope module, "hexa7seg_MEM" "hexa7seg" 3 103, 12 23 0, S_0x56537c9bce20;
 .timescale 0 0;
    .port_info 0 /INPUT 4 "hexa"
    .port_info 1 /OUTPUT 7 "display"
v0x56537c9f65e0_0 .var "display", 6 0;
v0x56537c9f66e0_0 .net "hexa", 3 0, L_0x56537c9ffb70;  alias, 1 drivers
E_0x56537c9f6560 .event edge, v0x56537c9f3d80_0;
S_0x56537c9f67e0 .scope module, "hexa7seg_ROD" "hexa7seg" 3 115, 12 23 0, S_0x56537c9bce20;
 .timescale 0 0;
    .port_info 0 /INPUT 4 "hexa"
    .port_info 1 /OUTPUT 7 "display"
v0x56537c9f6a70_0 .var "display", 6 0;
v0x56537c9f6b70_0 .net "hexa", 3 0, L_0x56537c9ffc90;  alias, 1 drivers
E_0x56537c9f69f0 .event edge, v0x56537c9f3e60_0;
S_0x56537c9f6ca0 .scope module, "uc" "unidade_controle" 3 31, 13 15 0, S_0x56537c9bce20;
 .timescale 0 0;
    .port_info 0 /INPUT 1 "clock"
    .port_info 1 /INPUT 1 "reset"
    .port_info 2 /INPUT 1 "iniciar"
    .port_info 3 /INPUT 1 "fimCE"
    .port_info 4 /INPUT 1 "fimCR"
    .port_info 5 /INPUT 1 "jogada"
    .port_info 6 /INPUT 1 "enderecoIgualRodada"
    .port_info 7 /INPUT 1 "jogada_correta"
    .port_info 8 /INPUT 1 "timeout"
    .port_info 9 /INPUT 1 "timeout_jogada_inicial"
    .port_info 10 /OUTPUT 1 "zeraCE"
    .port_info 11 /OUTPUT 1 "contaCE"
    .port_info 12 /OUTPUT 1 "zeraCR"
    .port_info 13 /OUTPUT 1 "contaCR"
    .port_info 14 /OUTPUT 1 "zeraR"
    .port_info 15 /OUTPUT 1 "registraR"
    .port_info 16 /OUTPUT 1 "zeraT"
    .port_info 17 /OUTPUT 1 "contaT"
    .port_info 18 /OUTPUT 1 "zeraTI"
    .port_info 19 /OUTPUT 1 "contaTI"
    .port_info 20 /OUTPUT 1 "pronto"
    .port_info 21 /OUTPUT 1 "errou"
    .port_info 22 /OUTPUT 1 "acertou"
    .port_info 23 /OUTPUT 1 "exibe_jogada_inicial"
    .port_info 24 /OUTPUT 4 "db_estado"
    .port_info 25 /OUTPUT 1 "gravaRAM"
P_0x56537c9f6e70 .param/l "comparacao" 0 13 50, C4<0101>;
P_0x56537c9f6eb0 .param/l "derrota" 0 13 54, C4<1110>;
P_0x56537c9f6ef0 .param/l "espera" 0 13 48, C4<0001>;
P_0x56537c9f6f30 .param/l "espera_incremento" 0 13 57, C4<1001>;
P_0x56537c9f6f70 .param/l "grava" 0 13 58, C4<1100>;
P_0x56537c9f6fb0 .param/l "inicial" 0 13 45, C4<0000>;
P_0x56537c9f6ff0 .param/l "inicio_rodada" 0 13 47, C4<0010>;
P_0x56537c9f7030 .param/l "preparacao" 0 13 46, C4<0011>;
P_0x56537c9f7070 .param/l "proxima_jogada" 0 13 51, C4<0110>;
P_0x56537c9f70b0 .param/l "proxima_rodada" 0 13 53, C4<1000>;
P_0x56537c9f70f0 .param/l "registra" 0 13 49, C4<0100>;
P_0x56537c9f7130 .param/l "tout" 0 13 56, C4<1011>;
P_0x56537c9f7170 .param/l "ultima_rodada" 0 13 52, C4<0111>;
P_0x56537c9f71b0 .param/l "vitoria" 0 13 55, C4<1101>;
v0x56537c9f7bf0_0 .var "Eatual", 3 0;
v0x56537c9f7cf0_0 .var "Eprox", 3 0;
v0x56537c9f7dd0_0 .var "acertou", 0 0;
v0x56537c9f7ea0_0 .net "clock", 0 0, v0x56537c9fbef0_0;  alias, 1 drivers
v0x56537c9f7f40_0 .var "contaCE", 0 0;
v0x56537c9f8080_0 .var "contaCR", 0 0;
v0x56537c9f8170_0 .var "contaT", 0 0;
v0x56537c9f8260_0 .var "contaTI", 0 0;
v0x56537c9f8350_0 .var "db_estado", 3 0;
v0x56537c9f8410_0 .net "enderecoIgualRodada", 0 0, L_0x56537c9ff240;  alias, 1 drivers
v0x56537c9f84b0_0 .var "errou", 0 0;
v0x56537c9f8550_0 .var "exibe_jogada_inicial", 0 0;
v0x56537c9f8610_0 .net "fimCE", 0 0, L_0x56537c9ffc20;  alias, 1 drivers
v0x56537c9f86b0_0 .net "fimCR", 0 0, v0x56537c9f0f30_0;  alias, 1 drivers
v0x56537c9f87a0_0 .var "gravaRAM", 0 0;
v0x56537c9f8890_0 .net "iniciar", 0 0, v0x56537c9fca20_0;  alias, 1 drivers
v0x56537c9f8930_0 .net "jogada", 0 0, L_0x56537c9ff490;  alias, 1 drivers
v0x56537c9f8b30_0 .net "jogada_correta", 0 0, L_0x56537c9fe060;  alias, 1 drivers
v0x56537c9f8c20_0 .var "pronto", 0 0;
v0x56537c9f8ce0_0 .var "registraR", 0 0;
v0x56537c9f8dd0_0 .net "reset", 0 0, v0x56537c9fcee0_0;  alias, 1 drivers
v0x56537c9f8e90_0 .net "timeout", 0 0, v0x56537c9f21a0_0;  alias, 1 drivers
v0x56537c9f8f80_0 .net "timeout_jogada_inicial", 0 0, v0x56537c9f1690_0;  alias, 1 drivers
v0x56537c9f9070_0 .var "zeraCE", 0 0;
v0x56537c9f9110_0 .var "zeraCR", 0 0;
v0x56537c9f91b0_0 .var "zeraR", 0 0;
v0x56537c9f92a0_0 .var "zeraT", 0 0;
v0x56537c9f9390_0 .var "zeraTI", 0 0;
E_0x56537c9f7aa0 .event edge, v0x56537c9f7bf0_0;
E_0x56537c9f7b00/0 .event edge, v0x56537c9f7bf0_0, v0x56537c9f8890_0, v0x56537c9f1690_0, v0x56537c9f21a0_0;
E_0x56537c9f7b00/1 .event edge, v0x56537c9f2970_0, v0x56537c9ee550_0, v0x56537c9ecb00_0, v0x56537c9f0f30_0;
E_0x56537c9f7b00 .event/or E_0x56537c9f7b00/0, E_0x56537c9f7b00/1;
E_0x56537c9f7b90 .event posedge, v0x56537c9f8dd0_0, v0x56537c9b5070_0;
    .scope S_0x56537c9f6ca0;
T_0 ;
    %wait E_0x56537c9f7b90;
    %load/vec4 v0x56537c9f8dd0_0;
    %flag_set/vec4 8;
    %jmp/0xz  T_0.0, 8;
    %pushi/vec4 0, 0, 4;
    %assign/vec4 v0x56537c9f7bf0_0, 0;
    %jmp T_0.1;
T_0.0 ;
    %load/vec4 v0x56537c9f7cf0_0;
    %assign/vec4 v0x56537c9f7bf0_0, 0;
T_0.1 ;
    %jmp T_0;
    .thread T_0;
    .scope S_0x56537c9f6ca0;
T_1 ;
    %wait E_0x56537c9f7b00;
    %load/vec4 v0x56537c9f7bf0_0;
    %dup/vec4;
    %pushi/vec4 0, 0, 4;
    %cmp/u;
    %jmp/1 T_1.0, 6;
    %dup/vec4;
    %pushi/vec4 3, 0, 4;
    %cmp/u;
    %jmp/1 T_1.1, 6;
    %dup/vec4;
    %pushi/vec4 2, 0, 4;
    %cmp/u;
    %jmp/1 T_1.2, 6;
    %dup/vec4;
    %pushi/vec4 1, 0, 4;
    %cmp/u;
    %jmp/1 T_1.3, 6;
    %dup/vec4;
    %pushi/vec4 4, 0, 4;
    %cmp/u;
    %jmp/1 T_1.4, 6;
    %dup/vec4;
    %pushi/vec4 5, 0, 4;
    %cmp/u;
    %jmp/1 T_1.5, 6;
    %dup/vec4;
    %pushi/vec4 6, 0, 4;
    %cmp/u;
    %jmp/1 T_1.6, 6;
    %dup/vec4;
    %pushi/vec4 7, 0, 4;
    %cmp/u;
    %jmp/1 T_1.7, 6;
    %dup/vec4;
    %pushi/vec4 8, 0, 4;
    %cmp/u;
    %jmp/1 T_1.8, 6;
    %dup/vec4;
    %pushi/vec4 9, 0, 4;
    %cmp/u;
    %jmp/1 T_1.9, 6;
    %dup/vec4;
    %pushi/vec4 12, 0, 4;
    %cmp/u;
    %jmp/1 T_1.10, 6;
    %dup/vec4;
    %pushi/vec4 14, 0, 4;
    %cmp/u;
    %jmp/1 T_1.11, 6;
    %dup/vec4;
    %pushi/vec4 13, 0, 4;
    %cmp/u;
    %jmp/1 T_1.12, 6;
    %dup/vec4;
    %pushi/vec4 11, 0, 4;
    %cmp/u;
    %jmp/1 T_1.13, 6;
    %pushi/vec4 0, 0, 4;
    %store/vec4 v0x56537c9f7cf0_0, 0, 4;
    %jmp T_1.15;
T_1.0 ;
    %load/vec4 v0x56537c9f8890_0;
    %flag_set/vec4 8;
    %jmp/0 T_1.16, 8;
    %pushi/vec4 3, 0, 4;
    %jmp/1 T_1.17, 8;
T_1.16 ; End of true expr.
    %pushi/vec4 0, 0, 4;
    %jmp/0 T_1.17, 8;
 ; End of false expr.
    %blend;
T_1.17;
    %store/vec4 v0x56537c9f7cf0_0, 0, 4;
    %jmp T_1.15;
T_1.1 ;
    %load/vec4 v0x56537c9f8f80_0;
    %flag_set/vec4 8;
    %jmp/0 T_1.18, 8;
    %pushi/vec4 2, 0, 4;
    %jmp/1 T_1.19, 8;
T_1.18 ; End of true expr.
    %pushi/vec4 3, 0, 4;
    %jmp/0 T_1.19, 8;
 ; End of false expr.
    %blend;
T_1.19;
    %store/vec4 v0x56537c9f7cf0_0, 0, 4;
    %jmp T_1.15;
T_1.2 ;
    %pushi/vec4 1, 0, 4;
    %store/vec4 v0x56537c9f7cf0_0, 0, 4;
    %jmp T_1.15;
T_1.3 ;
    %load/vec4 v0x56537c9f8e90_0;
    %flag_set/vec4 8;
    %jmp/0 T_1.20, 8;
    %pushi/vec4 11, 0, 4;
    %jmp/1 T_1.21, 8;
T_1.20 ; End of true expr.
    %load/vec4 v0x56537c9f8930_0;
    %flag_set/vec4 9;
    %jmp/0 T_1.22, 9;
    %pushi/vec4 4, 0, 4;
    %jmp/1 T_1.23, 9;
T_1.22 ; End of true expr.
    %pushi/vec4 1, 0, 4;
    %jmp/0 T_1.23, 9;
 ; End of false expr.
    %blend;
T_1.23;
    %jmp/0 T_1.21, 8;
 ; End of false expr.
    %blend;
T_1.21;
    %store/vec4 v0x56537c9f7cf0_0, 0, 4;
    %jmp T_1.15;
T_1.4 ;
    %pushi/vec4 5, 0, 4;
    %store/vec4 v0x56537c9f7cf0_0, 0, 4;
    %jmp T_1.15;
T_1.5 ;
    %load/vec4 v0x56537c9f8b30_0;
    %inv;
    %flag_set/vec4 8;
    %jmp/0 T_1.24, 8;
    %pushi/vec4 14, 0, 4;
    %jmp/1 T_1.25, 8;
T_1.24 ; End of true expr.
    %load/vec4 v0x56537c9f8410_0;
    %flag_set/vec4 9;
    %jmp/0 T_1.26, 9;
    %pushi/vec4 7, 0, 4;
    %jmp/1 T_1.27, 9;
T_1.26 ; End of true expr.
    %pushi/vec4 6, 0, 4;
    %jmp/0 T_1.27, 9;
 ; End of false expr.
    %blend;
T_1.27;
    %jmp/0 T_1.25, 8;
 ; End of false expr.
    %blend;
T_1.25;
    %store/vec4 v0x56537c9f7cf0_0, 0, 4;
    %jmp T_1.15;
T_1.6 ;
    %pushi/vec4 1, 0, 4;
    %store/vec4 v0x56537c9f7cf0_0, 0, 4;
    %jmp T_1.15;
T_1.7 ;
    %load/vec4 v0x56537c9f86b0_0;
    %flag_set/vec4 8;
    %jmp/0 T_1.28, 8;
    %pushi/vec4 13, 0, 4;
    %jmp/1 T_1.29, 8;
T_1.28 ; End of true expr.
    %pushi/vec4 8, 0, 4;
    %jmp/0 T_1.29, 8;
 ; End of false expr.
    %blend;
T_1.29;
    %store/vec4 v0x56537c9f7cf0_0, 0, 4;
    %jmp T_1.15;
T_1.8 ;
    %pushi/vec4 9, 0, 4;
    %store/vec4 v0x56537c9f7cf0_0, 0, 4;
    %jmp T_1.15;
T_1.9 ;
    %load/vec4 v0x56537c9f8e90_0;
    %flag_set/vec4 8;
    %jmp/0 T_1.30, 8;
    %pushi/vec4 11, 0, 4;
    %jmp/1 T_1.31, 8;
T_1.30 ; End of true expr.
    %load/vec4 v0x56537c9f8930_0;
    %flag_set/vec4 9;
    %jmp/0 T_1.32, 9;
    %pushi/vec4 12, 0, 4;
    %jmp/1 T_1.33, 9;
T_1.32 ; End of true expr.
    %pushi/vec4 9, 0, 4;
    %jmp/0 T_1.33, 9;
 ; End of false expr.
    %blend;
T_1.33;
    %jmp/0 T_1.31, 8;
 ; End of false expr.
    %blend;
T_1.31;
    %store/vec4 v0x56537c9f7cf0_0, 0, 4;
    %jmp T_1.15;
T_1.10 ;
    %pushi/vec4 2, 0, 4;
    %store/vec4 v0x56537c9f7cf0_0, 0, 4;
    %jmp T_1.15;
T_1.11 ;
    %load/vec4 v0x56537c9f8890_0;
    %flag_set/vec4 8;
    %jmp/0 T_1.34, 8;
    %pushi/vec4 3, 0, 4;
    %jmp/1 T_1.35, 8;
T_1.34 ; End of true expr.
    %pushi/vec4 14, 0, 4;
    %jmp/0 T_1.35, 8;
 ; End of false expr.
    %blend;
T_1.35;
    %store/vec4 v0x56537c9f7cf0_0, 0, 4;
    %jmp T_1.15;
T_1.12 ;
    %load/vec4 v0x56537c9f8890_0;
    %flag_set/vec4 8;
    %jmp/0 T_1.36, 8;
    %pushi/vec4 3, 0, 4;
    %jmp/1 T_1.37, 8;
T_1.36 ; End of true expr.
    %pushi/vec4 13, 0, 4;
    %jmp/0 T_1.37, 8;
 ; End of false expr.
    %blend;
T_1.37;
    %store/vec4 v0x56537c9f7cf0_0, 0, 4;
    %jmp T_1.15;
T_1.13 ;
    %load/vec4 v0x56537c9f8890_0;
    %flag_set/vec4 8;
    %jmp/0 T_1.38, 8;
    %pushi/vec4 3, 0, 4;
    %jmp/1 T_1.39, 8;
T_1.38 ; End of true expr.
    %pushi/vec4 11, 0, 4;
    %jmp/0 T_1.39, 8;
 ; End of false expr.
    %blend;
T_1.39;
    %store/vec4 v0x56537c9f7cf0_0, 0, 4;
    %jmp T_1.15;
T_1.15 ;
    %pop/vec4 1;
    %jmp T_1;
    .thread T_1, $push;
    .scope S_0x56537c9f6ca0;
T_2 ;
    %wait E_0x56537c9f7aa0;
    %load/vec4 v0x56537c9f7bf0_0;
    %cmpi/e 0, 0, 4;
    %flag_mov 8, 4;
    %load/vec4 v0x56537c9f7bf0_0;
    %cmpi/e 3, 0, 4;
    %flag_or 4, 8;
    %flag_mov 8, 4;
    %load/vec4 v0x56537c9f7bf0_0;
    %cmpi/e 2, 0, 4;
    %flag_or 4, 8;
    %flag_mov 8, 4;
    %jmp/0 T_2.0, 8;
    %pushi/vec4 1, 0, 1;
    %jmp/1 T_2.1, 8;
T_2.0 ; End of true expr.
    %pushi/vec4 0, 0, 1;
    %jmp/0 T_2.1, 8;
 ; End of false expr.
    %blend;
T_2.1;
    %store/vec4 v0x56537c9f9070_0, 0, 1;
    %load/vec4 v0x56537c9f7bf0_0;
    %cmpi/e 6, 0, 4;
    %flag_mov 8, 4;
    %jmp/0 T_2.2, 8;
    %pushi/vec4 1, 0, 1;
    %jmp/1 T_2.3, 8;
T_2.2 ; End of true expr.
    %pushi/vec4 0, 0, 1;
    %jmp/0 T_2.3, 8;
 ; End of false expr.
    %blend;
T_2.3;
    %store/vec4 v0x56537c9f7f40_0, 0, 1;
    %load/vec4 v0x56537c9f7bf0_0;
    %cmpi/e 0, 0, 4;
    %flag_mov 8, 4;
    %load/vec4 v0x56537c9f7bf0_0;
    %cmpi/e 3, 0, 4;
    %flag_or 4, 8;
    %flag_mov 8, 4;
    %jmp/0 T_2.4, 8;
    %pushi/vec4 1, 0, 1;
    %jmp/1 T_2.5, 8;
T_2.4 ; End of true expr.
    %pushi/vec4 0, 0, 1;
    %jmp/0 T_2.5, 8;
 ; End of false expr.
    %blend;
T_2.5;
    %store/vec4 v0x56537c9f9110_0, 0, 1;
    %load/vec4 v0x56537c9f7bf0_0;
    %cmpi/e 8, 0, 4;
    %flag_mov 8, 4;
    %jmp/0 T_2.6, 8;
    %pushi/vec4 1, 0, 1;
    %jmp/1 T_2.7, 8;
T_2.6 ; End of true expr.
    %pushi/vec4 0, 0, 1;
    %jmp/0 T_2.7, 8;
 ; End of false expr.
    %blend;
T_2.7;
    %store/vec4 v0x56537c9f8080_0, 0, 1;
    %load/vec4 v0x56537c9f7bf0_0;
    %cmpi/e 0, 0, 4;
    %flag_mov 8, 4;
    %load/vec4 v0x56537c9f7bf0_0;
    %cmpi/e 3, 0, 4;
    %flag_or 4, 8;
    %flag_mov 8, 4;
    %jmp/0 T_2.8, 8;
    %pushi/vec4 1, 0, 1;
    %jmp/1 T_2.9, 8;
T_2.8 ; End of true expr.
    %pushi/vec4 0, 0, 1;
    %jmp/0 T_2.9, 8;
 ; End of false expr.
    %blend;
T_2.9;
    %store/vec4 v0x56537c9f91b0_0, 0, 1;
    %load/vec4 v0x56537c9f7bf0_0;
    %cmpi/e 4, 0, 4;
    %flag_mov 8, 4;
    %jmp/0 T_2.10, 8;
    %pushi/vec4 1, 0, 1;
    %jmp/1 T_2.11, 8;
T_2.10 ; End of true expr.
    %pushi/vec4 0, 0, 1;
    %jmp/0 T_2.11, 8;
 ; End of false expr.
    %blend;
T_2.11;
    %store/vec4 v0x56537c9f8ce0_0, 0, 1;
    %load/vec4 v0x56537c9f7bf0_0;
    %cmpi/e 1, 0, 4;
    %flag_mov 8, 4;
    %load/vec4 v0x56537c9f7bf0_0;
    %cmpi/e 9, 0, 4;
    %flag_or 4, 8;
    %flag_mov 8, 4;
    %jmp/0 T_2.12, 8;
    %pushi/vec4 1, 0, 1;
    %jmp/1 T_2.13, 8;
T_2.12 ; End of true expr.
    %pushi/vec4 0, 0, 1;
    %jmp/0 T_2.13, 8;
 ; End of false expr.
    %blend;
T_2.13;
    %store/vec4 v0x56537c9f8170_0, 0, 1;
    %load/vec4 v0x56537c9f7bf0_0;
    %cmpi/e 0, 0, 4;
    %flag_mov 8, 4;
    %load/vec4 v0x56537c9f7bf0_0;
    %cmpi/e 3, 0, 4;
    %flag_or 4, 8;
    %flag_mov 8, 4;
    %load/vec4 v0x56537c9f7bf0_0;
    %cmpi/e 2, 0, 4;
    %flag_or 4, 8;
    %flag_mov 8, 4;
    %load/vec4 v0x56537c9f7bf0_0;
    %cmpi/e 6, 0, 4;
    %flag_or 4, 8;
    %flag_mov 8, 4;
    %load/vec4 v0x56537c9f7bf0_0;
    %cmpi/e 8, 0, 4;
    %flag_or 4, 8;
    %flag_mov 8, 4;
    %jmp/0 T_2.14, 8;
    %pushi/vec4 1, 0, 1;
    %jmp/1 T_2.15, 8;
T_2.14 ; End of true expr.
    %pushi/vec4 0, 0, 1;
    %jmp/0 T_2.15, 8;
 ; End of false expr.
    %blend;
T_2.15;
    %store/vec4 v0x56537c9f92a0_0, 0, 1;
    %load/vec4 v0x56537c9f7bf0_0;
    %cmpi/e 3, 0, 4;
    %flag_mov 8, 4;
    %jmp/0 T_2.16, 8;
    %pushi/vec4 1, 0, 1;
    %jmp/1 T_2.17, 8;
T_2.16 ; End of true expr.
    %pushi/vec4 0, 0, 1;
    %jmp/0 T_2.17, 8;
 ; End of false expr.
    %blend;
T_2.17;
    %store/vec4 v0x56537c9f8260_0, 0, 1;
    %load/vec4 v0x56537c9f7bf0_0;
    %cmpi/e 3, 0, 4;
    %flag_mov 8, 4;
    %jmp/0 T_2.18, 8;
    %pushi/vec4 0, 0, 1;
    %jmp/1 T_2.19, 8;
T_2.18 ; End of true expr.
    %pushi/vec4 1, 0, 1;
    %jmp/0 T_2.19, 8;
 ; End of false expr.
    %blend;
T_2.19;
    %store/vec4 v0x56537c9f9390_0, 0, 1;
    %load/vec4 v0x56537c9f7bf0_0;
    %cmpi/e 14, 0, 4;
    %flag_mov 8, 4;
    %load/vec4 v0x56537c9f7bf0_0;
    %cmpi/e 13, 0, 4;
    %flag_or 4, 8;
    %flag_mov 8, 4;
    %load/vec4 v0x56537c9f7bf0_0;
    %cmpi/e 11, 0, 4;
    %flag_or 4, 8;
    %flag_mov 8, 4;
    %jmp/0 T_2.20, 8;
    %pushi/vec4 1, 0, 1;
    %jmp/1 T_2.21, 8;
T_2.20 ; End of true expr.
    %pushi/vec4 0, 0, 1;
    %jmp/0 T_2.21, 8;
 ; End of false expr.
    %blend;
T_2.21;
    %store/vec4 v0x56537c9f8c20_0, 0, 1;
    %load/vec4 v0x56537c9f7bf0_0;
    %cmpi/e 14, 0, 4;
    %flag_mov 8, 4;
    %load/vec4 v0x56537c9f7bf0_0;
    %cmpi/e 11, 0, 4;
    %flag_or 4, 8;
    %flag_mov 8, 4;
    %jmp/0 T_2.22, 8;
    %pushi/vec4 1, 0, 1;
    %jmp/1 T_2.23, 8;
T_2.22 ; End of true expr.
    %pushi/vec4 0, 0, 1;
    %jmp/0 T_2.23, 8;
 ; End of false expr.
    %blend;
T_2.23;
    %store/vec4 v0x56537c9f84b0_0, 0, 1;
    %load/vec4 v0x56537c9f7bf0_0;
    %cmpi/e 13, 0, 4;
    %flag_mov 8, 4;
    %jmp/0 T_2.24, 8;
    %pushi/vec4 1, 0, 1;
    %jmp/1 T_2.25, 8;
T_2.24 ; End of true expr.
    %pushi/vec4 0, 0, 1;
    %jmp/0 T_2.25, 8;
 ; End of false expr.
    %blend;
T_2.25;
    %store/vec4 v0x56537c9f7dd0_0, 0, 1;
    %load/vec4 v0x56537c9f7bf0_0;
    %cmpi/e 12, 0, 4;
    %flag_mov 8, 4;
    %jmp/0 T_2.26, 8;
    %pushi/vec4 1, 0, 1;
    %jmp/1 T_2.27, 8;
T_2.26 ; End of true expr.
    %pushi/vec4 0, 0, 1;
    %jmp/0 T_2.27, 8;
 ; End of false expr.
    %blend;
T_2.27;
    %store/vec4 v0x56537c9f87a0_0, 0, 1;
    %load/vec4 v0x56537c9f7bf0_0;
    %dup/vec4;
    %pushi/vec4 0, 0, 4;
    %cmp/u;
    %jmp/1 T_2.28, 6;
    %dup/vec4;
    %pushi/vec4 3, 0, 4;
    %cmp/u;
    %jmp/1 T_2.29, 6;
    %dup/vec4;
    %pushi/vec4 2, 0, 4;
    %cmp/u;
    %jmp/1 T_2.30, 6;
    %dup/vec4;
    %pushi/vec4 1, 0, 4;
    %cmp/u;
    %jmp/1 T_2.31, 6;
    %dup/vec4;
    %pushi/vec4 4, 0, 4;
    %cmp/u;
    %jmp/1 T_2.32, 6;
    %dup/vec4;
    %pushi/vec4 5, 0, 4;
    %cmp/u;
    %jmp/1 T_2.33, 6;
    %dup/vec4;
    %pushi/vec4 6, 0, 4;
    %cmp/u;
    %jmp/1 T_2.34, 6;
    %dup/vec4;
    %pushi/vec4 7, 0, 4;
    %cmp/u;
    %jmp/1 T_2.35, 6;
    %dup/vec4;
    %pushi/vec4 8, 0, 4;
    %cmp/u;
    %jmp/1 T_2.36, 6;
    %dup/vec4;
    %pushi/vec4 14, 0, 4;
    %cmp/u;
    %jmp/1 T_2.37, 6;
    %dup/vec4;
    %pushi/vec4 13, 0, 4;
    %cmp/u;
    %jmp/1 T_2.38, 6;
    %dup/vec4;
    %pushi/vec4 11, 0, 4;
    %cmp/u;
    %jmp/1 T_2.39, 6;
    %dup/vec4;
    %pushi/vec4 12, 0, 4;
    %cmp/u;
    %jmp/1 T_2.40, 6;
    %dup/vec4;
    %pushi/vec4 9, 0, 4;
    %cmp/u;
    %jmp/1 T_2.41, 6;
    %pushi/vec4 15, 0, 4;
    %store/vec4 v0x56537c9f8350_0, 0, 4;
    %jmp T_2.43;
T_2.28 ;
    %pushi/vec4 0, 0, 4;
    %store/vec4 v0x56537c9f8350_0, 0, 4;
    %jmp T_2.43;
T_2.29 ;
    %pushi/vec4 3, 0, 4;
    %store/vec4 v0x56537c9f8350_0, 0, 4;
    %jmp T_2.43;
T_2.30 ;
    %pushi/vec4 2, 0, 4;
    %store/vec4 v0x56537c9f8350_0, 0, 4;
    %jmp T_2.43;
T_2.31 ;
    %pushi/vec4 1, 0, 4;
    %store/vec4 v0x56537c9f8350_0, 0, 4;
    %jmp T_2.43;
T_2.32 ;
    %pushi/vec4 4, 0, 4;
    %store/vec4 v0x56537c9f8350_0, 0, 4;
    %jmp T_2.43;
T_2.33 ;
    %pushi/vec4 5, 0, 4;
    %store/vec4 v0x56537c9f8350_0, 0, 4;
    %jmp T_2.43;
T_2.34 ;
    %pushi/vec4 6, 0, 4;
    %store/vec4 v0x56537c9f8350_0, 0, 4;
    %jmp T_2.43;
T_2.35 ;
    %pushi/vec4 7, 0, 4;
    %store/vec4 v0x56537c9f8350_0, 0, 4;
    %jmp T_2.43;
T_2.36 ;
    %pushi/vec4 8, 0, 4;
    %store/vec4 v0x56537c9f8350_0, 0, 4;
    %jmp T_2.43;
T_2.37 ;
    %pushi/vec4 14, 0, 4;
    %store/vec4 v0x56537c9f8350_0, 0, 4;
    %jmp T_2.43;
T_2.38 ;
    %pushi/vec4 13, 0, 4;
    %store/vec4 v0x56537c9f8350_0, 0, 4;
    %jmp T_2.43;
T_2.39 ;
    %pushi/vec4 11, 0, 4;
    %store/vec4 v0x56537c9f8350_0, 0, 4;
    %jmp T_2.43;
T_2.40 ;
    %pushi/vec4 12, 0, 4;
    %store/vec4 v0x56537c9f8350_0, 0, 4;
    %jmp T_2.43;
T_2.41 ;
    %pushi/vec4 9, 0, 4;
    %store/vec4 v0x56537c9f8350_0, 0, 4;
    %jmp T_2.43;
T_2.43 ;
    %pop/vec4 1;
    %jmp T_2;
    .thread T_2, $push;
    .scope S_0x56537c9499a0;
T_3 ;
    %fork t_1, S_0x56537c9c4ea0;
    %jmp t_0;
    .scope S_0x56537c9c4ea0;
t_1 ;
    %vpi_call 5 41 "$readmemb", P_0x56537c980cc0, v0x56537c9ec480 {0 0 0};
    %end;
    .scope S_0x56537c9499a0;
t_0 %join;
    %end;
    .thread T_3;
    .scope S_0x56537c9499a0;
T_4 ;
    %wait E_0x56537c98bcc0;
    %load/vec4 v0x56537c9ec540_0;
    %flag_set/vec4 8;
    %jmp/0xz  T_4.0, 8;
    %load/vec4 v0x56537c9b2600_0;
    %load/vec4 v0x56537c9bb810_0;
    %pad/u 6;
    %ix/vec4 3;
    %ix/load 4, 0, 0; Constant delay
    %assign/vec4/a/d v0x56537c9ec480, 0, 4;
T_4.0 ;
    %load/vec4 v0x56537c9bb810_0;
    %assign/vec4 v0x56537c9b8da0_0, 0;
    %jmp T_4;
    .thread T_4;
    .scope S_0x56537c9efba0;
T_5 ;
    %wait E_0x56537c98bcc0;
    %load/vec4 v0x56537c9f0140_0;
    %inv;
    %flag_set/vec4 8;
    %jmp/0xz  T_5.0, 8;
    %pushi/vec4 0, 0, 4;
    %assign/vec4 v0x56537c9eff80_0, 0;
    %jmp T_5.1;
T_5.0 ;
    %load/vec4 v0x56537c9f0370_0;
    %inv;
    %flag_set/vec4 8;
    %jmp/0xz  T_5.2, 8;
    %load/vec4 v0x56537c9efe80_0;
    %assign/vec4 v0x56537c9eff80_0, 0;
    %jmp T_5.3;
T_5.2 ;
    %load/vec4 v0x56537c9f02d0_0;
    %load/vec4 v0x56537c9f01e0_0;
    %and;
    %flag_set/vec4 8;
    %jmp/0xz  T_5.4, 8;
    %load/vec4 v0x56537c9eff80_0;
    %addi 1, 0, 4;
    %assign/vec4 v0x56537c9eff80_0, 0;
    %jmp T_5.5;
T_5.4 ;
    %load/vec4 v0x56537c9eff80_0;
    %assign/vec4 v0x56537c9eff80_0, 0;
T_5.5 ;
T_5.3 ;
T_5.1 ;
    %jmp T_5;
    .thread T_5;
    .scope S_0x56537c9efba0;
T_6 ;
    %wait E_0x56537c98b8b0;
    %load/vec4 v0x56537c9f02d0_0;
    %load/vec4 v0x56537c9eff80_0;
    %pushi/vec4 15, 0, 4;
    %cmp/e;
    %flag_get/vec4 4;
    %and;
    %flag_set/vec4 8;
    %jmp/0xz  T_6.0, 8;
    %pushi/vec4 1, 0, 1;
    %store/vec4 v0x56537c9f0430_0, 0, 1;
    %jmp T_6.1;
T_6.0 ;
    %pushi/vec4 0, 0, 1;
    %store/vec4 v0x56537c9f0430_0, 0, 1;
T_6.1 ;
    %jmp T_6;
    .thread T_6, $push;
    .scope S_0x56537c9f0640;
T_7 ;
    %wait E_0x56537c98bcc0;
    %load/vec4 v0x56537c9f0c20_0;
    %inv;
    %flag_set/vec4 8;
    %jmp/0xz  T_7.0, 8;
    %pushi/vec4 0, 0, 4;
    %assign/vec4 v0x56537c9f0a70_0, 0;
    %jmp T_7.1;
T_7.0 ;
    %load/vec4 v0x56537c9f0e70_0;
    %inv;
    %flag_set/vec4 8;
    %jmp/0xz  T_7.2, 8;
    %load/vec4 v0x56537c9f0970_0;
    %assign/vec4 v0x56537c9f0a70_0, 0;
    %jmp T_7.3;
T_7.2 ;
    %load/vec4 v0x56537c9f0db0_0;
    %load/vec4 v0x56537c9f0cc0_0;
    %and;
    %flag_set/vec4 8;
    %jmp/0xz  T_7.4, 8;
    %load/vec4 v0x56537c9f0a70_0;
    %addi 1, 0, 4;
    %assign/vec4 v0x56537c9f0a70_0, 0;
    %jmp T_7.5;
T_7.4 ;
    %load/vec4 v0x56537c9f0a70_0;
    %assign/vec4 v0x56537c9f0a70_0, 0;
T_7.5 ;
T_7.3 ;
T_7.1 ;
    %jmp T_7;
    .thread T_7;
    .scope S_0x56537c9f0640;
T_8 ;
    %wait E_0x56537c98ba20;
    %load/vec4 v0x56537c9f0db0_0;
    %load/vec4 v0x56537c9f0a70_0;
    %pushi/vec4 15, 0, 4;
    %cmp/e;
    %flag_get/vec4 4;
    %and;
    %flag_set/vec4 8;
    %jmp/0xz  T_8.0, 8;
    %pushi/vec4 1, 0, 1;
    %store/vec4 v0x56537c9f0f30_0, 0, 1;
    %jmp T_8.1;
T_8.0 ;
    %pushi/vec4 0, 0, 1;
    %store/vec4 v0x56537c9f0f30_0, 0, 1;
T_8.1 ;
    %jmp T_8;
    .thread T_8, $push;
    .scope S_0x56537c9f2df0;
T_9 ;
    %wait E_0x56537c9f2fc0;
    %load/vec4 v0x56537c9f3310_0;
    %flag_set/vec4 8;
    %jmp/0xz  T_9.0, 8;
    %pushi/vec4 0, 0, 4;
    %assign/vec4 v0x56537c9f3150_0, 0;
    %jmp T_9.1;
T_9.0 ;
    %load/vec4 v0x56537c9f3450_0;
    %flag_set/vec4 8;
    %jmp/0xz  T_9.2, 8;
    %load/vec4 v0x56537c9f3040_0;
    %assign/vec4 v0x56537c9f3150_0, 0;
T_9.2 ;
T_9.1 ;
    %jmp T_9;
    .thread T_9;
    .scope S_0x56537c9f25a0;
T_10 ;
    %wait E_0x56537c98ad00;
    %load/vec4 v0x56537c9f2bf0_0;
    %flag_set/vec4 8;
    %jmp/0xz  T_10.0, 8;
    %pushi/vec4 0, 0, 1;
    %assign/vec4 v0x56537c9f2a40_0, 0;
    %pushi/vec4 0, 0, 1;
    %assign/vec4 v0x56537c9f2ae0_0, 0;
    %jmp T_10.1;
T_10.0 ;
    %load/vec4 v0x56537c9f28b0_0;
    %flag_set/vec4 8;
    %jmp/0xz  T_10.2, 8;
    %load/vec4 v0x56537c9f2cb0_0;
    %assign/vec4 v0x56537c9f2a40_0, 0;
    %load/vec4 v0x56537c9f2a40_0;
    %assign/vec4 v0x56537c9f2ae0_0, 0;
T_10.2 ;
T_10.1 ;
    %jmp T_10;
    .thread T_10;
    .scope S_0x56537c9f1ae0;
T_11 ;
    %wait E_0x56537c9f1eb0;
    %load/vec4 v0x56537c9f2300_0;
    %flag_set/vec4 8;
    %jmp/0xz  T_11.0, 8;
    %pushi/vec4 0, 0, 13;
    %assign/vec4 v0x56537c9f1f10_0, 0;
    %jmp T_11.1;
T_11.0 ;
    %load/vec4 v0x56537c9f2010_0;
    %flag_set/vec4 8;
    %jmp/0xz  T_11.2, 8;
    %load/vec4 v0x56537c9f23c0_0;
    %flag_set/vec4 8;
    %jmp/0xz  T_11.4, 8;
    %pushi/vec4 0, 0, 13;
    %assign/vec4 v0x56537c9f1f10_0, 0;
    %jmp T_11.5;
T_11.4 ;
    %load/vec4 v0x56537c9f20d0_0;
    %flag_set/vec4 8;
    %jmp/0xz  T_11.6, 8;
    %load/vec4 v0x56537c9f1f10_0;
    %pad/u 32;
    %cmpi/e 4999, 0, 32;
    %jmp/0xz  T_11.8, 4;
    %pushi/vec4 0, 0, 13;
    %assign/vec4 v0x56537c9f1f10_0, 0;
    %jmp T_11.9;
T_11.8 ;
    %load/vec4 v0x56537c9f1f10_0;
    %addi 1, 0, 13;
    %assign/vec4 v0x56537c9f1f10_0, 0;
T_11.9 ;
T_11.6 ;
T_11.5 ;
T_11.2 ;
T_11.1 ;
    %jmp T_11;
    .thread T_11;
    .scope S_0x56537c9f1ae0;
T_12 ;
    %wait E_0x56537c9f1e30;
    %load/vec4 v0x56537c9f1f10_0;
    %pad/u 32;
    %cmpi/e 4999, 0, 32;
    %jmp/0xz  T_12.0, 4;
    %pushi/vec4 1, 0, 1;
    %store/vec4 v0x56537c9f21a0_0, 0, 1;
    %jmp T_12.1;
T_12.0 ;
    %pushi/vec4 0, 0, 1;
    %store/vec4 v0x56537c9f21a0_0, 0, 1;
T_12.1 ;
    %jmp T_12;
    .thread T_12, $push;
    .scope S_0x56537c9f1ae0;
T_13 ;
    %wait E_0x56537c9f1e30;
    %load/vec4 v0x56537c9f1f10_0;
    %pad/u 32;
    %cmpi/e 2499, 0, 32;
    %jmp/0xz  T_13.0, 4;
    %pushi/vec4 1, 0, 1;
    %store/vec4 v0x56537c9f2240_0, 0, 1;
    %jmp T_13.1;
T_13.0 ;
    %pushi/vec4 0, 0, 1;
    %store/vec4 v0x56537c9f2240_0, 0, 1;
T_13.1 ;
    %jmp T_13;
    .thread T_13, $push;
    .scope S_0x56537c9f1140;
T_14 ;
    %wait E_0x56537c9f13a0;
    %load/vec4 v0x56537c9f1840_0;
    %flag_set/vec4 8;
    %jmp/0xz  T_14.0, 8;
    %pushi/vec4 0, 0, 13;
    %assign/vec4 v0x56537c9f1400_0, 0;
    %jmp T_14.1;
T_14.0 ;
    %load/vec4 v0x56537c9f1500_0;
    %flag_set/vec4 8;
    %jmp/0xz  T_14.2, 8;
    %load/vec4 v0x56537c9f1900_0;
    %flag_set/vec4 8;
    %jmp/0xz  T_14.4, 8;
    %pushi/vec4 0, 0, 13;
    %assign/vec4 v0x56537c9f1400_0, 0;
    %jmp T_14.5;
T_14.4 ;
    %load/vec4 v0x56537c9f15c0_0;
    %flag_set/vec4 8;
    %jmp/0xz  T_14.6, 8;
    %load/vec4 v0x56537c9f1400_0;
    %pad/u 32;
    %cmpi/e 1999, 0, 32;
    %jmp/0xz  T_14.8, 4;
    %pushi/vec4 0, 0, 13;
    %assign/vec4 v0x56537c9f1400_0, 0;
    %jmp T_14.9;
T_14.8 ;
    %load/vec4 v0x56537c9f1400_0;
    %addi 1, 0, 13;
    %assign/vec4 v0x56537c9f1400_0, 0;
T_14.9 ;
T_14.6 ;
T_14.5 ;
T_14.2 ;
T_14.1 ;
    %jmp T_14;
    .thread T_14;
    .scope S_0x56537c9f1140;
T_15 ;
    %wait E_0x56537c98eca0;
    %load/vec4 v0x56537c9f1400_0;
    %pad/u 32;
    %cmpi/e 1999, 0, 32;
    %jmp/0xz  T_15.0, 4;
    %pushi/vec4 1, 0, 1;
    %store/vec4 v0x56537c9f1690_0, 0, 1;
    %jmp T_15.1;
T_15.0 ;
    %pushi/vec4 0, 0, 1;
    %store/vec4 v0x56537c9f1690_0, 0, 1;
T_15.1 ;
    %jmp T_15;
    .thread T_15, $push;
    .scope S_0x56537c9f1140;
T_16 ;
    %wait E_0x56537c98eca0;
    %load/vec4 v0x56537c9f1400_0;
    %pad/u 32;
    %cmpi/e 999, 0, 32;
    %jmp/0xz  T_16.0, 4;
    %pushi/vec4 1, 0, 1;
    %store/vec4 v0x56537c9f1730_0, 0, 1;
    %jmp T_16.1;
T_16.0 ;
    %pushi/vec4 0, 0, 1;
    %store/vec4 v0x56537c9f1730_0, 0, 1;
T_16.1 ;
    %jmp T_16;
    .thread T_16, $push;
    .scope S_0x56537c9f5480;
T_17 ;
    %wait E_0x56537c9f56b0;
    %load/vec4 v0x56537c9f5830_0;
    %dup/vec4;
    %pushi/vec4 0, 0, 4;
    %cmp/u;
    %jmp/1 T_17.0, 6;
    %dup/vec4;
    %pushi/vec4 1, 0, 4;
    %cmp/u;
    %jmp/1 T_17.1, 6;
    %dup/vec4;
    %pushi/vec4 2, 0, 4;
    %cmp/u;
    %jmp/1 T_17.2, 6;
    %dup/vec4;
    %pushi/vec4 3, 0, 4;
    %cmp/u;
    %jmp/1 T_17.3, 6;
    %dup/vec4;
    %pushi/vec4 4, 0, 4;
    %cmp/u;
    %jmp/1 T_17.4, 6;
    %dup/vec4;
    %pushi/vec4 5, 0, 4;
    %cmp/u;
    %jmp/1 T_17.5, 6;
    %dup/vec4;
    %pushi/vec4 6, 0, 4;
    %cmp/u;
    %jmp/1 T_17.6, 6;
    %dup/vec4;
    %pushi/vec4 7, 0, 4;
    %cmp/u;
    %jmp/1 T_17.7, 6;
    %dup/vec4;
    %pushi/vec4 8, 0, 4;
    %cmp/u;
    %jmp/1 T_17.8, 6;
    %dup/vec4;
    %pushi/vec4 9, 0, 4;
    %cmp/u;
    %jmp/1 T_17.9, 6;
    %dup/vec4;
    %pushi/vec4 10, 0, 4;
    %cmp/u;
    %jmp/1 T_17.10, 6;
    %dup/vec4;
    %pushi/vec4 11, 0, 4;
    %cmp/u;
    %jmp/1 T_17.11, 6;
    %dup/vec4;
    %pushi/vec4 12, 0, 4;
    %cmp/u;
    %jmp/1 T_17.12, 6;
    %dup/vec4;
    %pushi/vec4 13, 0, 4;
    %cmp/u;
    %jmp/1 T_17.13, 6;
    %dup/vec4;
    %pushi/vec4 14, 0, 4;
    %cmp/u;
    %jmp/1 T_17.14, 6;
    %dup/vec4;
    %pushi/vec4 15, 0, 4;
    %cmp/u;
    %jmp/1 T_17.15, 6;
    %pushi/vec4 127, 0, 7;
    %store/vec4 v0x56537c9f5730_0, 0, 7;
    %jmp T_17.17;
T_17.0 ;
    %pushi/vec4 64, 0, 7;
    %store/vec4 v0x56537c9f5730_0, 0, 7;
    %jmp T_17.17;
T_17.1 ;
    %pushi/vec4 121, 0, 7;
    %store/vec4 v0x56537c9f5730_0, 0, 7;
    %jmp T_17.17;
T_17.2 ;
    %pushi/vec4 36, 0, 7;
    %store/vec4 v0x56537c9f5730_0, 0, 7;
    %jmp T_17.17;
T_17.3 ;
    %pushi/vec4 48, 0, 7;
    %store/vec4 v0x56537c9f5730_0, 0, 7;
    %jmp T_17.17;
T_17.4 ;
    %pushi/vec4 25, 0, 7;
    %store/vec4 v0x56537c9f5730_0, 0, 7;
    %jmp T_17.17;
T_17.5 ;
    %pushi/vec4 18, 0, 7;
    %store/vec4 v0x56537c9f5730_0, 0, 7;
    %jmp T_17.17;
T_17.6 ;
    %pushi/vec4 2, 0, 7;
    %store/vec4 v0x56537c9f5730_0, 0, 7;
    %jmp T_17.17;
T_17.7 ;
    %pushi/vec4 120, 0, 7;
    %store/vec4 v0x56537c9f5730_0, 0, 7;
    %jmp T_17.17;
T_17.8 ;
    %pushi/vec4 0, 0, 7;
    %store/vec4 v0x56537c9f5730_0, 0, 7;
    %jmp T_17.17;
T_17.9 ;
    %pushi/vec4 16, 0, 7;
    %store/vec4 v0x56537c9f5730_0, 0, 7;
    %jmp T_17.17;
T_17.10 ;
    %pushi/vec4 8, 0, 7;
    %store/vec4 v0x56537c9f5730_0, 0, 7;
    %jmp T_17.17;
T_17.11 ;
    %pushi/vec4 3, 0, 7;
    %store/vec4 v0x56537c9f5730_0, 0, 7;
    %jmp T_17.17;
T_17.12 ;
    %pushi/vec4 70, 0, 7;
    %store/vec4 v0x56537c9f5730_0, 0, 7;
    %jmp T_17.17;
T_17.13 ;
    %pushi/vec4 33, 0, 7;
    %store/vec4 v0x56537c9f5730_0, 0, 7;
    %jmp T_17.17;
T_17.14 ;
    %pushi/vec4 6, 0, 7;
    %store/vec4 v0x56537c9f5730_0, 0, 7;
    %jmp T_17.17;
T_17.15 ;
    %pushi/vec4 14, 0, 7;
    %store/vec4 v0x56537c9f5730_0, 0, 7;
    %jmp T_17.17;
T_17.17 ;
    %pop/vec4 1;
    %jmp T_17;
    .thread T_17, $push;
    .scope S_0x56537c9f5960;
T_18 ;
    %wait E_0x56537c9f5ba0;
    %load/vec4 v0x56537c9f5d00_0;
    %dup/vec4;
    %pushi/vec4 0, 0, 4;
    %cmp/u;
    %jmp/1 T_18.0, 6;
    %dup/vec4;
    %pushi/vec4 1, 0, 4;
    %cmp/u;
    %jmp/1 T_18.1, 6;
    %dup/vec4;
    %pushi/vec4 2, 0, 4;
    %cmp/u;
    %jmp/1 T_18.2, 6;
    %dup/vec4;
    %pushi/vec4 3, 0, 4;
    %cmp/u;
    %jmp/1 T_18.3, 6;
    %dup/vec4;
    %pushi/vec4 4, 0, 4;
    %cmp/u;
    %jmp/1 T_18.4, 6;
    %dup/vec4;
    %pushi/vec4 5, 0, 4;
    %cmp/u;
    %jmp/1 T_18.5, 6;
    %dup/vec4;
    %pushi/vec4 6, 0, 4;
    %cmp/u;
    %jmp/1 T_18.6, 6;
    %dup/vec4;
    %pushi/vec4 7, 0, 4;
    %cmp/u;
    %jmp/1 T_18.7, 6;
    %dup/vec4;
    %pushi/vec4 8, 0, 4;
    %cmp/u;
    %jmp/1 T_18.8, 6;
    %dup/vec4;
    %pushi/vec4 9, 0, 4;
    %cmp/u;
    %jmp/1 T_18.9, 6;
    %dup/vec4;
    %pushi/vec4 10, 0, 4;
    %cmp/u;
    %jmp/1 T_18.10, 6;
    %dup/vec4;
    %pushi/vec4 11, 0, 4;
    %cmp/u;
    %jmp/1 T_18.11, 6;
    %dup/vec4;
    %pushi/vec4 12, 0, 4;
    %cmp/u;
    %jmp/1 T_18.12, 6;
    %dup/vec4;
    %pushi/vec4 13, 0, 4;
    %cmp/u;
    %jmp/1 T_18.13, 6;
    %dup/vec4;
    %pushi/vec4 14, 0, 4;
    %cmp/u;
    %jmp/1 T_18.14, 6;
    %dup/vec4;
    %pushi/vec4 15, 0, 4;
    %cmp/u;
    %jmp/1 T_18.15, 6;
    %pushi/vec4 127, 0, 7;
    %store/vec4 v0x56537c9f5c00_0, 0, 7;
    %jmp T_18.17;
T_18.0 ;
    %pushi/vec4 64, 0, 7;
    %store/vec4 v0x56537c9f5c00_0, 0, 7;
    %jmp T_18.17;
T_18.1 ;
    %pushi/vec4 121, 0, 7;
    %store/vec4 v0x56537c9f5c00_0, 0, 7;
    %jmp T_18.17;
T_18.2 ;
    %pushi/vec4 36, 0, 7;
    %store/vec4 v0x56537c9f5c00_0, 0, 7;
    %jmp T_18.17;
T_18.3 ;
    %pushi/vec4 48, 0, 7;
    %store/vec4 v0x56537c9f5c00_0, 0, 7;
    %jmp T_18.17;
T_18.4 ;
    %pushi/vec4 25, 0, 7;
    %store/vec4 v0x56537c9f5c00_0, 0, 7;
    %jmp T_18.17;
T_18.5 ;
    %pushi/vec4 18, 0, 7;
    %store/vec4 v0x56537c9f5c00_0, 0, 7;
    %jmp T_18.17;
T_18.6 ;
    %pushi/vec4 2, 0, 7;
    %store/vec4 v0x56537c9f5c00_0, 0, 7;
    %jmp T_18.17;
T_18.7 ;
    %pushi/vec4 120, 0, 7;
    %store/vec4 v0x56537c9f5c00_0, 0, 7;
    %jmp T_18.17;
T_18.8 ;
    %pushi/vec4 0, 0, 7;
    %store/vec4 v0x56537c9f5c00_0, 0, 7;
    %jmp T_18.17;
T_18.9 ;
    %pushi/vec4 16, 0, 7;
    %store/vec4 v0x56537c9f5c00_0, 0, 7;
    %jmp T_18.17;
T_18.10 ;
    %pushi/vec4 8, 0, 7;
    %store/vec4 v0x56537c9f5c00_0, 0, 7;
    %jmp T_18.17;
T_18.11 ;
    %pushi/vec4 3, 0, 7;
    %store/vec4 v0x56537c9f5c00_0, 0, 7;
    %jmp T_18.17;
T_18.12 ;
    %pushi/vec4 70, 0, 7;
    %store/vec4 v0x56537c9f5c00_0, 0, 7;
    %jmp T_18.17;
T_18.13 ;
    %pushi/vec4 33, 0, 7;
    %store/vec4 v0x56537c9f5c00_0, 0, 7;
    %jmp T_18.17;
T_18.14 ;
    %pushi/vec4 6, 0, 7;
    %store/vec4 v0x56537c9f5c00_0, 0, 7;
    %jmp T_18.17;
T_18.15 ;
    %pushi/vec4 14, 0, 7;
    %store/vec4 v0x56537c9f5c00_0, 0, 7;
    %jmp T_18.17;
T_18.17 ;
    %pop/vec4 1;
    %jmp T_18;
    .thread T_18, $push;
    .scope S_0x56537c9f6300;
T_19 ;
    %wait E_0x56537c9f6560;
    %load/vec4 v0x56537c9f66e0_0;
    %dup/vec4;
    %pushi/vec4 0, 0, 4;
    %cmp/u;
    %jmp/1 T_19.0, 6;
    %dup/vec4;
    %pushi/vec4 1, 0, 4;
    %cmp/u;
    %jmp/1 T_19.1, 6;
    %dup/vec4;
    %pushi/vec4 2, 0, 4;
    %cmp/u;
    %jmp/1 T_19.2, 6;
    %dup/vec4;
    %pushi/vec4 3, 0, 4;
    %cmp/u;
    %jmp/1 T_19.3, 6;
    %dup/vec4;
    %pushi/vec4 4, 0, 4;
    %cmp/u;
    %jmp/1 T_19.4, 6;
    %dup/vec4;
    %pushi/vec4 5, 0, 4;
    %cmp/u;
    %jmp/1 T_19.5, 6;
    %dup/vec4;
    %pushi/vec4 6, 0, 4;
    %cmp/u;
    %jmp/1 T_19.6, 6;
    %dup/vec4;
    %pushi/vec4 7, 0, 4;
    %cmp/u;
    %jmp/1 T_19.7, 6;
    %dup/vec4;
    %pushi/vec4 8, 0, 4;
    %cmp/u;
    %jmp/1 T_19.8, 6;
    %dup/vec4;
    %pushi/vec4 9, 0, 4;
    %cmp/u;
    %jmp/1 T_19.9, 6;
    %dup/vec4;
    %pushi/vec4 10, 0, 4;
    %cmp/u;
    %jmp/1 T_19.10, 6;
    %dup/vec4;
    %pushi/vec4 11, 0, 4;
    %cmp/u;
    %jmp/1 T_19.11, 6;
    %dup/vec4;
    %pushi/vec4 12, 0, 4;
    %cmp/u;
    %jmp/1 T_19.12, 6;
    %dup/vec4;
    %pushi/vec4 13, 0, 4;
    %cmp/u;
    %jmp/1 T_19.13, 6;
    %dup/vec4;
    %pushi/vec4 14, 0, 4;
    %cmp/u;
    %jmp/1 T_19.14, 6;
    %dup/vec4;
    %pushi/vec4 15, 0, 4;
    %cmp/u;
    %jmp/1 T_19.15, 6;
    %pushi/vec4 127, 0, 7;
    %store/vec4 v0x56537c9f65e0_0, 0, 7;
    %jmp T_19.17;
T_19.0 ;
    %pushi/vec4 64, 0, 7;
    %store/vec4 v0x56537c9f65e0_0, 0, 7;
    %jmp T_19.17;
T_19.1 ;
    %pushi/vec4 121, 0, 7;
    %store/vec4 v0x56537c9f65e0_0, 0, 7;
    %jmp T_19.17;
T_19.2 ;
    %pushi/vec4 36, 0, 7;
    %store/vec4 v0x56537c9f65e0_0, 0, 7;
    %jmp T_19.17;
T_19.3 ;
    %pushi/vec4 48, 0, 7;
    %store/vec4 v0x56537c9f65e0_0, 0, 7;
    %jmp T_19.17;
T_19.4 ;
    %pushi/vec4 25, 0, 7;
    %store/vec4 v0x56537c9f65e0_0, 0, 7;
    %jmp T_19.17;
T_19.5 ;
    %pushi/vec4 18, 0, 7;
    %store/vec4 v0x56537c9f65e0_0, 0, 7;
    %jmp T_19.17;
T_19.6 ;
    %pushi/vec4 2, 0, 7;
    %store/vec4 v0x56537c9f65e0_0, 0, 7;
    %jmp T_19.17;
T_19.7 ;
    %pushi/vec4 120, 0, 7;
    %store/vec4 v0x56537c9f65e0_0, 0, 7;
    %jmp T_19.17;
T_19.8 ;
    %pushi/vec4 0, 0, 7;
    %store/vec4 v0x56537c9f65e0_0, 0, 7;
    %jmp T_19.17;
T_19.9 ;
    %pushi/vec4 16, 0, 7;
    %store/vec4 v0x56537c9f65e0_0, 0, 7;
    %jmp T_19.17;
T_19.10 ;
    %pushi/vec4 8, 0, 7;
    %store/vec4 v0x56537c9f65e0_0, 0, 7;
    %jmp T_19.17;
T_19.11 ;
    %pushi/vec4 3, 0, 7;
    %store/vec4 v0x56537c9f65e0_0, 0, 7;
    %jmp T_19.17;
T_19.12 ;
    %pushi/vec4 70, 0, 7;
    %store/vec4 v0x56537c9f65e0_0, 0, 7;
    %jmp T_19.17;
T_19.13 ;
    %pushi/vec4 33, 0, 7;
    %store/vec4 v0x56537c9f65e0_0, 0, 7;
    %jmp T_19.17;
T_19.14 ;
    %pushi/vec4 6, 0, 7;
    %store/vec4 v0x56537c9f65e0_0, 0, 7;
    %jmp T_19.17;
T_19.15 ;
    %pushi/vec4 14, 0, 7;
    %store/vec4 v0x56537c9f65e0_0, 0, 7;
    %jmp T_19.17;
T_19.17 ;
    %pop/vec4 1;
    %jmp T_19;
    .thread T_19, $push;
    .scope S_0x56537c9f5e30;
T_20 ;
    %wait E_0x56537c9f6040;
    %load/vec4 v0x56537c9f61c0_0;
    %dup/vec4;
    %pushi/vec4 0, 0, 4;
    %cmp/u;
    %jmp/1 T_20.0, 6;
    %dup/vec4;
    %pushi/vec4 1, 0, 4;
    %cmp/u;
    %jmp/1 T_20.1, 6;
    %dup/vec4;
    %pushi/vec4 2, 0, 4;
    %cmp/u;
    %jmp/1 T_20.2, 6;
    %dup/vec4;
    %pushi/vec4 3, 0, 4;
    %cmp/u;
    %jmp/1 T_20.3, 6;
    %dup/vec4;
    %pushi/vec4 4, 0, 4;
    %cmp/u;
    %jmp/1 T_20.4, 6;
    %dup/vec4;
    %pushi/vec4 5, 0, 4;
    %cmp/u;
    %jmp/1 T_20.5, 6;
    %dup/vec4;
    %pushi/vec4 6, 0, 4;
    %cmp/u;
    %jmp/1 T_20.6, 6;
    %dup/vec4;
    %pushi/vec4 7, 0, 4;
    %cmp/u;
    %jmp/1 T_20.7, 6;
    %dup/vec4;
    %pushi/vec4 8, 0, 4;
    %cmp/u;
    %jmp/1 T_20.8, 6;
    %dup/vec4;
    %pushi/vec4 9, 0, 4;
    %cmp/u;
    %jmp/1 T_20.9, 6;
    %dup/vec4;
    %pushi/vec4 10, 0, 4;
    %cmp/u;
    %jmp/1 T_20.10, 6;
    %dup/vec4;
    %pushi/vec4 11, 0, 4;
    %cmp/u;
    %jmp/1 T_20.11, 6;
    %dup/vec4;
    %pushi/vec4 12, 0, 4;
    %cmp/u;
    %jmp/1 T_20.12, 6;
    %dup/vec4;
    %pushi/vec4 13, 0, 4;
    %cmp/u;
    %jmp/1 T_20.13, 6;
    %dup/vec4;
    %pushi/vec4 14, 0, 4;
    %cmp/u;
    %jmp/1 T_20.14, 6;
    %dup/vec4;
    %pushi/vec4 15, 0, 4;
    %cmp/u;
    %jmp/1 T_20.15, 6;
    %pushi/vec4 127, 0, 7;
    %store/vec4 v0x56537c9f60c0_0, 0, 7;
    %jmp T_20.17;
T_20.0 ;
    %pushi/vec4 64, 0, 7;
    %store/vec4 v0x56537c9f60c0_0, 0, 7;
    %jmp T_20.17;
T_20.1 ;
    %pushi/vec4 121, 0, 7;
    %store/vec4 v0x56537c9f60c0_0, 0, 7;
    %jmp T_20.17;
T_20.2 ;
    %pushi/vec4 36, 0, 7;
    %store/vec4 v0x56537c9f60c0_0, 0, 7;
    %jmp T_20.17;
T_20.3 ;
    %pushi/vec4 48, 0, 7;
    %store/vec4 v0x56537c9f60c0_0, 0, 7;
    %jmp T_20.17;
T_20.4 ;
    %pushi/vec4 25, 0, 7;
    %store/vec4 v0x56537c9f60c0_0, 0, 7;
    %jmp T_20.17;
T_20.5 ;
    %pushi/vec4 18, 0, 7;
    %store/vec4 v0x56537c9f60c0_0, 0, 7;
    %jmp T_20.17;
T_20.6 ;
    %pushi/vec4 2, 0, 7;
    %store/vec4 v0x56537c9f60c0_0, 0, 7;
    %jmp T_20.17;
T_20.7 ;
    %pushi/vec4 120, 0, 7;
    %store/vec4 v0x56537c9f60c0_0, 0, 7;
    %jmp T_20.17;
T_20.8 ;
    %pushi/vec4 0, 0, 7;
    %store/vec4 v0x56537c9f60c0_0, 0, 7;
    %jmp T_20.17;
T_20.9 ;
    %pushi/vec4 16, 0, 7;
    %store/vec4 v0x56537c9f60c0_0, 0, 7;
    %jmp T_20.17;
T_20.10 ;
    %pushi/vec4 8, 0, 7;
    %store/vec4 v0x56537c9f60c0_0, 0, 7;
    %jmp T_20.17;
T_20.11 ;
    %pushi/vec4 3, 0, 7;
    %store/vec4 v0x56537c9f60c0_0, 0, 7;
    %jmp T_20.17;
T_20.12 ;
    %pushi/vec4 70, 0, 7;
    %store/vec4 v0x56537c9f60c0_0, 0, 7;
    %jmp T_20.17;
T_20.13 ;
    %pushi/vec4 33, 0, 7;
    %store/vec4 v0x56537c9f60c0_0, 0, 7;
    %jmp T_20.17;
T_20.14 ;
    %pushi/vec4 6, 0, 7;
    %store/vec4 v0x56537c9f60c0_0, 0, 7;
    %jmp T_20.17;
T_20.15 ;
    %pushi/vec4 14, 0, 7;
    %store/vec4 v0x56537c9f60c0_0, 0, 7;
    %jmp T_20.17;
T_20.17 ;
    %pop/vec4 1;
    %jmp T_20;
    .thread T_20, $push;
    .scope S_0x56537c9f67e0;
T_21 ;
    %wait E_0x56537c9f69f0;
    %load/vec4 v0x56537c9f6b70_0;
    %dup/vec4;
    %pushi/vec4 0, 0, 4;
    %cmp/u;
    %jmp/1 T_21.0, 6;
    %dup/vec4;
    %pushi/vec4 1, 0, 4;
    %cmp/u;
    %jmp/1 T_21.1, 6;
    %dup/vec4;
    %pushi/vec4 2, 0, 4;
    %cmp/u;
    %jmp/1 T_21.2, 6;
    %dup/vec4;
    %pushi/vec4 3, 0, 4;
    %cmp/u;
    %jmp/1 T_21.3, 6;
    %dup/vec4;
    %pushi/vec4 4, 0, 4;
    %cmp/u;
    %jmp/1 T_21.4, 6;
    %dup/vec4;
    %pushi/vec4 5, 0, 4;
    %cmp/u;
    %jmp/1 T_21.5, 6;
    %dup/vec4;
    %pushi/vec4 6, 0, 4;
    %cmp/u;
    %jmp/1 T_21.6, 6;
    %dup/vec4;
    %pushi/vec4 7, 0, 4;
    %cmp/u;
    %jmp/1 T_21.7, 6;
    %dup/vec4;
    %pushi/vec4 8, 0, 4;
    %cmp/u;
    %jmp/1 T_21.8, 6;
    %dup/vec4;
    %pushi/vec4 9, 0, 4;
    %cmp/u;
    %jmp/1 T_21.9, 6;
    %dup/vec4;
    %pushi/vec4 10, 0, 4;
    %cmp/u;
    %jmp/1 T_21.10, 6;
    %dup/vec4;
    %pushi/vec4 11, 0, 4;
    %cmp/u;
    %jmp/1 T_21.11, 6;
    %dup/vec4;
    %pushi/vec4 12, 0, 4;
    %cmp/u;
    %jmp/1 T_21.12, 6;
    %dup/vec4;
    %pushi/vec4 13, 0, 4;
    %cmp/u;
    %jmp/1 T_21.13, 6;
    %dup/vec4;
    %pushi/vec4 14, 0, 4;
    %cmp/u;
    %jmp/1 T_21.14, 6;
    %dup/vec4;
    %pushi/vec4 15, 0, 4;
    %cmp/u;
    %jmp/1 T_21.15, 6;
    %pushi/vec4 127, 0, 7;
    %store/vec4 v0x56537c9f6a70_0, 0, 7;
    %jmp T_21.17;
T_21.0 ;
    %pushi/vec4 64, 0, 7;
    %store/vec4 v0x56537c9f6a70_0, 0, 7;
    %jmp T_21.17;
T_21.1 ;
    %pushi/vec4 121, 0, 7;
    %store/vec4 v0x56537c9f6a70_0, 0, 7;
    %jmp T_21.17;
T_21.2 ;
    %pushi/vec4 36, 0, 7;
    %store/vec4 v0x56537c9f6a70_0, 0, 7;
    %jmp T_21.17;
T_21.3 ;
    %pushi/vec4 48, 0, 7;
    %store/vec4 v0x56537c9f6a70_0, 0, 7;
    %jmp T_21.17;
T_21.4 ;
    %pushi/vec4 25, 0, 7;
    %store/vec4 v0x56537c9f6a70_0, 0, 7;
    %jmp T_21.17;
T_21.5 ;
    %pushi/vec4 18, 0, 7;
    %store/vec4 v0x56537c9f6a70_0, 0, 7;
    %jmp T_21.17;
T_21.6 ;
    %pushi/vec4 2, 0, 7;
    %store/vec4 v0x56537c9f6a70_0, 0, 7;
    %jmp T_21.17;
T_21.7 ;
    %pushi/vec4 120, 0, 7;
    %store/vec4 v0x56537c9f6a70_0, 0, 7;
    %jmp T_21.17;
T_21.8 ;
    %pushi/vec4 0, 0, 7;
    %store/vec4 v0x56537c9f6a70_0, 0, 7;
    %jmp T_21.17;
T_21.9 ;
    %pushi/vec4 16, 0, 7;
    %store/vec4 v0x56537c9f6a70_0, 0, 7;
    %jmp T_21.17;
T_21.10 ;
    %pushi/vec4 8, 0, 7;
    %store/vec4 v0x56537c9f6a70_0, 0, 7;
    %jmp T_21.17;
T_21.11 ;
    %pushi/vec4 3, 0, 7;
    %store/vec4 v0x56537c9f6a70_0, 0, 7;
    %jmp T_21.17;
T_21.12 ;
    %pushi/vec4 70, 0, 7;
    %store/vec4 v0x56537c9f6a70_0, 0, 7;
    %jmp T_21.17;
T_21.13 ;
    %pushi/vec4 33, 0, 7;
    %store/vec4 v0x56537c9f6a70_0, 0, 7;
    %jmp T_21.17;
T_21.14 ;
    %pushi/vec4 6, 0, 7;
    %store/vec4 v0x56537c9f6a70_0, 0, 7;
    %jmp T_21.17;
T_21.15 ;
    %pushi/vec4 14, 0, 7;
    %store/vec4 v0x56537c9f6a70_0, 0, 7;
    %jmp T_21.17;
T_21.17 ;
    %pop/vec4 1;
    %jmp T_21;
    .thread T_21, $push;
    .scope S_0x56537c9b6680;
T_22 ;
    %pushi/vec4 1, 0, 1;
    %store/vec4 v0x56537c9fbef0_0, 0, 1;
    %pushi/vec4 0, 0, 1;
    %store/vec4 v0x56537c9fcee0_0, 0, 1;
    %pushi/vec4 0, 0, 1;
    %store/vec4 v0x56537c9fca20_0, 0, 1;
    %pushi/vec4 0, 0, 4;
    %store/vec4 v0x56537c9fbe30_0, 0, 4;
    %pushi/vec4 0, 0, 32;
    %store/vec4 v0x56537c9fbd30_0, 0, 32;
    %pushi/vec4 0, 0, 5;
    %store/vec4 v0x56537c9fcb10_0, 0, 5;
    %end;
    .thread T_22;
    .scope S_0x56537c9b6680;
T_23 ;
    %delay 500, 0;
    %load/vec4 v0x56537c9fbef0_0;
    %inv;
    %store/vec4 v0x56537c9fbef0_0, 0, 1;
    %jmp T_23;
    .thread T_23;
    .scope S_0x56537c9b6680;
T_24 ;
    %vpi_call 2 70 "$dumpfile", "testbench.vcd" {0 0 0};
    %end;
    .thread T_24;
    .scope S_0x56537c9b6680;
T_25 ;
    %vpi_call 2 71 "$dumpvars", 32'sb00000000000000000000000000000000, S_0x56537c9b6680 {0 0 0};
    %end;
    .thread T_25;
    .scope S_0x56537c9b6680;
T_26 ;
    %vpi_call 2 75 "$display", "Inicio da simulacao" {0 0 0};
    %pushi/vec4 1, 0, 4;
    %ix/load 4, 0, 0;
    %flag_set/imm 4, 0;
    %store/vec4a v0x56537c9fcfd0, 4, 0;
    %pushi/vec4 2, 0, 4;
    %ix/load 4, 1, 0;
    %flag_set/imm 4, 0;
    %store/vec4a v0x56537c9fcfd0, 4, 0;
    %pushi/vec4 4, 0, 4;
    %ix/load 4, 2, 0;
    %flag_set/imm 4, 0;
    %store/vec4a v0x56537c9fcfd0, 4, 0;
    %pushi/vec4 8, 0, 4;
    %ix/load 4, 3, 0;
    %flag_set/imm 4, 0;
    %store/vec4a v0x56537c9fcfd0, 4, 0;
    %pushi/vec4 4, 0, 4;
    %ix/load 4, 4, 0;
    %flag_set/imm 4, 0;
    %store/vec4a v0x56537c9fcfd0, 4, 0;
    %pushi/vec4 2, 0, 4;
    %ix/load 4, 5, 0;
    %flag_set/imm 4, 0;
    %store/vec4a v0x56537c9fcfd0, 4, 0;
    %pushi/vec4 1, 0, 4;
    %ix/load 4, 6, 0;
    %flag_set/imm 4, 0;
    %store/vec4a v0x56537c9fcfd0, 4, 0;
    %pushi/vec4 2, 0, 4;
    %ix/load 4, 7, 0;
    %flag_set/imm 4, 0;
    %store/vec4a v0x56537c9fcfd0, 4, 0;
    %pushi/vec4 4, 0, 4;
    %ix/load 4, 8, 0;
    %flag_set/imm 4, 0;
    %store/vec4a v0x56537c9fcfd0, 4, 0;
    %pushi/vec4 8, 0, 4;
    %ix/load 4, 9, 0;
    %flag_set/imm 4, 0;
    %store/vec4a v0x56537c9fcfd0, 4, 0;
    %pushi/vec4 4, 0, 4;
    %ix/load 4, 10, 0;
    %flag_set/imm 4, 0;
    %store/vec4a v0x56537c9fcfd0, 4, 0;
    %pushi/vec4 2, 0, 4;
    %ix/load 4, 11, 0;
    %flag_set/imm 4, 0;
    %store/vec4a v0x56537c9fcfd0, 4, 0;
    %pushi/vec4 1, 0, 4;
    %ix/load 4, 12, 0;
    %flag_set/imm 4, 0;
    %store/vec4a v0x56537c9fcfd0, 4, 0;
    %pushi/vec4 2, 0, 4;
    %ix/load 4, 13, 0;
    %flag_set/imm 4, 0;
    %store/vec4a v0x56537c9fcfd0, 4, 0;
    %pushi/vec4 4, 0, 4;
    %ix/load 4, 14, 0;
    %flag_set/imm 4, 0;
    %store/vec4a v0x56537c9fcfd0, 4, 0;
    %pushi/vec4 8, 0, 4;
    %ix/load 4, 15, 0;
    %flag_set/imm 4, 0;
    %store/vec4a v0x56537c9fcfd0, 4, 0;
    %pushi/vec4 0, 0, 32;
    %store/vec4 v0x56537c9fbd30_0, 0, 32;
    %pushi/vec4 1, 0, 1;
    %store/vec4 v0x56537c9fbef0_0, 0, 1;
    %pushi/vec4 0, 0, 1;
    %store/vec4 v0x56537c9fcee0_0, 0, 1;
    %pushi/vec4 0, 0, 1;
    %store/vec4 v0x56537c9fca20_0, 0, 1;
    %pushi/vec4 0, 0, 4;
    %store/vec4 v0x56537c9fbe30_0, 0, 4;
    %delay 1000, 0;
    %pushi/vec4 1, 0, 32;
    %store/vec4 v0x56537c9fbd30_0, 0, 32;
    %wait E_0x56537c98e060;
    %pushi/vec4 1, 0, 1;
    %store/vec4 v0x56537c9fcee0_0, 0, 1;
    %delay 1000, 0;
    %pushi/vec4 0, 0, 1;
    %store/vec4 v0x56537c9fcee0_0, 0, 1;
    %delay 5000, 0;
    %pushi/vec4 2, 0, 32;
    %store/vec4 v0x56537c9fbd30_0, 0, 32;
    %pushi/vec4 1, 0, 1;
    %store/vec4 v0x56537c9fca20_0, 0, 1;
    %delay 5000, 0;
    %pushi/vec4 0, 0, 1;
    %store/vec4 v0x56537c9fca20_0, 0, 1;
    %delay 2005000, 0;
    %pushi/vec4 3, 0, 32;
    %store/vec4 v0x56537c9fbd30_0, 0, 32;
    %ix/load 4, 0, 0;
    %flag_set/imm 4, 0;
    %load/vec4a v0x56537c9fcfd0, 4;
    %store/vec4 v0x56537c9fbe30_0, 0, 4;
    %delay 10000, 0;
    %pushi/vec4 0, 0, 4;
    %assign/vec4 v0x56537c9fbe30_0, 0;
    %delay 10000, 0;
    %ix/load 4, 1, 0;
    %flag_set/imm 4, 0;
    %load/vec4a v0x56537c9fcfd0, 4;
    %store/vec4 v0x56537c9fbe30_0, 0, 4;
    %delay 10000, 0;
    %pushi/vec4 0, 0, 4;
    %assign/vec4 v0x56537c9fbe30_0, 0;
    %delay 10000, 0;
    %pushi/vec4 3, 0, 5;
    %store/vec4 v0x56537c9fcb10_0, 0, 5;
T_26.0 ;
    %load/vec4 v0x56537c9fcb10_0;
    %pad/u 32;
    %cmpi/u 18, 0, 32;
    %jmp/0xz T_26.1, 5;
    %pushi/vec4 0, 0, 32;
    %store/vec4 v0x56537c9fc960_0, 0, 32;
T_26.2 ;
    %load/vec4 v0x56537c9fc960_0;
    %load/vec4 v0x56537c9fcb10_0;
    %pad/u 32;
    %cmp/u;
    %jmp/0xz T_26.3, 5;
    %ix/getv/s 4, v0x56537c9fc960_0;
    %load/vec4a v0x56537c9fcfd0, 4;
    %assign/vec4 v0x56537c9fbe30_0, 0;
    %delay 100000, 0;
    %pushi/vec4 0, 0, 4;
    %assign/vec4 v0x56537c9fbe30_0, 0;
    %delay 100000, 0;
    %load/vec4 v0x56537c9fc960_0;
    %addi 1, 0, 32;
    %store/vec4 v0x56537c9fc960_0, 0, 32;
    %jmp T_26.2;
T_26.3 ;
    %load/vec4 v0x56537c9fcb10_0;
    %addi 1, 0, 5;
    %store/vec4 v0x56537c9fcb10_0, 0, 5;
    %jmp T_26.0;
T_26.1 ;
    %end;
    .thread T_26;
# The file index is used to find the file name in the following table.
:file_names 14;
    "N/A";
    "<interactive>";
    "circuito_exp7_tb.v";
    "jogo_desafio_memoria.v";
    "fluxo_dados.v";
    "sync_ram_16x4_file.v";
    "comparador_85.v";
    "contador_163.v";
    "contador_m_2.v";
    "contador_m.v";
    "edge_detector.v";
    "registrador_4.v";
    "hexa7seg.v";
    "unidade_controle.v";
