#! /usr/bin/vvp
:ivl_version "11.0 (stable)";
:ivl_delay_selection "TYPICAL";
:vpi_time_precision - 9;
:vpi_module "/usr/lib/x86_64-linux-gnu/ivl/system.vpi";
:vpi_module "/usr/lib/x86_64-linux-gnu/ivl/vhdl_sys.vpi";
:vpi_module "/usr/lib/x86_64-linux-gnu/ivl/vhdl_textio.vpi";
:vpi_module "/usr/lib/x86_64-linux-gnu/ivl/v2005_math.vpi";
:vpi_module "/usr/lib/x86_64-linux-gnu/ivl/va_math.vpi";
S_0x5594375a1b80 .scope module, "circuito_exp4_tb" "circuito_exp4_tb" 2 18;
 .timescale -9 -9;
P_0x55943756f720 .param/l "clockPeriod" 0 2 37, +C4<00000000000000000000000000010100>;
v0x5594375d2f90_0 .net "acertou_out", 0 0, v0x5594375d10d0_0;  1 drivers
v0x5594375d30a0_0 .var "caso", 31 0;
v0x5594375d3180_0 .var "chaves_in", 3 0;
v0x5594375d3220_0 .var "clock_in", 0 0;
v0x5594375d32c0_0 .net "db_chaves_out", 6 0, v0x5594375cf710_0;  1 drivers
v0x5594375d3420_0 .net "db_contagem_out", 6 0, v0x5594375cfb90_0;  1 drivers
v0x5594375d3530_0 .net "db_estado_out", 6 0, v0x5594375d0060_0;  1 drivers
v0x5594375d3640_0 .net "db_igual_out", 0 0, L_0x5594375d4bf0;  1 drivers
v0x5594375d36e0_0 .net "db_iniciar_out", 0 0, L_0x5594375d4cb0;  1 drivers
v0x5594375d3780_0 .net "db_memoria_out", 6 0, v0x5594375d0590_0;  1 drivers
v0x5594375d3820_0 .net "errou_out", 0 0, v0x5594375d13f0_0;  1 drivers
v0x5594375d3910_0 .var "iniciar_in", 0 0;
v0x5594375d3a00_0 .net "pronto_out", 0 0, v0x5594375d16e0_0;  1 drivers
v0x5594375d3af0_0 .var "reset_in", 0 0;
E_0x55943757e9f0 .event negedge, v0x5594375cd590_0;
S_0x5594375990a0 .scope module, "dut" "circuito_exp4" 2 46, 3 2 0, S_0x5594375a1b80;
 .timescale 0 0;
    .port_info 0 /INPUT 1 "clock";
    .port_info 1 /INPUT 1 "reset";
    .port_info 2 /INPUT 1 "iniciar";
    .port_info 3 /INPUT 4 "chaves";
    .port_info 4 /OUTPUT 1 "pronto";
    .port_info 5 /OUTPUT 1 "db_igual";
    .port_info 6 /OUTPUT 1 "db_iniciar";
    .port_info 7 /OUTPUT 1 "errou";
    .port_info 8 /OUTPUT 1 "acertou";
    .port_info 9 /OUTPUT 7 "db_contagem";
    .port_info 10 /OUTPUT 7 "db_memoria";
    .port_info 11 /OUTPUT 7 "db_chaves";
    .port_info 12 /OUTPUT 7 "db_estado";
L_0x5594375d4bf0 .functor BUFZ 1, L_0x5594375d4910, C4<0>, C4<0>, C4<0>;
L_0x5594375d4cb0 .functor BUFZ 1, v0x5594375d3910_0, C4<0>, C4<0>, C4<0>;
v0x5594375d1c60_0 .net "acertou", 0 0, v0x5594375d10d0_0;  alias, 1 drivers
v0x5594375d1d20_0 .net "chaves", 3 0, v0x5594375d3180_0;  1 drivers
v0x5594375d1e10_0 .net "clock", 0 0, v0x5594375d3220_0;  1 drivers
v0x5594375d1eb0_0 .net "contaC", 0 0, v0x5594375d1240_0;  1 drivers
v0x5594375d1f50_0 .net "db_chaves", 6 0, v0x5594375cf710_0;  alias, 1 drivers
v0x5594375d2040_0 .net "db_chaves_hex", 3 0, L_0x5594375d4ae0;  1 drivers
v0x5594375d2130_0 .net "db_contagem", 6 0, v0x5594375cfb90_0;  alias, 1 drivers
v0x5594375d21f0_0 .net "db_contagem_hex", 3 0, L_0x5594375d4a70;  1 drivers
v0x5594375d22e0_0 .net "db_estado", 6 0, v0x5594375d0060_0;  alias, 1 drivers
v0x5594375d23a0_0 .net "db_estado_hex", 3 0, v0x5594375d1330_0;  1 drivers
v0x5594375d2440_0 .net "db_igual", 0 0, L_0x5594375d4bf0;  alias, 1 drivers
v0x5594375d2500_0 .net "db_iniciar", 0 0, L_0x5594375d4cb0;  alias, 1 drivers
v0x5594375d25c0_0 .net "db_memoria", 6 0, v0x5594375d0590_0;  alias, 1 drivers
v0x5594375d2680_0 .net "db_memoria_hex", 3 0, L_0x5594375d4b50;  1 drivers
v0x5594375d2770_0 .net "errou", 0 0, v0x5594375d13f0_0;  alias, 1 drivers
v0x5594375d2810_0 .net "fimC", 0 0, v0x5594375cd980_0;  1 drivers
v0x5594375d28b0_0 .net "igual", 0 0, L_0x5594375d4910;  1 drivers
v0x5594375d2a60_0 .net "iniciar", 0 0, v0x5594375d3910_0;  1 drivers
v0x5594375d2b00_0 .net "pronto", 0 0, v0x5594375d16e0_0;  alias, 1 drivers
v0x5594375d2ba0_0 .net "registraR", 0 0, v0x5594375d17a0_0;  1 drivers
v0x5594375d2c40_0 .net "reset", 0 0, v0x5594375d3af0_0;  1 drivers
v0x5594375d2ce0_0 .net "zeraC", 0 0, v0x5594375d1950_0;  1 drivers
v0x5594375d2dd0_0 .net "zeraR", 0 0, v0x5594375d19f0_0;  1 drivers
S_0x5594375a21b0 .scope module, "fd" "exp4_fluxo_dados" 3 40, 4 1 0, S_0x5594375990a0;
 .timescale 0 0;
    .port_info 0 /INPUT 1 "clock";
    .port_info 1 /INPUT 1 "zeraR";
    .port_info 2 /INPUT 1 "zeraC";
    .port_info 3 /INPUT 1 "registraR";
    .port_info 4 /INPUT 1 "contaC";
    .port_info 5 /INPUT 4 "chaves";
    .port_info 6 /OUTPUT 1 "chavesIgualMemoria";
    .port_info 7 /OUTPUT 1 "fimC";
    .port_info 8 /OUTPUT 4 "db_contagem";
    .port_info 9 /OUTPUT 4 "db_chaves";
    .port_info 10 /OUTPUT 4 "db_memoria";
L_0x5594375b2530 .functor NOT 1, v0x5594375d1950_0, C4<0>, C4<0>, C4<0>;
L_0x5594375d4a70 .functor BUFZ 4, v0x5594375cd4b0_0, C4<0000>, C4<0000>, C4<0000>;
L_0x5594375d4ae0 .functor BUFZ 4, v0x5594375ce310_0, C4<0000>, C4<0000>, C4<0000>;
L_0x5594375d4b50 .functor BUFZ 4, v0x5594375cdef0_0, C4<0000>, C4<0000>, C4<0000>;
v0x5594375ce830_0 .net "chaves", 3 0, v0x5594375d3180_0;  alias, 1 drivers
v0x5594375ce910_0 .net "chavesIgualMemoria", 0 0, L_0x5594375d4910;  alias, 1 drivers
v0x5594375ce9b0_0 .net "clock", 0 0, v0x5594375d3220_0;  alias, 1 drivers
v0x5594375cea80_0 .net "contaC", 0 0, v0x5594375d1240_0;  alias, 1 drivers
v0x5594375ceb50_0 .net "db_chaves", 3 0, L_0x5594375d4ae0;  alias, 1 drivers
v0x5594375cec40_0 .net "db_contagem", 3 0, L_0x5594375d4a70;  alias, 1 drivers
v0x5594375cece0_0 .net "db_memoria", 3 0, L_0x5594375d4b50;  alias, 1 drivers
v0x5594375cedc0_0 .net "fimC", 0 0, v0x5594375cd980_0;  alias, 1 drivers
v0x5594375cee60_0 .net "registraR", 0 0, v0x5594375d17a0_0;  alias, 1 drivers
v0x5594375cef30_0 .net "s_chaves", 3 0, v0x5594375ce310_0;  1 drivers
v0x5594375cefd0_0 .net "s_dado", 3 0, v0x5594375cdef0_0;  1 drivers
v0x5594375cf0c0_0 .net "s_endereco", 3 0, v0x5594375cd4b0_0;  1 drivers
v0x5594375cf1d0_0 .net "zeraC", 0 0, v0x5594375d1950_0;  alias, 1 drivers
v0x5594375cf290_0 .net "zeraR", 0 0, v0x5594375d19f0_0;  alias, 1 drivers
S_0x5594375a1e70 .scope module, "comparador" "comparador_85" 4 48, 5 16 0, S_0x5594375a21b0;
 .timescale 0 0;
    .port_info 0 /INPUT 1 "ALBi";
    .port_info 1 /INPUT 1 "AGBi";
    .port_info 2 /INPUT 1 "AEBi";
    .port_info 3 /INPUT 4 "A";
    .port_info 4 /INPUT 4 "B";
    .port_info 5 /OUTPUT 1 "ALBo";
    .port_info 6 /OUTPUT 1 "AGBo";
    .port_info 7 /OUTPUT 1 "AEBo";
L_0x55943759d2c0 .functor NOT 5, L_0x5594375d3be0, C4<00000>, C4<00000>, C4<00000>;
L_0x55943756a030 .functor NOT 1, L_0x5594375d40a0, C4<0>, C4<0>, C4<0>;
L_0x559437580e10 .functor NOT 5, L_0x5594375d42c0, C4<00000>, C4<00000>, C4<00000>;
L_0x5594375d44a0 .functor NOT 1, L_0x5594375d46f0, C4<0>, C4<0>, C4<0>;
L_0x7f783ac982a0 .functor BUFT 1, C4<1>, C4<0>, C4<0>, C4<0>;
L_0x5594375d4910 .functor AND 1, L_0x5594375d4870, L_0x7f783ac982a0, C4<1>, C4<1>;
v0x5594375b1c70_0 .net "A", 3 0, v0x5594375cdef0_0;  alias, 1 drivers
v0x5594375b2160_0 .net "AEBi", 0 0, L_0x7f783ac982a0;  1 drivers
v0x5594375b2650_0 .net "AEBo", 0 0, L_0x5594375d4910;  alias, 1 drivers
L_0x7f783ac98258 .functor BUFT 1, C4<0>, C4<0>, C4<0>, C4<0>;
v0x5594375b2b40_0 .net "AGBi", 0 0, L_0x7f783ac98258;  1 drivers
v0x55943759bb00_0 .net "AGBo", 0 0, L_0x5594375d44a0;  1 drivers
L_0x7f783ac98210 .functor BUFT 1, C4<0>, C4<0>, C4<0>, C4<0>;
v0x5594375a00e0_0 .net "ALBi", 0 0, L_0x7f783ac98210;  1 drivers
v0x55943759d670_0 .net "ALBo", 0 0, L_0x55943756a030;  1 drivers
v0x5594375cbf10_0 .net "B", 3 0, v0x5594375ce310_0;  alias, 1 drivers
v0x5594375cbff0_0 .net "CSG", 4 0, L_0x5594375d4600;  1 drivers
v0x5594375cc0d0_0 .net "CSL", 4 0, L_0x5594375d3f80;  1 drivers
v0x5594375cc1b0_0 .net *"_ivl_0", 4 0, L_0x5594375d3be0;  1 drivers
v0x5594375cc290_0 .net *"_ivl_10", 4 0, L_0x5594375d3e40;  1 drivers
L_0x7f783ac982e8 .functor BUFT 1, C4<00000>, C4<0>, C4<0>, C4<0>;
v0x5594375cc370_0 .net *"_ivl_12", 4 0, L_0x7f783ac982e8;  1 drivers
v0x5594375cc450_0 .net *"_ivl_19", 0 0, L_0x5594375d40a0;  1 drivers
v0x5594375cc530_0 .net *"_ivl_22", 4 0, L_0x5594375d41e0;  1 drivers
L_0x7f783ac98180 .functor BUFT 1, C4<0>, C4<0>, C4<0>, C4<0>;
v0x5594375cc610_0 .net *"_ivl_25", 0 0, L_0x7f783ac98180;  1 drivers
v0x5594375cc6f0_0 .net *"_ivl_26", 4 0, L_0x5594375d42c0;  1 drivers
L_0x7f783ac981c8 .functor BUFT 1, C4<0>, C4<0>, C4<0>, C4<0>;
v0x5594375cc7d0_0 .net *"_ivl_29", 0 0, L_0x7f783ac981c8;  1 drivers
L_0x7f783ac980f0 .functor BUFT 1, C4<0>, C4<0>, C4<0>, C4<0>;
v0x5594375cc8b0_0 .net *"_ivl_3", 0 0, L_0x7f783ac980f0;  1 drivers
v0x5594375cc990_0 .net *"_ivl_30", 4 0, L_0x559437580e10;  1 drivers
v0x5594375cca70_0 .net *"_ivl_32", 4 0, L_0x5594375d4400;  1 drivers
L_0x7f783ac98330 .functor BUFT 1, C4<00000>, C4<0>, C4<0>, C4<0>;
v0x5594375ccb50_0 .net *"_ivl_34", 4 0, L_0x7f783ac98330;  1 drivers
v0x5594375ccc30_0 .net *"_ivl_4", 4 0, L_0x55943759d2c0;  1 drivers
v0x5594375ccd10_0 .net *"_ivl_41", 0 0, L_0x5594375d46f0;  1 drivers
v0x5594375ccdf0_0 .net *"_ivl_44", 0 0, L_0x5594375d4870;  1 drivers
v0x5594375cceb0_0 .net *"_ivl_6", 4 0, L_0x5594375d3d20;  1 drivers
L_0x7f783ac98138 .functor BUFT 1, C4<0>, C4<0>, C4<0>, C4<0>;
v0x5594375ccf90_0 .net *"_ivl_9", 0 0, L_0x7f783ac98138;  1 drivers
L_0x5594375d3be0 .concat [ 4 1 0 0], v0x5594375cdef0_0, L_0x7f783ac980f0;
L_0x5594375d3d20 .concat [ 4 1 0 0], v0x5594375ce310_0, L_0x7f783ac98138;
L_0x5594375d3e40 .arith/sum 5, L_0x55943759d2c0, L_0x5594375d3d20;
L_0x5594375d3f80 .arith/sum 5, L_0x5594375d3e40, L_0x7f783ac982e8;
L_0x5594375d40a0 .part L_0x5594375d3f80, 4, 1;
L_0x5594375d41e0 .concat [ 4 1 0 0], v0x5594375cdef0_0, L_0x7f783ac98180;
L_0x5594375d42c0 .concat [ 4 1 0 0], v0x5594375ce310_0, L_0x7f783ac981c8;
L_0x5594375d4400 .arith/sum 5, L_0x5594375d41e0, L_0x559437580e10;
L_0x5594375d4600 .arith/sum 5, L_0x5594375d4400, L_0x7f783ac98330;
L_0x5594375d46f0 .part L_0x5594375d4600, 4, 1;
L_0x5594375d4870 .cmp/eq 4, v0x5594375cdef0_0, v0x5594375ce310_0;
S_0x5594375cd170 .scope module, "contador" "contador_163" 4 19, 6 16 0, S_0x5594375a21b0;
 .timescale 0 0;
    .port_info 0 /INPUT 1 "clock";
    .port_info 1 /INPUT 1 "clr";
    .port_info 2 /INPUT 1 "ld";
    .port_info 3 /INPUT 1 "ent";
    .port_info 4 /INPUT 1 "enp";
    .port_info 5 /INPUT 4 "D";
    .port_info 6 /OUTPUT 4 "Q";
    .port_info 7 /OUTPUT 1 "rco";
L_0x7f783ac980a8 .functor BUFT 1, C4<0000>, C4<0>, C4<0>, C4<0>;
v0x5594375cd3b0_0 .net "D", 3 0, L_0x7f783ac980a8;  1 drivers
v0x5594375cd4b0_0 .var "Q", 3 0;
v0x5594375cd590_0 .net "clock", 0 0, v0x5594375d3220_0;  alias, 1 drivers
v0x5594375cd630_0 .net "clr", 0 0, L_0x5594375b2530;  1 drivers
v0x5594375cd6f0_0 .net "enp", 0 0, v0x5594375d1240_0;  alias, 1 drivers
L_0x7f783ac98060 .functor BUFT 1, C4<1>, C4<0>, C4<0>, C4<0>;
v0x5594375cd800_0 .net "ent", 0 0, L_0x7f783ac98060;  1 drivers
L_0x7f783ac98018 .functor BUFT 1, C4<1>, C4<0>, C4<0>, C4<0>;
v0x5594375cd8c0_0 .net "ld", 0 0, L_0x7f783ac98018;  1 drivers
v0x5594375cd980_0 .var "rco", 0 0;
E_0x559437580fa0 .event edge, v0x5594375cd800_0, v0x5594375cd4b0_0;
E_0x5594375812a0 .event posedge, v0x5594375cd590_0;
S_0x5594375cdb90 .scope module, "memoria" "sync_rom_16x4" 4 39, 7 13 0, S_0x5594375a21b0;
 .timescale 0 0;
    .port_info 0 /INPUT 1 "clock";
    .port_info 1 /INPUT 4 "address";
    .port_info 2 /OUTPUT 4 "data_out";
v0x5594375cdd70_0 .net "address", 3 0, v0x5594375cd4b0_0;  alias, 1 drivers
v0x5594375cde50_0 .net "clock", 0 0, v0x5594375d3220_0;  alias, 1 drivers
v0x5594375cdef0_0 .var "data_out", 3 0;
S_0x5594375cdfe0 .scope module, "registrador" "registrador_4" 4 30, 8 13 0, S_0x5594375a21b0;
 .timescale 0 0;
    .port_info 0 /INPUT 1 "clock";
    .port_info 1 /INPUT 1 "clear";
    .port_info 2 /INPUT 1 "enable";
    .port_info 3 /INPUT 4 "D";
    .port_info 4 /OUTPUT 4 "Q";
v0x5594375ce210_0 .net "D", 3 0, v0x5594375d3180_0;  alias, 1 drivers
v0x5594375ce310_0 .var "IQ", 3 0;
v0x5594375ce3f0_0 .net "Q", 3 0, v0x5594375ce310_0;  alias, 1 drivers
v0x5594375ce4f0_0 .net "clear", 0 0, v0x5594375d19f0_0;  alias, 1 drivers
v0x5594375ce590_0 .net "clock", 0 0, v0x5594375d3220_0;  alias, 1 drivers
v0x5594375ce6d0_0 .net "enable", 0 0, v0x5594375d17a0_0;  alias, 1 drivers
E_0x55943754ebd0 .event posedge, v0x5594375ce4f0_0, v0x5594375cd590_0;
S_0x5594375cf4d0 .scope module, "hexa7seg_CHAVES" "hexa7seg" 3 55, 9 23 0, S_0x5594375990a0;
 .timescale -9 -9;
    .port_info 0 /INPUT 4 "hexa";
    .port_info 1 /OUTPUT 7 "display";
v0x5594375cf710_0 .var "display", 6 0;
v0x5594375cf810_0 .net "hexa", 3 0, L_0x5594375d4ae0;  alias, 1 drivers
E_0x5594375b31f0 .event edge, v0x5594375ceb50_0;
S_0x5594375cf910 .scope module, "hexa7seg_CONT" "hexa7seg" 3 61, 9 23 0, S_0x5594375990a0;
 .timescale -9 -9;
    .port_info 0 /INPUT 4 "hexa";
    .port_info 1 /OUTPUT 7 "display";
v0x5594375cfb90_0 .var "display", 6 0;
v0x5594375cfc90_0 .net "hexa", 3 0, L_0x5594375d4a70;  alias, 1 drivers
E_0x5594375cfb30 .event edge, v0x5594375cec40_0;
S_0x5594375cfdc0 .scope module, "hexa7seg_EST" "hexa7seg" 3 73, 9 23 0, S_0x5594375990a0;
 .timescale -9 -9;
    .port_info 0 /INPUT 4 "hexa";
    .port_info 1 /OUTPUT 7 "display";
v0x5594375d0060_0 .var "display", 6 0;
v0x5594375d0160_0 .net "hexa", 3 0, v0x5594375d1330_0;  alias, 1 drivers
E_0x5594375cffe0 .event edge, v0x5594375d0160_0;
S_0x5594375d02a0 .scope module, "hexa7seg_MEM" "hexa7seg" 3 67, 9 23 0, S_0x5594375990a0;
 .timescale -9 -9;
    .port_info 0 /INPUT 4 "hexa";
    .port_info 1 /OUTPUT 7 "display";
v0x5594375d0590_0 .var "display", 6 0;
v0x5594375d0690_0 .net "hexa", 3 0, L_0x5594375d4b50;  alias, 1 drivers
E_0x5594375d0510 .event edge, v0x5594375cece0_0;
S_0x5594375d0790 .scope module, "uc" "exp4_unidade_controle" 3 23, 10 15 0, S_0x5594375990a0;
 .timescale 0 0;
    .port_info 0 /INPUT 1 "clock";
    .port_info 1 /INPUT 1 "reset";
    .port_info 2 /INPUT 1 "iniciar";
    .port_info 3 /INPUT 1 "fimC";
    .port_info 4 /INPUT 1 "igual";
    .port_info 5 /OUTPUT 1 "zeraC";
    .port_info 6 /OUTPUT 1 "contaC";
    .port_info 7 /OUTPUT 1 "zeraR";
    .port_info 8 /OUTPUT 1 "registraR";
    .port_info 9 /OUTPUT 1 "pronto";
    .port_info 10 /OUTPUT 1 "errou";
    .port_info 11 /OUTPUT 1 "acertou";
    .port_info 12 /OUTPUT 4 "db_estado";
P_0x55943752cc40 .param/l "comparacao" 0 10 35, C4<0101>;
P_0x55943752cc80 .param/l "derrota" 0 10 37, C4<1110>;
P_0x55943752ccc0 .param/l "inicial" 0 10 32, C4<0000>;
P_0x55943752cd00 .param/l "preparacao" 0 10 33, C4<0001>;
P_0x55943752cd40 .param/l "proximo" 0 10 36, C4<0110>;
P_0x55943752cd80 .param/l "registra" 0 10 34, C4<0100>;
P_0x55943752cdc0 .param/l "vitoria" 0 10 38, C4<1101>;
v0x5594375d0ef0_0 .var "Eatual", 3 0;
v0x5594375d0ff0_0 .var "Eprox", 3 0;
v0x5594375d10d0_0 .var "acertou", 0 0;
v0x5594375d11a0_0 .net "clock", 0 0, v0x5594375d3220_0;  alias, 1 drivers
v0x5594375d1240_0 .var "contaC", 0 0;
v0x5594375d1330_0 .var "db_estado", 3 0;
v0x5594375d13f0_0 .var "errou", 0 0;
v0x5594375d1490_0 .net "fimC", 0 0, v0x5594375cd980_0;  alias, 1 drivers
v0x5594375d1580_0 .net "igual", 0 0, L_0x5594375d4910;  alias, 1 drivers
v0x5594375d1620_0 .net "iniciar", 0 0, v0x5594375d3910_0;  alias, 1 drivers
v0x5594375d16e0_0 .var "pronto", 0 0;
v0x5594375d17a0_0 .var "registraR", 0 0;
v0x5594375d1890_0 .net "reset", 0 0, v0x5594375d3af0_0;  alias, 1 drivers
v0x5594375d1950_0 .var "zeraC", 0 0;
v0x5594375d19f0_0 .var "zeraR", 0 0;
E_0x5594375d0dc0 .event edge, v0x5594375d0ef0_0;
E_0x5594375d0e20 .event edge, v0x5594375d0ef0_0, v0x5594375d1620_0, v0x5594375b2650_0, v0x5594375cd980_0;
E_0x5594375d0e90 .event posedge, v0x5594375d1890_0, v0x5594375cd590_0;
    .scope S_0x5594375d0790;
T_0 ;
    %wait E_0x5594375d0e90;
    %load/vec4 v0x5594375d1890_0;
    %flag_set/vec4 8;
    %jmp/0xz  T_0.0, 8;
    %pushi/vec4 0, 0, 4;
    %assign/vec4 v0x5594375d0ef0_0, 0;
    %jmp T_0.1;
T_0.0 ;
    %load/vec4 v0x5594375d0ff0_0;
    %assign/vec4 v0x5594375d0ef0_0, 0;
T_0.1 ;
    %jmp T_0;
    .thread T_0;
    .scope S_0x5594375d0790;
T_1 ;
    %wait E_0x5594375d0e20;
    %load/vec4 v0x5594375d0ef0_0;
    %dup/vec4;
    %pushi/vec4 0, 0, 4;
    %cmp/u;
    %jmp/1 T_1.0, 6;
    %dup/vec4;
    %pushi/vec4 1, 0, 4;
    %cmp/u;
    %jmp/1 T_1.1, 6;
    %dup/vec4;
    %pushi/vec4 4, 0, 4;
    %cmp/u;
    %jmp/1 T_1.2, 6;
    %dup/vec4;
    %pushi/vec4 5, 0, 4;
    %cmp/u;
    %jmp/1 T_1.3, 6;
    %dup/vec4;
    %pushi/vec4 6, 0, 4;
    %cmp/u;
    %jmp/1 T_1.4, 6;
    %dup/vec4;
    %pushi/vec4 14, 0, 4;
    %cmp/u;
    %jmp/1 T_1.5, 6;
    %dup/vec4;
    %pushi/vec4 13, 0, 4;
    %cmp/u;
    %jmp/1 T_1.6, 6;
    %pushi/vec4 0, 0, 4;
    %store/vec4 v0x5594375d0ff0_0, 0, 4;
    %jmp T_1.8;
T_1.0 ;
    %load/vec4 v0x5594375d1620_0;
    %flag_set/vec4 8;
    %jmp/0 T_1.9, 8;
    %pushi/vec4 1, 0, 4;
    %jmp/1 T_1.10, 8;
T_1.9 ; End of true expr.
    %pushi/vec4 0, 0, 4;
    %jmp/0 T_1.10, 8;
 ; End of false expr.
    %blend;
T_1.10;
    %store/vec4 v0x5594375d0ff0_0, 0, 4;
    %jmp T_1.8;
T_1.1 ;
    %pushi/vec4 4, 0, 4;
    %store/vec4 v0x5594375d0ff0_0, 0, 4;
    %jmp T_1.8;
T_1.2 ;
    %pushi/vec4 5, 0, 4;
    %store/vec4 v0x5594375d0ff0_0, 0, 4;
    %jmp T_1.8;
T_1.3 ;
    %load/vec4 v0x5594375d1580_0;
    %inv;
    %flag_set/vec4 8;
    %jmp/0 T_1.11, 8;
    %pushi/vec4 14, 0, 4;
    %jmp/1 T_1.12, 8;
T_1.11 ; End of true expr.
    %load/vec4 v0x5594375d1490_0;
    %flag_set/vec4 9;
    %jmp/0 T_1.13, 9;
    %pushi/vec4 13, 0, 4;
    %jmp/1 T_1.14, 9;
T_1.13 ; End of true expr.
    %pushi/vec4 6, 0, 4;
    %jmp/0 T_1.14, 9;
 ; End of false expr.
    %blend;
T_1.14;
    %jmp/0 T_1.12, 8;
 ; End of false expr.
    %blend;
T_1.12;
    %store/vec4 v0x5594375d0ff0_0, 0, 4;
    %jmp T_1.8;
T_1.4 ;
    %pushi/vec4 4, 0, 4;
    %store/vec4 v0x5594375d0ff0_0, 0, 4;
    %jmp T_1.8;
T_1.5 ;
    %pushi/vec4 0, 0, 4;
    %store/vec4 v0x5594375d0ff0_0, 0, 4;
    %jmp T_1.8;
T_1.6 ;
    %pushi/vec4 0, 0, 4;
    %store/vec4 v0x5594375d0ff0_0, 0, 4;
    %jmp T_1.8;
T_1.8 ;
    %pop/vec4 1;
    %jmp T_1;
    .thread T_1, $push;
    .scope S_0x5594375d0790;
T_2 ;
    %wait E_0x5594375d0dc0;
    %load/vec4 v0x5594375d0ef0_0;
    %cmpi/e 0, 0, 4;
    %flag_mov 8, 4;
    %load/vec4 v0x5594375d0ef0_0;
    %cmpi/e 1, 0, 4;
    %flag_or 4, 8;
    %flag_mov 8, 4;
    %jmp/0 T_2.0, 8;
    %pushi/vec4 1, 0, 1;
    %jmp/1 T_2.1, 8;
T_2.0 ; End of true expr.
    %pushi/vec4 0, 0, 1;
    %jmp/0 T_2.1, 8;
 ; End of false expr.
    %blend;
T_2.1;
    %store/vec4 v0x5594375d1950_0, 0, 1;
    %load/vec4 v0x5594375d0ef0_0;
    %cmpi/e 0, 0, 4;
    %flag_mov 8, 4;
    %load/vec4 v0x5594375d0ef0_0;
    %cmpi/e 1, 0, 4;
    %flag_or 4, 8;
    %flag_mov 8, 4;
    %jmp/0 T_2.2, 8;
    %pushi/vec4 1, 0, 1;
    %jmp/1 T_2.3, 8;
T_2.2 ; End of true expr.
    %pushi/vec4 0, 0, 1;
    %jmp/0 T_2.3, 8;
 ; End of false expr.
    %blend;
T_2.3;
    %store/vec4 v0x5594375d19f0_0, 0, 1;
    %load/vec4 v0x5594375d0ef0_0;
    %cmpi/e 4, 0, 4;
    %flag_mov 8, 4;
    %jmp/0 T_2.4, 8;
    %pushi/vec4 1, 0, 1;
    %jmp/1 T_2.5, 8;
T_2.4 ; End of true expr.
    %pushi/vec4 0, 0, 1;
    %jmp/0 T_2.5, 8;
 ; End of false expr.
    %blend;
T_2.5;
    %store/vec4 v0x5594375d17a0_0, 0, 1;
    %load/vec4 v0x5594375d0ef0_0;
    %cmpi/e 6, 0, 4;
    %flag_mov 8, 4;
    %jmp/0 T_2.6, 8;
    %pushi/vec4 1, 0, 1;
    %jmp/1 T_2.7, 8;
T_2.6 ; End of true expr.
    %pushi/vec4 0, 0, 1;
    %jmp/0 T_2.7, 8;
 ; End of false expr.
    %blend;
T_2.7;
    %store/vec4 v0x5594375d1240_0, 0, 1;
    %load/vec4 v0x5594375d0ef0_0;
    %cmpi/e 14, 0, 4;
    %flag_mov 8, 4;
    %load/vec4 v0x5594375d0ef0_0;
    %cmpi/e 13, 0, 4;
    %flag_or 4, 8;
    %flag_mov 8, 4;
    %jmp/0 T_2.8, 8;
    %pushi/vec4 1, 0, 1;
    %jmp/1 T_2.9, 8;
T_2.8 ; End of true expr.
    %pushi/vec4 0, 0, 1;
    %jmp/0 T_2.9, 8;
 ; End of false expr.
    %blend;
T_2.9;
    %store/vec4 v0x5594375d16e0_0, 0, 1;
    %load/vec4 v0x5594375d0ef0_0;
    %cmpi/e 14, 0, 4;
    %flag_mov 8, 4;
    %jmp/0 T_2.10, 8;
    %pushi/vec4 1, 0, 1;
    %jmp/1 T_2.11, 8;
T_2.10 ; End of true expr.
    %pushi/vec4 0, 0, 1;
    %jmp/0 T_2.11, 8;
 ; End of false expr.
    %blend;
T_2.11;
    %store/vec4 v0x5594375d13f0_0, 0, 1;
    %load/vec4 v0x5594375d0ef0_0;
    %cmpi/e 13, 0, 4;
    %flag_mov 8, 4;
    %jmp/0 T_2.12, 8;
    %pushi/vec4 1, 0, 1;
    %jmp/1 T_2.13, 8;
T_2.12 ; End of true expr.
    %pushi/vec4 0, 0, 1;
    %jmp/0 T_2.13, 8;
 ; End of false expr.
    %blend;
T_2.13;
    %store/vec4 v0x5594375d10d0_0, 0, 1;
    %load/vec4 v0x5594375d0ef0_0;
    %dup/vec4;
    %pushi/vec4 0, 0, 4;
    %cmp/u;
    %jmp/1 T_2.14, 6;
    %dup/vec4;
    %pushi/vec4 1, 0, 4;
    %cmp/u;
    %jmp/1 T_2.15, 6;
    %dup/vec4;
    %pushi/vec4 4, 0, 4;
    %cmp/u;
    %jmp/1 T_2.16, 6;
    %dup/vec4;
    %pushi/vec4 5, 0, 4;
    %cmp/u;
    %jmp/1 T_2.17, 6;
    %dup/vec4;
    %pushi/vec4 6, 0, 4;
    %cmp/u;
    %jmp/1 T_2.18, 6;
    %dup/vec4;
    %pushi/vec4 14, 0, 4;
    %cmp/u;
    %jmp/1 T_2.19, 6;
    %dup/vec4;
    %pushi/vec4 13, 0, 4;
    %cmp/u;
    %jmp/1 T_2.20, 6;
    %pushi/vec4 15, 0, 4;
    %store/vec4 v0x5594375d1330_0, 0, 4;
    %jmp T_2.22;
T_2.14 ;
    %pushi/vec4 0, 0, 4;
    %store/vec4 v0x5594375d1330_0, 0, 4;
    %jmp T_2.22;
T_2.15 ;
    %pushi/vec4 1, 0, 4;
    %store/vec4 v0x5594375d1330_0, 0, 4;
    %jmp T_2.22;
T_2.16 ;
    %pushi/vec4 4, 0, 4;
    %store/vec4 v0x5594375d1330_0, 0, 4;
    %jmp T_2.22;
T_2.17 ;
    %pushi/vec4 5, 0, 4;
    %store/vec4 v0x5594375d1330_0, 0, 4;
    %jmp T_2.22;
T_2.18 ;
    %pushi/vec4 6, 0, 4;
    %store/vec4 v0x5594375d1330_0, 0, 4;
    %jmp T_2.22;
T_2.19 ;
    %pushi/vec4 14, 0, 4;
    %store/vec4 v0x5594375d1330_0, 0, 4;
    %jmp T_2.22;
T_2.20 ;
    %pushi/vec4 13, 0, 4;
    %store/vec4 v0x5594375d1330_0, 0, 4;
    %jmp T_2.22;
T_2.22 ;
    %pop/vec4 1;
    %jmp T_2;
    .thread T_2, $push;
    .scope S_0x5594375cd170;
T_3 ;
    %wait E_0x5594375812a0;
    %load/vec4 v0x5594375cd630_0;
    %inv;
    %flag_set/vec4 8;
    %jmp/0xz  T_3.0, 8;
    %pushi/vec4 0, 0, 4;
    %assign/vec4 v0x5594375cd4b0_0, 0;
    %jmp T_3.1;
T_3.0 ;
    %load/vec4 v0x5594375cd8c0_0;
    %inv;
    %flag_set/vec4 8;
    %jmp/0xz  T_3.2, 8;
    %load/vec4 v0x5594375cd3b0_0;
    %assign/vec4 v0x5594375cd4b0_0, 0;
    %jmp T_3.3;
T_3.2 ;
    %load/vec4 v0x5594375cd800_0;
    %load/vec4 v0x5594375cd6f0_0;
    %and;
    %flag_set/vec4 8;
    %jmp/0xz  T_3.4, 8;
    %load/vec4 v0x5594375cd4b0_0;
    %addi 1, 0, 4;
    %assign/vec4 v0x5594375cd4b0_0, 0;
    %jmp T_3.5;
T_3.4 ;
    %load/vec4 v0x5594375cd4b0_0;
    %assign/vec4 v0x5594375cd4b0_0, 0;
T_3.5 ;
T_3.3 ;
T_3.1 ;
    %jmp T_3;
    .thread T_3;
    .scope S_0x5594375cd170;
T_4 ;
    %wait E_0x559437580fa0;
    %load/vec4 v0x5594375cd800_0;
    %load/vec4 v0x5594375cd4b0_0;
    %pushi/vec4 15, 0, 4;
    %cmp/e;
    %flag_get/vec4 4;
    %and;
    %flag_set/vec4 8;
    %jmp/0xz  T_4.0, 8;
    %pushi/vec4 1, 0, 1;
    %store/vec4 v0x5594375cd980_0, 0, 1;
    %jmp T_4.1;
T_4.0 ;
    %pushi/vec4 0, 0, 1;
    %store/vec4 v0x5594375cd980_0, 0, 1;
T_4.1 ;
    %jmp T_4;
    .thread T_4, $push;
    .scope S_0x5594375cdfe0;
T_5 ;
    %wait E_0x55943754ebd0;
    %load/vec4 v0x5594375ce4f0_0;
    %flag_set/vec4 8;
    %jmp/0xz  T_5.0, 8;
    %pushi/vec4 0, 0, 4;
    %assign/vec4 v0x5594375ce310_0, 0;
    %jmp T_5.1;
T_5.0 ;
    %load/vec4 v0x5594375ce6d0_0;
    %flag_set/vec4 8;
    %jmp/0xz  T_5.2, 8;
    %load/vec4 v0x5594375ce210_0;
    %assign/vec4 v0x5594375ce310_0, 0;
T_5.2 ;
T_5.1 ;
    %jmp T_5;
    .thread T_5;
    .scope S_0x5594375cdb90;
T_6 ;
    %wait E_0x5594375812a0;
    %load/vec4 v0x5594375cdd70_0;
    %dup/vec4;
    %pushi/vec4 0, 0, 4;
    %cmp/u;
    %jmp/1 T_6.0, 6;
    %dup/vec4;
    %pushi/vec4 1, 0, 4;
    %cmp/u;
    %jmp/1 T_6.1, 6;
    %dup/vec4;
    %pushi/vec4 2, 0, 4;
    %cmp/u;
    %jmp/1 T_6.2, 6;
    %dup/vec4;
    %pushi/vec4 3, 0, 4;
    %cmp/u;
    %jmp/1 T_6.3, 6;
    %dup/vec4;
    %pushi/vec4 4, 0, 4;
    %cmp/u;
    %jmp/1 T_6.4, 6;
    %dup/vec4;
    %pushi/vec4 5, 0, 4;
    %cmp/u;
    %jmp/1 T_6.5, 6;
    %dup/vec4;
    %pushi/vec4 6, 0, 4;
    %cmp/u;
    %jmp/1 T_6.6, 6;
    %dup/vec4;
    %pushi/vec4 7, 0, 4;
    %cmp/u;
    %jmp/1 T_6.7, 6;
    %dup/vec4;
    %pushi/vec4 8, 0, 4;
    %cmp/u;
    %jmp/1 T_6.8, 6;
    %dup/vec4;
    %pushi/vec4 9, 0, 4;
    %cmp/u;
    %jmp/1 T_6.9, 6;
    %dup/vec4;
    %pushi/vec4 10, 0, 4;
    %cmp/u;
    %jmp/1 T_6.10, 6;
    %dup/vec4;
    %pushi/vec4 11, 0, 4;
    %cmp/u;
    %jmp/1 T_6.11, 6;
    %dup/vec4;
    %pushi/vec4 12, 0, 4;
    %cmp/u;
    %jmp/1 T_6.12, 6;
    %dup/vec4;
    %pushi/vec4 13, 0, 4;
    %cmp/u;
    %jmp/1 T_6.13, 6;
    %dup/vec4;
    %pushi/vec4 14, 0, 4;
    %cmp/u;
    %jmp/1 T_6.14, 6;
    %dup/vec4;
    %pushi/vec4 15, 0, 4;
    %cmp/u;
    %jmp/1 T_6.15, 6;
    %jmp T_6.16;
T_6.0 ;
    %pushi/vec4 1, 0, 4;
    %store/vec4 v0x5594375cdef0_0, 0, 4;
    %jmp T_6.16;
T_6.1 ;
    %pushi/vec4 2, 0, 4;
    %store/vec4 v0x5594375cdef0_0, 0, 4;
    %jmp T_6.16;
T_6.2 ;
    %pushi/vec4 4, 0, 4;
    %store/vec4 v0x5594375cdef0_0, 0, 4;
    %jmp T_6.16;
T_6.3 ;
    %pushi/vec4 8, 0, 4;
    %store/vec4 v0x5594375cdef0_0, 0, 4;
    %jmp T_6.16;
T_6.4 ;
    %pushi/vec4 4, 0, 4;
    %store/vec4 v0x5594375cdef0_0, 0, 4;
    %jmp T_6.16;
T_6.5 ;
    %pushi/vec4 2, 0, 4;
    %store/vec4 v0x5594375cdef0_0, 0, 4;
    %jmp T_6.16;
T_6.6 ;
    %pushi/vec4 1, 0, 4;
    %store/vec4 v0x5594375cdef0_0, 0, 4;
    %jmp T_6.16;
T_6.7 ;
    %pushi/vec4 1, 0, 4;
    %store/vec4 v0x5594375cdef0_0, 0, 4;
    %jmp T_6.16;
T_6.8 ;
    %pushi/vec4 2, 0, 4;
    %store/vec4 v0x5594375cdef0_0, 0, 4;
    %jmp T_6.16;
T_6.9 ;
    %pushi/vec4 2, 0, 4;
    %store/vec4 v0x5594375cdef0_0, 0, 4;
    %jmp T_6.16;
T_6.10 ;
    %pushi/vec4 4, 0, 4;
    %store/vec4 v0x5594375cdef0_0, 0, 4;
    %jmp T_6.16;
T_6.11 ;
    %pushi/vec4 4, 0, 4;
    %store/vec4 v0x5594375cdef0_0, 0, 4;
    %jmp T_6.16;
T_6.12 ;
    %pushi/vec4 8, 0, 4;
    %store/vec4 v0x5594375cdef0_0, 0, 4;
    %jmp T_6.16;
T_6.13 ;
    %pushi/vec4 8, 0, 4;
    %store/vec4 v0x5594375cdef0_0, 0, 4;
    %jmp T_6.16;
T_6.14 ;
    %pushi/vec4 1, 0, 4;
    %store/vec4 v0x5594375cdef0_0, 0, 4;
    %jmp T_6.16;
T_6.15 ;
    %pushi/vec4 4, 0, 4;
    %store/vec4 v0x5594375cdef0_0, 0, 4;
    %jmp T_6.16;
T_6.16 ;
    %pop/vec4 1;
    %jmp T_6;
    .thread T_6;
    .scope S_0x5594375cf4d0;
T_7 ;
    %wait E_0x5594375b31f0;
    %load/vec4 v0x5594375cf810_0;
    %dup/vec4;
    %pushi/vec4 0, 0, 4;
    %cmp/u;
    %jmp/1 T_7.0, 6;
    %dup/vec4;
    %pushi/vec4 1, 0, 4;
    %cmp/u;
    %jmp/1 T_7.1, 6;
    %dup/vec4;
    %pushi/vec4 2, 0, 4;
    %cmp/u;
    %jmp/1 T_7.2, 6;
    %dup/vec4;
    %pushi/vec4 3, 0, 4;
    %cmp/u;
    %jmp/1 T_7.3, 6;
    %dup/vec4;
    %pushi/vec4 4, 0, 4;
    %cmp/u;
    %jmp/1 T_7.4, 6;
    %dup/vec4;
    %pushi/vec4 5, 0, 4;
    %cmp/u;
    %jmp/1 T_7.5, 6;
    %dup/vec4;
    %pushi/vec4 6, 0, 4;
    %cmp/u;
    %jmp/1 T_7.6, 6;
    %dup/vec4;
    %pushi/vec4 7, 0, 4;
    %cmp/u;
    %jmp/1 T_7.7, 6;
    %dup/vec4;
    %pushi/vec4 8, 0, 4;
    %cmp/u;
    %jmp/1 T_7.8, 6;
    %dup/vec4;
    %pushi/vec4 9, 0, 4;
    %cmp/u;
    %jmp/1 T_7.9, 6;
    %dup/vec4;
    %pushi/vec4 10, 0, 4;
    %cmp/u;
    %jmp/1 T_7.10, 6;
    %dup/vec4;
    %pushi/vec4 11, 0, 4;
    %cmp/u;
    %jmp/1 T_7.11, 6;
    %dup/vec4;
    %pushi/vec4 12, 0, 4;
    %cmp/u;
    %jmp/1 T_7.12, 6;
    %dup/vec4;
    %pushi/vec4 13, 0, 4;
    %cmp/u;
    %jmp/1 T_7.13, 6;
    %dup/vec4;
    %pushi/vec4 14, 0, 4;
    %cmp/u;
    %jmp/1 T_7.14, 6;
    %dup/vec4;
    %pushi/vec4 15, 0, 4;
    %cmp/u;
    %jmp/1 T_7.15, 6;
    %pushi/vec4 127, 0, 7;
    %store/vec4 v0x5594375cf710_0, 0, 7;
    %jmp T_7.17;
T_7.0 ;
    %pushi/vec4 64, 0, 7;
    %store/vec4 v0x5594375cf710_0, 0, 7;
    %jmp T_7.17;
T_7.1 ;
    %pushi/vec4 121, 0, 7;
    %store/vec4 v0x5594375cf710_0, 0, 7;
    %jmp T_7.17;
T_7.2 ;
    %pushi/vec4 36, 0, 7;
    %store/vec4 v0x5594375cf710_0, 0, 7;
    %jmp T_7.17;
T_7.3 ;
    %pushi/vec4 48, 0, 7;
    %store/vec4 v0x5594375cf710_0, 0, 7;
    %jmp T_7.17;
T_7.4 ;
    %pushi/vec4 25, 0, 7;
    %store/vec4 v0x5594375cf710_0, 0, 7;
    %jmp T_7.17;
T_7.5 ;
    %pushi/vec4 18, 0, 7;
    %store/vec4 v0x5594375cf710_0, 0, 7;
    %jmp T_7.17;
T_7.6 ;
    %pushi/vec4 2, 0, 7;
    %store/vec4 v0x5594375cf710_0, 0, 7;
    %jmp T_7.17;
T_7.7 ;
    %pushi/vec4 120, 0, 7;
    %store/vec4 v0x5594375cf710_0, 0, 7;
    %jmp T_7.17;
T_7.8 ;
    %pushi/vec4 0, 0, 7;
    %store/vec4 v0x5594375cf710_0, 0, 7;
    %jmp T_7.17;
T_7.9 ;
    %pushi/vec4 16, 0, 7;
    %store/vec4 v0x5594375cf710_0, 0, 7;
    %jmp T_7.17;
T_7.10 ;
    %pushi/vec4 8, 0, 7;
    %store/vec4 v0x5594375cf710_0, 0, 7;
    %jmp T_7.17;
T_7.11 ;
    %pushi/vec4 3, 0, 7;
    %store/vec4 v0x5594375cf710_0, 0, 7;
    %jmp T_7.17;
T_7.12 ;
    %pushi/vec4 70, 0, 7;
    %store/vec4 v0x5594375cf710_0, 0, 7;
    %jmp T_7.17;
T_7.13 ;
    %pushi/vec4 33, 0, 7;
    %store/vec4 v0x5594375cf710_0, 0, 7;
    %jmp T_7.17;
T_7.14 ;
    %pushi/vec4 6, 0, 7;
    %store/vec4 v0x5594375cf710_0, 0, 7;
    %jmp T_7.17;
T_7.15 ;
    %pushi/vec4 14, 0, 7;
    %store/vec4 v0x5594375cf710_0, 0, 7;
    %jmp T_7.17;
T_7.17 ;
    %pop/vec4 1;
    %jmp T_7;
    .thread T_7, $push;
    .scope S_0x5594375cf910;
T_8 ;
    %wait E_0x5594375cfb30;
    %load/vec4 v0x5594375cfc90_0;
    %dup/vec4;
    %pushi/vec4 0, 0, 4;
    %cmp/u;
    %jmp/1 T_8.0, 6;
    %dup/vec4;
    %pushi/vec4 1, 0, 4;
    %cmp/u;
    %jmp/1 T_8.1, 6;
    %dup/vec4;
    %pushi/vec4 2, 0, 4;
    %cmp/u;
    %jmp/1 T_8.2, 6;
    %dup/vec4;
    %pushi/vec4 3, 0, 4;
    %cmp/u;
    %jmp/1 T_8.3, 6;
    %dup/vec4;
    %pushi/vec4 4, 0, 4;
    %cmp/u;
    %jmp/1 T_8.4, 6;
    %dup/vec4;
    %pushi/vec4 5, 0, 4;
    %cmp/u;
    %jmp/1 T_8.5, 6;
    %dup/vec4;
    %pushi/vec4 6, 0, 4;
    %cmp/u;
    %jmp/1 T_8.6, 6;
    %dup/vec4;
    %pushi/vec4 7, 0, 4;
    %cmp/u;
    %jmp/1 T_8.7, 6;
    %dup/vec4;
    %pushi/vec4 8, 0, 4;
    %cmp/u;
    %jmp/1 T_8.8, 6;
    %dup/vec4;
    %pushi/vec4 9, 0, 4;
    %cmp/u;
    %jmp/1 T_8.9, 6;
    %dup/vec4;
    %pushi/vec4 10, 0, 4;
    %cmp/u;
    %jmp/1 T_8.10, 6;
    %dup/vec4;
    %pushi/vec4 11, 0, 4;
    %cmp/u;
    %jmp/1 T_8.11, 6;
    %dup/vec4;
    %pushi/vec4 12, 0, 4;
    %cmp/u;
    %jmp/1 T_8.12, 6;
    %dup/vec4;
    %pushi/vec4 13, 0, 4;
    %cmp/u;
    %jmp/1 T_8.13, 6;
    %dup/vec4;
    %pushi/vec4 14, 0, 4;
    %cmp/u;
    %jmp/1 T_8.14, 6;
    %dup/vec4;
    %pushi/vec4 15, 0, 4;
    %cmp/u;
    %jmp/1 T_8.15, 6;
    %pushi/vec4 127, 0, 7;
    %store/vec4 v0x5594375cfb90_0, 0, 7;
    %jmp T_8.17;
T_8.0 ;
    %pushi/vec4 64, 0, 7;
    %store/vec4 v0x5594375cfb90_0, 0, 7;
    %jmp T_8.17;
T_8.1 ;
    %pushi/vec4 121, 0, 7;
    %store/vec4 v0x5594375cfb90_0, 0, 7;
    %jmp T_8.17;
T_8.2 ;
    %pushi/vec4 36, 0, 7;
    %store/vec4 v0x5594375cfb90_0, 0, 7;
    %jmp T_8.17;
T_8.3 ;
    %pushi/vec4 48, 0, 7;
    %store/vec4 v0x5594375cfb90_0, 0, 7;
    %jmp T_8.17;
T_8.4 ;
    %pushi/vec4 25, 0, 7;
    %store/vec4 v0x5594375cfb90_0, 0, 7;
    %jmp T_8.17;
T_8.5 ;
    %pushi/vec4 18, 0, 7;
    %store/vec4 v0x5594375cfb90_0, 0, 7;
    %jmp T_8.17;
T_8.6 ;
    %pushi/vec4 2, 0, 7;
    %store/vec4 v0x5594375cfb90_0, 0, 7;
    %jmp T_8.17;
T_8.7 ;
    %pushi/vec4 120, 0, 7;
    %store/vec4 v0x5594375cfb90_0, 0, 7;
    %jmp T_8.17;
T_8.8 ;
    %pushi/vec4 0, 0, 7;
    %store/vec4 v0x5594375cfb90_0, 0, 7;
    %jmp T_8.17;
T_8.9 ;
    %pushi/vec4 16, 0, 7;
    %store/vec4 v0x5594375cfb90_0, 0, 7;
    %jmp T_8.17;
T_8.10 ;
    %pushi/vec4 8, 0, 7;
    %store/vec4 v0x5594375cfb90_0, 0, 7;
    %jmp T_8.17;
T_8.11 ;
    %pushi/vec4 3, 0, 7;
    %store/vec4 v0x5594375cfb90_0, 0, 7;
    %jmp T_8.17;
T_8.12 ;
    %pushi/vec4 70, 0, 7;
    %store/vec4 v0x5594375cfb90_0, 0, 7;
    %jmp T_8.17;
T_8.13 ;
    %pushi/vec4 33, 0, 7;
    %store/vec4 v0x5594375cfb90_0, 0, 7;
    %jmp T_8.17;
T_8.14 ;
    %pushi/vec4 6, 0, 7;
    %store/vec4 v0x5594375cfb90_0, 0, 7;
    %jmp T_8.17;
T_8.15 ;
    %pushi/vec4 14, 0, 7;
    %store/vec4 v0x5594375cfb90_0, 0, 7;
    %jmp T_8.17;
T_8.17 ;
    %pop/vec4 1;
    %jmp T_8;
    .thread T_8, $push;
    .scope S_0x5594375d02a0;
T_9 ;
    %wait E_0x5594375d0510;
    %load/vec4 v0x5594375d0690_0;
    %dup/vec4;
    %pushi/vec4 0, 0, 4;
    %cmp/u;
    %jmp/1 T_9.0, 6;
    %dup/vec4;
    %pushi/vec4 1, 0, 4;
    %cmp/u;
    %jmp/1 T_9.1, 6;
    %dup/vec4;
    %pushi/vec4 2, 0, 4;
    %cmp/u;
    %jmp/1 T_9.2, 6;
    %dup/vec4;
    %pushi/vec4 3, 0, 4;
    %cmp/u;
    %jmp/1 T_9.3, 6;
    %dup/vec4;
    %pushi/vec4 4, 0, 4;
    %cmp/u;
    %jmp/1 T_9.4, 6;
    %dup/vec4;
    %pushi/vec4 5, 0, 4;
    %cmp/u;
    %jmp/1 T_9.5, 6;
    %dup/vec4;
    %pushi/vec4 6, 0, 4;
    %cmp/u;
    %jmp/1 T_9.6, 6;
    %dup/vec4;
    %pushi/vec4 7, 0, 4;
    %cmp/u;
    %jmp/1 T_9.7, 6;
    %dup/vec4;
    %pushi/vec4 8, 0, 4;
    %cmp/u;
    %jmp/1 T_9.8, 6;
    %dup/vec4;
    %pushi/vec4 9, 0, 4;
    %cmp/u;
    %jmp/1 T_9.9, 6;
    %dup/vec4;
    %pushi/vec4 10, 0, 4;
    %cmp/u;
    %jmp/1 T_9.10, 6;
    %dup/vec4;
    %pushi/vec4 11, 0, 4;
    %cmp/u;
    %jmp/1 T_9.11, 6;
    %dup/vec4;
    %pushi/vec4 12, 0, 4;
    %cmp/u;
    %jmp/1 T_9.12, 6;
    %dup/vec4;
    %pushi/vec4 13, 0, 4;
    %cmp/u;
    %jmp/1 T_9.13, 6;
    %dup/vec4;
    %pushi/vec4 14, 0, 4;
    %cmp/u;
    %jmp/1 T_9.14, 6;
    %dup/vec4;
    %pushi/vec4 15, 0, 4;
    %cmp/u;
    %jmp/1 T_9.15, 6;
    %pushi/vec4 127, 0, 7;
    %store/vec4 v0x5594375d0590_0, 0, 7;
    %jmp T_9.17;
T_9.0 ;
    %pushi/vec4 64, 0, 7;
    %store/vec4 v0x5594375d0590_0, 0, 7;
    %jmp T_9.17;
T_9.1 ;
    %pushi/vec4 121, 0, 7;
    %store/vec4 v0x5594375d0590_0, 0, 7;
    %jmp T_9.17;
T_9.2 ;
    %pushi/vec4 36, 0, 7;
    %store/vec4 v0x5594375d0590_0, 0, 7;
    %jmp T_9.17;
T_9.3 ;
    %pushi/vec4 48, 0, 7;
    %store/vec4 v0x5594375d0590_0, 0, 7;
    %jmp T_9.17;
T_9.4 ;
    %pushi/vec4 25, 0, 7;
    %store/vec4 v0x5594375d0590_0, 0, 7;
    %jmp T_9.17;
T_9.5 ;
    %pushi/vec4 18, 0, 7;
    %store/vec4 v0x5594375d0590_0, 0, 7;
    %jmp T_9.17;
T_9.6 ;
    %pushi/vec4 2, 0, 7;
    %store/vec4 v0x5594375d0590_0, 0, 7;
    %jmp T_9.17;
T_9.7 ;
    %pushi/vec4 120, 0, 7;
    %store/vec4 v0x5594375d0590_0, 0, 7;
    %jmp T_9.17;
T_9.8 ;
    %pushi/vec4 0, 0, 7;
    %store/vec4 v0x5594375d0590_0, 0, 7;
    %jmp T_9.17;
T_9.9 ;
    %pushi/vec4 16, 0, 7;
    %store/vec4 v0x5594375d0590_0, 0, 7;
    %jmp T_9.17;
T_9.10 ;
    %pushi/vec4 8, 0, 7;
    %store/vec4 v0x5594375d0590_0, 0, 7;
    %jmp T_9.17;
T_9.11 ;
    %pushi/vec4 3, 0, 7;
    %store/vec4 v0x5594375d0590_0, 0, 7;
    %jmp T_9.17;
T_9.12 ;
    %pushi/vec4 70, 0, 7;
    %store/vec4 v0x5594375d0590_0, 0, 7;
    %jmp T_9.17;
T_9.13 ;
    %pushi/vec4 33, 0, 7;
    %store/vec4 v0x5594375d0590_0, 0, 7;
    %jmp T_9.17;
T_9.14 ;
    %pushi/vec4 6, 0, 7;
    %store/vec4 v0x5594375d0590_0, 0, 7;
    %jmp T_9.17;
T_9.15 ;
    %pushi/vec4 14, 0, 7;
    %store/vec4 v0x5594375d0590_0, 0, 7;
    %jmp T_9.17;
T_9.17 ;
    %pop/vec4 1;
    %jmp T_9;
    .thread T_9, $push;
    .scope S_0x5594375cfdc0;
T_10 ;
    %wait E_0x5594375cffe0;
    %load/vec4 v0x5594375d0160_0;
    %dup/vec4;
    %pushi/vec4 0, 0, 4;
    %cmp/u;
    %jmp/1 T_10.0, 6;
    %dup/vec4;
    %pushi/vec4 1, 0, 4;
    %cmp/u;
    %jmp/1 T_10.1, 6;
    %dup/vec4;
    %pushi/vec4 2, 0, 4;
    %cmp/u;
    %jmp/1 T_10.2, 6;
    %dup/vec4;
    %pushi/vec4 3, 0, 4;
    %cmp/u;
    %jmp/1 T_10.3, 6;
    %dup/vec4;
    %pushi/vec4 4, 0, 4;
    %cmp/u;
    %jmp/1 T_10.4, 6;
    %dup/vec4;
    %pushi/vec4 5, 0, 4;
    %cmp/u;
    %jmp/1 T_10.5, 6;
    %dup/vec4;
    %pushi/vec4 6, 0, 4;
    %cmp/u;
    %jmp/1 T_10.6, 6;
    %dup/vec4;
    %pushi/vec4 7, 0, 4;
    %cmp/u;
    %jmp/1 T_10.7, 6;
    %dup/vec4;
    %pushi/vec4 8, 0, 4;
    %cmp/u;
    %jmp/1 T_10.8, 6;
    %dup/vec4;
    %pushi/vec4 9, 0, 4;
    %cmp/u;
    %jmp/1 T_10.9, 6;
    %dup/vec4;
    %pushi/vec4 10, 0, 4;
    %cmp/u;
    %jmp/1 T_10.10, 6;
    %dup/vec4;
    %pushi/vec4 11, 0, 4;
    %cmp/u;
    %jmp/1 T_10.11, 6;
    %dup/vec4;
    %pushi/vec4 12, 0, 4;
    %cmp/u;
    %jmp/1 T_10.12, 6;
    %dup/vec4;
    %pushi/vec4 13, 0, 4;
    %cmp/u;
    %jmp/1 T_10.13, 6;
    %dup/vec4;
    %pushi/vec4 14, 0, 4;
    %cmp/u;
    %jmp/1 T_10.14, 6;
    %dup/vec4;
    %pushi/vec4 15, 0, 4;
    %cmp/u;
    %jmp/1 T_10.15, 6;
    %pushi/vec4 127, 0, 7;
    %store/vec4 v0x5594375d0060_0, 0, 7;
    %jmp T_10.17;
T_10.0 ;
    %pushi/vec4 64, 0, 7;
    %store/vec4 v0x5594375d0060_0, 0, 7;
    %jmp T_10.17;
T_10.1 ;
    %pushi/vec4 121, 0, 7;
    %store/vec4 v0x5594375d0060_0, 0, 7;
    %jmp T_10.17;
T_10.2 ;
    %pushi/vec4 36, 0, 7;
    %store/vec4 v0x5594375d0060_0, 0, 7;
    %jmp T_10.17;
T_10.3 ;
    %pushi/vec4 48, 0, 7;
    %store/vec4 v0x5594375d0060_0, 0, 7;
    %jmp T_10.17;
T_10.4 ;
    %pushi/vec4 25, 0, 7;
    %store/vec4 v0x5594375d0060_0, 0, 7;
    %jmp T_10.17;
T_10.5 ;
    %pushi/vec4 18, 0, 7;
    %store/vec4 v0x5594375d0060_0, 0, 7;
    %jmp T_10.17;
T_10.6 ;
    %pushi/vec4 2, 0, 7;
    %store/vec4 v0x5594375d0060_0, 0, 7;
    %jmp T_10.17;
T_10.7 ;
    %pushi/vec4 120, 0, 7;
    %store/vec4 v0x5594375d0060_0, 0, 7;
    %jmp T_10.17;
T_10.8 ;
    %pushi/vec4 0, 0, 7;
    %store/vec4 v0x5594375d0060_0, 0, 7;
    %jmp T_10.17;
T_10.9 ;
    %pushi/vec4 16, 0, 7;
    %store/vec4 v0x5594375d0060_0, 0, 7;
    %jmp T_10.17;
T_10.10 ;
    %pushi/vec4 8, 0, 7;
    %store/vec4 v0x5594375d0060_0, 0, 7;
    %jmp T_10.17;
T_10.11 ;
    %pushi/vec4 3, 0, 7;
    %store/vec4 v0x5594375d0060_0, 0, 7;
    %jmp T_10.17;
T_10.12 ;
    %pushi/vec4 70, 0, 7;
    %store/vec4 v0x5594375d0060_0, 0, 7;
    %jmp T_10.17;
T_10.13 ;
    %pushi/vec4 33, 0, 7;
    %store/vec4 v0x5594375d0060_0, 0, 7;
    %jmp T_10.17;
T_10.14 ;
    %pushi/vec4 6, 0, 7;
    %store/vec4 v0x5594375d0060_0, 0, 7;
    %jmp T_10.17;
T_10.15 ;
    %pushi/vec4 14, 0, 7;
    %store/vec4 v0x5594375d0060_0, 0, 7;
    %jmp T_10.17;
T_10.17 ;
    %pop/vec4 1;
    %jmp T_10;
    .thread T_10, $push;
    .scope S_0x5594375a1b80;
T_11 ;
    %pushi/vec4 1, 0, 1;
    %store/vec4 v0x5594375d3220_0, 0, 1;
    %pushi/vec4 0, 0, 1;
    %store/vec4 v0x5594375d3af0_0, 0, 1;
    %pushi/vec4 0, 0, 1;
    %store/vec4 v0x5594375d3910_0, 0, 1;
    %pushi/vec4 0, 0, 4;
    %store/vec4 v0x5594375d3180_0, 0, 4;
    %pushi/vec4 0, 0, 32;
    %store/vec4 v0x5594375d30a0_0, 0, 32;
    %end;
    .thread T_11;
    .scope S_0x5594375a1b80;
T_12 ;
    %delay 10, 0;
    %load/vec4 v0x5594375d3220_0;
    %inv;
    %store/vec4 v0x5594375d3220_0, 0, 1;
    %jmp T_12;
    .thread T_12;
    .scope S_0x5594375a1b80;
T_13 ;
    %vpi_call 2 62 "$dumpfile", "testbench.vcd" {0 0 0};
    %end;
    .thread T_13;
    .scope S_0x5594375a1b80;
T_14 ;
    %vpi_call 2 63 "$dumpvars", 32'sb00000000000000000000000000000000, S_0x5594375a1b80 {0 0 0};
    %end;
    .thread T_14;
    .scope S_0x5594375a1b80;
T_15 ;
    %vpi_call 2 67 "$display", "Inicio da simulacao" {0 0 0};
    %pushi/vec4 0, 0, 32;
    %store/vec4 v0x5594375d30a0_0, 0, 32;
    %pushi/vec4 1, 0, 1;
    %store/vec4 v0x5594375d3220_0, 0, 1;
    %pushi/vec4 0, 0, 1;
    %store/vec4 v0x5594375d3af0_0, 0, 1;
    %pushi/vec4 0, 0, 1;
    %store/vec4 v0x5594375d3910_0, 0, 1;
    %pushi/vec4 0, 0, 4;
    %store/vec4 v0x5594375d3180_0, 0, 4;
    %delay 20, 0;
    %pushi/vec4 1, 0, 32;
    %store/vec4 v0x5594375d30a0_0, 0, 32;
    %wait E_0x55943757e9f0;
    %pushi/vec4 1, 0, 1;
    %store/vec4 v0x5594375d3af0_0, 0, 1;
    %delay 20, 0;
    %pushi/vec4 0, 0, 1;
    %store/vec4 v0x5594375d3af0_0, 0, 1;
    %pushi/vec4 2, 0, 32;
    %store/vec4 v0x5594375d30a0_0, 0, 32;
    %delay 20, 0;
    %pushi/vec4 3, 0, 32;
    %store/vec4 v0x5594375d30a0_0, 0, 32;
    %wait E_0x55943757e9f0;
    %pushi/vec4 1, 0, 4;
    %store/vec4 v0x5594375d3180_0, 0, 4;
    %pushi/vec4 1, 0, 1;
    %store/vec4 v0x5594375d3910_0, 0, 1;
    %delay 20, 0;
    %pushi/vec4 0, 0, 1;
    %store/vec4 v0x5594375d3910_0, 0, 1;
    %pushi/vec4 4, 0, 32;
    %store/vec4 v0x5594375d30a0_0, 0, 32;
    %wait E_0x55943757e9f0;
    %pushi/vec4 1, 0, 4;
    %store/vec4 v0x5594375d3180_0, 0, 4;
    %delay 20, 0;
    %pushi/vec4 5, 0, 32;
    %store/vec4 v0x5594375d30a0_0, 0, 32;
    %wait E_0x55943757e9f0;
    %pushi/vec4 1, 0, 4;
    %store/vec4 v0x5594375d3180_0, 0, 4;
    %delay 20, 0;
    %pushi/vec4 6, 0, 32;
    %store/vec4 v0x5594375d30a0_0, 0, 32;
    %wait E_0x55943757e9f0;
    %pushi/vec4 2, 0, 4;
    %store/vec4 v0x5594375d3180_0, 0, 4;
    %delay 20, 0;
    %pushi/vec4 7, 0, 32;
    %store/vec4 v0x5594375d30a0_0, 0, 32;
    %wait E_0x55943757e9f0;
    %pushi/vec4 2, 0, 4;
    %store/vec4 v0x5594375d3180_0, 0, 4;
    %delay 60, 0;
    %pushi/vec4 8, 0, 32;
    %store/vec4 v0x5594375d30a0_0, 0, 32;
    %wait E_0x55943757e9f0;
    %pushi/vec4 4, 0, 4;
    %store/vec4 v0x5594375d3180_0, 0, 4;
    %delay 60, 0;
    %pushi/vec4 9, 0, 32;
    %store/vec4 v0x5594375d30a0_0, 0, 32;
    %wait E_0x55943757e9f0;
    %pushi/vec4 8, 0, 4;
    %store/vec4 v0x5594375d3180_0, 0, 4;
    %delay 60, 0;
    %pushi/vec4 10, 0, 32;
    %store/vec4 v0x5594375d30a0_0, 0, 32;
    %wait E_0x55943757e9f0;
    %pushi/vec4 4, 0, 4;
    %store/vec4 v0x5594375d3180_0, 0, 4;
    %delay 60, 0;
    %pushi/vec4 11, 0, 32;
    %store/vec4 v0x5594375d30a0_0, 0, 32;
    %wait E_0x55943757e9f0;
    %pushi/vec4 2, 0, 4;
    %store/vec4 v0x5594375d3180_0, 0, 4;
    %delay 60, 0;
    %pushi/vec4 12, 0, 32;
    %store/vec4 v0x5594375d30a0_0, 0, 32;
    %wait E_0x55943757e9f0;
    %pushi/vec4 1, 0, 4;
    %store/vec4 v0x5594375d3180_0, 0, 4;
    %delay 60, 0;
    %pushi/vec4 13, 0, 32;
    %store/vec4 v0x5594375d30a0_0, 0, 32;
    %wait E_0x55943757e9f0;
    %pushi/vec4 1, 0, 4;
    %store/vec4 v0x5594375d3180_0, 0, 4;
    %delay 60, 0;
    %pushi/vec4 14, 0, 32;
    %store/vec4 v0x5594375d30a0_0, 0, 32;
    %wait E_0x55943757e9f0;
    %pushi/vec4 2, 0, 4;
    %store/vec4 v0x5594375d3180_0, 0, 4;
    %delay 60, 0;
    %pushi/vec4 15, 0, 32;
    %store/vec4 v0x5594375d30a0_0, 0, 32;
    %wait E_0x55943757e9f0;
    %pushi/vec4 2, 0, 4;
    %store/vec4 v0x5594375d3180_0, 0, 4;
    %delay 60, 0;
    %pushi/vec4 16, 0, 32;
    %store/vec4 v0x5594375d30a0_0, 0, 32;
    %wait E_0x55943757e9f0;
    %pushi/vec4 4, 0, 4;
    %store/vec4 v0x5594375d3180_0, 0, 4;
    %delay 60, 0;
    %pushi/vec4 16, 0, 32;
    %store/vec4 v0x5594375d30a0_0, 0, 32;
    %wait E_0x55943757e9f0;
    %pushi/vec4 4, 0, 4;
    %store/vec4 v0x5594375d3180_0, 0, 4;
    %delay 60, 0;
    %pushi/vec4 16, 0, 32;
    %store/vec4 v0x5594375d30a0_0, 0, 32;
    %wait E_0x55943757e9f0;
    %pushi/vec4 8, 0, 4;
    %store/vec4 v0x5594375d3180_0, 0, 4;
    %delay 60, 0;
    %pushi/vec4 16, 0, 32;
    %store/vec4 v0x5594375d30a0_0, 0, 32;
    %wait E_0x55943757e9f0;
    %pushi/vec4 8, 0, 4;
    %store/vec4 v0x5594375d3180_0, 0, 4;
    %delay 60, 0;
    %pushi/vec4 16, 0, 32;
    %store/vec4 v0x5594375d30a0_0, 0, 32;
    %wait E_0x55943757e9f0;
    %pushi/vec4 1, 0, 4;
    %store/vec4 v0x5594375d3180_0, 0, 4;
    %delay 60, 0;
    %pushi/vec4 16, 0, 32;
    %store/vec4 v0x5594375d30a0_0, 0, 32;
    %wait E_0x55943757e9f0;
    %pushi/vec4 4, 0, 4;
    %store/vec4 v0x5594375d3180_0, 0, 4;
    %delay 60, 0;
    %pushi/vec4 99, 0, 32;
    %store/vec4 v0x5594375d30a0_0, 0, 32;
    %delay 100, 0;
    %vpi_call 2 214 "$display", "Fim da simulacao" {0 0 0};
    %vpi_call 2 215 "$stop" {0 0 0};
    %end;
    .thread T_15;
# The file index is used to find the file name in the following table.
:file_names 11;
    "N/A";
    "<interactive>";
    "circuito_exp4_16funcionam_tb.v";
    "circuito_exp4.v";
    "exp4_fluxo_dados.v";
    "comparador_85.v";
    "contador_163.v";
    "sync_rom_16x4.v";
    "registrador_4.v";
    "hexa7seg.v";
    "exp4_unidade_controle_vilas.v";
