#! /usr/bin/vvp
:ivl_version "10.3 (stable)";
:ivl_delay_selection "TYPICAL";
:vpi_time_precision - 9;
:vpi_module "system";
:vpi_module "vhdl_sys";
:vpi_module "v2005_math";
:vpi_module "va_math";
S_0x561b129754f0 .scope module, "circuito_exp5_tb" "circuito_exp5_tb" 2 20;
 .timescale -9 -9;
P_0x561b12940c50 .param/l "clockPeriod" 0 2 44, +C4<00000000000000000000000000010100>;
v0x561b129a52f0_0 .net "acertou_out", 0 0, v0x561b129a2f60_0;  1 drivers
v0x561b129a5400_0 .var "caso", 31 0;
v0x561b129a54e0_0 .var "chaves_in", 3 0;
v0x561b129a5580_0 .var "clock_in", 0 0;
o0x7f533e0ab848 .functor BUFZ 1, C4<z>; HiZ drive
v0x561b129a5620_0 .net "db_clock_out", 0 0, o0x7f533e0ab848;  0 drivers
v0x561b129a5710_0 .net "db_contagem_out", 6 0, v0x561b129a1970_0;  1 drivers
v0x561b129a5800_0 .net "db_estado_out", 6 0, v0x561b129a1e00_0;  1 drivers
v0x561b129a5910_0 .net "db_igual_out", 0 0, L_0x561b129a7b20;  1 drivers
v0x561b129a59b0_0 .net "db_iniciar_out", 0 0, L_0x561b129a7be0;  1 drivers
v0x561b129a5a50_0 .net "db_jogadafeita_out", 6 0, v0x561b129a1500_0;  1 drivers
v0x561b129a5af0_0 .net "db_memoria_out", 6 0, v0x561b129a2320_0;  1 drivers
v0x561b129a5be0_0 .net "db_tem_jogada_out", 0 0, L_0x561b129a7810;  1 drivers
v0x561b129a5c80_0 .net "errou_out", 0 0, v0x561b129a32d0_0;  1 drivers
v0x561b129a5d70_0 .var "iniciar_in", 0 0;
v0x561b129a5e60_0 .net "leds_out", 3 0, L_0x561b129a7ca0;  1 drivers
v0x561b129a5f20_0 .net "pronto_out", 0 0, v0x561b129a36b0_0;  1 drivers
v0x561b129a6010_0 .var "reset_in", 0 0;
E_0x561b12952210 .event negedge, v0x561b1299e4e0_0;
S_0x561b12975170 .scope module, "dut" "circuito_exp5" 2 53, 3 2 0, S_0x561b129754f0;
 .timescale 0 0;
    .port_info 0 /INPUT 1 "clock"
    .port_info 1 /INPUT 1 "reset"
    .port_info 2 /INPUT 1 "iniciar"
    .port_info 3 /INPUT 4 "chaves"
    .port_info 4 /OUTPUT 1 "acertou"
    .port_info 5 /OUTPUT 1 "errou"
    .port_info 6 /OUTPUT 1 "pronto"
    .port_info 7 /OUTPUT 4 "leds"
    .port_info 8 /OUTPUT 1 "db_igual"
    .port_info 9 /OUTPUT 7 "db_contagem"
    .port_info 10 /OUTPUT 7 "db_memoria"
    .port_info 11 /OUTPUT 7 "db_estado"
    .port_info 12 /OUTPUT 7 "db_jogadafeita"
    .port_info 13 /OUTPUT 1 "db_clock"
    .port_info 14 /OUTPUT 1 "db_iniciar"
    .port_info 15 /OUTPUT 1 "db_tem_jogada"
L_0x561b129a7b20 .functor BUFZ 1, L_0x561b129a6f70, C4<0>, C4<0>, C4<0>;
L_0x561b129a7be0 .functor BUFZ 1, v0x561b129a5d70_0, C4<0>, C4<0>, C4<0>;
L_0x561b129a7ca0 .functor BUFZ 4, L_0x561b129a7a00, C4<0000>, C4<0000>, C4<0000>;
v0x561b129a3c80_0 .net "acertou", 0 0, v0x561b129a2f60_0;  alias, 1 drivers
v0x561b129a3d40_0 .net "chaves", 3 0, v0x561b129a54e0_0;  1 drivers
v0x561b129a3e30_0 .net "clock", 0 0, v0x561b129a5580_0;  1 drivers
v0x561b129a3ed0_0 .net "contaC", 0 0, v0x561b129a30d0_0;  1 drivers
v0x561b129a3f70_0 .net "db_clock", 0 0, o0x7f533e0ab848;  alias, 0 drivers
v0x561b129a4060_0 .net "db_contagem", 6 0, v0x561b129a1970_0;  alias, 1 drivers
v0x561b129a4120_0 .net "db_contagem_hex", 3 0, L_0x561b129a7990;  1 drivers
v0x561b129a4210_0 .net "db_estado", 6 0, v0x561b129a1e00_0;  alias, 1 drivers
v0x561b129a42d0_0 .net "db_estado_hex", 3 0, v0x561b129a3210_0;  1 drivers
v0x561b129a4370_0 .net "db_igual", 0 0, L_0x561b129a7b20;  alias, 1 drivers
v0x561b129a4430_0 .net "db_iniciar", 0 0, L_0x561b129a7be0;  alias, 1 drivers
v0x561b129a44f0_0 .net "db_jogada_hex", 3 0, L_0x561b129a7a00;  1 drivers
v0x561b129a4600_0 .net "db_jogadafeita", 6 0, v0x561b129a1500_0;  alias, 1 drivers
v0x561b129a46c0_0 .net "db_memoria", 6 0, v0x561b129a2320_0;  alias, 1 drivers
v0x561b129a4760_0 .net "db_memoria_hex", 3 0, L_0x561b129a7ab0;  1 drivers
v0x561b129a4850_0 .net "db_tem_jogada", 0 0, L_0x561b129a7810;  alias, 1 drivers
v0x561b129a4940_0 .net "errou", 0 0, v0x561b129a32d0_0;  alias, 1 drivers
v0x561b129a4af0_0 .net "fimC", 0 0, v0x561b1299e8d0_0;  1 drivers
v0x561b129a4b90_0 .net "igual", 0 0, L_0x561b129a6f70;  1 drivers
v0x561b129a4c30_0 .net "iniciar", 0 0, v0x561b129a5d70_0;  1 drivers
v0x561b129a4cd0_0 .net "jogada", 0 0, L_0x561b129a7170;  1 drivers
v0x561b129a4d70_0 .net "leds", 3 0, L_0x561b129a7ca0;  alias, 1 drivers
v0x561b129a4e10_0 .net "pronto", 0 0, v0x561b129a36b0_0;  alias, 1 drivers
v0x561b129a4eb0_0 .net "registraR", 0 0, v0x561b129a3770_0;  1 drivers
v0x561b129a4f50_0 .net "reset", 0 0, v0x561b129a6010_0;  1 drivers
v0x561b129a4ff0_0 .net "zeraC", 0 0, v0x561b129a38d0_0;  1 drivers
v0x561b129a5090_0 .net "zeraR", 0 0, v0x561b129a3970_0;  1 drivers
S_0x561b12971390 .scope module, "fd" "fluxo_dados" 3 44, 4 1 0, S_0x561b12975170;
 .timescale 0 0;
    .port_info 0 /INPUT 1 "clock"
    .port_info 1 /INPUT 1 "zeraR"
    .port_info 2 /INPUT 1 "zeraC"
    .port_info 3 /INPUT 1 "registraR"
    .port_info 4 /INPUT 1 "contaC"
    .port_info 5 /INPUT 4 "chaves"
    .port_info 6 /OUTPUT 1 "chavesIgualMemoria"
    .port_info 7 /OUTPUT 1 "fimC"
    .port_info 8 /OUTPUT 1 "jogada_feita"
    .port_info 9 /OUTPUT 1 "db_tem_jogada"
    .port_info 10 /OUTPUT 4 "db_contagem"
    .port_info 11 /OUTPUT 4 "db_jogada"
    .port_info 12 /OUTPUT 4 "db_memoria"
L_0x561b1293b790 .functor NOT 1, v0x561b129a38d0_0, C4<0>, C4<0>, C4<0>;
L_0x561b129a74a0 .functor OR 1, L_0x561b129a7270, L_0x561b129a73d0, C4<0>, C4<0>;
L_0x561b129a7630 .functor OR 1, L_0x561b129a74a0, L_0x561b129a7590, C4<0>, C4<0>;
L_0x561b129a7810 .functor OR 1, L_0x561b129a7630, L_0x561b129a7740, C4<0>, C4<0>;
L_0x561b129a7990 .functor BUFZ 4, v0x561b1299e400_0, C4<0000>, C4<0000>, C4<0000>;
L_0x561b129a7a00 .functor BUFZ 4, v0x561b1299fad0_0, C4<0000>, C4<0000>, C4<0000>;
L_0x561b129a7ab0 .functor BUFZ 4, v0x561b1299f680_0, C4<0000>, C4<0000>, C4<0000>;
v0x561b1299ff90_0 .net *"_s15", 0 0, L_0x561b129a7270;  1 drivers
v0x561b129a0090_0 .net *"_s17", 0 0, L_0x561b129a73d0;  1 drivers
v0x561b129a0170_0 .net *"_s18", 0 0, L_0x561b129a74a0;  1 drivers
v0x561b129a0210_0 .net *"_s21", 0 0, L_0x561b129a7590;  1 drivers
v0x561b129a02f0_0 .net *"_s22", 0 0, L_0x561b129a7630;  1 drivers
v0x561b129a0400_0 .net *"_s25", 0 0, L_0x561b129a7740;  1 drivers
v0x561b129a04e0_0 .net "chaves", 3 0, v0x561b129a54e0_0;  alias, 1 drivers
v0x561b129a05a0_0 .net "chavesIgualMemoria", 0 0, L_0x561b129a6f70;  alias, 1 drivers
v0x561b129a0670_0 .net "clock", 0 0, v0x561b129a5580_0;  alias, 1 drivers
v0x561b129a0710_0 .net "contaC", 0 0, v0x561b129a30d0_0;  alias, 1 drivers
v0x561b129a07e0_0 .net "db_contagem", 3 0, L_0x561b129a7990;  alias, 1 drivers
v0x561b129a0880_0 .net "db_jogada", 3 0, L_0x561b129a7a00;  alias, 1 drivers
v0x561b129a0940_0 .net "db_memoria", 3 0, L_0x561b129a7ab0;  alias, 1 drivers
v0x561b129a0a20_0 .net "db_tem_jogada", 0 0, L_0x561b129a7810;  alias, 1 drivers
v0x561b129a0af0_0 .net "fimC", 0 0, v0x561b1299e8d0_0;  alias, 1 drivers
v0x561b129a0bc0_0 .net "jogada_feita", 0 0, L_0x561b129a7170;  alias, 1 drivers
v0x561b129a0c90_0 .net "registraR", 0 0, v0x561b129a3770_0;  alias, 1 drivers
v0x561b129a0d30_0 .net "s_chaves", 3 0, v0x561b1299fad0_0;  1 drivers
v0x561b129a0dd0_0 .net "s_dado", 3 0, v0x561b1299f680_0;  1 drivers
v0x561b129a0ec0_0 .net "s_endereco", 3 0, v0x561b1299e400_0;  1 drivers
v0x561b129a0fb0_0 .net "zeraC", 0 0, v0x561b129a38d0_0;  alias, 1 drivers
v0x561b129a1070_0 .net "zeraR", 0 0, v0x561b129a3970_0;  alias, 1 drivers
L_0x561b129a7270 .part v0x561b129a54e0_0, 0, 1;
L_0x561b129a73d0 .part v0x561b129a54e0_0, 1, 1;
L_0x561b129a7590 .part v0x561b129a54e0_0, 2, 1;
L_0x561b129a7740 .part v0x561b129a54e0_0, 3, 1;
S_0x561b129688f0 .scope module, "comparador" "comparador_85" 4 50, 5 16 0, S_0x561b12971390;
 .timescale 0 0;
    .port_info 0 /INPUT 1 "ALBi"
    .port_info 1 /INPUT 1 "AGBi"
    .port_info 2 /INPUT 1 "AEBi"
    .port_info 3 /INPUT 4 "A"
    .port_info 4 /INPUT 4 "B"
    .port_info 5 /OUTPUT 1 "ALBo"
    .port_info 6 /OUTPUT 1 "AGBo"
    .port_info 7 /OUTPUT 1 "AEBo"
L_0x561b12935ee0 .functor NOT 5, L_0x561b129a6210, C4<00000>, C4<00000>, C4<00000>;
L_0x561b1295a690 .functor NOT 1, L_0x561b129a6700, C4<0>, C4<0>, C4<0>;
L_0x561b12964990 .functor NOT 5, L_0x561b129a6920, C4<00000>, C4<00000>, C4<00000>;
L_0x561b129a6b00 .functor NOT 1, L_0x561b129a6d50, C4<0>, C4<0>, C4<0>;
L_0x7f533e0612a0 .functor BUFT 1, C4<1>, C4<0>, C4<0>, C4<0>;
L_0x561b129a6f70 .functor AND 1, L_0x561b129a6ed0, L_0x7f533e0612a0, C4<1>, C4<1>;
v0x561b12980490_0 .net "A", 3 0, v0x561b1299f680_0;  alias, 1 drivers
v0x561b12980a80_0 .net "AEBi", 0 0, L_0x7f533e0612a0;  1 drivers
v0x561b129810a0_0 .net "AEBo", 0 0, L_0x561b129a6f70;  alias, 1 drivers
L_0x7f533e061258 .functor BUFT 1, C4<0>, C4<0>, C4<0>, C4<0>;
v0x561b129816c0_0 .net "AGBi", 0 0, L_0x7f533e061258;  1 drivers
v0x561b1296b2d0_0 .net "AGBo", 0 0, L_0x561b129a6b00;  1 drivers
L_0x7f533e061210 .functor BUFT 1, C4<0>, C4<0>, C4<0>, C4<0>;
v0x561b1296f8f0_0 .net "ALBi", 0 0, L_0x7f533e061210;  1 drivers
v0x561b1296ce80_0 .net "ALBo", 0 0, L_0x561b1295a690;  1 drivers
v0x561b1299cda0_0 .net "B", 3 0, v0x561b1299fad0_0;  alias, 1 drivers
v0x561b1299ce80_0 .net "CSG", 4 0, L_0x561b129a6c60;  1 drivers
v0x561b1299cf60_0 .net "CSL", 4 0, L_0x561b129a65e0;  1 drivers
v0x561b1299d040_0 .net *"_s0", 4 0, L_0x561b129a6210;  1 drivers
v0x561b1299d120_0 .net *"_s10", 4 0, L_0x561b129a64a0;  1 drivers
L_0x7f533e0612e8 .functor BUFT 1, C4<00000>, C4<0>, C4<0>, C4<0>;
v0x561b1299d200_0 .net *"_s12", 4 0, L_0x7f533e0612e8;  1 drivers
v0x561b1299d2e0_0 .net *"_s19", 0 0, L_0x561b129a6700;  1 drivers
v0x561b1299d3c0_0 .net *"_s22", 4 0, L_0x561b129a6840;  1 drivers
L_0x7f533e061180 .functor BUFT 1, C4<0>, C4<0>, C4<0>, C4<0>;
v0x561b1299d4a0_0 .net *"_s25", 0 0, L_0x7f533e061180;  1 drivers
v0x561b1299d580_0 .net *"_s26", 4 0, L_0x561b129a6920;  1 drivers
L_0x7f533e0611c8 .functor BUFT 1, C4<0>, C4<0>, C4<0>, C4<0>;
v0x561b1299d660_0 .net *"_s29", 0 0, L_0x7f533e0611c8;  1 drivers
L_0x7f533e0610f0 .functor BUFT 1, C4<0>, C4<0>, C4<0>, C4<0>;
v0x561b1299d740_0 .net *"_s3", 0 0, L_0x7f533e0610f0;  1 drivers
v0x561b1299d820_0 .net *"_s30", 4 0, L_0x561b12964990;  1 drivers
v0x561b1299d900_0 .net *"_s32", 4 0, L_0x561b129a6a60;  1 drivers
L_0x7f533e061330 .functor BUFT 1, C4<00000>, C4<0>, C4<0>, C4<0>;
v0x561b1299d9e0_0 .net *"_s34", 4 0, L_0x7f533e061330;  1 drivers
v0x561b1299dac0_0 .net *"_s4", 4 0, L_0x561b12935ee0;  1 drivers
v0x561b1299dba0_0 .net *"_s41", 0 0, L_0x561b129a6d50;  1 drivers
v0x561b1299dc80_0 .net *"_s44", 0 0, L_0x561b129a6ed0;  1 drivers
v0x561b1299dd40_0 .net *"_s6", 4 0, L_0x561b129a6380;  1 drivers
L_0x7f533e061138 .functor BUFT 1, C4<0>, C4<0>, C4<0>, C4<0>;
v0x561b1299de20_0 .net *"_s9", 0 0, L_0x7f533e061138;  1 drivers
L_0x561b129a6210 .concat [ 4 1 0 0], v0x561b1299f680_0, L_0x7f533e0610f0;
L_0x561b129a6380 .concat [ 4 1 0 0], v0x561b1299fad0_0, L_0x7f533e061138;
L_0x561b129a64a0 .arith/sum 5, L_0x561b12935ee0, L_0x561b129a6380;
L_0x561b129a65e0 .arith/sum 5, L_0x561b129a64a0, L_0x7f533e0612e8;
L_0x561b129a6700 .part L_0x561b129a65e0, 4, 1;
L_0x561b129a6840 .concat [ 4 1 0 0], v0x561b1299f680_0, L_0x7f533e061180;
L_0x561b129a6920 .concat [ 4 1 0 0], v0x561b1299fad0_0, L_0x7f533e0611c8;
L_0x561b129a6a60 .arith/sum 5, L_0x561b129a6840, L_0x561b12964990;
L_0x561b129a6c60 .arith/sum 5, L_0x561b129a6a60, L_0x7f533e061330;
L_0x561b129a6d50 .part L_0x561b129a6c60, 4, 1;
L_0x561b129a6ed0 .cmp/eq 4, v0x561b1299f680_0, v0x561b1299fad0_0;
S_0x561b1299e000 .scope module, "contador" "contador_163" 4 21, 6 16 0, S_0x561b12971390;
 .timescale 0 0;
    .port_info 0 /INPUT 1 "clock"
    .port_info 1 /INPUT 1 "clr"
    .port_info 2 /INPUT 1 "ld"
    .port_info 3 /INPUT 1 "ent"
    .port_info 4 /INPUT 1 "enp"
    .port_info 5 /INPUT 4 "D"
    .port_info 6 /OUTPUT 4 "Q"
    .port_info 7 /OUTPUT 1 "rco"
L_0x7f533e0610a8 .functor BUFT 1, C4<0000>, C4<0>, C4<0>, C4<0>;
v0x561b1299e300_0 .net "D", 3 0, L_0x7f533e0610a8;  1 drivers
v0x561b1299e400_0 .var "Q", 3 0;
v0x561b1299e4e0_0 .net "clock", 0 0, v0x561b129a5580_0;  alias, 1 drivers
v0x561b1299e580_0 .net "clr", 0 0, L_0x561b1293b790;  1 drivers
v0x561b1299e640_0 .net "enp", 0 0, v0x561b129a30d0_0;  alias, 1 drivers
L_0x7f533e061060 .functor BUFT 1, C4<1>, C4<0>, C4<0>, C4<0>;
v0x561b1299e750_0 .net "ent", 0 0, L_0x7f533e061060;  1 drivers
L_0x7f533e061018 .functor BUFT 1, C4<1>, C4<0>, C4<0>, C4<0>;
v0x561b1299e810_0 .net "ld", 0 0, L_0x7f533e061018;  1 drivers
v0x561b1299e8d0_0 .var "rco", 0 0;
E_0x561b12954330 .event edge, v0x561b1299e750_0, v0x561b1299e400_0;
E_0x561b12951600 .event posedge, v0x561b1299e4e0_0;
S_0x561b1299eae0 .scope module, "edge_detect" "edge_detector" 4 61, 7 21 0, S_0x561b12971390;
 .timescale 0 0;
    .port_info 0 /INPUT 1 "clock"
    .port_info 1 /INPUT 1 "reset"
    .port_info 2 /INPUT 1 "sinal"
    .port_info 3 /OUTPUT 1 "pulso"
L_0x561b129a70d0 .functor NOT 1, v0x561b1299ef80_0, C4<0>, C4<0>, C4<0>;
L_0x561b129a7170 .functor AND 1, L_0x561b129a70d0, v0x561b1299eee0_0, C4<1>, C4<1>;
v0x561b1299ec80_0 .net *"_s0", 0 0, L_0x561b129a70d0;  1 drivers
v0x561b1299ed80_0 .net "clock", 0 0, v0x561b129a5580_0;  alias, 1 drivers
v0x561b1299ee40_0 .net "pulso", 0 0, L_0x561b129a7170;  alias, 1 drivers
v0x561b1299eee0_0 .var "reg0", 0 0;
v0x561b1299ef80_0 .var "reg1", 0 0;
v0x561b1299f070_0 .net "reset", 0 0, v0x561b129a3770_0;  alias, 1 drivers
v0x561b1299f130_0 .net "sinal", 0 0, L_0x561b129a7810;  alias, 1 drivers
E_0x561b12953fa0 .event posedge, v0x561b1299f070_0, v0x561b1299e4e0_0;
S_0x561b1299f270 .scope module, "memoria" "sync_rom_16x4" 4 41, 8 13 0, S_0x561b12971390;
 .timescale 0 0;
    .port_info 0 /INPUT 1 "clock"
    .port_info 1 /INPUT 4 "address"
    .port_info 2 /OUTPUT 4 "data_out"
v0x561b1299f4b0_0 .net "address", 3 0, v0x561b1299e400_0;  alias, 1 drivers
v0x561b1299f590_0 .net "clock", 0 0, v0x561b129a5580_0;  alias, 1 drivers
v0x561b1299f680_0 .var "data_out", 3 0;
S_0x561b1299f790 .scope module, "registrador" "registrador_4" 4 32, 9 13 0, S_0x561b12971390;
 .timescale 0 0;
    .port_info 0 /INPUT 1 "clock"
    .port_info 1 /INPUT 1 "clear"
    .port_info 2 /INPUT 1 "enable"
    .port_info 3 /INPUT 4 "D"
    .port_info 4 /OUTPUT 4 "Q"
v0x561b1299f9d0_0 .net "D", 3 0, v0x561b129a54e0_0;  alias, 1 drivers
v0x561b1299fad0_0 .var "IQ", 3 0;
v0x561b1299fbb0_0 .net "Q", 3 0, v0x561b1299fad0_0;  alias, 1 drivers
v0x561b1299fcb0_0 .net "clear", 0 0, v0x561b129a3970_0;  alias, 1 drivers
v0x561b1299fd50_0 .net "clock", 0 0, v0x561b129a5580_0;  alias, 1 drivers
v0x561b1299fe40_0 .net "enable", 0 0, v0x561b129a3770_0;  alias, 1 drivers
E_0x561b12954200 .event posedge, v0x561b1299fcb0_0, v0x561b1299e4e0_0;
S_0x561b129a1290 .scope module, "hexa7seg_CHAVES" "hexa7seg" 3 61, 10 23 0, S_0x561b12975170;
 .timescale -9 -9;
    .port_info 0 /INPUT 4 "hexa"
    .port_info 1 /OUTPUT 7 "display"
v0x561b129a1500_0 .var "display", 6 0;
v0x561b129a1600_0 .net "hexa", 3 0, L_0x561b129a7a00;  alias, 1 drivers
E_0x561b129a1480 .event edge, v0x561b129a0880_0;
S_0x561b129a1700 .scope module, "hexa7seg_CONT" "hexa7seg" 3 67, 10 23 0, S_0x561b12975170;
 .timescale -9 -9;
    .port_info 0 /INPUT 4 "hexa"
    .port_info 1 /OUTPUT 7 "display"
v0x561b129a1970_0 .var "display", 6 0;
v0x561b129a1a70_0 .net "hexa", 3 0, L_0x561b129a7990;  alias, 1 drivers
E_0x561b129a1910 .event edge, v0x561b129a07e0_0;
S_0x561b129a1b70 .scope module, "hexa7seg_EST" "hexa7seg" 3 79, 10 23 0, S_0x561b12975170;
 .timescale -9 -9;
    .port_info 0 /INPUT 4 "hexa"
    .port_info 1 /OUTPUT 7 "display"
v0x561b129a1e00_0 .var "display", 6 0;
v0x561b129a1f00_0 .net "hexa", 3 0, v0x561b129a3210_0;  alias, 1 drivers
E_0x561b129a1d80 .event edge, v0x561b129a1f00_0;
S_0x561b129a2040 .scope module, "hexa7seg_MEM" "hexa7seg" 3 73, 10 23 0, S_0x561b12975170;
 .timescale -9 -9;
    .port_info 0 /INPUT 4 "hexa"
    .port_info 1 /OUTPUT 7 "display"
v0x561b129a2320_0 .var "display", 6 0;
v0x561b129a2420_0 .net "hexa", 3 0, L_0x561b129a7ab0;  alias, 1 drivers
E_0x561b129a22a0 .event edge, v0x561b129a0940_0;
S_0x561b129a2520 .scope module, "uc" "unidade_controle" 3 26, 11 15 0, S_0x561b12975170;
 .timescale 0 0;
    .port_info 0 /INPUT 1 "clock"
    .port_info 1 /INPUT 1 "reset"
    .port_info 2 /INPUT 1 "iniciar"
    .port_info 3 /INPUT 1 "fimC"
    .port_info 4 /INPUT 1 "jogada"
    .port_info 5 /INPUT 1 "igual"
    .port_info 6 /OUTPUT 1 "zeraC"
    .port_info 7 /OUTPUT 1 "contaC"
    .port_info 8 /OUTPUT 1 "zeraR"
    .port_info 9 /OUTPUT 1 "registraR"
    .port_info 10 /OUTPUT 1 "pronto"
    .port_info 11 /OUTPUT 1 "errou"
    .port_info 12 /OUTPUT 1 "acertou"
    .port_info 13 /OUTPUT 4 "db_estado"
P_0x561b1295fbd0 .param/l "comparacao" 0 11 36, C4<0101>;
P_0x561b1295fc10 .param/l "derrota" 0 11 38, C4<1110>;
P_0x561b1295fc50 .param/l "espera" 0 11 40, C4<0001>;
P_0x561b1295fc90 .param/l "inicial" 0 11 33, C4<0000>;
P_0x561b1295fcd0 .param/l "preparacao" 0 11 34, C4<0011>;
P_0x561b1295fd10 .param/l "proximo" 0 11 37, C4<0110>;
P_0x561b1295fd50 .param/l "registra" 0 11 35, C4<0100>;
P_0x561b1295fd90 .param/l "vitoria" 0 11 39, C4<1101>;
v0x561b129a2d80_0 .var "Eatual", 3 0;
v0x561b129a2e80_0 .var "Eprox", 3 0;
v0x561b129a2f60_0 .var "acertou", 0 0;
v0x561b129a3030_0 .net "clock", 0 0, v0x561b129a5580_0;  alias, 1 drivers
v0x561b129a30d0_0 .var "contaC", 0 0;
v0x561b129a3210_0 .var "db_estado", 3 0;
v0x561b129a32d0_0 .var "errou", 0 0;
v0x561b129a3370_0 .net "fimC", 0 0, v0x561b1299e8d0_0;  alias, 1 drivers
v0x561b129a3460_0 .net "igual", 0 0, L_0x561b129a6f70;  alias, 1 drivers
v0x561b129a3500_0 .net "iniciar", 0 0, v0x561b129a5d70_0;  alias, 1 drivers
v0x561b129a35c0_0 .net "jogada", 0 0, L_0x561b129a7170;  alias, 1 drivers
v0x561b129a36b0_0 .var "pronto", 0 0;
v0x561b129a3770_0 .var "registraR", 0 0;
v0x561b129a3810_0 .net "reset", 0 0, v0x561b129a6010_0;  alias, 1 drivers
v0x561b129a38d0_0 .var "zeraC", 0 0;
v0x561b129a3970_0 .var "zeraR", 0 0;
E_0x561b129a2c50 .event edge, v0x561b129a2d80_0;
E_0x561b129a2cb0/0 .event edge, v0x561b129a2d80_0, v0x561b129a3500_0, v0x561b1299ee40_0, v0x561b129810a0_0;
E_0x561b129a2cb0/1 .event edge, v0x561b1299e8d0_0;
E_0x561b129a2cb0 .event/or E_0x561b129a2cb0/0, E_0x561b129a2cb0/1;
E_0x561b129a2d20 .event posedge, v0x561b129a3810_0, v0x561b1299e4e0_0;
    .scope S_0x561b129a2520;
T_0 ;
    %wait E_0x561b129a2d20;
    %load/vec4 v0x561b129a3810_0;
    %flag_set/vec4 8;
    %jmp/0xz  T_0.0, 8;
    %pushi/vec4 0, 0, 4;
    %assign/vec4 v0x561b129a2d80_0, 0;
    %jmp T_0.1;
T_0.0 ;
    %load/vec4 v0x561b129a2e80_0;
    %assign/vec4 v0x561b129a2d80_0, 0;
T_0.1 ;
    %jmp T_0;
    .thread T_0;
    .scope S_0x561b129a2520;
T_1 ;
    %wait E_0x561b129a2cb0;
    %load/vec4 v0x561b129a2d80_0;
    %dup/vec4;
    %pushi/vec4 0, 0, 4;
    %cmp/u;
    %jmp/1 T_1.0, 6;
    %dup/vec4;
    %pushi/vec4 1, 0, 4;
    %cmp/u;
    %jmp/1 T_1.1, 6;
    %dup/vec4;
    %pushi/vec4 3, 0, 4;
    %cmp/u;
    %jmp/1 T_1.2, 6;
    %dup/vec4;
    %pushi/vec4 4, 0, 4;
    %cmp/u;
    %jmp/1 T_1.3, 6;
    %dup/vec4;
    %pushi/vec4 5, 0, 4;
    %cmp/u;
    %jmp/1 T_1.4, 6;
    %dup/vec4;
    %pushi/vec4 14, 0, 4;
    %cmp/u;
    %jmp/1 T_1.5, 6;
    %dup/vec4;
    %pushi/vec4 13, 0, 4;
    %cmp/u;
    %jmp/1 T_1.6, 6;
    %pushi/vec4 0, 0, 4;
    %store/vec4 v0x561b129a2e80_0, 0, 4;
    %jmp T_1.8;
T_1.0 ;
    %load/vec4 v0x561b129a3500_0;
    %flag_set/vec4 8;
    %jmp/0 T_1.9, 8;
    %pushi/vec4 1, 0, 4;
    %jmp/1 T_1.10, 8;
T_1.9 ; End of true expr.
    %pushi/vec4 0, 0, 4;
    %jmp/0 T_1.10, 8;
 ; End of false expr.
    %blend;
T_1.10;
    %store/vec4 v0x561b129a2e80_0, 0, 4;
    %jmp T_1.8;
T_1.1 ;
    %load/vec4 v0x561b129a35c0_0;
    %flag_set/vec4 8;
    %jmp/0 T_1.11, 8;
    %pushi/vec4 3, 0, 4;
    %jmp/1 T_1.12, 8;
T_1.11 ; End of true expr.
    %pushi/vec4 1, 0, 4;
    %jmp/0 T_1.12, 8;
 ; End of false expr.
    %blend;
T_1.12;
    %store/vec4 v0x561b129a2e80_0, 0, 4;
    %jmp T_1.8;
T_1.2 ;
    %pushi/vec4 4, 0, 4;
    %store/vec4 v0x561b129a2e80_0, 0, 4;
    %jmp T_1.8;
T_1.3 ;
    %pushi/vec4 5, 0, 4;
    %store/vec4 v0x561b129a2e80_0, 0, 4;
    %jmp T_1.8;
T_1.4 ;
    %load/vec4 v0x561b129a3460_0;
    %inv;
    %flag_set/vec4 8;
    %jmp/0 T_1.13, 8;
    %pushi/vec4 14, 0, 4;
    %jmp/1 T_1.14, 8;
T_1.13 ; End of true expr.
    %load/vec4 v0x561b129a3370_0;
    %flag_set/vec4 9;
    %jmp/0 T_1.15, 9;
    %pushi/vec4 13, 0, 4;
    %jmp/1 T_1.16, 9;
T_1.15 ; End of true expr.
    %pushi/vec4 1, 0, 4;
    %jmp/0 T_1.16, 9;
 ; End of false expr.
    %blend;
T_1.16;
    %jmp/0 T_1.14, 8;
 ; End of false expr.
    %blend;
T_1.14;
    %store/vec4 v0x561b129a2e80_0, 0, 4;
    %jmp T_1.8;
T_1.5 ;
    %load/vec4 v0x561b129a3500_0;
    %flag_set/vec4 8;
    %jmp/0 T_1.17, 8;
    %pushi/vec4 0, 0, 4;
    %jmp/1 T_1.18, 8;
T_1.17 ; End of true expr.
    %pushi/vec4 14, 0, 4;
    %jmp/0 T_1.18, 8;
 ; End of false expr.
    %blend;
T_1.18;
    %store/vec4 v0x561b129a2e80_0, 0, 4;
    %jmp T_1.8;
T_1.6 ;
    %load/vec4 v0x561b129a3500_0;
    %flag_set/vec4 8;
    %jmp/0 T_1.19, 8;
    %pushi/vec4 0, 0, 4;
    %jmp/1 T_1.20, 8;
T_1.19 ; End of true expr.
    %pushi/vec4 13, 0, 4;
    %jmp/0 T_1.20, 8;
 ; End of false expr.
    %blend;
T_1.20;
    %store/vec4 v0x561b129a2e80_0, 0, 4;
    %jmp T_1.8;
T_1.8 ;
    %pop/vec4 1;
    %jmp T_1;
    .thread T_1, $push;
    .scope S_0x561b129a2520;
T_2 ;
    %wait E_0x561b129a2c50;
    %load/vec4 v0x561b129a2d80_0;
    %cmpi/e 0, 0, 4;
    %flag_mov 8, 4;
    %load/vec4 v0x561b129a2d80_0;
    %cmpi/e 3, 0, 4;
    %flag_or 4, 8;
    %flag_mov 8, 4;
    %jmp/0 T_2.0, 8;
    %pushi/vec4 1, 0, 1;
    %jmp/1 T_2.1, 8;
T_2.0 ; End of true expr.
    %pushi/vec4 0, 0, 1;
    %jmp/0 T_2.1, 8;
 ; End of false expr.
    %blend;
T_2.1;
    %store/vec4 v0x561b129a38d0_0, 0, 1;
    %load/vec4 v0x561b129a2d80_0;
    %cmpi/e 0, 0, 4;
    %flag_mov 8, 4;
    %load/vec4 v0x561b129a2d80_0;
    %cmpi/e 3, 0, 4;
    %flag_or 4, 8;
    %flag_mov 8, 4;
    %jmp/0 T_2.2, 8;
    %pushi/vec4 1, 0, 1;
    %jmp/1 T_2.3, 8;
T_2.2 ; End of true expr.
    %pushi/vec4 0, 0, 1;
    %jmp/0 T_2.3, 8;
 ; End of false expr.
    %blend;
T_2.3;
    %store/vec4 v0x561b129a3970_0, 0, 1;
    %load/vec4 v0x561b129a2d80_0;
    %cmpi/e 4, 0, 4;
    %flag_mov 8, 4;
    %jmp/0 T_2.4, 8;
    %pushi/vec4 1, 0, 1;
    %jmp/1 T_2.5, 8;
T_2.4 ; End of true expr.
    %pushi/vec4 0, 0, 1;
    %jmp/0 T_2.5, 8;
 ; End of false expr.
    %blend;
T_2.5;
    %store/vec4 v0x561b129a3770_0, 0, 1;
    %load/vec4 v0x561b129a2d80_0;
    %cmpi/e 6, 0, 4;
    %flag_mov 8, 4;
    %jmp/0 T_2.6, 8;
    %pushi/vec4 1, 0, 1;
    %jmp/1 T_2.7, 8;
T_2.6 ; End of true expr.
    %pushi/vec4 0, 0, 1;
    %jmp/0 T_2.7, 8;
 ; End of false expr.
    %blend;
T_2.7;
    %store/vec4 v0x561b129a30d0_0, 0, 1;
    %load/vec4 v0x561b129a2d80_0;
    %cmpi/e 14, 0, 4;
    %flag_mov 8, 4;
    %jmp/0 T_2.8, 8;
    %pushi/vec4 1, 0, 1;
    %jmp/1 T_2.9, 8;
T_2.8 ; End of true expr.
    %load/vec4 v0x561b129a2d80_0;
    %cmpi/e 13, 0, 4;
    %flag_mov 9, 4;
    %jmp/0 T_2.10, 9;
    %pushi/vec4 1, 0, 1;
    %jmp/1 T_2.11, 9;
T_2.10 ; End of true expr.
    %pushi/vec4 0, 0, 1;
    %jmp/0 T_2.11, 9;
 ; End of false expr.
    %blend;
T_2.11;
    %jmp/0 T_2.9, 8;
 ; End of false expr.
    %blend;
T_2.9;
    %store/vec4 v0x561b129a36b0_0, 0, 1;
    %load/vec4 v0x561b129a2d80_0;
    %cmpi/e 14, 0, 4;
    %flag_mov 8, 4;
    %jmp/0 T_2.12, 8;
    %pushi/vec4 1, 0, 1;
    %jmp/1 T_2.13, 8;
T_2.12 ; End of true expr.
    %pushi/vec4 0, 0, 1;
    %jmp/0 T_2.13, 8;
 ; End of false expr.
    %blend;
T_2.13;
    %store/vec4 v0x561b129a32d0_0, 0, 1;
    %load/vec4 v0x561b129a2d80_0;
    %cmpi/e 13, 0, 4;
    %flag_mov 8, 4;
    %jmp/0 T_2.14, 8;
    %pushi/vec4 1, 0, 1;
    %jmp/1 T_2.15, 8;
T_2.14 ; End of true expr.
    %pushi/vec4 0, 0, 1;
    %jmp/0 T_2.15, 8;
 ; End of false expr.
    %blend;
T_2.15;
    %store/vec4 v0x561b129a2f60_0, 0, 1;
    %load/vec4 v0x561b129a2d80_0;
    %dup/vec4;
    %pushi/vec4 0, 0, 4;
    %cmp/u;
    %jmp/1 T_2.16, 6;
    %dup/vec4;
    %pushi/vec4 3, 0, 4;
    %cmp/u;
    %jmp/1 T_2.17, 6;
    %dup/vec4;
    %pushi/vec4 4, 0, 4;
    %cmp/u;
    %jmp/1 T_2.18, 6;
    %dup/vec4;
    %pushi/vec4 5, 0, 4;
    %cmp/u;
    %jmp/1 T_2.19, 6;
    %dup/vec4;
    %pushi/vec4 6, 0, 4;
    %cmp/u;
    %jmp/1 T_2.20, 6;
    %dup/vec4;
    %pushi/vec4 14, 0, 4;
    %cmp/u;
    %jmp/1 T_2.21, 6;
    %dup/vec4;
    %pushi/vec4 13, 0, 4;
    %cmp/u;
    %jmp/1 T_2.22, 6;
    %dup/vec4;
    %pushi/vec4 1, 0, 4;
    %cmp/u;
    %jmp/1 T_2.23, 6;
    %pushi/vec4 15, 0, 4;
    %store/vec4 v0x561b129a3210_0, 0, 4;
    %jmp T_2.25;
T_2.16 ;
    %pushi/vec4 0, 0, 4;
    %store/vec4 v0x561b129a3210_0, 0, 4;
    %jmp T_2.25;
T_2.17 ;
    %pushi/vec4 3, 0, 4;
    %store/vec4 v0x561b129a3210_0, 0, 4;
    %jmp T_2.25;
T_2.18 ;
    %pushi/vec4 4, 0, 4;
    %store/vec4 v0x561b129a3210_0, 0, 4;
    %jmp T_2.25;
T_2.19 ;
    %pushi/vec4 5, 0, 4;
    %store/vec4 v0x561b129a3210_0, 0, 4;
    %jmp T_2.25;
T_2.20 ;
    %pushi/vec4 6, 0, 4;
    %store/vec4 v0x561b129a3210_0, 0, 4;
    %jmp T_2.25;
T_2.21 ;
    %pushi/vec4 14, 0, 4;
    %store/vec4 v0x561b129a3210_0, 0, 4;
    %jmp T_2.25;
T_2.22 ;
    %pushi/vec4 13, 0, 4;
    %store/vec4 v0x561b129a3210_0, 0, 4;
    %jmp T_2.25;
T_2.23 ;
    %pushi/vec4 1, 0, 4;
    %store/vec4 v0x561b129a3210_0, 0, 4;
    %jmp T_2.25;
T_2.25 ;
    %pop/vec4 1;
    %jmp T_2;
    .thread T_2, $push;
    .scope S_0x561b1299e000;
T_3 ;
    %wait E_0x561b12951600;
    %load/vec4 v0x561b1299e580_0;
    %inv;
    %flag_set/vec4 8;
    %jmp/0xz  T_3.0, 8;
    %pushi/vec4 0, 0, 4;
    %assign/vec4 v0x561b1299e400_0, 0;
    %jmp T_3.1;
T_3.0 ;
    %load/vec4 v0x561b1299e810_0;
    %inv;
    %flag_set/vec4 8;
    %jmp/0xz  T_3.2, 8;
    %load/vec4 v0x561b1299e300_0;
    %assign/vec4 v0x561b1299e400_0, 0;
    %jmp T_3.3;
T_3.2 ;
    %load/vec4 v0x561b1299e750_0;
    %load/vec4 v0x561b1299e640_0;
    %and;
    %flag_set/vec4 8;
    %jmp/0xz  T_3.4, 8;
    %load/vec4 v0x561b1299e400_0;
    %addi 1, 0, 4;
    %assign/vec4 v0x561b1299e400_0, 0;
    %jmp T_3.5;
T_3.4 ;
    %load/vec4 v0x561b1299e400_0;
    %assign/vec4 v0x561b1299e400_0, 0;
T_3.5 ;
T_3.3 ;
T_3.1 ;
    %jmp T_3;
    .thread T_3;
    .scope S_0x561b1299e000;
T_4 ;
    %wait E_0x561b12954330;
    %load/vec4 v0x561b1299e750_0;
    %load/vec4 v0x561b1299e400_0;
    %pushi/vec4 15, 0, 4;
    %cmp/e;
    %flag_get/vec4 4;
    %and;
    %flag_set/vec4 8;
    %jmp/0xz  T_4.0, 8;
    %pushi/vec4 1, 0, 1;
    %store/vec4 v0x561b1299e8d0_0, 0, 1;
    %jmp T_4.1;
T_4.0 ;
    %pushi/vec4 0, 0, 1;
    %store/vec4 v0x561b1299e8d0_0, 0, 1;
T_4.1 ;
    %jmp T_4;
    .thread T_4, $push;
    .scope S_0x561b1299f790;
T_5 ;
    %wait E_0x561b12954200;
    %load/vec4 v0x561b1299fcb0_0;
    %flag_set/vec4 8;
    %jmp/0xz  T_5.0, 8;
    %pushi/vec4 0, 0, 4;
    %assign/vec4 v0x561b1299fad0_0, 0;
    %jmp T_5.1;
T_5.0 ;
    %load/vec4 v0x561b1299fe40_0;
    %flag_set/vec4 8;
    %jmp/0xz  T_5.2, 8;
    %load/vec4 v0x561b1299f9d0_0;
    %assign/vec4 v0x561b1299fad0_0, 0;
T_5.2 ;
T_5.1 ;
    %jmp T_5;
    .thread T_5;
    .scope S_0x561b1299f270;
T_6 ;
    %wait E_0x561b12951600;
    %load/vec4 v0x561b1299f4b0_0;
    %dup/vec4;
    %pushi/vec4 0, 0, 4;
    %cmp/u;
    %jmp/1 T_6.0, 6;
    %dup/vec4;
    %pushi/vec4 1, 0, 4;
    %cmp/u;
    %jmp/1 T_6.1, 6;
    %dup/vec4;
    %pushi/vec4 2, 0, 4;
    %cmp/u;
    %jmp/1 T_6.2, 6;
    %dup/vec4;
    %pushi/vec4 3, 0, 4;
    %cmp/u;
    %jmp/1 T_6.3, 6;
    %dup/vec4;
    %pushi/vec4 4, 0, 4;
    %cmp/u;
    %jmp/1 T_6.4, 6;
    %dup/vec4;
    %pushi/vec4 5, 0, 4;
    %cmp/u;
    %jmp/1 T_6.5, 6;
    %dup/vec4;
    %pushi/vec4 6, 0, 4;
    %cmp/u;
    %jmp/1 T_6.6, 6;
    %dup/vec4;
    %pushi/vec4 7, 0, 4;
    %cmp/u;
    %jmp/1 T_6.7, 6;
    %dup/vec4;
    %pushi/vec4 8, 0, 4;
    %cmp/u;
    %jmp/1 T_6.8, 6;
    %dup/vec4;
    %pushi/vec4 9, 0, 4;
    %cmp/u;
    %jmp/1 T_6.9, 6;
    %dup/vec4;
    %pushi/vec4 10, 0, 4;
    %cmp/u;
    %jmp/1 T_6.10, 6;
    %dup/vec4;
    %pushi/vec4 11, 0, 4;
    %cmp/u;
    %jmp/1 T_6.11, 6;
    %dup/vec4;
    %pushi/vec4 12, 0, 4;
    %cmp/u;
    %jmp/1 T_6.12, 6;
    %dup/vec4;
    %pushi/vec4 13, 0, 4;
    %cmp/u;
    %jmp/1 T_6.13, 6;
    %dup/vec4;
    %pushi/vec4 14, 0, 4;
    %cmp/u;
    %jmp/1 T_6.14, 6;
    %dup/vec4;
    %pushi/vec4 15, 0, 4;
    %cmp/u;
    %jmp/1 T_6.15, 6;
    %jmp T_6.16;
T_6.0 ;
    %pushi/vec4 1, 0, 4;
    %store/vec4 v0x561b1299f680_0, 0, 4;
    %jmp T_6.16;
T_6.1 ;
    %pushi/vec4 2, 0, 4;
    %store/vec4 v0x561b1299f680_0, 0, 4;
    %jmp T_6.16;
T_6.2 ;
    %pushi/vec4 4, 0, 4;
    %store/vec4 v0x561b1299f680_0, 0, 4;
    %jmp T_6.16;
T_6.3 ;
    %pushi/vec4 8, 0, 4;
    %store/vec4 v0x561b1299f680_0, 0, 4;
    %jmp T_6.16;
T_6.4 ;
    %pushi/vec4 4, 0, 4;
    %store/vec4 v0x561b1299f680_0, 0, 4;
    %jmp T_6.16;
T_6.5 ;
    %pushi/vec4 2, 0, 4;
    %store/vec4 v0x561b1299f680_0, 0, 4;
    %jmp T_6.16;
T_6.6 ;
    %pushi/vec4 1, 0, 4;
    %store/vec4 v0x561b1299f680_0, 0, 4;
    %jmp T_6.16;
T_6.7 ;
    %pushi/vec4 1, 0, 4;
    %store/vec4 v0x561b1299f680_0, 0, 4;
    %jmp T_6.16;
T_6.8 ;
    %pushi/vec4 2, 0, 4;
    %store/vec4 v0x561b1299f680_0, 0, 4;
    %jmp T_6.16;
T_6.9 ;
    %pushi/vec4 2, 0, 4;
    %store/vec4 v0x561b1299f680_0, 0, 4;
    %jmp T_6.16;
T_6.10 ;
    %pushi/vec4 4, 0, 4;
    %store/vec4 v0x561b1299f680_0, 0, 4;
    %jmp T_6.16;
T_6.11 ;
    %pushi/vec4 4, 0, 4;
    %store/vec4 v0x561b1299f680_0, 0, 4;
    %jmp T_6.16;
T_6.12 ;
    %pushi/vec4 8, 0, 4;
    %store/vec4 v0x561b1299f680_0, 0, 4;
    %jmp T_6.16;
T_6.13 ;
    %pushi/vec4 8, 0, 4;
    %store/vec4 v0x561b1299f680_0, 0, 4;
    %jmp T_6.16;
T_6.14 ;
    %pushi/vec4 1, 0, 4;
    %store/vec4 v0x561b1299f680_0, 0, 4;
    %jmp T_6.16;
T_6.15 ;
    %pushi/vec4 4, 0, 4;
    %store/vec4 v0x561b1299f680_0, 0, 4;
    %jmp T_6.16;
T_6.16 ;
    %pop/vec4 1;
    %jmp T_6;
    .thread T_6;
    .scope S_0x561b1299eae0;
T_7 ;
    %wait E_0x561b12953fa0;
    %load/vec4 v0x561b1299f070_0;
    %flag_set/vec4 8;
    %jmp/0xz  T_7.0, 8;
    %pushi/vec4 0, 0, 1;
    %assign/vec4 v0x561b1299eee0_0, 0;
    %pushi/vec4 0, 0, 1;
    %assign/vec4 v0x561b1299ef80_0, 0;
    %jmp T_7.1;
T_7.0 ;
    %load/vec4 v0x561b1299ed80_0;
    %flag_set/vec4 8;
    %jmp/0xz  T_7.2, 8;
    %load/vec4 v0x561b1299f130_0;
    %assign/vec4 v0x561b1299eee0_0, 0;
    %load/vec4 v0x561b1299eee0_0;
    %assign/vec4 v0x561b1299ef80_0, 0;
T_7.2 ;
T_7.1 ;
    %jmp T_7;
    .thread T_7;
    .scope S_0x561b129a1290;
T_8 ;
    %wait E_0x561b129a1480;
    %load/vec4 v0x561b129a1600_0;
    %dup/vec4;
    %pushi/vec4 0, 0, 4;
    %cmp/u;
    %jmp/1 T_8.0, 6;
    %dup/vec4;
    %pushi/vec4 1, 0, 4;
    %cmp/u;
    %jmp/1 T_8.1, 6;
    %dup/vec4;
    %pushi/vec4 2, 0, 4;
    %cmp/u;
    %jmp/1 T_8.2, 6;
    %dup/vec4;
    %pushi/vec4 3, 0, 4;
    %cmp/u;
    %jmp/1 T_8.3, 6;
    %dup/vec4;
    %pushi/vec4 4, 0, 4;
    %cmp/u;
    %jmp/1 T_8.4, 6;
    %dup/vec4;
    %pushi/vec4 5, 0, 4;
    %cmp/u;
    %jmp/1 T_8.5, 6;
    %dup/vec4;
    %pushi/vec4 6, 0, 4;
    %cmp/u;
    %jmp/1 T_8.6, 6;
    %dup/vec4;
    %pushi/vec4 7, 0, 4;
    %cmp/u;
    %jmp/1 T_8.7, 6;
    %dup/vec4;
    %pushi/vec4 8, 0, 4;
    %cmp/u;
    %jmp/1 T_8.8, 6;
    %dup/vec4;
    %pushi/vec4 9, 0, 4;
    %cmp/u;
    %jmp/1 T_8.9, 6;
    %dup/vec4;
    %pushi/vec4 10, 0, 4;
    %cmp/u;
    %jmp/1 T_8.10, 6;
    %dup/vec4;
    %pushi/vec4 11, 0, 4;
    %cmp/u;
    %jmp/1 T_8.11, 6;
    %dup/vec4;
    %pushi/vec4 12, 0, 4;
    %cmp/u;
    %jmp/1 T_8.12, 6;
    %dup/vec4;
    %pushi/vec4 13, 0, 4;
    %cmp/u;
    %jmp/1 T_8.13, 6;
    %dup/vec4;
    %pushi/vec4 14, 0, 4;
    %cmp/u;
    %jmp/1 T_8.14, 6;
    %dup/vec4;
    %pushi/vec4 15, 0, 4;
    %cmp/u;
    %jmp/1 T_8.15, 6;
    %pushi/vec4 127, 0, 7;
    %store/vec4 v0x561b129a1500_0, 0, 7;
    %jmp T_8.17;
T_8.0 ;
    %pushi/vec4 64, 0, 7;
    %store/vec4 v0x561b129a1500_0, 0, 7;
    %jmp T_8.17;
T_8.1 ;
    %pushi/vec4 121, 0, 7;
    %store/vec4 v0x561b129a1500_0, 0, 7;
    %jmp T_8.17;
T_8.2 ;
    %pushi/vec4 36, 0, 7;
    %store/vec4 v0x561b129a1500_0, 0, 7;
    %jmp T_8.17;
T_8.3 ;
    %pushi/vec4 48, 0, 7;
    %store/vec4 v0x561b129a1500_0, 0, 7;
    %jmp T_8.17;
T_8.4 ;
    %pushi/vec4 25, 0, 7;
    %store/vec4 v0x561b129a1500_0, 0, 7;
    %jmp T_8.17;
T_8.5 ;
    %pushi/vec4 18, 0, 7;
    %store/vec4 v0x561b129a1500_0, 0, 7;
    %jmp T_8.17;
T_8.6 ;
    %pushi/vec4 2, 0, 7;
    %store/vec4 v0x561b129a1500_0, 0, 7;
    %jmp T_8.17;
T_8.7 ;
    %pushi/vec4 120, 0, 7;
    %store/vec4 v0x561b129a1500_0, 0, 7;
    %jmp T_8.17;
T_8.8 ;
    %pushi/vec4 0, 0, 7;
    %store/vec4 v0x561b129a1500_0, 0, 7;
    %jmp T_8.17;
T_8.9 ;
    %pushi/vec4 16, 0, 7;
    %store/vec4 v0x561b129a1500_0, 0, 7;
    %jmp T_8.17;
T_8.10 ;
    %pushi/vec4 8, 0, 7;
    %store/vec4 v0x561b129a1500_0, 0, 7;
    %jmp T_8.17;
T_8.11 ;
    %pushi/vec4 3, 0, 7;
    %store/vec4 v0x561b129a1500_0, 0, 7;
    %jmp T_8.17;
T_8.12 ;
    %pushi/vec4 70, 0, 7;
    %store/vec4 v0x561b129a1500_0, 0, 7;
    %jmp T_8.17;
T_8.13 ;
    %pushi/vec4 33, 0, 7;
    %store/vec4 v0x561b129a1500_0, 0, 7;
    %jmp T_8.17;
T_8.14 ;
    %pushi/vec4 6, 0, 7;
    %store/vec4 v0x561b129a1500_0, 0, 7;
    %jmp T_8.17;
T_8.15 ;
    %pushi/vec4 14, 0, 7;
    %store/vec4 v0x561b129a1500_0, 0, 7;
    %jmp T_8.17;
T_8.17 ;
    %pop/vec4 1;
    %jmp T_8;
    .thread T_8, $push;
    .scope S_0x561b129a1700;
T_9 ;
    %wait E_0x561b129a1910;
    %load/vec4 v0x561b129a1a70_0;
    %dup/vec4;
    %pushi/vec4 0, 0, 4;
    %cmp/u;
    %jmp/1 T_9.0, 6;
    %dup/vec4;
    %pushi/vec4 1, 0, 4;
    %cmp/u;
    %jmp/1 T_9.1, 6;
    %dup/vec4;
    %pushi/vec4 2, 0, 4;
    %cmp/u;
    %jmp/1 T_9.2, 6;
    %dup/vec4;
    %pushi/vec4 3, 0, 4;
    %cmp/u;
    %jmp/1 T_9.3, 6;
    %dup/vec4;
    %pushi/vec4 4, 0, 4;
    %cmp/u;
    %jmp/1 T_9.4, 6;
    %dup/vec4;
    %pushi/vec4 5, 0, 4;
    %cmp/u;
    %jmp/1 T_9.5, 6;
    %dup/vec4;
    %pushi/vec4 6, 0, 4;
    %cmp/u;
    %jmp/1 T_9.6, 6;
    %dup/vec4;
    %pushi/vec4 7, 0, 4;
    %cmp/u;
    %jmp/1 T_9.7, 6;
    %dup/vec4;
    %pushi/vec4 8, 0, 4;
    %cmp/u;
    %jmp/1 T_9.8, 6;
    %dup/vec4;
    %pushi/vec4 9, 0, 4;
    %cmp/u;
    %jmp/1 T_9.9, 6;
    %dup/vec4;
    %pushi/vec4 10, 0, 4;
    %cmp/u;
    %jmp/1 T_9.10, 6;
    %dup/vec4;
    %pushi/vec4 11, 0, 4;
    %cmp/u;
    %jmp/1 T_9.11, 6;
    %dup/vec4;
    %pushi/vec4 12, 0, 4;
    %cmp/u;
    %jmp/1 T_9.12, 6;
    %dup/vec4;
    %pushi/vec4 13, 0, 4;
    %cmp/u;
    %jmp/1 T_9.13, 6;
    %dup/vec4;
    %pushi/vec4 14, 0, 4;
    %cmp/u;
    %jmp/1 T_9.14, 6;
    %dup/vec4;
    %pushi/vec4 15, 0, 4;
    %cmp/u;
    %jmp/1 T_9.15, 6;
    %pushi/vec4 127, 0, 7;
    %store/vec4 v0x561b129a1970_0, 0, 7;
    %jmp T_9.17;
T_9.0 ;
    %pushi/vec4 64, 0, 7;
    %store/vec4 v0x561b129a1970_0, 0, 7;
    %jmp T_9.17;
T_9.1 ;
    %pushi/vec4 121, 0, 7;
    %store/vec4 v0x561b129a1970_0, 0, 7;
    %jmp T_9.17;
T_9.2 ;
    %pushi/vec4 36, 0, 7;
    %store/vec4 v0x561b129a1970_0, 0, 7;
    %jmp T_9.17;
T_9.3 ;
    %pushi/vec4 48, 0, 7;
    %store/vec4 v0x561b129a1970_0, 0, 7;
    %jmp T_9.17;
T_9.4 ;
    %pushi/vec4 25, 0, 7;
    %store/vec4 v0x561b129a1970_0, 0, 7;
    %jmp T_9.17;
T_9.5 ;
    %pushi/vec4 18, 0, 7;
    %store/vec4 v0x561b129a1970_0, 0, 7;
    %jmp T_9.17;
T_9.6 ;
    %pushi/vec4 2, 0, 7;
    %store/vec4 v0x561b129a1970_0, 0, 7;
    %jmp T_9.17;
T_9.7 ;
    %pushi/vec4 120, 0, 7;
    %store/vec4 v0x561b129a1970_0, 0, 7;
    %jmp T_9.17;
T_9.8 ;
    %pushi/vec4 0, 0, 7;
    %store/vec4 v0x561b129a1970_0, 0, 7;
    %jmp T_9.17;
T_9.9 ;
    %pushi/vec4 16, 0, 7;
    %store/vec4 v0x561b129a1970_0, 0, 7;
    %jmp T_9.17;
T_9.10 ;
    %pushi/vec4 8, 0, 7;
    %store/vec4 v0x561b129a1970_0, 0, 7;
    %jmp T_9.17;
T_9.11 ;
    %pushi/vec4 3, 0, 7;
    %store/vec4 v0x561b129a1970_0, 0, 7;
    %jmp T_9.17;
T_9.12 ;
    %pushi/vec4 70, 0, 7;
    %store/vec4 v0x561b129a1970_0, 0, 7;
    %jmp T_9.17;
T_9.13 ;
    %pushi/vec4 33, 0, 7;
    %store/vec4 v0x561b129a1970_0, 0, 7;
    %jmp T_9.17;
T_9.14 ;
    %pushi/vec4 6, 0, 7;
    %store/vec4 v0x561b129a1970_0, 0, 7;
    %jmp T_9.17;
T_9.15 ;
    %pushi/vec4 14, 0, 7;
    %store/vec4 v0x561b129a1970_0, 0, 7;
    %jmp T_9.17;
T_9.17 ;
    %pop/vec4 1;
    %jmp T_9;
    .thread T_9, $push;
    .scope S_0x561b129a2040;
T_10 ;
    %wait E_0x561b129a22a0;
    %load/vec4 v0x561b129a2420_0;
    %dup/vec4;
    %pushi/vec4 0, 0, 4;
    %cmp/u;
    %jmp/1 T_10.0, 6;
    %dup/vec4;
    %pushi/vec4 1, 0, 4;
    %cmp/u;
    %jmp/1 T_10.1, 6;
    %dup/vec4;
    %pushi/vec4 2, 0, 4;
    %cmp/u;
    %jmp/1 T_10.2, 6;
    %dup/vec4;
    %pushi/vec4 3, 0, 4;
    %cmp/u;
    %jmp/1 T_10.3, 6;
    %dup/vec4;
    %pushi/vec4 4, 0, 4;
    %cmp/u;
    %jmp/1 T_10.4, 6;
    %dup/vec4;
    %pushi/vec4 5, 0, 4;
    %cmp/u;
    %jmp/1 T_10.5, 6;
    %dup/vec4;
    %pushi/vec4 6, 0, 4;
    %cmp/u;
    %jmp/1 T_10.6, 6;
    %dup/vec4;
    %pushi/vec4 7, 0, 4;
    %cmp/u;
    %jmp/1 T_10.7, 6;
    %dup/vec4;
    %pushi/vec4 8, 0, 4;
    %cmp/u;
    %jmp/1 T_10.8, 6;
    %dup/vec4;
    %pushi/vec4 9, 0, 4;
    %cmp/u;
    %jmp/1 T_10.9, 6;
    %dup/vec4;
    %pushi/vec4 10, 0, 4;
    %cmp/u;
    %jmp/1 T_10.10, 6;
    %dup/vec4;
    %pushi/vec4 11, 0, 4;
    %cmp/u;
    %jmp/1 T_10.11, 6;
    %dup/vec4;
    %pushi/vec4 12, 0, 4;
    %cmp/u;
    %jmp/1 T_10.12, 6;
    %dup/vec4;
    %pushi/vec4 13, 0, 4;
    %cmp/u;
    %jmp/1 T_10.13, 6;
    %dup/vec4;
    %pushi/vec4 14, 0, 4;
    %cmp/u;
    %jmp/1 T_10.14, 6;
    %dup/vec4;
    %pushi/vec4 15, 0, 4;
    %cmp/u;
    %jmp/1 T_10.15, 6;
    %pushi/vec4 127, 0, 7;
    %store/vec4 v0x561b129a2320_0, 0, 7;
    %jmp T_10.17;
T_10.0 ;
    %pushi/vec4 64, 0, 7;
    %store/vec4 v0x561b129a2320_0, 0, 7;
    %jmp T_10.17;
T_10.1 ;
    %pushi/vec4 121, 0, 7;
    %store/vec4 v0x561b129a2320_0, 0, 7;
    %jmp T_10.17;
T_10.2 ;
    %pushi/vec4 36, 0, 7;
    %store/vec4 v0x561b129a2320_0, 0, 7;
    %jmp T_10.17;
T_10.3 ;
    %pushi/vec4 48, 0, 7;
    %store/vec4 v0x561b129a2320_0, 0, 7;
    %jmp T_10.17;
T_10.4 ;
    %pushi/vec4 25, 0, 7;
    %store/vec4 v0x561b129a2320_0, 0, 7;
    %jmp T_10.17;
T_10.5 ;
    %pushi/vec4 18, 0, 7;
    %store/vec4 v0x561b129a2320_0, 0, 7;
    %jmp T_10.17;
T_10.6 ;
    %pushi/vec4 2, 0, 7;
    %store/vec4 v0x561b129a2320_0, 0, 7;
    %jmp T_10.17;
T_10.7 ;
    %pushi/vec4 120, 0, 7;
    %store/vec4 v0x561b129a2320_0, 0, 7;
    %jmp T_10.17;
T_10.8 ;
    %pushi/vec4 0, 0, 7;
    %store/vec4 v0x561b129a2320_0, 0, 7;
    %jmp T_10.17;
T_10.9 ;
    %pushi/vec4 16, 0, 7;
    %store/vec4 v0x561b129a2320_0, 0, 7;
    %jmp T_10.17;
T_10.10 ;
    %pushi/vec4 8, 0, 7;
    %store/vec4 v0x561b129a2320_0, 0, 7;
    %jmp T_10.17;
T_10.11 ;
    %pushi/vec4 3, 0, 7;
    %store/vec4 v0x561b129a2320_0, 0, 7;
    %jmp T_10.17;
T_10.12 ;
    %pushi/vec4 70, 0, 7;
    %store/vec4 v0x561b129a2320_0, 0, 7;
    %jmp T_10.17;
T_10.13 ;
    %pushi/vec4 33, 0, 7;
    %store/vec4 v0x561b129a2320_0, 0, 7;
    %jmp T_10.17;
T_10.14 ;
    %pushi/vec4 6, 0, 7;
    %store/vec4 v0x561b129a2320_0, 0, 7;
    %jmp T_10.17;
T_10.15 ;
    %pushi/vec4 14, 0, 7;
    %store/vec4 v0x561b129a2320_0, 0, 7;
    %jmp T_10.17;
T_10.17 ;
    %pop/vec4 1;
    %jmp T_10;
    .thread T_10, $push;
    .scope S_0x561b129a1b70;
T_11 ;
    %wait E_0x561b129a1d80;
    %load/vec4 v0x561b129a1f00_0;
    %dup/vec4;
    %pushi/vec4 0, 0, 4;
    %cmp/u;
    %jmp/1 T_11.0, 6;
    %dup/vec4;
    %pushi/vec4 1, 0, 4;
    %cmp/u;
    %jmp/1 T_11.1, 6;
    %dup/vec4;
    %pushi/vec4 2, 0, 4;
    %cmp/u;
    %jmp/1 T_11.2, 6;
    %dup/vec4;
    %pushi/vec4 3, 0, 4;
    %cmp/u;
    %jmp/1 T_11.3, 6;
    %dup/vec4;
    %pushi/vec4 4, 0, 4;
    %cmp/u;
    %jmp/1 T_11.4, 6;
    %dup/vec4;
    %pushi/vec4 5, 0, 4;
    %cmp/u;
    %jmp/1 T_11.5, 6;
    %dup/vec4;
    %pushi/vec4 6, 0, 4;
    %cmp/u;
    %jmp/1 T_11.6, 6;
    %dup/vec4;
    %pushi/vec4 7, 0, 4;
    %cmp/u;
    %jmp/1 T_11.7, 6;
    %dup/vec4;
    %pushi/vec4 8, 0, 4;
    %cmp/u;
    %jmp/1 T_11.8, 6;
    %dup/vec4;
    %pushi/vec4 9, 0, 4;
    %cmp/u;
    %jmp/1 T_11.9, 6;
    %dup/vec4;
    %pushi/vec4 10, 0, 4;
    %cmp/u;
    %jmp/1 T_11.10, 6;
    %dup/vec4;
    %pushi/vec4 11, 0, 4;
    %cmp/u;
    %jmp/1 T_11.11, 6;
    %dup/vec4;
    %pushi/vec4 12, 0, 4;
    %cmp/u;
    %jmp/1 T_11.12, 6;
    %dup/vec4;
    %pushi/vec4 13, 0, 4;
    %cmp/u;
    %jmp/1 T_11.13, 6;
    %dup/vec4;
    %pushi/vec4 14, 0, 4;
    %cmp/u;
    %jmp/1 T_11.14, 6;
    %dup/vec4;
    %pushi/vec4 15, 0, 4;
    %cmp/u;
    %jmp/1 T_11.15, 6;
    %pushi/vec4 127, 0, 7;
    %store/vec4 v0x561b129a1e00_0, 0, 7;
    %jmp T_11.17;
T_11.0 ;
    %pushi/vec4 64, 0, 7;
    %store/vec4 v0x561b129a1e00_0, 0, 7;
    %jmp T_11.17;
T_11.1 ;
    %pushi/vec4 121, 0, 7;
    %store/vec4 v0x561b129a1e00_0, 0, 7;
    %jmp T_11.17;
T_11.2 ;
    %pushi/vec4 36, 0, 7;
    %store/vec4 v0x561b129a1e00_0, 0, 7;
    %jmp T_11.17;
T_11.3 ;
    %pushi/vec4 48, 0, 7;
    %store/vec4 v0x561b129a1e00_0, 0, 7;
    %jmp T_11.17;
T_11.4 ;
    %pushi/vec4 25, 0, 7;
    %store/vec4 v0x561b129a1e00_0, 0, 7;
    %jmp T_11.17;
T_11.5 ;
    %pushi/vec4 18, 0, 7;
    %store/vec4 v0x561b129a1e00_0, 0, 7;
    %jmp T_11.17;
T_11.6 ;
    %pushi/vec4 2, 0, 7;
    %store/vec4 v0x561b129a1e00_0, 0, 7;
    %jmp T_11.17;
T_11.7 ;
    %pushi/vec4 120, 0, 7;
    %store/vec4 v0x561b129a1e00_0, 0, 7;
    %jmp T_11.17;
T_11.8 ;
    %pushi/vec4 0, 0, 7;
    %store/vec4 v0x561b129a1e00_0, 0, 7;
    %jmp T_11.17;
T_11.9 ;
    %pushi/vec4 16, 0, 7;
    %store/vec4 v0x561b129a1e00_0, 0, 7;
    %jmp T_11.17;
T_11.10 ;
    %pushi/vec4 8, 0, 7;
    %store/vec4 v0x561b129a1e00_0, 0, 7;
    %jmp T_11.17;
T_11.11 ;
    %pushi/vec4 3, 0, 7;
    %store/vec4 v0x561b129a1e00_0, 0, 7;
    %jmp T_11.17;
T_11.12 ;
    %pushi/vec4 70, 0, 7;
    %store/vec4 v0x561b129a1e00_0, 0, 7;
    %jmp T_11.17;
T_11.13 ;
    %pushi/vec4 33, 0, 7;
    %store/vec4 v0x561b129a1e00_0, 0, 7;
    %jmp T_11.17;
T_11.14 ;
    %pushi/vec4 6, 0, 7;
    %store/vec4 v0x561b129a1e00_0, 0, 7;
    %jmp T_11.17;
T_11.15 ;
    %pushi/vec4 14, 0, 7;
    %store/vec4 v0x561b129a1e00_0, 0, 7;
    %jmp T_11.17;
T_11.17 ;
    %pop/vec4 1;
    %jmp T_11;
    .thread T_11, $push;
    .scope S_0x561b129754f0;
T_12 ;
    %pushi/vec4 1, 0, 1;
    %store/vec4 v0x561b129a5580_0, 0, 1;
    %pushi/vec4 0, 0, 1;
    %store/vec4 v0x561b129a6010_0, 0, 1;
    %pushi/vec4 0, 0, 1;
    %store/vec4 v0x561b129a5d70_0, 0, 1;
    %pushi/vec4 0, 0, 4;
    %store/vec4 v0x561b129a54e0_0, 0, 4;
    %pushi/vec4 0, 0, 32;
    %store/vec4 v0x561b129a5400_0, 0, 32;
    %end;
    .thread T_12;
    .scope S_0x561b129754f0;
T_13 ;
    %delay 10, 0;
    %load/vec4 v0x561b129a5580_0;
    %inv;
    %store/vec4 v0x561b129a5580_0, 0, 1;
    %jmp T_13;
    .thread T_13;
    .scope S_0x561b129754f0;
T_14 ;
    %vpi_call 2 72 "$dumpfile", "testbench.vcd" {0 0 0};
    %end;
    .thread T_14;
    .scope S_0x561b129754f0;
T_15 ;
    %vpi_call 2 73 "$dumpvars", 32'sb00000000000000000000000000000000, S_0x561b129754f0 {0 0 0};
    %end;
    .thread T_15;
    .scope S_0x561b129754f0;
T_16 ;
    %vpi_call 2 77 "$display", "Inicio da simulacao" {0 0 0};
    %pushi/vec4 0, 0, 32;
    %store/vec4 v0x561b129a5400_0, 0, 32;
    %pushi/vec4 1, 0, 1;
    %store/vec4 v0x561b129a5580_0, 0, 1;
    %pushi/vec4 0, 0, 1;
    %store/vec4 v0x561b129a6010_0, 0, 1;
    %pushi/vec4 0, 0, 1;
    %store/vec4 v0x561b129a5d70_0, 0, 1;
    %pushi/vec4 0, 0, 4;
    %store/vec4 v0x561b129a54e0_0, 0, 4;
    %delay 20, 0;
    %pushi/vec4 1, 0, 32;
    %store/vec4 v0x561b129a5400_0, 0, 32;
    %wait E_0x561b12952210;
    %pushi/vec4 1, 0, 1;
    %store/vec4 v0x561b129a6010_0, 0, 1;
    %delay 20, 0;
    %pushi/vec4 0, 0, 1;
    %store/vec4 v0x561b129a6010_0, 0, 1;
    %delay 200, 0;
    %pushi/vec4 2, 0, 32;
    %store/vec4 v0x561b129a5400_0, 0, 32;
    %pushi/vec4 1, 0, 1;
    %store/vec4 v0x561b129a5d70_0, 0, 1;
    %delay 100, 0;
    %pushi/vec4 0, 0, 1;
    %store/vec4 v0x561b129a5d70_0, 0, 1;
    %delay 200, 0;
    %pushi/vec4 3, 0, 32;
    %store/vec4 v0x561b129a5400_0, 0, 32;
    %wait E_0x561b12952210;
    %pushi/vec4 1, 0, 4;
    %store/vec4 v0x561b129a54e0_0, 0, 4;
    %delay 200, 0;
    %pushi/vec4 0, 0, 4;
    %store/vec4 v0x561b129a54e0_0, 0, 4;
    %delay 200, 0;
    %pushi/vec4 4, 0, 32;
    %store/vec4 v0x561b129a5400_0, 0, 32;
    %wait E_0x561b12952210;
    %pushi/vec4 2, 0, 4;
    %store/vec4 v0x561b129a54e0_0, 0, 4;
    %delay 200, 0;
    %pushi/vec4 0, 0, 4;
    %store/vec4 v0x561b129a54e0_0, 0, 4;
    %delay 200, 0;
    %pushi/vec4 5, 0, 32;
    %store/vec4 v0x561b129a5400_0, 0, 32;
    %wait E_0x561b12952210;
    %pushi/vec4 4, 0, 4;
    %store/vec4 v0x561b129a54e0_0, 0, 4;
    %delay 200, 0;
    %pushi/vec4 0, 0, 4;
    %store/vec4 v0x561b129a54e0_0, 0, 4;
    %delay 200, 0;
    %pushi/vec4 6, 0, 32;
    %store/vec4 v0x561b129a5400_0, 0, 32;
    %wait E_0x561b12952210;
    %pushi/vec4 8, 0, 4;
    %store/vec4 v0x561b129a54e0_0, 0, 4;
    %delay 200, 0;
    %pushi/vec4 0, 0, 4;
    %store/vec4 v0x561b129a54e0_0, 0, 4;
    %delay 200, 0;
    %pushi/vec4 7, 0, 32;
    %store/vec4 v0x561b129a5400_0, 0, 32;
    %wait E_0x561b12952210;
    %pushi/vec4 1, 0, 4;
    %store/vec4 v0x561b129a54e0_0, 0, 4;
    %delay 100, 0;
    %pushi/vec4 0, 0, 4;
    %store/vec4 v0x561b129a54e0_0, 0, 4;
    %delay 200, 0;
    %pushi/vec4 99, 0, 32;
    %store/vec4 v0x561b129a5400_0, 0, 32;
    %delay 100, 0;
    %vpi_call 2 158 "$display", "Fim da simulacao" {0 0 0};
    %vpi_call 2 159 "$stop" {0 0 0};
    %end;
    .thread T_16;
# The file index is used to find the file name in the following table.
:file_names 12;
    "N/A";
    "<interactive>";
    "circuito_exp5_tb.v";
    "circuito_exp5.v";
    "fluxo_dados.v";
    "comparador_85.v";
    "contador_163.v";
    "edge_detector.v";
    "sync_rom_16x4.v";
    "registrador_4.v";
    "hexa7seg.v";
    "unidade_controle.v";
