#! /usr/bin/vvp
:ivl_version "10.3 (stable)";
:ivl_delay_selection "TYPICAL";
:vpi_time_precision - 9;
:vpi_module "system";
:vpi_module "vhdl_sys";
:vpi_module "v2005_math";
:vpi_module "va_math";
S_0x55d0746b7e30 .scope module, "circuito_exp5_tb_acertou" "circuito_exp5_tb_acertou" 2 20;
 .timescale -9 -9;
P_0x55d074673f00 .param/l "clockPeriod" 0 2 44, +C4<00000000000000000000000000010100>;
v0x55d0746e3e00_0 .net "acertou_out", 0 0, v0x55d0746e1a70_0;  1 drivers
v0x55d0746e3f10_0 .var "caso", 31 0;
v0x55d0746e3ff0_0 .var "chaves_in", 3 0;
v0x55d0746e4090_0 .var "clock_in", 0 0;
v0x55d0746e4130_0 .net "db_clock_out", 0 0, L_0x55d0746e68a0;  1 drivers
v0x55d0746e4220_0 .net "db_contagem_out", 6 0, v0x55d0746e0480_0;  1 drivers
v0x55d0746e4310_0 .net "db_estado_out", 6 0, v0x55d0746e0910_0;  1 drivers
v0x55d0746e4420_0 .net "db_igual_out", 0 0, L_0x55d0746e65d0;  1 drivers
v0x55d0746e44c0_0 .net "db_iniciar_out", 0 0, L_0x55d0746e6690;  1 drivers
v0x55d0746e4560_0 .net "db_jogadafeita_out", 6 0, v0x55d0746e0010_0;  1 drivers
v0x55d0746e4600_0 .net "db_memoria_out", 6 0, v0x55d0746e0e30_0;  1 drivers
v0x55d0746e46f0_0 .net "db_tem_jogada_out", 0 0, L_0x55d0746e62c0;  1 drivers
v0x55d0746e4790_0 .net "errou_out", 0 0, v0x55d0746e1de0_0;  1 drivers
v0x55d0746e4880_0 .var "iniciar_in", 0 0;
v0x55d0746e4970_0 .net "leds_out", 3 0, L_0x55d0746e6750;  1 drivers
v0x55d0746e4a30_0 .net "pronto_out", 0 0, v0x55d0746e21c0_0;  1 drivers
v0x55d0746e4b20_0 .var "reset_in", 0 0;
E_0x55d0746854c0 .event negedge, v0x55d0746dcff0_0;
S_0x55d0746b81b0 .scope module, "dut" "circuito_exp5" 2 53, 3 2 0, S_0x55d0746b7e30;
 .timescale 0 0;
    .port_info 0 /INPUT 1 "clock"
    .port_info 1 /INPUT 1 "reset"
    .port_info 2 /INPUT 1 "iniciar"
    .port_info 3 /INPUT 4 "chaves"
    .port_info 4 /OUTPUT 1 "acertou"
    .port_info 5 /OUTPUT 1 "errou"
    .port_info 6 /OUTPUT 1 "pronto"
    .port_info 7 /OUTPUT 4 "leds"
    .port_info 8 /OUTPUT 1 "db_igual"
    .port_info 9 /OUTPUT 7 "db_contagem"
    .port_info 10 /OUTPUT 7 "db_memoria"
    .port_info 11 /OUTPUT 7 "db_estado"
    .port_info 12 /OUTPUT 7 "db_jogadafeita"
    .port_info 13 /OUTPUT 1 "db_clock"
    .port_info 14 /OUTPUT 1 "db_iniciar"
    .port_info 15 /OUTPUT 1 "db_tem_jogada"
L_0x55d0746e65d0 .functor BUFZ 1, L_0x55d0746e5a20, C4<0>, C4<0>, C4<0>;
L_0x55d0746e6690 .functor BUFZ 1, v0x55d0746e4880_0, C4<0>, C4<0>, C4<0>;
L_0x55d0746e6750 .functor BUFZ 4, L_0x55d0746e64b0, C4<0000>, C4<0000>, C4<0000>;
L_0x55d0746e68a0 .functor BUFZ 1, v0x55d0746e4090_0, C4<0>, C4<0>, C4<0>;
v0x55d0746e2790_0 .net "acertou", 0 0, v0x55d0746e1a70_0;  alias, 1 drivers
v0x55d0746e2850_0 .net "chaves", 3 0, v0x55d0746e3ff0_0;  1 drivers
v0x55d0746e2940_0 .net "clock", 0 0, v0x55d0746e4090_0;  1 drivers
v0x55d0746e29e0_0 .net "contaC", 0 0, v0x55d0746e1be0_0;  1 drivers
v0x55d0746e2a80_0 .net "db_clock", 0 0, L_0x55d0746e68a0;  alias, 1 drivers
v0x55d0746e2b70_0 .net "db_contagem", 6 0, v0x55d0746e0480_0;  alias, 1 drivers
v0x55d0746e2c30_0 .net "db_contagem_hex", 3 0, L_0x55d0746e6440;  1 drivers
v0x55d0746e2d20_0 .net "db_estado", 6 0, v0x55d0746e0910_0;  alias, 1 drivers
v0x55d0746e2de0_0 .net "db_estado_hex", 3 0, v0x55d0746e1d20_0;  1 drivers
v0x55d0746e2e80_0 .net "db_igual", 0 0, L_0x55d0746e65d0;  alias, 1 drivers
v0x55d0746e2f40_0 .net "db_iniciar", 0 0, L_0x55d0746e6690;  alias, 1 drivers
v0x55d0746e3000_0 .net "db_jogada_hex", 3 0, L_0x55d0746e64b0;  1 drivers
v0x55d0746e3110_0 .net "db_jogadafeita", 6 0, v0x55d0746e0010_0;  alias, 1 drivers
v0x55d0746e31d0_0 .net "db_memoria", 6 0, v0x55d0746e0e30_0;  alias, 1 drivers
v0x55d0746e3270_0 .net "db_memoria_hex", 3 0, L_0x55d0746e6560;  1 drivers
v0x55d0746e3360_0 .net "db_tem_jogada", 0 0, L_0x55d0746e62c0;  alias, 1 drivers
v0x55d0746e3450_0 .net "errou", 0 0, v0x55d0746e1de0_0;  alias, 1 drivers
v0x55d0746e3600_0 .net "fimC", 0 0, v0x55d0746dd3e0_0;  1 drivers
v0x55d0746e36a0_0 .net "igual", 0 0, L_0x55d0746e5a20;  1 drivers
v0x55d0746e3740_0 .net "iniciar", 0 0, v0x55d0746e4880_0;  1 drivers
v0x55d0746e37e0_0 .net "jogada", 0 0, L_0x55d0746e5c20;  1 drivers
v0x55d0746e3880_0 .net "leds", 3 0, L_0x55d0746e6750;  alias, 1 drivers
v0x55d0746e3920_0 .net "pronto", 0 0, v0x55d0746e21c0_0;  alias, 1 drivers
v0x55d0746e39c0_0 .net "registraR", 0 0, v0x55d0746e2280_0;  1 drivers
v0x55d0746e3a60_0 .net "reset", 0 0, v0x55d0746e4b20_0;  1 drivers
v0x55d0746e3b00_0 .net "zeraC", 0 0, v0x55d0746e23e0_0;  1 drivers
v0x55d0746e3ba0_0 .net "zeraR", 0 0, v0x55d0746e2480_0;  1 drivers
S_0x55d0746a3340 .scope module, "fd" "fluxo_dados" 3 44, 4 1 0, S_0x55d0746b81b0;
 .timescale 0 0;
    .port_info 0 /INPUT 1 "clock"
    .port_info 1 /INPUT 1 "zeraR"
    .port_info 2 /INPUT 1 "zeraC"
    .port_info 3 /INPUT 1 "registraR"
    .port_info 4 /INPUT 1 "contaC"
    .port_info 5 /INPUT 4 "chaves"
    .port_info 6 /OUTPUT 1 "chavesIgualMemoria"
    .port_info 7 /OUTPUT 1 "fimC"
    .port_info 8 /OUTPUT 1 "jogada_feita"
    .port_info 9 /OUTPUT 1 "db_tem_jogada"
    .port_info 10 /OUTPUT 4 "db_contagem"
    .port_info 11 /OUTPUT 4 "db_jogada"
    .port_info 12 /OUTPUT 4 "db_memoria"
L_0x55d07466e790 .functor NOT 1, v0x55d0746e23e0_0, C4<0>, C4<0>, C4<0>;
L_0x55d0746e5f50 .functor OR 1, L_0x55d0746e5d20, L_0x55d0746e5e80, C4<0>, C4<0>;
L_0x55d0746e60e0 .functor OR 1, L_0x55d0746e5f50, L_0x55d0746e6040, C4<0>, C4<0>;
L_0x55d0746e62c0 .functor OR 1, L_0x55d0746e60e0, L_0x55d0746e61f0, C4<0>, C4<0>;
L_0x55d0746e6440 .functor BUFZ 4, v0x55d0746dcf10_0, C4<0000>, C4<0000>, C4<0000>;
L_0x55d0746e64b0 .functor BUFZ 4, v0x55d0746de5e0_0, C4<0000>, C4<0000>, C4<0000>;
L_0x55d0746e6560 .functor BUFZ 4, v0x55d0746de190_0, C4<0000>, C4<0000>, C4<0000>;
v0x55d0746deaa0_0 .net *"_s15", 0 0, L_0x55d0746e5d20;  1 drivers
v0x55d0746deba0_0 .net *"_s17", 0 0, L_0x55d0746e5e80;  1 drivers
v0x55d0746dec80_0 .net *"_s18", 0 0, L_0x55d0746e5f50;  1 drivers
v0x55d0746ded20_0 .net *"_s21", 0 0, L_0x55d0746e6040;  1 drivers
v0x55d0746dee00_0 .net *"_s22", 0 0, L_0x55d0746e60e0;  1 drivers
v0x55d0746def10_0 .net *"_s25", 0 0, L_0x55d0746e61f0;  1 drivers
v0x55d0746deff0_0 .net "chaves", 3 0, v0x55d0746e3ff0_0;  alias, 1 drivers
v0x55d0746df0b0_0 .net "chavesIgualMemoria", 0 0, L_0x55d0746e5a20;  alias, 1 drivers
v0x55d0746df180_0 .net "clock", 0 0, v0x55d0746e4090_0;  alias, 1 drivers
v0x55d0746df220_0 .net "contaC", 0 0, v0x55d0746e1be0_0;  alias, 1 drivers
v0x55d0746df2f0_0 .net "db_contagem", 3 0, L_0x55d0746e6440;  alias, 1 drivers
v0x55d0746df390_0 .net "db_jogada", 3 0, L_0x55d0746e64b0;  alias, 1 drivers
v0x55d0746df450_0 .net "db_memoria", 3 0, L_0x55d0746e6560;  alias, 1 drivers
v0x55d0746df530_0 .net "db_tem_jogada", 0 0, L_0x55d0746e62c0;  alias, 1 drivers
v0x55d0746df600_0 .net "fimC", 0 0, v0x55d0746dd3e0_0;  alias, 1 drivers
v0x55d0746df6d0_0 .net "jogada_feita", 0 0, L_0x55d0746e5c20;  alias, 1 drivers
v0x55d0746df7a0_0 .net "registraR", 0 0, v0x55d0746e2280_0;  alias, 1 drivers
v0x55d0746df840_0 .net "s_chaves", 3 0, v0x55d0746de5e0_0;  1 drivers
v0x55d0746df8e0_0 .net "s_dado", 3 0, v0x55d0746de190_0;  1 drivers
v0x55d0746df9d0_0 .net "s_endereco", 3 0, v0x55d0746dcf10_0;  1 drivers
v0x55d0746dfac0_0 .net "zeraC", 0 0, v0x55d0746e23e0_0;  alias, 1 drivers
v0x55d0746dfb80_0 .net "zeraR", 0 0, v0x55d0746e2480_0;  alias, 1 drivers
L_0x55d0746e5d20 .part v0x55d0746e3ff0_0, 0, 1;
L_0x55d0746e5e80 .part v0x55d0746e3ff0_0, 1, 1;
L_0x55d0746e6040 .part v0x55d0746e3ff0_0, 2, 1;
L_0x55d0746e61f0 .part v0x55d0746e3ff0_0, 3, 1;
S_0x55d0746a3030 .scope module, "comparador" "comparador_85" 4 50, 5 16 0, S_0x55d0746a3340;
 .timescale 0 0;
    .port_info 0 /INPUT 1 "ALBi"
    .port_info 1 /INPUT 1 "AGBi"
    .port_info 2 /INPUT 1 "AEBi"
    .port_info 3 /INPUT 4 "A"
    .port_info 4 /INPUT 4 "B"
    .port_info 5 /OUTPUT 1 "ALBo"
    .port_info 6 /OUTPUT 1 "AGBo"
    .port_info 7 /OUTPUT 1 "AEBo"
L_0x55d074668ee0 .functor NOT 5, L_0x55d0746e4d20, C4<00000>, C4<00000>, C4<00000>;
L_0x55d07468dca0 .functor NOT 1, L_0x55d0746e51b0, C4<0>, C4<0>, C4<0>;
L_0x55d0746a19a0 .functor NOT 5, L_0x55d0746e53d0, C4<00000>, C4<00000>, C4<00000>;
L_0x55d0746e55b0 .functor NOT 1, L_0x55d0746e5800, C4<0>, C4<0>, C4<0>;
L_0x7fcca17632a0 .functor BUFT 1, C4<1>, C4<0>, C4<0>, C4<0>;
L_0x55d0746e5a20 .functor AND 1, L_0x55d0746e5980, L_0x7fcca17632a0, C4<1>, C4<1>;
v0x55d0746bf760_0 .net "A", 3 0, v0x55d0746de190_0;  alias, 1 drivers
v0x55d0746bfe90_0 .net "AEBi", 0 0, L_0x7fcca17632a0;  1 drivers
v0x55d0746c0510_0 .net "AEBo", 0 0, L_0x55d0746e5a20;  alias, 1 drivers
L_0x7fcca1763258 .functor BUFT 1, C4<0>, C4<0>, C4<0>, C4<0>;
v0x55d0746c0b30_0 .net "AGBi", 0 0, L_0x7fcca1763258;  1 drivers
v0x55d0746a5d20_0 .net "AGBo", 0 0, L_0x55d0746e55b0;  1 drivers
L_0x7fcca1763210 .functor BUFT 1, C4<0>, C4<0>, C4<0>, C4<0>;
v0x55d0746aa340_0 .net "ALBi", 0 0, L_0x7fcca1763210;  1 drivers
v0x55d0746a78d0_0 .net "ALBo", 0 0, L_0x55d07468dca0;  1 drivers
v0x55d0746db930_0 .net "B", 3 0, v0x55d0746de5e0_0;  alias, 1 drivers
v0x55d0746dba10_0 .net "CSG", 4 0, L_0x55d0746e5710;  1 drivers
v0x55d0746dbaf0_0 .net "CSL", 4 0, L_0x55d0746e5090;  1 drivers
v0x55d0746dbbd0_0 .net *"_s0", 4 0, L_0x55d0746e4d20;  1 drivers
v0x55d0746dbcb0_0 .net *"_s10", 4 0, L_0x55d0746e4f50;  1 drivers
L_0x7fcca17632e8 .functor BUFT 1, C4<00000>, C4<0>, C4<0>, C4<0>;
v0x55d0746dbd90_0 .net *"_s12", 4 0, L_0x7fcca17632e8;  1 drivers
v0x55d0746dbe70_0 .net *"_s19", 0 0, L_0x55d0746e51b0;  1 drivers
v0x55d0746dbf50_0 .net *"_s22", 4 0, L_0x55d0746e52f0;  1 drivers
L_0x7fcca1763180 .functor BUFT 1, C4<0>, C4<0>, C4<0>, C4<0>;
v0x55d0746dc030_0 .net *"_s25", 0 0, L_0x7fcca1763180;  1 drivers
v0x55d0746dc110_0 .net *"_s26", 4 0, L_0x55d0746e53d0;  1 drivers
L_0x7fcca17631c8 .functor BUFT 1, C4<0>, C4<0>, C4<0>, C4<0>;
v0x55d0746dc1f0_0 .net *"_s29", 0 0, L_0x7fcca17631c8;  1 drivers
L_0x7fcca17630f0 .functor BUFT 1, C4<0>, C4<0>, C4<0>, C4<0>;
v0x55d0746dc2d0_0 .net *"_s3", 0 0, L_0x7fcca17630f0;  1 drivers
v0x55d0746dc3b0_0 .net *"_s30", 4 0, L_0x55d0746a19a0;  1 drivers
v0x55d0746dc490_0 .net *"_s32", 4 0, L_0x55d0746e5510;  1 drivers
L_0x7fcca1763330 .functor BUFT 1, C4<00000>, C4<0>, C4<0>, C4<0>;
v0x55d0746dc570_0 .net *"_s34", 4 0, L_0x7fcca1763330;  1 drivers
v0x55d0746dc650_0 .net *"_s4", 4 0, L_0x55d074668ee0;  1 drivers
v0x55d0746dc730_0 .net *"_s41", 0 0, L_0x55d0746e5800;  1 drivers
v0x55d0746dc810_0 .net *"_s44", 0 0, L_0x55d0746e5980;  1 drivers
v0x55d0746dc8d0_0 .net *"_s6", 4 0, L_0x55d0746e4e60;  1 drivers
L_0x7fcca1763138 .functor BUFT 1, C4<0>, C4<0>, C4<0>, C4<0>;
v0x55d0746dc9b0_0 .net *"_s9", 0 0, L_0x7fcca1763138;  1 drivers
L_0x55d0746e4d20 .concat [ 4 1 0 0], v0x55d0746de190_0, L_0x7fcca17630f0;
L_0x55d0746e4e60 .concat [ 4 1 0 0], v0x55d0746de5e0_0, L_0x7fcca1763138;
L_0x55d0746e4f50 .arith/sum 5, L_0x55d074668ee0, L_0x55d0746e4e60;
L_0x55d0746e5090 .arith/sum 5, L_0x55d0746e4f50, L_0x7fcca17632e8;
L_0x55d0746e51b0 .part L_0x55d0746e5090, 4, 1;
L_0x55d0746e52f0 .concat [ 4 1 0 0], v0x55d0746de190_0, L_0x7fcca1763180;
L_0x55d0746e53d0 .concat [ 4 1 0 0], v0x55d0746de5e0_0, L_0x7fcca17631c8;
L_0x55d0746e5510 .arith/sum 5, L_0x55d0746e52f0, L_0x55d0746a19a0;
L_0x55d0746e5710 .arith/sum 5, L_0x55d0746e5510, L_0x7fcca1763330;
L_0x55d0746e5800 .part L_0x55d0746e5710, 4, 1;
L_0x55d0746e5980 .cmp/eq 4, v0x55d0746de190_0, v0x55d0746de5e0_0;
S_0x55d0746dcb90 .scope module, "contador" "contador_163" 4 21, 6 16 0, S_0x55d0746a3340;
 .timescale 0 0;
    .port_info 0 /INPUT 1 "clock"
    .port_info 1 /INPUT 1 "clr"
    .port_info 2 /INPUT 1 "ld"
    .port_info 3 /INPUT 1 "ent"
    .port_info 4 /INPUT 1 "enp"
    .port_info 5 /INPUT 4 "D"
    .port_info 6 /OUTPUT 4 "Q"
    .port_info 7 /OUTPUT 1 "rco"
L_0x7fcca17630a8 .functor BUFT 1, C4<0000>, C4<0>, C4<0>, C4<0>;
v0x55d0746dce10_0 .net "D", 3 0, L_0x7fcca17630a8;  1 drivers
v0x55d0746dcf10_0 .var "Q", 3 0;
v0x55d0746dcff0_0 .net "clock", 0 0, v0x55d0746e4090_0;  alias, 1 drivers
v0x55d0746dd090_0 .net "clr", 0 0, L_0x55d07466e790;  1 drivers
v0x55d0746dd150_0 .net "enp", 0 0, v0x55d0746e1be0_0;  alias, 1 drivers
L_0x7fcca1763060 .functor BUFT 1, C4<1>, C4<0>, C4<0>, C4<0>;
v0x55d0746dd260_0 .net "ent", 0 0, L_0x7fcca1763060;  1 drivers
L_0x7fcca1763018 .functor BUFT 1, C4<1>, C4<0>, C4<0>, C4<0>;
v0x55d0746dd320_0 .net "ld", 0 0, L_0x7fcca1763018;  1 drivers
v0x55d0746dd3e0_0 .var "rco", 0 0;
E_0x55d0746875e0 .event edge, v0x55d0746dd260_0, v0x55d0746dcf10_0;
E_0x55d0746848b0 .event posedge, v0x55d0746dcff0_0;
S_0x55d0746dd5f0 .scope module, "edge_detect" "edge_detector" 4 61, 7 21 0, S_0x55d0746a3340;
 .timescale 0 0;
    .port_info 0 /INPUT 1 "clock"
    .port_info 1 /INPUT 1 "reset"
    .port_info 2 /INPUT 1 "sinal"
    .port_info 3 /OUTPUT 1 "pulso"
L_0x55d0746e5b80 .functor NOT 1, v0x55d0746dda90_0, C4<0>, C4<0>, C4<0>;
L_0x55d0746e5c20 .functor AND 1, L_0x55d0746e5b80, v0x55d0746dd9f0_0, C4<1>, C4<1>;
v0x55d0746dd790_0 .net *"_s0", 0 0, L_0x55d0746e5b80;  1 drivers
v0x55d0746dd890_0 .net "clock", 0 0, v0x55d0746e4090_0;  alias, 1 drivers
v0x55d0746dd950_0 .net "pulso", 0 0, L_0x55d0746e5c20;  alias, 1 drivers
v0x55d0746dd9f0_0 .var "reg0", 0 0;
v0x55d0746dda90_0 .var "reg1", 0 0;
v0x55d0746ddb80_0 .net "reset", 0 0, v0x55d0746e2280_0;  alias, 1 drivers
v0x55d0746ddc40_0 .net "sinal", 0 0, L_0x55d0746e62c0;  alias, 1 drivers
E_0x55d074687250 .event posedge, v0x55d0746ddb80_0, v0x55d0746dcff0_0;
S_0x55d0746ddd80 .scope module, "memoria" "sync_rom_16x4" 4 41, 8 13 0, S_0x55d0746a3340;
 .timescale 0 0;
    .port_info 0 /INPUT 1 "clock"
    .port_info 1 /INPUT 4 "address"
    .port_info 2 /OUTPUT 4 "data_out"
v0x55d0746ddfc0_0 .net "address", 3 0, v0x55d0746dcf10_0;  alias, 1 drivers
v0x55d0746de0a0_0 .net "clock", 0 0, v0x55d0746e4090_0;  alias, 1 drivers
v0x55d0746de190_0 .var "data_out", 3 0;
S_0x55d0746de2a0 .scope module, "registrador" "registrador_4" 4 32, 9 13 0, S_0x55d0746a3340;
 .timescale 0 0;
    .port_info 0 /INPUT 1 "clock"
    .port_info 1 /INPUT 1 "clear"
    .port_info 2 /INPUT 1 "enable"
    .port_info 3 /INPUT 4 "D"
    .port_info 4 /OUTPUT 4 "Q"
v0x55d0746de4e0_0 .net "D", 3 0, v0x55d0746e3ff0_0;  alias, 1 drivers
v0x55d0746de5e0_0 .var "IQ", 3 0;
v0x55d0746de6c0_0 .net "Q", 3 0, v0x55d0746de5e0_0;  alias, 1 drivers
v0x55d0746de7c0_0 .net "clear", 0 0, v0x55d0746e2480_0;  alias, 1 drivers
v0x55d0746de860_0 .net "clock", 0 0, v0x55d0746e4090_0;  alias, 1 drivers
v0x55d0746de950_0 .net "enable", 0 0, v0x55d0746e2280_0;  alias, 1 drivers
E_0x55d0746874b0 .event posedge, v0x55d0746de7c0_0, v0x55d0746dcff0_0;
S_0x55d0746dfda0 .scope module, "hexa7seg_CHAVES" "hexa7seg" 3 61, 10 23 0, S_0x55d0746b81b0;
 .timescale 0 0;
    .port_info 0 /INPUT 4 "hexa"
    .port_info 1 /OUTPUT 7 "display"
v0x55d0746e0010_0 .var "display", 6 0;
v0x55d0746e0110_0 .net "hexa", 3 0, L_0x55d0746e64b0;  alias, 1 drivers
E_0x55d0746dff90 .event edge, v0x55d0746df390_0;
S_0x55d0746e0210 .scope module, "hexa7seg_CONT" "hexa7seg" 3 67, 10 23 0, S_0x55d0746b81b0;
 .timescale 0 0;
    .port_info 0 /INPUT 4 "hexa"
    .port_info 1 /OUTPUT 7 "display"
v0x55d0746e0480_0 .var "display", 6 0;
v0x55d0746e0580_0 .net "hexa", 3 0, L_0x55d0746e6440;  alias, 1 drivers
E_0x55d0746e0420 .event edge, v0x55d0746df2f0_0;
S_0x55d0746e0680 .scope module, "hexa7seg_EST" "hexa7seg" 3 79, 10 23 0, S_0x55d0746b81b0;
 .timescale 0 0;
    .port_info 0 /INPUT 4 "hexa"
    .port_info 1 /OUTPUT 7 "display"
v0x55d0746e0910_0 .var "display", 6 0;
v0x55d0746e0a10_0 .net "hexa", 3 0, v0x55d0746e1d20_0;  alias, 1 drivers
E_0x55d0746e0890 .event edge, v0x55d0746e0a10_0;
S_0x55d0746e0b50 .scope module, "hexa7seg_MEM" "hexa7seg" 3 73, 10 23 0, S_0x55d0746b81b0;
 .timescale 0 0;
    .port_info 0 /INPUT 4 "hexa"
    .port_info 1 /OUTPUT 7 "display"
v0x55d0746e0e30_0 .var "display", 6 0;
v0x55d0746e0f30_0 .net "hexa", 3 0, L_0x55d0746e6560;  alias, 1 drivers
E_0x55d0746e0db0 .event edge, v0x55d0746df450_0;
S_0x55d0746e1030 .scope module, "uc" "unidade_controle" 3 26, 11 15 0, S_0x55d0746b81b0;
 .timescale 0 0;
    .port_info 0 /INPUT 1 "clock"
    .port_info 1 /INPUT 1 "reset"
    .port_info 2 /INPUT 1 "iniciar"
    .port_info 3 /INPUT 1 "fimC"
    .port_info 4 /INPUT 1 "jogada"
    .port_info 5 /INPUT 1 "igual"
    .port_info 6 /OUTPUT 1 "zeraC"
    .port_info 7 /OUTPUT 1 "contaC"
    .port_info 8 /OUTPUT 1 "zeraR"
    .port_info 9 /OUTPUT 1 "registraR"
    .port_info 10 /OUTPUT 1 "pronto"
    .port_info 11 /OUTPUT 1 "errou"
    .port_info 12 /OUTPUT 1 "acertou"
    .port_info 13 /OUTPUT 4 "db_estado"
P_0x55d074696a70 .param/l "comparacao" 0 11 37, C4<0101>;
P_0x55d074696ab0 .param/l "derrota" 0 11 39, C4<1110>;
P_0x55d074696af0 .param/l "espera" 0 11 35, C4<0001>;
P_0x55d074696b30 .param/l "inicial" 0 11 33, C4<0000>;
P_0x55d074696b70 .param/l "preparacao" 0 11 34, C4<0011>;
P_0x55d074696bb0 .param/l "proximo" 0 11 38, C4<0110>;
P_0x55d074696bf0 .param/l "registra" 0 11 36, C4<0100>;
P_0x55d074696c30 .param/l "vitoria" 0 11 40, C4<1101>;
v0x55d0746e1890_0 .var "Eatual", 3 0;
v0x55d0746e1990_0 .var "Eprox", 3 0;
v0x55d0746e1a70_0 .var "acertou", 0 0;
v0x55d0746e1b40_0 .net "clock", 0 0, v0x55d0746e4090_0;  alias, 1 drivers
v0x55d0746e1be0_0 .var "contaC", 0 0;
v0x55d0746e1d20_0 .var "db_estado", 3 0;
v0x55d0746e1de0_0 .var "errou", 0 0;
v0x55d0746e1e80_0 .net "fimC", 0 0, v0x55d0746dd3e0_0;  alias, 1 drivers
v0x55d0746e1f70_0 .net "igual", 0 0, L_0x55d0746e5a20;  alias, 1 drivers
v0x55d0746e2010_0 .net "iniciar", 0 0, v0x55d0746e4880_0;  alias, 1 drivers
v0x55d0746e20d0_0 .net "jogada", 0 0, L_0x55d0746e5c20;  alias, 1 drivers
v0x55d0746e21c0_0 .var "pronto", 0 0;
v0x55d0746e2280_0 .var "registraR", 0 0;
v0x55d0746e2320_0 .net "reset", 0 0, v0x55d0746e4b20_0;  alias, 1 drivers
v0x55d0746e23e0_0 .var "zeraC", 0 0;
v0x55d0746e2480_0 .var "zeraR", 0 0;
E_0x55d0746e1760 .event edge, v0x55d0746e1890_0;
E_0x55d0746e17c0/0 .event edge, v0x55d0746e1890_0, v0x55d0746e2010_0, v0x55d0746dd950_0, v0x55d0746c0510_0;
E_0x55d0746e17c0/1 .event edge, v0x55d0746dd3e0_0;
E_0x55d0746e17c0 .event/or E_0x55d0746e17c0/0, E_0x55d0746e17c0/1;
E_0x55d0746e1830 .event posedge, v0x55d0746e2320_0, v0x55d0746dcff0_0;
    .scope S_0x55d0746e1030;
T_0 ;
    %wait E_0x55d0746e1830;
    %load/vec4 v0x55d0746e2320_0;
    %flag_set/vec4 8;
    %jmp/0xz  T_0.0, 8;
    %pushi/vec4 0, 0, 4;
    %assign/vec4 v0x55d0746e1890_0, 0;
    %jmp T_0.1;
T_0.0 ;
    %load/vec4 v0x55d0746e1990_0;
    %assign/vec4 v0x55d0746e1890_0, 0;
T_0.1 ;
    %jmp T_0;
    .thread T_0;
    .scope S_0x55d0746e1030;
T_1 ;
    %wait E_0x55d0746e17c0;
    %load/vec4 v0x55d0746e1890_0;
    %dup/vec4;
    %pushi/vec4 0, 0, 4;
    %cmp/u;
    %jmp/1 T_1.0, 6;
    %dup/vec4;
    %pushi/vec4 3, 0, 4;
    %cmp/u;
    %jmp/1 T_1.1, 6;
    %dup/vec4;
    %pushi/vec4 1, 0, 4;
    %cmp/u;
    %jmp/1 T_1.2, 6;
    %dup/vec4;
    %pushi/vec4 4, 0, 4;
    %cmp/u;
    %jmp/1 T_1.3, 6;
    %dup/vec4;
    %pushi/vec4 5, 0, 4;
    %cmp/u;
    %jmp/1 T_1.4, 6;
    %dup/vec4;
    %pushi/vec4 6, 0, 4;
    %cmp/u;
    %jmp/1 T_1.5, 6;
    %dup/vec4;
    %pushi/vec4 14, 0, 4;
    %cmp/u;
    %jmp/1 T_1.6, 6;
    %dup/vec4;
    %pushi/vec4 13, 0, 4;
    %cmp/u;
    %jmp/1 T_1.7, 6;
    %pushi/vec4 0, 0, 4;
    %store/vec4 v0x55d0746e1990_0, 0, 4;
    %jmp T_1.9;
T_1.0 ;
    %load/vec4 v0x55d0746e2010_0;
    %flag_set/vec4 8;
    %jmp/0 T_1.10, 8;
    %pushi/vec4 3, 0, 4;
    %jmp/1 T_1.11, 8;
T_1.10 ; End of true expr.
    %pushi/vec4 0, 0, 4;
    %jmp/0 T_1.11, 8;
 ; End of false expr.
    %blend;
T_1.11;
    %store/vec4 v0x55d0746e1990_0, 0, 4;
    %jmp T_1.9;
T_1.1 ;
    %pushi/vec4 1, 0, 4;
    %store/vec4 v0x55d0746e1990_0, 0, 4;
    %jmp T_1.9;
T_1.2 ;
    %load/vec4 v0x55d0746e20d0_0;
    %flag_set/vec4 8;
    %jmp/0 T_1.12, 8;
    %pushi/vec4 4, 0, 4;
    %jmp/1 T_1.13, 8;
T_1.12 ; End of true expr.
    %pushi/vec4 1, 0, 4;
    %jmp/0 T_1.13, 8;
 ; End of false expr.
    %blend;
T_1.13;
    %store/vec4 v0x55d0746e1990_0, 0, 4;
    %jmp T_1.9;
T_1.3 ;
    %pushi/vec4 5, 0, 4;
    %store/vec4 v0x55d0746e1990_0, 0, 4;
    %jmp T_1.9;
T_1.4 ;
    %load/vec4 v0x55d0746e1f70_0;
    %inv;
    %flag_set/vec4 8;
    %jmp/0 T_1.14, 8;
    %pushi/vec4 14, 0, 4;
    %jmp/1 T_1.15, 8;
T_1.14 ; End of true expr.
    %load/vec4 v0x55d0746e1e80_0;
    %flag_set/vec4 9;
    %jmp/0 T_1.16, 9;
    %pushi/vec4 13, 0, 4;
    %jmp/1 T_1.17, 9;
T_1.16 ; End of true expr.
    %pushi/vec4 6, 0, 4;
    %jmp/0 T_1.17, 9;
 ; End of false expr.
    %blend;
T_1.17;
    %jmp/0 T_1.15, 8;
 ; End of false expr.
    %blend;
T_1.15;
    %store/vec4 v0x55d0746e1990_0, 0, 4;
    %jmp T_1.9;
T_1.5 ;
    %pushi/vec4 1, 0, 4;
    %store/vec4 v0x55d0746e1990_0, 0, 4;
    %jmp T_1.9;
T_1.6 ;
    %load/vec4 v0x55d0746e2010_0;
    %flag_set/vec4 8;
    %jmp/0 T_1.18, 8;
    %pushi/vec4 3, 0, 4;
    %jmp/1 T_1.19, 8;
T_1.18 ; End of true expr.
    %pushi/vec4 14, 0, 4;
    %jmp/0 T_1.19, 8;
 ; End of false expr.
    %blend;
T_1.19;
    %store/vec4 v0x55d0746e1990_0, 0, 4;
    %jmp T_1.9;
T_1.7 ;
    %load/vec4 v0x55d0746e2010_0;
    %flag_set/vec4 8;
    %jmp/0 T_1.20, 8;
    %pushi/vec4 3, 0, 4;
    %jmp/1 T_1.21, 8;
T_1.20 ; End of true expr.
    %pushi/vec4 13, 0, 4;
    %jmp/0 T_1.21, 8;
 ; End of false expr.
    %blend;
T_1.21;
    %store/vec4 v0x55d0746e1990_0, 0, 4;
    %jmp T_1.9;
T_1.9 ;
    %pop/vec4 1;
    %jmp T_1;
    .thread T_1, $push;
    .scope S_0x55d0746e1030;
T_2 ;
    %wait E_0x55d0746e1760;
    %load/vec4 v0x55d0746e1890_0;
    %cmpi/e 0, 0, 4;
    %flag_mov 8, 4;
    %load/vec4 v0x55d0746e1890_0;
    %cmpi/e 3, 0, 4;
    %flag_or 4, 8;
    %flag_mov 8, 4;
    %jmp/0 T_2.0, 8;
    %pushi/vec4 1, 0, 1;
    %jmp/1 T_2.1, 8;
T_2.0 ; End of true expr.
    %pushi/vec4 0, 0, 1;
    %jmp/0 T_2.1, 8;
 ; End of false expr.
    %blend;
T_2.1;
    %store/vec4 v0x55d0746e23e0_0, 0, 1;
    %load/vec4 v0x55d0746e1890_0;
    %cmpi/e 0, 0, 4;
    %flag_mov 8, 4;
    %load/vec4 v0x55d0746e1890_0;
    %cmpi/e 3, 0, 4;
    %flag_or 4, 8;
    %flag_mov 8, 4;
    %jmp/0 T_2.2, 8;
    %pushi/vec4 1, 0, 1;
    %jmp/1 T_2.3, 8;
T_2.2 ; End of true expr.
    %pushi/vec4 0, 0, 1;
    %jmp/0 T_2.3, 8;
 ; End of false expr.
    %blend;
T_2.3;
    %store/vec4 v0x55d0746e2480_0, 0, 1;
    %load/vec4 v0x55d0746e1890_0;
    %cmpi/e 4, 0, 4;
    %flag_mov 8, 4;
    %jmp/0 T_2.4, 8;
    %pushi/vec4 1, 0, 1;
    %jmp/1 T_2.5, 8;
T_2.4 ; End of true expr.
    %pushi/vec4 0, 0, 1;
    %jmp/0 T_2.5, 8;
 ; End of false expr.
    %blend;
T_2.5;
    %store/vec4 v0x55d0746e2280_0, 0, 1;
    %load/vec4 v0x55d0746e1890_0;
    %cmpi/e 6, 0, 4;
    %flag_mov 8, 4;
    %jmp/0 T_2.6, 8;
    %pushi/vec4 1, 0, 1;
    %jmp/1 T_2.7, 8;
T_2.6 ; End of true expr.
    %pushi/vec4 0, 0, 1;
    %jmp/0 T_2.7, 8;
 ; End of false expr.
    %blend;
T_2.7;
    %store/vec4 v0x55d0746e1be0_0, 0, 1;
    %load/vec4 v0x55d0746e1890_0;
    %cmpi/e 14, 0, 4;
    %flag_mov 8, 4;
    %jmp/0 T_2.8, 8;
    %pushi/vec4 1, 0, 1;
    %jmp/1 T_2.9, 8;
T_2.8 ; End of true expr.
    %load/vec4 v0x55d0746e1890_0;
    %cmpi/e 13, 0, 4;
    %flag_mov 9, 4;
    %jmp/0 T_2.10, 9;
    %pushi/vec4 1, 0, 1;
    %jmp/1 T_2.11, 9;
T_2.10 ; End of true expr.
    %pushi/vec4 0, 0, 1;
    %jmp/0 T_2.11, 9;
 ; End of false expr.
    %blend;
T_2.11;
    %jmp/0 T_2.9, 8;
 ; End of false expr.
    %blend;
T_2.9;
    %store/vec4 v0x55d0746e21c0_0, 0, 1;
    %load/vec4 v0x55d0746e1890_0;
    %cmpi/e 14, 0, 4;
    %flag_mov 8, 4;
    %jmp/0 T_2.12, 8;
    %pushi/vec4 1, 0, 1;
    %jmp/1 T_2.13, 8;
T_2.12 ; End of true expr.
    %pushi/vec4 0, 0, 1;
    %jmp/0 T_2.13, 8;
 ; End of false expr.
    %blend;
T_2.13;
    %store/vec4 v0x55d0746e1de0_0, 0, 1;
    %load/vec4 v0x55d0746e1890_0;
    %cmpi/e 13, 0, 4;
    %flag_mov 8, 4;
    %jmp/0 T_2.14, 8;
    %pushi/vec4 1, 0, 1;
    %jmp/1 T_2.15, 8;
T_2.14 ; End of true expr.
    %pushi/vec4 0, 0, 1;
    %jmp/0 T_2.15, 8;
 ; End of false expr.
    %blend;
T_2.15;
    %store/vec4 v0x55d0746e1a70_0, 0, 1;
    %load/vec4 v0x55d0746e1890_0;
    %dup/vec4;
    %pushi/vec4 0, 0, 4;
    %cmp/u;
    %jmp/1 T_2.16, 6;
    %dup/vec4;
    %pushi/vec4 3, 0, 4;
    %cmp/u;
    %jmp/1 T_2.17, 6;
    %dup/vec4;
    %pushi/vec4 4, 0, 4;
    %cmp/u;
    %jmp/1 T_2.18, 6;
    %dup/vec4;
    %pushi/vec4 5, 0, 4;
    %cmp/u;
    %jmp/1 T_2.19, 6;
    %dup/vec4;
    %pushi/vec4 6, 0, 4;
    %cmp/u;
    %jmp/1 T_2.20, 6;
    %dup/vec4;
    %pushi/vec4 14, 0, 4;
    %cmp/u;
    %jmp/1 T_2.21, 6;
    %dup/vec4;
    %pushi/vec4 13, 0, 4;
    %cmp/u;
    %jmp/1 T_2.22, 6;
    %dup/vec4;
    %pushi/vec4 1, 0, 4;
    %cmp/u;
    %jmp/1 T_2.23, 6;
    %pushi/vec4 15, 0, 4;
    %store/vec4 v0x55d0746e1d20_0, 0, 4;
    %jmp T_2.25;
T_2.16 ;
    %pushi/vec4 0, 0, 4;
    %store/vec4 v0x55d0746e1d20_0, 0, 4;
    %jmp T_2.25;
T_2.17 ;
    %pushi/vec4 3, 0, 4;
    %store/vec4 v0x55d0746e1d20_0, 0, 4;
    %jmp T_2.25;
T_2.18 ;
    %pushi/vec4 4, 0, 4;
    %store/vec4 v0x55d0746e1d20_0, 0, 4;
    %jmp T_2.25;
T_2.19 ;
    %pushi/vec4 5, 0, 4;
    %store/vec4 v0x55d0746e1d20_0, 0, 4;
    %jmp T_2.25;
T_2.20 ;
    %pushi/vec4 6, 0, 4;
    %store/vec4 v0x55d0746e1d20_0, 0, 4;
    %jmp T_2.25;
T_2.21 ;
    %pushi/vec4 14, 0, 4;
    %store/vec4 v0x55d0746e1d20_0, 0, 4;
    %jmp T_2.25;
T_2.22 ;
    %pushi/vec4 13, 0, 4;
    %store/vec4 v0x55d0746e1d20_0, 0, 4;
    %jmp T_2.25;
T_2.23 ;
    %pushi/vec4 1, 0, 4;
    %store/vec4 v0x55d0746e1d20_0, 0, 4;
    %jmp T_2.25;
T_2.25 ;
    %pop/vec4 1;
    %jmp T_2;
    .thread T_2, $push;
    .scope S_0x55d0746dcb90;
T_3 ;
    %wait E_0x55d0746848b0;
    %load/vec4 v0x55d0746dd090_0;
    %inv;
    %flag_set/vec4 8;
    %jmp/0xz  T_3.0, 8;
    %pushi/vec4 0, 0, 4;
    %assign/vec4 v0x55d0746dcf10_0, 0;
    %jmp T_3.1;
T_3.0 ;
    %load/vec4 v0x55d0746dd320_0;
    %inv;
    %flag_set/vec4 8;
    %jmp/0xz  T_3.2, 8;
    %load/vec4 v0x55d0746dce10_0;
    %assign/vec4 v0x55d0746dcf10_0, 0;
    %jmp T_3.3;
T_3.2 ;
    %load/vec4 v0x55d0746dd260_0;
    %load/vec4 v0x55d0746dd150_0;
    %and;
    %flag_set/vec4 8;
    %jmp/0xz  T_3.4, 8;
    %load/vec4 v0x55d0746dcf10_0;
    %addi 1, 0, 4;
    %assign/vec4 v0x55d0746dcf10_0, 0;
    %jmp T_3.5;
T_3.4 ;
    %load/vec4 v0x55d0746dcf10_0;
    %assign/vec4 v0x55d0746dcf10_0, 0;
T_3.5 ;
T_3.3 ;
T_3.1 ;
    %jmp T_3;
    .thread T_3;
    .scope S_0x55d0746dcb90;
T_4 ;
    %wait E_0x55d0746875e0;
    %load/vec4 v0x55d0746dd260_0;
    %load/vec4 v0x55d0746dcf10_0;
    %pushi/vec4 15, 0, 4;
    %cmp/e;
    %flag_get/vec4 4;
    %and;
    %flag_set/vec4 8;
    %jmp/0xz  T_4.0, 8;
    %pushi/vec4 1, 0, 1;
    %store/vec4 v0x55d0746dd3e0_0, 0, 1;
    %jmp T_4.1;
T_4.0 ;
    %pushi/vec4 0, 0, 1;
    %store/vec4 v0x55d0746dd3e0_0, 0, 1;
T_4.1 ;
    %jmp T_4;
    .thread T_4, $push;
    .scope S_0x55d0746de2a0;
T_5 ;
    %wait E_0x55d0746874b0;
    %load/vec4 v0x55d0746de7c0_0;
    %flag_set/vec4 8;
    %jmp/0xz  T_5.0, 8;
    %pushi/vec4 0, 0, 4;
    %assign/vec4 v0x55d0746de5e0_0, 0;
    %jmp T_5.1;
T_5.0 ;
    %load/vec4 v0x55d0746de950_0;
    %flag_set/vec4 8;
    %jmp/0xz  T_5.2, 8;
    %load/vec4 v0x55d0746de4e0_0;
    %assign/vec4 v0x55d0746de5e0_0, 0;
T_5.2 ;
T_5.1 ;
    %jmp T_5;
    .thread T_5;
    .scope S_0x55d0746ddd80;
T_6 ;
    %wait E_0x55d0746848b0;
    %load/vec4 v0x55d0746ddfc0_0;
    %dup/vec4;
    %pushi/vec4 0, 0, 4;
    %cmp/u;
    %jmp/1 T_6.0, 6;
    %dup/vec4;
    %pushi/vec4 1, 0, 4;
    %cmp/u;
    %jmp/1 T_6.1, 6;
    %dup/vec4;
    %pushi/vec4 2, 0, 4;
    %cmp/u;
    %jmp/1 T_6.2, 6;
    %dup/vec4;
    %pushi/vec4 3, 0, 4;
    %cmp/u;
    %jmp/1 T_6.3, 6;
    %dup/vec4;
    %pushi/vec4 4, 0, 4;
    %cmp/u;
    %jmp/1 T_6.4, 6;
    %dup/vec4;
    %pushi/vec4 5, 0, 4;
    %cmp/u;
    %jmp/1 T_6.5, 6;
    %dup/vec4;
    %pushi/vec4 6, 0, 4;
    %cmp/u;
    %jmp/1 T_6.6, 6;
    %dup/vec4;
    %pushi/vec4 7, 0, 4;
    %cmp/u;
    %jmp/1 T_6.7, 6;
    %dup/vec4;
    %pushi/vec4 8, 0, 4;
    %cmp/u;
    %jmp/1 T_6.8, 6;
    %dup/vec4;
    %pushi/vec4 9, 0, 4;
    %cmp/u;
    %jmp/1 T_6.9, 6;
    %dup/vec4;
    %pushi/vec4 10, 0, 4;
    %cmp/u;
    %jmp/1 T_6.10, 6;
    %dup/vec4;
    %pushi/vec4 11, 0, 4;
    %cmp/u;
    %jmp/1 T_6.11, 6;
    %dup/vec4;
    %pushi/vec4 12, 0, 4;
    %cmp/u;
    %jmp/1 T_6.12, 6;
    %dup/vec4;
    %pushi/vec4 13, 0, 4;
    %cmp/u;
    %jmp/1 T_6.13, 6;
    %dup/vec4;
    %pushi/vec4 14, 0, 4;
    %cmp/u;
    %jmp/1 T_6.14, 6;
    %dup/vec4;
    %pushi/vec4 15, 0, 4;
    %cmp/u;
    %jmp/1 T_6.15, 6;
    %jmp T_6.16;
T_6.0 ;
    %pushi/vec4 1, 0, 4;
    %store/vec4 v0x55d0746de190_0, 0, 4;
    %jmp T_6.16;
T_6.1 ;
    %pushi/vec4 2, 0, 4;
    %store/vec4 v0x55d0746de190_0, 0, 4;
    %jmp T_6.16;
T_6.2 ;
    %pushi/vec4 4, 0, 4;
    %store/vec4 v0x55d0746de190_0, 0, 4;
    %jmp T_6.16;
T_6.3 ;
    %pushi/vec4 8, 0, 4;
    %store/vec4 v0x55d0746de190_0, 0, 4;
    %jmp T_6.16;
T_6.4 ;
    %pushi/vec4 4, 0, 4;
    %store/vec4 v0x55d0746de190_0, 0, 4;
    %jmp T_6.16;
T_6.5 ;
    %pushi/vec4 2, 0, 4;
    %store/vec4 v0x55d0746de190_0, 0, 4;
    %jmp T_6.16;
T_6.6 ;
    %pushi/vec4 1, 0, 4;
    %store/vec4 v0x55d0746de190_0, 0, 4;
    %jmp T_6.16;
T_6.7 ;
    %pushi/vec4 1, 0, 4;
    %store/vec4 v0x55d0746de190_0, 0, 4;
    %jmp T_6.16;
T_6.8 ;
    %pushi/vec4 2, 0, 4;
    %store/vec4 v0x55d0746de190_0, 0, 4;
    %jmp T_6.16;
T_6.9 ;
    %pushi/vec4 2, 0, 4;
    %store/vec4 v0x55d0746de190_0, 0, 4;
    %jmp T_6.16;
T_6.10 ;
    %pushi/vec4 4, 0, 4;
    %store/vec4 v0x55d0746de190_0, 0, 4;
    %jmp T_6.16;
T_6.11 ;
    %pushi/vec4 4, 0, 4;
    %store/vec4 v0x55d0746de190_0, 0, 4;
    %jmp T_6.16;
T_6.12 ;
    %pushi/vec4 8, 0, 4;
    %store/vec4 v0x55d0746de190_0, 0, 4;
    %jmp T_6.16;
T_6.13 ;
    %pushi/vec4 8, 0, 4;
    %store/vec4 v0x55d0746de190_0, 0, 4;
    %jmp T_6.16;
T_6.14 ;
    %pushi/vec4 1, 0, 4;
    %store/vec4 v0x55d0746de190_0, 0, 4;
    %jmp T_6.16;
T_6.15 ;
    %pushi/vec4 4, 0, 4;
    %store/vec4 v0x55d0746de190_0, 0, 4;
    %jmp T_6.16;
T_6.16 ;
    %pop/vec4 1;
    %jmp T_6;
    .thread T_6;
    .scope S_0x55d0746dd5f0;
T_7 ;
    %wait E_0x55d074687250;
    %load/vec4 v0x55d0746ddb80_0;
    %flag_set/vec4 8;
    %jmp/0xz  T_7.0, 8;
    %pushi/vec4 0, 0, 1;
    %assign/vec4 v0x55d0746dd9f0_0, 0;
    %pushi/vec4 0, 0, 1;
    %assign/vec4 v0x55d0746dda90_0, 0;
    %jmp T_7.1;
T_7.0 ;
    %load/vec4 v0x55d0746dd890_0;
    %flag_set/vec4 8;
    %jmp/0xz  T_7.2, 8;
    %load/vec4 v0x55d0746ddc40_0;
    %assign/vec4 v0x55d0746dd9f0_0, 0;
    %load/vec4 v0x55d0746dd9f0_0;
    %assign/vec4 v0x55d0746dda90_0, 0;
T_7.2 ;
T_7.1 ;
    %jmp T_7;
    .thread T_7;
    .scope S_0x55d0746dfda0;
T_8 ;
    %wait E_0x55d0746dff90;
    %load/vec4 v0x55d0746e0110_0;
    %dup/vec4;
    %pushi/vec4 0, 0, 4;
    %cmp/u;
    %jmp/1 T_8.0, 6;
    %dup/vec4;
    %pushi/vec4 1, 0, 4;
    %cmp/u;
    %jmp/1 T_8.1, 6;
    %dup/vec4;
    %pushi/vec4 2, 0, 4;
    %cmp/u;
    %jmp/1 T_8.2, 6;
    %dup/vec4;
    %pushi/vec4 3, 0, 4;
    %cmp/u;
    %jmp/1 T_8.3, 6;
    %dup/vec4;
    %pushi/vec4 4, 0, 4;
    %cmp/u;
    %jmp/1 T_8.4, 6;
    %dup/vec4;
    %pushi/vec4 5, 0, 4;
    %cmp/u;
    %jmp/1 T_8.5, 6;
    %dup/vec4;
    %pushi/vec4 6, 0, 4;
    %cmp/u;
    %jmp/1 T_8.6, 6;
    %dup/vec4;
    %pushi/vec4 7, 0, 4;
    %cmp/u;
    %jmp/1 T_8.7, 6;
    %dup/vec4;
    %pushi/vec4 8, 0, 4;
    %cmp/u;
    %jmp/1 T_8.8, 6;
    %dup/vec4;
    %pushi/vec4 9, 0, 4;
    %cmp/u;
    %jmp/1 T_8.9, 6;
    %dup/vec4;
    %pushi/vec4 10, 0, 4;
    %cmp/u;
    %jmp/1 T_8.10, 6;
    %dup/vec4;
    %pushi/vec4 11, 0, 4;
    %cmp/u;
    %jmp/1 T_8.11, 6;
    %dup/vec4;
    %pushi/vec4 12, 0, 4;
    %cmp/u;
    %jmp/1 T_8.12, 6;
    %dup/vec4;
    %pushi/vec4 13, 0, 4;
    %cmp/u;
    %jmp/1 T_8.13, 6;
    %dup/vec4;
    %pushi/vec4 14, 0, 4;
    %cmp/u;
    %jmp/1 T_8.14, 6;
    %dup/vec4;
    %pushi/vec4 15, 0, 4;
    %cmp/u;
    %jmp/1 T_8.15, 6;
    %pushi/vec4 127, 0, 7;
    %store/vec4 v0x55d0746e0010_0, 0, 7;
    %jmp T_8.17;
T_8.0 ;
    %pushi/vec4 64, 0, 7;
    %store/vec4 v0x55d0746e0010_0, 0, 7;
    %jmp T_8.17;
T_8.1 ;
    %pushi/vec4 121, 0, 7;
    %store/vec4 v0x55d0746e0010_0, 0, 7;
    %jmp T_8.17;
T_8.2 ;
    %pushi/vec4 36, 0, 7;
    %store/vec4 v0x55d0746e0010_0, 0, 7;
    %jmp T_8.17;
T_8.3 ;
    %pushi/vec4 48, 0, 7;
    %store/vec4 v0x55d0746e0010_0, 0, 7;
    %jmp T_8.17;
T_8.4 ;
    %pushi/vec4 25, 0, 7;
    %store/vec4 v0x55d0746e0010_0, 0, 7;
    %jmp T_8.17;
T_8.5 ;
    %pushi/vec4 18, 0, 7;
    %store/vec4 v0x55d0746e0010_0, 0, 7;
    %jmp T_8.17;
T_8.6 ;
    %pushi/vec4 2, 0, 7;
    %store/vec4 v0x55d0746e0010_0, 0, 7;
    %jmp T_8.17;
T_8.7 ;
    %pushi/vec4 120, 0, 7;
    %store/vec4 v0x55d0746e0010_0, 0, 7;
    %jmp T_8.17;
T_8.8 ;
    %pushi/vec4 0, 0, 7;
    %store/vec4 v0x55d0746e0010_0, 0, 7;
    %jmp T_8.17;
T_8.9 ;
    %pushi/vec4 16, 0, 7;
    %store/vec4 v0x55d0746e0010_0, 0, 7;
    %jmp T_8.17;
T_8.10 ;
    %pushi/vec4 8, 0, 7;
    %store/vec4 v0x55d0746e0010_0, 0, 7;
    %jmp T_8.17;
T_8.11 ;
    %pushi/vec4 3, 0, 7;
    %store/vec4 v0x55d0746e0010_0, 0, 7;
    %jmp T_8.17;
T_8.12 ;
    %pushi/vec4 70, 0, 7;
    %store/vec4 v0x55d0746e0010_0, 0, 7;
    %jmp T_8.17;
T_8.13 ;
    %pushi/vec4 33, 0, 7;
    %store/vec4 v0x55d0746e0010_0, 0, 7;
    %jmp T_8.17;
T_8.14 ;
    %pushi/vec4 6, 0, 7;
    %store/vec4 v0x55d0746e0010_0, 0, 7;
    %jmp T_8.17;
T_8.15 ;
    %pushi/vec4 14, 0, 7;
    %store/vec4 v0x55d0746e0010_0, 0, 7;
    %jmp T_8.17;
T_8.17 ;
    %pop/vec4 1;
    %jmp T_8;
    .thread T_8, $push;
    .scope S_0x55d0746e0210;
T_9 ;
    %wait E_0x55d0746e0420;
    %load/vec4 v0x55d0746e0580_0;
    %dup/vec4;
    %pushi/vec4 0, 0, 4;
    %cmp/u;
    %jmp/1 T_9.0, 6;
    %dup/vec4;
    %pushi/vec4 1, 0, 4;
    %cmp/u;
    %jmp/1 T_9.1, 6;
    %dup/vec4;
    %pushi/vec4 2, 0, 4;
    %cmp/u;
    %jmp/1 T_9.2, 6;
    %dup/vec4;
    %pushi/vec4 3, 0, 4;
    %cmp/u;
    %jmp/1 T_9.3, 6;
    %dup/vec4;
    %pushi/vec4 4, 0, 4;
    %cmp/u;
    %jmp/1 T_9.4, 6;
    %dup/vec4;
    %pushi/vec4 5, 0, 4;
    %cmp/u;
    %jmp/1 T_9.5, 6;
    %dup/vec4;
    %pushi/vec4 6, 0, 4;
    %cmp/u;
    %jmp/1 T_9.6, 6;
    %dup/vec4;
    %pushi/vec4 7, 0, 4;
    %cmp/u;
    %jmp/1 T_9.7, 6;
    %dup/vec4;
    %pushi/vec4 8, 0, 4;
    %cmp/u;
    %jmp/1 T_9.8, 6;
    %dup/vec4;
    %pushi/vec4 9, 0, 4;
    %cmp/u;
    %jmp/1 T_9.9, 6;
    %dup/vec4;
    %pushi/vec4 10, 0, 4;
    %cmp/u;
    %jmp/1 T_9.10, 6;
    %dup/vec4;
    %pushi/vec4 11, 0, 4;
    %cmp/u;
    %jmp/1 T_9.11, 6;
    %dup/vec4;
    %pushi/vec4 12, 0, 4;
    %cmp/u;
    %jmp/1 T_9.12, 6;
    %dup/vec4;
    %pushi/vec4 13, 0, 4;
    %cmp/u;
    %jmp/1 T_9.13, 6;
    %dup/vec4;
    %pushi/vec4 14, 0, 4;
    %cmp/u;
    %jmp/1 T_9.14, 6;
    %dup/vec4;
    %pushi/vec4 15, 0, 4;
    %cmp/u;
    %jmp/1 T_9.15, 6;
    %pushi/vec4 127, 0, 7;
    %store/vec4 v0x55d0746e0480_0, 0, 7;
    %jmp T_9.17;
T_9.0 ;
    %pushi/vec4 64, 0, 7;
    %store/vec4 v0x55d0746e0480_0, 0, 7;
    %jmp T_9.17;
T_9.1 ;
    %pushi/vec4 121, 0, 7;
    %store/vec4 v0x55d0746e0480_0, 0, 7;
    %jmp T_9.17;
T_9.2 ;
    %pushi/vec4 36, 0, 7;
    %store/vec4 v0x55d0746e0480_0, 0, 7;
    %jmp T_9.17;
T_9.3 ;
    %pushi/vec4 48, 0, 7;
    %store/vec4 v0x55d0746e0480_0, 0, 7;
    %jmp T_9.17;
T_9.4 ;
    %pushi/vec4 25, 0, 7;
    %store/vec4 v0x55d0746e0480_0, 0, 7;
    %jmp T_9.17;
T_9.5 ;
    %pushi/vec4 18, 0, 7;
    %store/vec4 v0x55d0746e0480_0, 0, 7;
    %jmp T_9.17;
T_9.6 ;
    %pushi/vec4 2, 0, 7;
    %store/vec4 v0x55d0746e0480_0, 0, 7;
    %jmp T_9.17;
T_9.7 ;
    %pushi/vec4 120, 0, 7;
    %store/vec4 v0x55d0746e0480_0, 0, 7;
    %jmp T_9.17;
T_9.8 ;
    %pushi/vec4 0, 0, 7;
    %store/vec4 v0x55d0746e0480_0, 0, 7;
    %jmp T_9.17;
T_9.9 ;
    %pushi/vec4 16, 0, 7;
    %store/vec4 v0x55d0746e0480_0, 0, 7;
    %jmp T_9.17;
T_9.10 ;
    %pushi/vec4 8, 0, 7;
    %store/vec4 v0x55d0746e0480_0, 0, 7;
    %jmp T_9.17;
T_9.11 ;
    %pushi/vec4 3, 0, 7;
    %store/vec4 v0x55d0746e0480_0, 0, 7;
    %jmp T_9.17;
T_9.12 ;
    %pushi/vec4 70, 0, 7;
    %store/vec4 v0x55d0746e0480_0, 0, 7;
    %jmp T_9.17;
T_9.13 ;
    %pushi/vec4 33, 0, 7;
    %store/vec4 v0x55d0746e0480_0, 0, 7;
    %jmp T_9.17;
T_9.14 ;
    %pushi/vec4 6, 0, 7;
    %store/vec4 v0x55d0746e0480_0, 0, 7;
    %jmp T_9.17;
T_9.15 ;
    %pushi/vec4 14, 0, 7;
    %store/vec4 v0x55d0746e0480_0, 0, 7;
    %jmp T_9.17;
T_9.17 ;
    %pop/vec4 1;
    %jmp T_9;
    .thread T_9, $push;
    .scope S_0x55d0746e0b50;
T_10 ;
    %wait E_0x55d0746e0db0;
    %load/vec4 v0x55d0746e0f30_0;
    %dup/vec4;
    %pushi/vec4 0, 0, 4;
    %cmp/u;
    %jmp/1 T_10.0, 6;
    %dup/vec4;
    %pushi/vec4 1, 0, 4;
    %cmp/u;
    %jmp/1 T_10.1, 6;
    %dup/vec4;
    %pushi/vec4 2, 0, 4;
    %cmp/u;
    %jmp/1 T_10.2, 6;
    %dup/vec4;
    %pushi/vec4 3, 0, 4;
    %cmp/u;
    %jmp/1 T_10.3, 6;
    %dup/vec4;
    %pushi/vec4 4, 0, 4;
    %cmp/u;
    %jmp/1 T_10.4, 6;
    %dup/vec4;
    %pushi/vec4 5, 0, 4;
    %cmp/u;
    %jmp/1 T_10.5, 6;
    %dup/vec4;
    %pushi/vec4 6, 0, 4;
    %cmp/u;
    %jmp/1 T_10.6, 6;
    %dup/vec4;
    %pushi/vec4 7, 0, 4;
    %cmp/u;
    %jmp/1 T_10.7, 6;
    %dup/vec4;
    %pushi/vec4 8, 0, 4;
    %cmp/u;
    %jmp/1 T_10.8, 6;
    %dup/vec4;
    %pushi/vec4 9, 0, 4;
    %cmp/u;
    %jmp/1 T_10.9, 6;
    %dup/vec4;
    %pushi/vec4 10, 0, 4;
    %cmp/u;
    %jmp/1 T_10.10, 6;
    %dup/vec4;
    %pushi/vec4 11, 0, 4;
    %cmp/u;
    %jmp/1 T_10.11, 6;
    %dup/vec4;
    %pushi/vec4 12, 0, 4;
    %cmp/u;
    %jmp/1 T_10.12, 6;
    %dup/vec4;
    %pushi/vec4 13, 0, 4;
    %cmp/u;
    %jmp/1 T_10.13, 6;
    %dup/vec4;
    %pushi/vec4 14, 0, 4;
    %cmp/u;
    %jmp/1 T_10.14, 6;
    %dup/vec4;
    %pushi/vec4 15, 0, 4;
    %cmp/u;
    %jmp/1 T_10.15, 6;
    %pushi/vec4 127, 0, 7;
    %store/vec4 v0x55d0746e0e30_0, 0, 7;
    %jmp T_10.17;
T_10.0 ;
    %pushi/vec4 64, 0, 7;
    %store/vec4 v0x55d0746e0e30_0, 0, 7;
    %jmp T_10.17;
T_10.1 ;
    %pushi/vec4 121, 0, 7;
    %store/vec4 v0x55d0746e0e30_0, 0, 7;
    %jmp T_10.17;
T_10.2 ;
    %pushi/vec4 36, 0, 7;
    %store/vec4 v0x55d0746e0e30_0, 0, 7;
    %jmp T_10.17;
T_10.3 ;
    %pushi/vec4 48, 0, 7;
    %store/vec4 v0x55d0746e0e30_0, 0, 7;
    %jmp T_10.17;
T_10.4 ;
    %pushi/vec4 25, 0, 7;
    %store/vec4 v0x55d0746e0e30_0, 0, 7;
    %jmp T_10.17;
T_10.5 ;
    %pushi/vec4 18, 0, 7;
    %store/vec4 v0x55d0746e0e30_0, 0, 7;
    %jmp T_10.17;
T_10.6 ;
    %pushi/vec4 2, 0, 7;
    %store/vec4 v0x55d0746e0e30_0, 0, 7;
    %jmp T_10.17;
T_10.7 ;
    %pushi/vec4 120, 0, 7;
    %store/vec4 v0x55d0746e0e30_0, 0, 7;
    %jmp T_10.17;
T_10.8 ;
    %pushi/vec4 0, 0, 7;
    %store/vec4 v0x55d0746e0e30_0, 0, 7;
    %jmp T_10.17;
T_10.9 ;
    %pushi/vec4 16, 0, 7;
    %store/vec4 v0x55d0746e0e30_0, 0, 7;
    %jmp T_10.17;
T_10.10 ;
    %pushi/vec4 8, 0, 7;
    %store/vec4 v0x55d0746e0e30_0, 0, 7;
    %jmp T_10.17;
T_10.11 ;
    %pushi/vec4 3, 0, 7;
    %store/vec4 v0x55d0746e0e30_0, 0, 7;
    %jmp T_10.17;
T_10.12 ;
    %pushi/vec4 70, 0, 7;
    %store/vec4 v0x55d0746e0e30_0, 0, 7;
    %jmp T_10.17;
T_10.13 ;
    %pushi/vec4 33, 0, 7;
    %store/vec4 v0x55d0746e0e30_0, 0, 7;
    %jmp T_10.17;
T_10.14 ;
    %pushi/vec4 6, 0, 7;
    %store/vec4 v0x55d0746e0e30_0, 0, 7;
    %jmp T_10.17;
T_10.15 ;
    %pushi/vec4 14, 0, 7;
    %store/vec4 v0x55d0746e0e30_0, 0, 7;
    %jmp T_10.17;
T_10.17 ;
    %pop/vec4 1;
    %jmp T_10;
    .thread T_10, $push;
    .scope S_0x55d0746e0680;
T_11 ;
    %wait E_0x55d0746e0890;
    %load/vec4 v0x55d0746e0a10_0;
    %dup/vec4;
    %pushi/vec4 0, 0, 4;
    %cmp/u;
    %jmp/1 T_11.0, 6;
    %dup/vec4;
    %pushi/vec4 1, 0, 4;
    %cmp/u;
    %jmp/1 T_11.1, 6;
    %dup/vec4;
    %pushi/vec4 2, 0, 4;
    %cmp/u;
    %jmp/1 T_11.2, 6;
    %dup/vec4;
    %pushi/vec4 3, 0, 4;
    %cmp/u;
    %jmp/1 T_11.3, 6;
    %dup/vec4;
    %pushi/vec4 4, 0, 4;
    %cmp/u;
    %jmp/1 T_11.4, 6;
    %dup/vec4;
    %pushi/vec4 5, 0, 4;
    %cmp/u;
    %jmp/1 T_11.5, 6;
    %dup/vec4;
    %pushi/vec4 6, 0, 4;
    %cmp/u;
    %jmp/1 T_11.6, 6;
    %dup/vec4;
    %pushi/vec4 7, 0, 4;
    %cmp/u;
    %jmp/1 T_11.7, 6;
    %dup/vec4;
    %pushi/vec4 8, 0, 4;
    %cmp/u;
    %jmp/1 T_11.8, 6;
    %dup/vec4;
    %pushi/vec4 9, 0, 4;
    %cmp/u;
    %jmp/1 T_11.9, 6;
    %dup/vec4;
    %pushi/vec4 10, 0, 4;
    %cmp/u;
    %jmp/1 T_11.10, 6;
    %dup/vec4;
    %pushi/vec4 11, 0, 4;
    %cmp/u;
    %jmp/1 T_11.11, 6;
    %dup/vec4;
    %pushi/vec4 12, 0, 4;
    %cmp/u;
    %jmp/1 T_11.12, 6;
    %dup/vec4;
    %pushi/vec4 13, 0, 4;
    %cmp/u;
    %jmp/1 T_11.13, 6;
    %dup/vec4;
    %pushi/vec4 14, 0, 4;
    %cmp/u;
    %jmp/1 T_11.14, 6;
    %dup/vec4;
    %pushi/vec4 15, 0, 4;
    %cmp/u;
    %jmp/1 T_11.15, 6;
    %pushi/vec4 127, 0, 7;
    %store/vec4 v0x55d0746e0910_0, 0, 7;
    %jmp T_11.17;
T_11.0 ;
    %pushi/vec4 64, 0, 7;
    %store/vec4 v0x55d0746e0910_0, 0, 7;
    %jmp T_11.17;
T_11.1 ;
    %pushi/vec4 121, 0, 7;
    %store/vec4 v0x55d0746e0910_0, 0, 7;
    %jmp T_11.17;
T_11.2 ;
    %pushi/vec4 36, 0, 7;
    %store/vec4 v0x55d0746e0910_0, 0, 7;
    %jmp T_11.17;
T_11.3 ;
    %pushi/vec4 48, 0, 7;
    %store/vec4 v0x55d0746e0910_0, 0, 7;
    %jmp T_11.17;
T_11.4 ;
    %pushi/vec4 25, 0, 7;
    %store/vec4 v0x55d0746e0910_0, 0, 7;
    %jmp T_11.17;
T_11.5 ;
    %pushi/vec4 18, 0, 7;
    %store/vec4 v0x55d0746e0910_0, 0, 7;
    %jmp T_11.17;
T_11.6 ;
    %pushi/vec4 2, 0, 7;
    %store/vec4 v0x55d0746e0910_0, 0, 7;
    %jmp T_11.17;
T_11.7 ;
    %pushi/vec4 120, 0, 7;
    %store/vec4 v0x55d0746e0910_0, 0, 7;
    %jmp T_11.17;
T_11.8 ;
    %pushi/vec4 0, 0, 7;
    %store/vec4 v0x55d0746e0910_0, 0, 7;
    %jmp T_11.17;
T_11.9 ;
    %pushi/vec4 16, 0, 7;
    %store/vec4 v0x55d0746e0910_0, 0, 7;
    %jmp T_11.17;
T_11.10 ;
    %pushi/vec4 8, 0, 7;
    %store/vec4 v0x55d0746e0910_0, 0, 7;
    %jmp T_11.17;
T_11.11 ;
    %pushi/vec4 3, 0, 7;
    %store/vec4 v0x55d0746e0910_0, 0, 7;
    %jmp T_11.17;
T_11.12 ;
    %pushi/vec4 70, 0, 7;
    %store/vec4 v0x55d0746e0910_0, 0, 7;
    %jmp T_11.17;
T_11.13 ;
    %pushi/vec4 33, 0, 7;
    %store/vec4 v0x55d0746e0910_0, 0, 7;
    %jmp T_11.17;
T_11.14 ;
    %pushi/vec4 6, 0, 7;
    %store/vec4 v0x55d0746e0910_0, 0, 7;
    %jmp T_11.17;
T_11.15 ;
    %pushi/vec4 14, 0, 7;
    %store/vec4 v0x55d0746e0910_0, 0, 7;
    %jmp T_11.17;
T_11.17 ;
    %pop/vec4 1;
    %jmp T_11;
    .thread T_11, $push;
    .scope S_0x55d0746b7e30;
T_12 ;
    %pushi/vec4 1, 0, 1;
    %store/vec4 v0x55d0746e4090_0, 0, 1;
    %pushi/vec4 0, 0, 1;
    %store/vec4 v0x55d0746e4b20_0, 0, 1;
    %pushi/vec4 0, 0, 1;
    %store/vec4 v0x55d0746e4880_0, 0, 1;
    %pushi/vec4 0, 0, 4;
    %store/vec4 v0x55d0746e3ff0_0, 0, 4;
    %pushi/vec4 0, 0, 32;
    %store/vec4 v0x55d0746e3f10_0, 0, 32;
    %end;
    .thread T_12;
    .scope S_0x55d0746b7e30;
T_13 ;
    %delay 10, 0;
    %load/vec4 v0x55d0746e4090_0;
    %inv;
    %store/vec4 v0x55d0746e4090_0, 0, 1;
    %jmp T_13;
    .thread T_13;
    .scope S_0x55d0746b7e30;
T_14 ;
    %vpi_call 2 72 "$dumpfile", "testbench_acertou.vcd" {0 0 0};
    %end;
    .thread T_14;
    .scope S_0x55d0746b7e30;
T_15 ;
    %vpi_call 2 73 "$dumpvars", 32'sb00000000000000000000000000000000, S_0x55d0746b7e30 {0 0 0};
    %end;
    .thread T_15;
    .scope S_0x55d0746b7e30;
T_16 ;
    %vpi_call 2 77 "$display", "Inicio da simulacao" {0 0 0};
    %pushi/vec4 0, 0, 32;
    %store/vec4 v0x55d0746e3f10_0, 0, 32;
    %pushi/vec4 1, 0, 1;
    %store/vec4 v0x55d0746e4090_0, 0, 1;
    %pushi/vec4 0, 0, 1;
    %store/vec4 v0x55d0746e4b20_0, 0, 1;
    %pushi/vec4 0, 0, 1;
    %store/vec4 v0x55d0746e4880_0, 0, 1;
    %pushi/vec4 0, 0, 4;
    %store/vec4 v0x55d0746e3ff0_0, 0, 4;
    %delay 20, 0;
    %pushi/vec4 1, 0, 32;
    %store/vec4 v0x55d0746e3f10_0, 0, 32;
    %wait E_0x55d0746854c0;
    %pushi/vec4 1, 0, 1;
    %store/vec4 v0x55d0746e4b20_0, 0, 1;
    %delay 20, 0;
    %pushi/vec4 0, 0, 1;
    %store/vec4 v0x55d0746e4b20_0, 0, 1;
    %delay 200, 0;
    %pushi/vec4 2, 0, 32;
    %store/vec4 v0x55d0746e3f10_0, 0, 32;
    %pushi/vec4 1, 0, 1;
    %store/vec4 v0x55d0746e4880_0, 0, 1;
    %delay 100, 0;
    %pushi/vec4 0, 0, 1;
    %store/vec4 v0x55d0746e4880_0, 0, 1;
    %delay 200, 0;
    %pushi/vec4 3, 0, 32;
    %store/vec4 v0x55d0746e3f10_0, 0, 32;
    %wait E_0x55d0746854c0;
    %pushi/vec4 1, 0, 4;
    %store/vec4 v0x55d0746e3ff0_0, 0, 4;
    %delay 200, 0;
    %pushi/vec4 0, 0, 4;
    %store/vec4 v0x55d0746e3ff0_0, 0, 4;
    %delay 200, 0;
    %pushi/vec4 4, 0, 32;
    %store/vec4 v0x55d0746e3f10_0, 0, 32;
    %wait E_0x55d0746854c0;
    %pushi/vec4 2, 0, 4;
    %store/vec4 v0x55d0746e3ff0_0, 0, 4;
    %delay 200, 0;
    %pushi/vec4 0, 0, 4;
    %store/vec4 v0x55d0746e3ff0_0, 0, 4;
    %delay 200, 0;
    %pushi/vec4 5, 0, 32;
    %store/vec4 v0x55d0746e3f10_0, 0, 32;
    %wait E_0x55d0746854c0;
    %pushi/vec4 4, 0, 4;
    %store/vec4 v0x55d0746e3ff0_0, 0, 4;
    %delay 200, 0;
    %pushi/vec4 0, 0, 4;
    %store/vec4 v0x55d0746e3ff0_0, 0, 4;
    %delay 200, 0;
    %pushi/vec4 6, 0, 32;
    %store/vec4 v0x55d0746e3f10_0, 0, 32;
    %wait E_0x55d0746854c0;
    %pushi/vec4 8, 0, 4;
    %store/vec4 v0x55d0746e3ff0_0, 0, 4;
    %delay 200, 0;
    %pushi/vec4 0, 0, 4;
    %store/vec4 v0x55d0746e3ff0_0, 0, 4;
    %delay 200, 0;
    %pushi/vec4 7, 0, 32;
    %store/vec4 v0x55d0746e3f10_0, 0, 32;
    %wait E_0x55d0746854c0;
    %pushi/vec4 4, 0, 4;
    %store/vec4 v0x55d0746e3ff0_0, 0, 4;
    %delay 100, 0;
    %pushi/vec4 0, 0, 4;
    %store/vec4 v0x55d0746e3ff0_0, 0, 4;
    %delay 200, 0;
    %pushi/vec4 8, 0, 32;
    %store/vec4 v0x55d0746e3f10_0, 0, 32;
    %wait E_0x55d0746854c0;
    %pushi/vec4 2, 0, 4;
    %store/vec4 v0x55d0746e3ff0_0, 0, 4;
    %delay 200, 0;
    %pushi/vec4 0, 0, 4;
    %store/vec4 v0x55d0746e3ff0_0, 0, 4;
    %delay 200, 0;
    %pushi/vec4 9, 0, 32;
    %store/vec4 v0x55d0746e3f10_0, 0, 32;
    %wait E_0x55d0746854c0;
    %pushi/vec4 1, 0, 4;
    %store/vec4 v0x55d0746e3ff0_0, 0, 4;
    %delay 200, 0;
    %pushi/vec4 0, 0, 4;
    %store/vec4 v0x55d0746e3ff0_0, 0, 4;
    %delay 200, 0;
    %pushi/vec4 10, 0, 32;
    %store/vec4 v0x55d0746e3f10_0, 0, 32;
    %wait E_0x55d0746854c0;
    %pushi/vec4 1, 0, 4;
    %store/vec4 v0x55d0746e3ff0_0, 0, 4;
    %delay 200, 0;
    %pushi/vec4 0, 0, 4;
    %store/vec4 v0x55d0746e3ff0_0, 0, 4;
    %delay 200, 0;
    %pushi/vec4 11, 0, 32;
    %store/vec4 v0x55d0746e3f10_0, 0, 32;
    %wait E_0x55d0746854c0;
    %pushi/vec4 2, 0, 4;
    %store/vec4 v0x55d0746e3ff0_0, 0, 4;
    %delay 200, 0;
    %pushi/vec4 0, 0, 4;
    %store/vec4 v0x55d0746e3ff0_0, 0, 4;
    %delay 200, 0;
    %pushi/vec4 12, 0, 32;
    %store/vec4 v0x55d0746e3f10_0, 0, 32;
    %wait E_0x55d0746854c0;
    %pushi/vec4 2, 0, 4;
    %store/vec4 v0x55d0746e3ff0_0, 0, 4;
    %delay 200, 0;
    %pushi/vec4 0, 0, 4;
    %store/vec4 v0x55d0746e3ff0_0, 0, 4;
    %delay 200, 0;
    %pushi/vec4 13, 0, 32;
    %store/vec4 v0x55d0746e3f10_0, 0, 32;
    %wait E_0x55d0746854c0;
    %pushi/vec4 4, 0, 4;
    %store/vec4 v0x55d0746e3ff0_0, 0, 4;
    %delay 200, 0;
    %pushi/vec4 0, 0, 4;
    %store/vec4 v0x55d0746e3ff0_0, 0, 4;
    %delay 200, 0;
    %pushi/vec4 14, 0, 32;
    %store/vec4 v0x55d0746e3f10_0, 0, 32;
    %wait E_0x55d0746854c0;
    %pushi/vec4 4, 0, 4;
    %store/vec4 v0x55d0746e3ff0_0, 0, 4;
    %delay 200, 0;
    %pushi/vec4 0, 0, 4;
    %store/vec4 v0x55d0746e3ff0_0, 0, 4;
    %delay 200, 0;
    %pushi/vec4 99, 0, 32;
    %store/vec4 v0x55d0746e3f10_0, 0, 32;
    %pushi/vec4 15, 0, 32;
    %store/vec4 v0x55d0746e3f10_0, 0, 32;
    %wait E_0x55d0746854c0;
    %pushi/vec4 8, 0, 4;
    %store/vec4 v0x55d0746e3ff0_0, 0, 4;
    %delay 200, 0;
    %pushi/vec4 0, 0, 4;
    %store/vec4 v0x55d0746e3ff0_0, 0, 4;
    %delay 200, 0;
    %pushi/vec4 16, 0, 32;
    %store/vec4 v0x55d0746e3f10_0, 0, 32;
    %wait E_0x55d0746854c0;
    %pushi/vec4 8, 0, 4;
    %store/vec4 v0x55d0746e3ff0_0, 0, 4;
    %delay 200, 0;
    %pushi/vec4 0, 0, 4;
    %store/vec4 v0x55d0746e3ff0_0, 0, 4;
    %delay 200, 0;
    %pushi/vec4 17, 0, 32;
    %store/vec4 v0x55d0746e3f10_0, 0, 32;
    %wait E_0x55d0746854c0;
    %pushi/vec4 1, 0, 4;
    %store/vec4 v0x55d0746e3ff0_0, 0, 4;
    %delay 200, 0;
    %pushi/vec4 0, 0, 4;
    %store/vec4 v0x55d0746e3ff0_0, 0, 4;
    %delay 200, 0;
    %pushi/vec4 18, 0, 32;
    %store/vec4 v0x55d0746e3f10_0, 0, 32;
    %wait E_0x55d0746854c0;
    %pushi/vec4 4, 0, 4;
    %store/vec4 v0x55d0746e3ff0_0, 0, 4;
    %delay 200, 0;
    %pushi/vec4 0, 0, 4;
    %store/vec4 v0x55d0746e3ff0_0, 0, 4;
    %delay 200, 0;
    %pushi/vec4 99, 0, 32;
    %store/vec4 v0x55d0746e3f10_0, 0, 32;
    %delay 100, 0;
    %vpi_call 2 258 "$display", "Fim da simulacao" {0 0 0};
    %vpi_call 2 259 "$stop" {0 0 0};
    %end;
    .thread T_16;
# The file index is used to find the file name in the following table.
:file_names 12;
    "N/A";
    "<interactive>";
    "circuito_exp5_tb_acertou.v";
    "circuito_exp5.v";
    "fluxo_dados.v";
    "comparador_85.v";
    "contador_163.v";
    "edge_detector.v";
    "sync_rom_16x4.v";
    "registrador_4.v";
    "hexa7seg.v";
    "unidade_controle.v";
